Run training...
Experiment dir : LM-TFM-wt103/20210426-125909
Loading cached dataset...
/home/LAB/r-chaowenhan/anaconda3/envs/fl_torch1.0/lib/python3.6/site-packages/torch/serialization.py:434: SourceChangeWarning: source code of class 'mem_transformer.RelPartialLearnableMultiHeadAttn' has changed. you can retrieve the original source code by accessing the object's source attribute or set `torch.nn.Module.dump_patches = True` and use the patch tool to revert the changes.
  warnings.warn(msg, SourceChangeWarning)
====================================================================================================
    - data : ../data/wikitext-103/
    - dataset : wt103
    - noise_sparse_attention : True
    - n_layer : 16
    - n_head : 10
    - d_head : 41
    - d_embed : 410
    - d_model : 410
    - d_inner : 2100
    - dropout : 0.1
    - dropatt : 0.0
    - init : normal
    - emb_init : normal
    - init_range : 0.1
    - emb_init_range : 0.01
    - init_std : 0.02
    - proj_init_std : 0.01
    - optim : adam
    - lr : 1e-05
    - mom : 0.0
    - scheduler : cosine
    - warmup_step : 0
    - decay_rate : 0.5
    - lr_min : 0.0
    - clip : 0.25
    - clip_nonemb : False
    - max_step : 100000
    - batch_size : 60
    - batch_chunk : 1
    - tgt_len : 150
    - eval_tgt_len : 150
    - ext_len : 0
    - mem_len : 150
    - not_tied : False
    - seed : 1111
    - cuda : True
    - adaptive : True
    - div_val : 1
    - pre_lnorm : False
    - varlen : False
    - multi_gpu : True
    - log_interval : 200
    - eval_interval : 4000
    - work_dir : LM-TFM-wt103/20210426-125909
    - restart : True
    - restart_dir : ./LM-TFM-wt103/nsa_d2_300000_etm1/
    - debug : False
    - same_length : False
    - attn_type : 0
    - clamp_len : -1
    - eta_min : 0.0
    - gpu0_bsz : 29
    - max_eval_steps : -1
    - sample_softmax : -1
    - patience : 0
    - finetune_v2 : False
    - finetune_v3 : False
    - fp16 : False
    - static_loss_scale : 1
    - dynamic_loss_scale : False
    - tied : True
    - n_token : 267735
    - n_all_param : 151107538
    - n_nonemb_param : 41066400
====================================================================================================
#params = 151107538
#non emb params = 41066400
| epoch   1 step      200 |    200 batches | lr 1e-05 | ms/batch 507.61 | loss  3.00 | ppl    20.053
| epoch   1 step      400 |    400 batches | lr 1e-05 | ms/batch 495.43 | loss  3.01 | ppl    20.364
| epoch   1 step      600 |    600 batches | lr 1e-05 | ms/batch 495.32 | loss  2.99 | ppl    19.956
| epoch   1 step      800 |    800 batches | lr 1e-05 | ms/batch 495.12 | loss  3.02 | ppl    20.495
| epoch   1 step     1000 |   1000 batches | lr 1e-05 | ms/batch 495.02 | loss  2.99 | ppl    19.941
| epoch   1 step     1200 |   1200 batches | lr 1e-05 | ms/batch 495.29 | loss  3.01 | ppl    20.348
| epoch   1 step     1400 |   1400 batches | lr 1e-05 | ms/batch 494.98 | loss  3.01 | ppl    20.264
| epoch   1 step     1600 |   1600 batches | lr 9.99e-06 | ms/batch 494.58 | loss  2.99 | ppl    19.867
| epoch   1 step     1800 |   1800 batches | lr 9.99e-06 | ms/batch 495.42 | loss  3.01 | ppl    20.203
| epoch   1 step     2000 |   2000 batches | lr 9.99e-06 | ms/batch 495.29 | loss  3.04 | ppl    20.967
| epoch   1 step     2200 |   2200 batches | lr 9.99e-06 | ms/batch 494.28 | loss  3.03 | ppl    20.680
| epoch   1 step     2400 |   2400 batches | lr 9.99e-06 | ms/batch 495.06 | loss  3.02 | ppl    20.511
| epoch   1 step     2600 |   2600 batches | lr 9.98e-06 | ms/batch 495.67 | loss  3.01 | ppl    20.225
| epoch   1 step     2800 |   2800 batches | lr 9.98e-06 | ms/batch 494.78 | loss  2.99 | ppl    19.870
| epoch   1 step     3000 |   3000 batches | lr 9.98e-06 | ms/batch 494.72 | loss  3.01 | ppl    20.213
| epoch   1 step     3200 |   3200 batches | lr 9.97e-06 | ms/batch 494.87 | loss  3.01 | ppl    20.290
| epoch   1 step     3400 |   3400 batches | lr 9.97e-06 | ms/batch 495.01 | loss  3.02 | ppl    20.478
| epoch   1 step     3600 |   3600 batches | lr 9.97e-06 | ms/batch 494.62 | loss  2.99 | ppl    19.874
| epoch   1 step     3800 |   3800 batches | lr 9.96e-06 | ms/batch 495.34 | loss  3.00 | ppl    20.161
| epoch   1 step     4000 |   4000 batches | lr 9.96e-06 | ms/batch 494.58 | loss  3.03 | ppl    20.641
----------------------------------------------------------------------------------------------------
| Eval   1 at step     4000 | time: 1989.82s | valid loss  3.14 | valid ppl    23.036
----------------------------------------------------------------------------------------------------
| epoch   1 step     4200 |   4200 batches | lr 9.96e-06 | ms/batch 541.61 | loss  3.00 | ppl    20.185
| epoch   1 step     4400 |   4400 batches | lr 9.95e-06 | ms/batch 494.91 | loss  3.01 | ppl    20.347
| epoch   1 step     4600 |   4600 batches | lr 9.95e-06 | ms/batch 494.52 | loss  3.03 | ppl    20.630
| epoch   1 step     4800 |   4800 batches | lr 9.94e-06 | ms/batch 494.50 | loss  2.99 | ppl    19.849
| epoch   1 step     5000 |   5000 batches | lr 9.94e-06 | ms/batch 495.39 | loss  3.03 | ppl    20.784
| epoch   1 step     5200 |   5200 batches | lr 9.93e-06 | ms/batch 494.66 | loss  3.00 | ppl    20.027
| epoch   1 step     5400 |   5400 batches | lr 9.93e-06 | ms/batch 494.58 | loss  2.98 | ppl    19.692
| epoch   1 step     5600 |   5600 batches | lr 9.92e-06 | ms/batch 494.67 | loss  3.01 | ppl    20.273
| epoch   1 step     5800 |   5800 batches | lr 9.92e-06 | ms/batch 494.57 | loss  3.02 | ppl    20.474
| epoch   1 step     6000 |   6000 batches | lr 9.91e-06 | ms/batch 494.83 | loss  3.00 | ppl    20.001
| epoch   1 step     6200 |   6200 batches | lr 9.91e-06 | ms/batch 494.19 | loss  3.01 | ppl    20.196
| epoch   1 step     6400 |   6400 batches | lr 9.9e-06 | ms/batch 495.05 | loss  3.02 | ppl    20.537
| epoch   1 step     6600 |   6600 batches | lr 9.89e-06 | ms/batch 495.26 | loss  2.96 | ppl    19.381
| epoch   1 step     6800 |   6800 batches | lr 9.89e-06 | ms/batch 494.62 | loss  3.00 | ppl    20.128
| epoch   1 step     7000 |   7000 batches | lr 9.88e-06 | ms/batch 494.76 | loss  3.00 | ppl    20.131
| epoch   1 step     7200 |   7200 batches | lr 9.87e-06 | ms/batch 494.79 | loss  2.97 | ppl    19.420
| epoch   1 step     7400 |   7400 batches | lr 9.87e-06 | ms/batch 494.63 | loss  2.99 | ppl    19.799
| epoch   1 step     7600 |   7600 batches | lr 9.86e-06 | ms/batch 494.65 | loss  2.96 | ppl    19.330
| epoch   1 step     7800 |   7800 batches | lr 9.85e-06 | ms/batch 494.84 | loss  3.00 | ppl    20.037
| epoch   1 step     8000 |   8000 batches | lr 9.84e-06 | ms/batch 494.90 | loss  3.00 | ppl    20.051
----------------------------------------------------------------------------------------------------
| Eval   2 at step     8000 | time: 1986.27s | valid loss  3.14 | valid ppl    23.070
----------------------------------------------------------------------------------------------------
| epoch   1 step     8200 |   8200 batches | lr 9.84e-06 | ms/batch 530.87 | loss  2.98 | ppl    19.726
| epoch   1 step     8400 |   8400 batches | lr 9.83e-06 | ms/batch 494.66 | loss  3.01 | ppl    20.227
| epoch   1 step     8600 |   8600 batches | lr 9.82e-06 | ms/batch 494.68 | loss  3.00 | ppl    20.012
| epoch   1 step     8800 |   8800 batches | lr 9.81e-06 | ms/batch 495.03 | loss  3.01 | ppl    20.332
| epoch   1 step     9000 |   9000 batches | lr 9.8e-06 | ms/batch 494.21 | loss  3.01 | ppl    20.253
| epoch   1 step     9200 |   9200 batches | lr 9.79e-06 | ms/batch 495.11 | loss  2.99 | ppl    19.788
| epoch   1 step     9400 |   9400 batches | lr 9.78e-06 | ms/batch 494.36 | loss  3.02 | ppl    20.395
| epoch   1 step     9600 |   9600 batches | lr 9.77e-06 | ms/batch 494.72 | loss  3.04 | ppl    20.992
| epoch   1 step     9800 |   9800 batches | lr 9.76e-06 | ms/batch 494.74 | loss  3.01 | ppl    20.302
| epoch   1 step    10000 |  10000 batches | lr 9.76e-06 | ms/batch 495.03 | loss  3.01 | ppl    20.280
| epoch   1 step    10200 |  10200 batches | lr 9.75e-06 | ms/batch 494.22 | loss  3.02 | ppl    20.458
| epoch   1 step    10400 |  10400 batches | lr 9.74e-06 | ms/batch 494.80 | loss  3.02 | ppl    20.422
| epoch   1 step    10600 |  10600 batches | lr 9.73e-06 | ms/batch 494.61 | loss  3.05 | ppl    21.058
| epoch   1 step    10800 |  10800 batches | lr 9.71e-06 | ms/batch 494.58 | loss  3.00 | ppl    20.132
| epoch   1 step    11000 |  11000 batches | lr 9.7e-06 | ms/batch 495.18 | loss  3.04 | ppl    20.845
| epoch   1 step    11200 |  11200 batches | lr 9.69e-06 | ms/batch 494.56 | loss  3.04 | ppl    20.909
| epoch   1 step    11400 |  11400 batches | lr 9.68e-06 | ms/batch 494.69 | loss  3.04 | ppl    20.863
| epoch   2 step    11600 |    130 batches | lr 9.67e-06 | ms/batch 493.29 | loss  3.01 | ppl    20.382
| epoch   2 step    11800 |    330 batches | lr 9.66e-06 | ms/batch 494.72 | loss  2.99 | ppl    19.891
| epoch   2 step    12000 |    530 batches | lr 9.65e-06 | ms/batch 494.85 | loss  3.02 | ppl    20.424
----------------------------------------------------------------------------------------------------
| Eval   3 at step    12000 | time: 1985.84s | valid loss  3.14 | valid ppl    23.068
----------------------------------------------------------------------------------------------------
| epoch   2 step    12200 |    730 batches | lr 9.64e-06 | ms/batch 530.53 | loss  2.99 | ppl    19.981
| epoch   2 step    12400 |    930 batches | lr 9.63e-06 | ms/batch 494.98 | loss  2.99 | ppl    19.931
| epoch   2 step    12600 |   1130 batches | lr 9.61e-06 | ms/batch 494.97 | loss  3.03 | ppl    20.637
| epoch   2 step    12800 |   1330 batches | lr 9.6e-06 | ms/batch 494.65 | loss  3.00 | ppl    20.066
| epoch   2 step    13000 |   1530 batches | lr 9.59e-06 | ms/batch 494.69 | loss  3.00 | ppl    20.085
| epoch   2 step    13200 |   1730 batches | lr 9.58e-06 | ms/batch 494.73 | loss  2.99 | ppl    19.856
| epoch   2 step    13400 |   1930 batches | lr 9.56e-06 | ms/batch 495.23 | loss  3.02 | ppl    20.450
| epoch   2 step    13600 |   2130 batches | lr 9.55e-06 | ms/batch 494.83 | loss  3.04 | ppl    20.925
| epoch   2 step    13800 |   2330 batches | lr 9.54e-06 | ms/batch 494.50 | loss  3.02 | ppl    20.485
| epoch   2 step    14000 |   2530 batches | lr 9.52e-06 | ms/batch 495.51 | loss  3.01 | ppl    20.346
| epoch   2 step    14200 |   2730 batches | lr 9.51e-06 | ms/batch 494.84 | loss  2.99 | ppl    19.975
| epoch   2 step    14400 |   2930 batches | lr 9.5e-06 | ms/batch 494.51 | loss  2.99 | ppl    19.879
| epoch   2 step    14600 |   3130 batches | lr 9.48e-06 | ms/batch 494.91 | loss  3.01 | ppl    20.276
| epoch   2 step    14800 |   3330 batches | lr 9.47e-06 | ms/batch 494.63 | loss  3.03 | ppl    20.620
| epoch   2 step    15000 |   3530 batches | lr 9.46e-06 | ms/batch 494.57 | loss  2.99 | ppl    19.918
| epoch   2 step    15200 |   3730 batches | lr 9.44e-06 | ms/batch 495.06 | loss  3.01 | ppl    20.340
| epoch   2 step    15400 |   3930 batches | lr 9.43e-06 | ms/batch 494.83 | loss  3.01 | ppl    20.223
| epoch   2 step    15600 |   4130 batches | lr 9.41e-06 | ms/batch 494.25 | loss  3.01 | ppl    20.288
| epoch   2 step    15800 |   4330 batches | lr 9.4e-06 | ms/batch 494.91 | loss  3.01 | ppl    20.370
| epoch   2 step    16000 |   4530 batches | lr 9.38e-06 | ms/batch 495.08 | loss  3.03 | ppl    20.736
----------------------------------------------------------------------------------------------------
| Eval   4 at step    16000 | time: 1986.50s | valid loss  3.14 | valid ppl    23.027
----------------------------------------------------------------------------------------------------
| epoch   2 step    16200 |   4730 batches | lr 9.37e-06 | ms/batch 540.76 | loss  2.99 | ppl    19.922
| epoch   2 step    16400 |   4930 batches | lr 9.35e-06 | ms/batch 495.38 | loss  3.01 | ppl    20.237
| epoch   2 step    16600 |   5130 batches | lr 9.34e-06 | ms/batch 494.92 | loss  3.00 | ppl    20.183
| epoch   2 step    16800 |   5330 batches | lr 9.32e-06 | ms/batch 494.80 | loss  3.00 | ppl    20.148
| epoch   2 step    17000 |   5530 batches | lr 9.3e-06 | ms/batch 494.72 | loss  3.00 | ppl    20.081
| epoch   2 step    17200 |   5730 batches | lr 9.29e-06 | ms/batch 494.46 | loss  3.01 | ppl    20.269
| epoch   2 step    17400 |   5930 batches | lr 9.27e-06 | ms/batch 494.73 | loss  3.01 | ppl    20.188
| epoch   2 step    17600 |   6130 batches | lr 9.25e-06 | ms/batch 494.62 | loss  3.00 | ppl    20.042
| epoch   2 step    17800 |   6330 batches | lr 9.24e-06 | ms/batch 495.06 | loss  3.03 | ppl    20.785
| epoch   2 step    18000 |   6530 batches | lr 9.22e-06 | ms/batch 495.14 | loss  2.96 | ppl    19.322
| epoch   2 step    18200 |   6730 batches | lr 9.2e-06 | ms/batch 494.84 | loss  2.99 | ppl    19.812
| epoch   2 step    18400 |   6930 batches | lr 9.19e-06 | ms/batch 494.92 | loss  3.00 | ppl    20.105
| epoch   2 step    18600 |   7130 batches | lr 9.17e-06 | ms/batch 494.73 | loss  2.98 | ppl    19.700
| epoch   2 step    18800 |   7330 batches | lr 9.15e-06 | ms/batch 494.90 | loss  2.96 | ppl    19.378
| epoch   2 step    19000 |   7530 batches | lr 9.14e-06 | ms/batch 494.62 | loss  2.99 | ppl    19.900
| epoch   2 step    19200 |   7730 batches | lr 9.12e-06 | ms/batch 494.96 | loss  2.99 | ppl    19.807
| epoch   2 step    19400 |   7930 batches | lr 9.1e-06 | ms/batch 495.10 | loss  2.98 | ppl    19.776
| epoch   2 step    19600 |   8130 batches | lr 9.08e-06 | ms/batch 494.57 | loss  3.00 | ppl    20.054
| epoch   2 step    19800 |   8330 batches | lr 9.06e-06 | ms/batch 494.85 | loss  2.99 | ppl    19.979
| epoch   2 step    20000 |   8530 batches | lr 9.05e-06 | ms/batch 494.83 | loss  2.98 | ppl    19.736
----------------------------------------------------------------------------------------------------
| Eval   5 at step    20000 | time: 1986.57s | valid loss  3.13 | valid ppl    22.977
----------------------------------------------------------------------------------------------------
| epoch   2 step    20200 |   8730 batches | lr 9.03e-06 | ms/batch 540.88 | loss  3.00 | ppl    20.164
| epoch   2 step    20400 |   8930 batches | lr 9.01e-06 | ms/batch 494.37 | loss  3.01 | ppl    20.366
| epoch   2 step    20600 |   9130 batches | lr 8.99e-06 | ms/batch 494.70 | loss  3.00 | ppl    20.013
| epoch   2 step    20800 |   9330 batches | lr 8.97e-06 | ms/batch 494.38 | loss  3.00 | ppl    19.994
| epoch   2 step    21000 |   9530 batches | lr 8.95e-06 | ms/batch 494.70 | loss  3.05 | ppl    21.024
| epoch   2 step    21200 |   9730 batches | lr 8.93e-06 | ms/batch 494.44 | loss  3.00 | ppl    20.129
| epoch   2 step    21400 |   9930 batches | lr 8.91e-06 | ms/batch 495.00 | loss  3.01 | ppl    20.332
| epoch   2 step    21600 |  10130 batches | lr 8.89e-06 | ms/batch 494.27 | loss  3.00 | ppl    20.145
| epoch   2 step    21800 |  10330 batches | lr 8.87e-06 | ms/batch 494.43 | loss  3.02 | ppl    20.441
| epoch   2 step    22000 |  10530 batches | lr 8.85e-06 | ms/batch 494.65 | loss  3.04 | ppl    20.999
| epoch   2 step    22200 |  10730 batches | lr 8.83e-06 | ms/batch 494.36 | loss  3.00 | ppl    20.042
| epoch   2 step    22400 |  10930 batches | lr 8.81e-06 | ms/batch 494.75 | loss  3.00 | ppl    20.178
| epoch   2 step    22600 |  11130 batches | lr 8.79e-06 | ms/batch 494.74 | loss  3.06 | ppl    21.264
| epoch   2 step    22800 |  11330 batches | lr 8.77e-06 | ms/batch 494.40 | loss  3.02 | ppl    20.550
| epoch   3 step    23000 |     60 batches | lr 8.75e-06 | ms/batch 493.08 | loss  3.03 | ppl    20.746
| epoch   3 step    23200 |    260 batches | lr 8.73e-06 | ms/batch 494.77 | loss  2.98 | ppl    19.643
| epoch   3 step    23400 |    460 batches | lr 8.71e-06 | ms/batch 494.51 | loss  3.02 | ppl    20.500
| epoch   3 step    23600 |    660 batches | lr 8.69e-06 | ms/batch 494.83 | loss  2.98 | ppl    19.760
| epoch   3 step    23800 |    860 batches | lr 8.67e-06 | ms/batch 494.86 | loss  3.01 | ppl    20.386
| epoch   3 step    24000 |   1060 batches | lr 8.64e-06 | ms/batch 494.53 | loss  3.01 | ppl    20.224
----------------------------------------------------------------------------------------------------
| Eval   6 at step    24000 | time: 1985.35s | valid loss  3.14 | valid ppl    23.033
----------------------------------------------------------------------------------------------------
| epoch   3 step    24200 |   1260 batches | lr 8.62e-06 | ms/batch 531.00 | loss  3.00 | ppl    20.008
| epoch   3 step    24400 |   1460 batches | lr 8.6e-06 | ms/batch 494.45 | loss  3.00 | ppl    20.155
| epoch   3 step    24600 |   1660 batches | lr 8.58e-06 | ms/batch 494.66 | loss  2.99 | ppl    19.931
| epoch   3 step    24800 |   1860 batches | lr 8.56e-06 | ms/batch 495.17 | loss  3.00 | ppl    20.132
| epoch   3 step    25000 |   2060 batches | lr 8.54e-06 | ms/batch 495.08 | loss  3.05 | ppl    21.078
| epoch   3 step    25200 |   2260 batches | lr 8.51e-06 | ms/batch 494.26 | loss  3.02 | ppl    20.562
| epoch   3 step    25400 |   2460 batches | lr 8.49e-06 | ms/batch 495.25 | loss  3.01 | ppl    20.267
| epoch   3 step    25600 |   2660 batches | lr 8.47e-06 | ms/batch 495.14 | loss  3.02 | ppl    20.466
| epoch   3 step    25800 |   2860 batches | lr 8.45e-06 | ms/batch 494.53 | loss  2.96 | ppl    19.334
| epoch   3 step    26000 |   3060 batches | lr 8.42e-06 | ms/batch 494.73 | loss  3.02 | ppl    20.397
| epoch   3 step    26200 |   3260 batches | lr 8.4e-06 | ms/batch 494.68 | loss  3.02 | ppl    20.456
| epoch   3 step    26400 |   3460 batches | lr 8.38e-06 | ms/batch 494.59 | loss  2.99 | ppl    19.931
| epoch   3 step    26600 |   3660 batches | lr 8.35e-06 | ms/batch 495.03 | loss  3.00 | ppl    20.097
| epoch   3 step    26800 |   3860 batches | lr 8.33e-06 | ms/batch 494.99 | loss  3.00 | ppl    20.103
| epoch   3 step    27000 |   4060 batches | lr 8.31e-06 | ms/batch 494.39 | loss  3.02 | ppl    20.485
| epoch   3 step    27200 |   4260 batches | lr 8.28e-06 | ms/batch 494.67 | loss  3.00 | ppl    20.161
| epoch   3 step    27400 |   4460 batches | lr 8.26e-06 | ms/batch 494.89 | loss  3.02 | ppl    20.430
| epoch   3 step    27600 |   4660 batches | lr 8.24e-06 | ms/batch 494.55 | loss  3.01 | ppl    20.282
| epoch   3 step    27800 |   4860 batches | lr 8.21e-06 | ms/batch 495.05 | loss  3.00 | ppl    20.015
| epoch   3 step    28000 |   5060 batches | lr 8.19e-06 | ms/batch 494.82 | loss  3.01 | ppl    20.373
----------------------------------------------------------------------------------------------------
| Eval   7 at step    28000 | time: 1986.46s | valid loss  3.13 | valid ppl    22.970
----------------------------------------------------------------------------------------------------
| epoch   3 step    28200 |   5260 batches | lr 8.16e-06 | ms/batch 541.29 | loss  3.00 | ppl    20.070
| epoch   3 step    28400 |   5460 batches | lr 8.14e-06 | ms/batch 494.98 | loss  2.98 | ppl    19.704
| epoch   3 step    28600 |   5660 batches | lr 8.11e-06 | ms/batch 494.71 | loss  3.03 | ppl    20.638
| epoch   3 step    28800 |   5860 batches | lr 8.09e-06 | ms/batch 494.73 | loss  3.00 | ppl    20.138
| epoch   3 step    29000 |   6060 batches | lr 8.06e-06 | ms/batch 495.00 | loss  3.00 | ppl    20.088
| epoch   3 step    29200 |   6260 batches | lr 8.04e-06 | ms/batch 494.70 | loss  3.01 | ppl    20.262
| epoch   3 step    29400 |   6460 batches | lr 8.01e-06 | ms/batch 495.15 | loss  3.00 | ppl    20.174
| epoch   3 step    29600 |   6660 batches | lr 7.99e-06 | ms/batch 495.14 | loss  2.96 | ppl    19.333
| epoch   3 step    29800 |   6860 batches | lr 7.96e-06 | ms/batch 494.92 | loss  3.00 | ppl    20.084
| epoch   3 step    30000 |   7060 batches | lr 7.94e-06 | ms/batch 495.02 | loss  2.99 | ppl    19.854
| epoch   3 step    30200 |   7260 batches | lr 7.91e-06 | ms/batch 495.09 | loss  2.96 | ppl    19.322
| epoch   3 step    30400 |   7460 batches | lr 7.89e-06 | ms/batch 494.87 | loss  2.99 | ppl    19.869
| epoch   3 step    30600 |   7660 batches | lr 7.86e-06 | ms/batch 494.88 | loss  2.97 | ppl    19.497
| epoch   3 step    30800 |   7860 batches | lr 7.84e-06 | ms/batch 495.04 | loss  2.99 | ppl    19.798
| epoch   3 step    31000 |   8060 batches | lr 7.81e-06 | ms/batch 494.95 | loss  3.00 | ppl    20.030
| epoch   3 step    31200 |   8260 batches | lr 7.78e-06 | ms/batch 495.47 | loss  2.98 | ppl    19.775
| epoch   3 step    31400 |   8460 batches | lr 7.76e-06 | ms/batch 494.71 | loss  2.99 | ppl    19.983
| epoch   3 step    31600 |   8660 batches | lr 7.73e-06 | ms/batch 494.70 | loss  3.00 | ppl    20.039
| epoch   3 step    31800 |   8860 batches | lr 7.71e-06 | ms/batch 494.93 | loss  3.01 | ppl    20.208
| epoch   3 step    32000 |   9060 batches | lr 7.68e-06 | ms/batch 494.88 | loss  3.00 | ppl    20.169
----------------------------------------------------------------------------------------------------
| Eval   8 at step    32000 | time: 1987.04s | valid loss  3.13 | valid ppl    22.981
----------------------------------------------------------------------------------------------------
| epoch   3 step    32200 |   9260 batches | lr 7.65e-06 | ms/batch 531.01 | loss  2.99 | ppl    19.852
| epoch   3 step    32400 |   9460 batches | lr 7.63e-06 | ms/batch 494.67 | loss  3.02 | ppl    20.502
| epoch   3 step    32600 |   9660 batches | lr 7.6e-06 | ms/batch 495.03 | loss  3.03 | ppl    20.745
| epoch   3 step    32800 |   9860 batches | lr 7.57e-06 | ms/batch 495.02 | loss  2.98 | ppl    19.664
| epoch   3 step    33000 |  10060 batches | lr 7.55e-06 | ms/batch 495.28 | loss  3.03 | ppl    20.722
| epoch   3 step    33200 |  10260 batches | lr 7.52e-06 | ms/batch 494.51 | loss  2.99 | ppl    19.944
| epoch   3 step    33400 |  10460 batches | lr 7.49e-06 | ms/batch 494.81 | loss  3.03 | ppl    20.677
| epoch   3 step    33600 |  10660 batches | lr 7.46e-06 | ms/batch 494.69 | loss  3.03 | ppl    20.770
| epoch   3 step    33800 |  10860 batches | lr 7.44e-06 | ms/batch 495.11 | loss  2.98 | ppl    19.722
| epoch   3 step    34000 |  11060 batches | lr 7.41e-06 | ms/batch 495.09 | loss  3.04 | ppl    20.842
| epoch   3 step    34200 |  11260 batches | lr 7.38e-06 | ms/batch 494.98 | loss  3.04 | ppl    20.941
| epoch   3 step    34400 |  11460 batches | lr 7.35e-06 | ms/batch 494.78 | loss  3.02 | ppl    20.522
| epoch   4 step    34600 |    190 batches | lr 7.33e-06 | ms/batch 493.18 | loss  2.99 | ppl    19.891
| epoch   4 step    34800 |    390 batches | lr 7.3e-06 | ms/batch 494.77 | loss  3.00 | ppl    20.161
| epoch   4 step    35000 |    590 batches | lr 7.27e-06 | ms/batch 494.85 | loss  2.99 | ppl    19.927
| epoch   4 step    35200 |    790 batches | lr 7.24e-06 | ms/batch 494.63 | loss  3.01 | ppl    20.312
| epoch   4 step    35400 |    990 batches | lr 7.21e-06 | ms/batch 494.85 | loss  2.99 | ppl    19.815
| epoch   4 step    35600 |   1190 batches | lr 7.19e-06 | ms/batch 494.89 | loss  3.01 | ppl    20.318
| epoch   4 step    35800 |   1390 batches | lr 7.16e-06 | ms/batch 494.92 | loss  3.00 | ppl    20.087
| epoch   4 step    36000 |   1590 batches | lr 7.13e-06 | ms/batch 494.40 | loss  2.99 | ppl    19.867
----------------------------------------------------------------------------------------------------
| Eval   9 at step    36000 | time: 1986.38s | valid loss  3.14 | valid ppl    22.993
----------------------------------------------------------------------------------------------------
| epoch   4 step    36200 |   1790 batches | lr 7.1e-06 | ms/batch 531.40 | loss  3.00 | ppl    20.020
| epoch   4 step    36400 |   1990 batches | lr 7.07e-06 | ms/batch 495.30 | loss  3.04 | ppl    20.801
| epoch   4 step    36600 |   2190 batches | lr 7.04e-06 | ms/batch 494.61 | loss  3.02 | ppl    20.591
| epoch   4 step    36800 |   2390 batches | lr 7.01e-06 | ms/batch 495.20 | loss  3.02 | ppl    20.469
| epoch   4 step    37000 |   2590 batches | lr 6.99e-06 | ms/batch 495.59 | loss  3.00 | ppl    20.137
| epoch   4 step    37200 |   2790 batches | lr 6.96e-06 | ms/batch 495.06 | loss  2.98 | ppl    19.748
| epoch   4 step    37400 |   2990 batches | lr 6.93e-06 | ms/batch 494.98 | loss  3.00 | ppl    20.064
| epoch   4 step    37600 |   3190 batches | lr 6.9e-06 | ms/batch 494.92 | loss  3.01 | ppl    20.256
| epoch   4 step    37800 |   3390 batches | lr 6.87e-06 | ms/batch 495.10 | loss  3.02 | ppl    20.399
| epoch   4 step    38000 |   3590 batches | lr 6.84e-06 | ms/batch 494.97 | loss  2.99 | ppl    19.862
| epoch   4 step    38200 |   3790 batches | lr 6.81e-06 | ms/batch 495.31 | loss  2.99 | ppl    19.983
| epoch   4 step    38400 |   3990 batches | lr 6.78e-06 | ms/batch 494.84 | loss  3.02 | ppl    20.471
| epoch   4 step    38600 |   4190 batches | lr 6.75e-06 | ms/batch 495.06 | loss  3.00 | ppl    20.128
| epoch   4 step    38800 |   4390 batches | lr 6.72e-06 | ms/batch 494.95 | loss  3.01 | ppl    20.251
| epoch   4 step    39000 |   4590 batches | lr 6.69e-06 | ms/batch 494.83 | loss  3.03 | ppl    20.615
| epoch   4 step    39200 |   4790 batches | lr 6.66e-06 | ms/batch 494.77 | loss  2.98 | ppl    19.756
| epoch   4 step    39400 |   4990 batches | lr 6.63e-06 | ms/batch 495.63 | loss  3.03 | ppl    20.663
| epoch   4 step    39600 |   5190 batches | lr 6.6e-06 | ms/batch 495.03 | loss  2.99 | ppl    19.891
| epoch   4 step    39800 |   5390 batches | lr 6.57e-06 | ms/batch 494.80 | loss  2.98 | ppl    19.651
| epoch   4 step    40000 |   5590 batches | lr 6.55e-06 | ms/batch 494.86 | loss  3.00 | ppl    20.060
----------------------------------------------------------------------------------------------------
| Eval  10 at step    40000 | time: 1987.54s | valid loss  3.13 | valid ppl    22.915
----------------------------------------------------------------------------------------------------
| epoch   4 step    40200 |   5790 batches | lr 6.52e-06 | ms/batch 541.98 | loss  3.02 | ppl    20.412
| epoch   4 step    40400 |   5990 batches | lr 6.49e-06 | ms/batch 494.93 | loss  2.99 | ppl    19.972
| epoch   4 step    40600 |   6190 batches | lr 6.46e-06 | ms/batch 494.54 | loss  3.00 | ppl    20.098
| epoch   4 step    40800 |   6390 batches | lr 6.43e-06 | ms/batch 495.40 | loss  3.02 | ppl    20.495
| epoch   4 step    41000 |   6590 batches | lr 6.39e-06 | ms/batch 495.35 | loss  2.96 | ppl    19.258
| epoch   4 step    41200 |   6790 batches | lr 6.36e-06 | ms/batch 494.96 | loss  2.99 | ppl    19.943
| epoch   4 step    41400 |   6990 batches | lr 6.33e-06 | ms/batch 495.04 | loss  3.00 | ppl    20.088
| epoch   4 step    41600 |   7190 batches | lr 6.3e-06 | ms/batch 494.87 | loss  2.95 | ppl    19.195
| epoch   4 step    41800 |   7390 batches | lr 6.27e-06 | ms/batch 494.79 | loss  2.98 | ppl    19.776
| epoch   4 step    42000 |   7590 batches | lr 6.24e-06 | ms/batch 495.03 | loss  2.96 | ppl    19.284
| epoch   4 step    42200 |   7790 batches | lr 6.21e-06 | ms/batch 494.94 | loss  2.99 | ppl    19.923
| epoch   4 step    42400 |   7990 batches | lr 6.18e-06 | ms/batch 495.13 | loss  2.99 | ppl    19.877
| epoch   4 step    42600 |   8190 batches | lr 6.15e-06 | ms/batch 495.16 | loss  2.98 | ppl    19.637
| epoch   4 step    42800 |   8390 batches | lr 6.12e-06 | ms/batch 495.03 | loss  3.01 | ppl    20.223
| epoch   4 step    43000 |   8590 batches | lr 6.09e-06 | ms/batch 494.77 | loss  2.99 | ppl    19.811
| epoch   4 step    43200 |   8790 batches | lr 6.06e-06 | ms/batch 495.41 | loss  3.01 | ppl    20.206
| epoch   4 step    43400 |   8990 batches | lr 6.03e-06 | ms/batch 494.41 | loss  3.00 | ppl    20.137
| epoch   4 step    43600 |   9190 batches | lr 6e-06 | ms/batch 495.25 | loss  2.98 | ppl    19.763
| epoch   4 step    43800 |   9390 batches | lr 5.97e-06 | ms/batch 494.84 | loss  3.00 | ppl    20.156
| epoch   4 step    44000 |   9590 batches | lr 5.94e-06 | ms/batch 494.88 | loss  3.03 | ppl    20.650
----------------------------------------------------------------------------------------------------
| Eval  11 at step    44000 | time: 1987.20s | valid loss  3.13 | valid ppl    22.936
----------------------------------------------------------------------------------------------------
| epoch   4 step    44200 |   9790 batches | lr 5.91e-06 | ms/batch 530.91 | loss  3.00 | ppl    20.134
| epoch   4 step    44400 |   9990 batches | lr 5.88e-06 | ms/batch 495.43 | loss  3.00 | ppl    20.046
| epoch   4 step    44600 |  10190 batches | lr 5.84e-06 | ms/batch 494.38 | loss  3.00 | ppl    20.185
| epoch   4 step    44800 |  10390 batches | lr 5.81e-06 | ms/batch 494.96 | loss  3.01 | ppl    20.191
| epoch   4 step    45000 |  10590 batches | lr 5.78e-06 | ms/batch 494.87 | loss  3.04 | ppl    20.854
| epoch   4 step    45200 |  10790 batches | lr 5.75e-06 | ms/batch 494.83 | loss  2.99 | ppl    19.871
| epoch   4 step    45400 |  10990 batches | lr 5.72e-06 | ms/batch 495.29 | loss  3.02 | ppl    20.569
| epoch   4 step    45600 |  11190 batches | lr 5.69e-06 | ms/batch 494.79 | loss  3.03 | ppl    20.798
| epoch   4 step    45800 |  11390 batches | lr 5.66e-06 | ms/batch 494.93 | loss  3.03 | ppl    20.643
| epoch   5 step    46000 |    120 batches | lr 5.63e-06 | ms/batch 493.32 | loss  3.01 | ppl    20.198
| epoch   5 step    46200 |    320 batches | lr 5.6e-06 | ms/batch 494.64 | loss  2.99 | ppl    19.810
| epoch   5 step    46400 |    520 batches | lr 5.56e-06 | ms/batch 494.83 | loss  3.02 | ppl    20.448
| epoch   5 step    46600 |    720 batches | lr 5.53e-06 | ms/batch 494.44 | loss  2.98 | ppl    19.752
| epoch   5 step    46800 |    920 batches | lr 5.5e-06 | ms/batch 494.91 | loss  2.99 | ppl    19.791
| epoch   5 step    47000 |   1120 batches | lr 5.47e-06 | ms/batch 494.80 | loss  3.03 | ppl    20.605
| epoch   5 step    47200 |   1320 batches | lr 5.44e-06 | ms/batch 494.63 | loss  2.99 | ppl    19.887
| epoch   5 step    47400 |   1520 batches | lr 5.41e-06 | ms/batch 494.58 | loss  2.99 | ppl    19.972
| epoch   5 step    47600 |   1720 batches | lr 5.38e-06 | ms/batch 494.78 | loss  2.98 | ppl    19.724
| epoch   5 step    47800 |   1920 batches | lr 5.35e-06 | ms/batch 494.99 | loss  3.02 | ppl    20.424
| epoch   5 step    48000 |   2120 batches | lr 5.31e-06 | ms/batch 495.02 | loss  3.04 | ppl    20.841
----------------------------------------------------------------------------------------------------
| Eval  12 at step    48000 | time: 1986.34s | valid loss  3.13 | valid ppl    22.922
----------------------------------------------------------------------------------------------------
| epoch   5 step    48200 |   2320 batches | lr 5.28e-06 | ms/batch 530.50 | loss  3.01 | ppl    20.373
| epoch   5 step    48400 |   2520 batches | lr 5.25e-06 | ms/batch 495.61 | loss  3.00 | ppl    20.178
| epoch   5 step    48600 |   2720 batches | lr 5.22e-06 | ms/batch 495.21 | loss  2.99 | ppl    19.911
| epoch   5 step    48800 |   2920 batches | lr 5.19e-06 | ms/batch 494.71 | loss  2.98 | ppl    19.767
| epoch   5 step    49000 |   3120 batches | lr 5.16e-06 | ms/batch 495.06 | loss  3.00 | ppl    20.159
| epoch   5 step    49200 |   3320 batches | lr 5.13e-06 | ms/batch 494.89 | loss  3.02 | ppl    20.554
| epoch   5 step    49400 |   3520 batches | lr 5.09e-06 | ms/batch 494.97 | loss  2.99 | ppl    19.793
| epoch   5 step    49600 |   3720 batches | lr 5.06e-06 | ms/batch 495.06 | loss  3.01 | ppl    20.205
| epoch   5 step    49800 |   3920 batches | lr 5.03e-06 | ms/batch 495.12 | loss  3.00 | ppl    20.124
| epoch   5 step    50000 |   4120 batches | lr 5e-06 | ms/batch 494.67 | loss  3.01 | ppl    20.210
| epoch   5 step    50200 |   4320 batches | lr 4.97e-06 | ms/batch 495.01 | loss  3.01 | ppl    20.200
| epoch   5 step    50400 |   4520 batches | lr 4.94e-06 | ms/batch 495.14 | loss  3.03 | ppl    20.624
| epoch   5 step    50600 |   4720 batches | lr 4.91e-06 | ms/batch 494.85 | loss  2.99 | ppl    19.841
| epoch   5 step    50800 |   4920 batches | lr 4.87e-06 | ms/batch 495.37 | loss  3.00 | ppl    20.105
| epoch   5 step    51000 |   5120 batches | lr 4.84e-06 | ms/batch 494.92 | loss  3.00 | ppl    20.062
| epoch   5 step    51200 |   5320 batches | lr 4.81e-06 | ms/batch 495.14 | loss  2.99 | ppl    19.970
| epoch   5 step    51400 |   5520 batches | lr 4.78e-06 | ms/batch 494.76 | loss  2.99 | ppl    19.985
| epoch   5 step    51600 |   5720 batches | lr 4.75e-06 | ms/batch 494.62 | loss  3.00 | ppl    20.094
| epoch   5 step    51800 |   5920 batches | lr 4.72e-06 | ms/batch 494.99 | loss  3.00 | ppl    20.156
| epoch   5 step    52000 |   6120 batches | lr 4.69e-06 | ms/batch 494.86 | loss  2.99 | ppl    19.974
----------------------------------------------------------------------------------------------------
| Eval  13 at step    52000 | time: 1987.18s | valid loss  3.13 | valid ppl    22.914
----------------------------------------------------------------------------------------------------
| epoch   5 step    52200 |   6320 batches | lr 4.65e-06 | ms/batch 541.28 | loss  3.02 | ppl    20.563
| epoch   5 step    52400 |   6520 batches | lr 4.62e-06 | ms/batch 495.09 | loss  2.96 | ppl    19.300
| epoch   5 step    52600 |   6720 batches | lr 4.59e-06 | ms/batch 494.67 | loss  2.98 | ppl    19.627
| epoch   5 step    52800 |   6920 batches | lr 4.56e-06 | ms/batch 495.00 | loss  3.00 | ppl    20.009
| epoch   5 step    53000 |   7120 batches | lr 4.53e-06 | ms/batch 494.69 | loss  2.98 | ppl    19.701
| epoch   5 step    53200 |   7320 batches | lr 4.5e-06 | ms/batch 494.71 | loss  2.95 | ppl    19.200
| epoch   5 step    53400 |   7520 batches | lr 4.47e-06 | ms/batch 494.82 | loss  2.99 | ppl    19.805
| epoch   5 step    53600 |   7720 batches | lr 4.44e-06 | ms/batch 494.74 | loss  2.98 | ppl    19.621
| epoch   5 step    53800 |   7920 batches | lr 4.4e-06 | ms/batch 495.01 | loss  2.98 | ppl    19.689
| epoch   5 step    54000 |   8120 batches | lr 4.37e-06 | ms/batch 494.75 | loss  2.99 | ppl    19.934
| epoch   5 step    54200 |   8320 batches | lr 4.34e-06 | ms/batch 494.78 | loss  2.99 | ppl    19.882
| epoch   5 step    54400 |   8520 batches | lr 4.31e-06 | ms/batch 494.88 | loss  2.98 | ppl    19.596
| epoch   5 step    54600 |   8720 batches | lr 4.28e-06 | ms/batch 494.55 | loss  3.00 | ppl    20.051
| epoch   5 step    54800 |   8920 batches | lr 4.25e-06 | ms/batch 494.74 | loss  3.01 | ppl    20.248
| epoch   5 step    55000 |   9120 batches | lr 4.22e-06 | ms/batch 494.67 | loss  2.99 | ppl    19.953
| epoch   5 step    55200 |   9320 batches | lr 4.19e-06 | ms/batch 494.56 | loss  2.99 | ppl    19.857
| epoch   5 step    55400 |   9520 batches | lr 4.16e-06 | ms/batch 494.80 | loss  3.03 | ppl    20.615
| epoch   5 step    55600 |   9720 batches | lr 4.12e-06 | ms/batch 494.55 | loss  3.00 | ppl    20.036
| epoch   5 step    55800 |   9920 batches | lr 4.09e-06 | ms/batch 495.01 | loss  3.00 | ppl    20.143
| epoch   5 step    56000 |  10120 batches | lr 4.06e-06 | ms/batch 494.68 | loss  3.00 | ppl    20.082
----------------------------------------------------------------------------------------------------
| Eval  14 at step    56000 | time: 1986.43s | valid loss  3.13 | valid ppl    22.891
----------------------------------------------------------------------------------------------------
| epoch   5 step    56200 |  10320 batches | lr 4.03e-06 | ms/batch 541.08 | loss  3.01 | ppl    20.219
| epoch   5 step    56400 |  10520 batches | lr 4e-06 | ms/batch 494.70 | loss  3.03 | ppl    20.779
| epoch   5 step    56600 |  10720 batches | lr 3.97e-06 | ms/batch 494.56 | loss  2.99 | ppl    19.906
| epoch   5 step    56800 |  10920 batches | lr 3.94e-06 | ms/batch 494.88 | loss  2.99 | ppl    19.960
| epoch   5 step    57000 |  11120 batches | lr 3.91e-06 | ms/batch 494.83 | loss  3.05 | ppl    21.207
| epoch   5 step    57200 |  11320 batches | lr 3.88e-06 | ms/batch 494.53 | loss  3.01 | ppl    20.234
| epoch   6 step    57400 |     50 batches | lr 3.85e-06 | ms/batch 493.32 | loss  3.03 | ppl    20.677
| epoch   6 step    57600 |    250 batches | lr 3.82e-06 | ms/batch 494.82 | loss  2.97 | ppl    19.556
| epoch   6 step    57800 |    450 batches | lr 3.79e-06 | ms/batch 494.73 | loss  3.01 | ppl    20.299
| epoch   6 step    58000 |    650 batches | lr 3.76e-06 | ms/batch 495.13 | loss  2.98 | ppl    19.651
| epoch   6 step    58200 |    850 batches | lr 3.73e-06 | ms/batch 495.03 | loss  3.02 | ppl    20.458
| epoch   6 step    58400 |   1050 batches | lr 3.7e-06 | ms/batch 494.66 | loss  2.99 | ppl    19.960
| epoch   6 step    58600 |   1250 batches | lr 3.67e-06 | ms/batch 495.19 | loss  2.99 | ppl    19.961
| epoch   6 step    58800 |   1450 batches | lr 3.64e-06 | ms/batch 494.54 | loss  3.00 | ppl    20.165
| epoch   6 step    59000 |   1650 batches | lr 3.61e-06 | ms/batch 494.63 | loss  2.98 | ppl    19.717
| epoch   6 step    59200 |   1850 batches | lr 3.57e-06 | ms/batch 495.35 | loss  3.00 | ppl    20.033
| epoch   6 step    59400 |   2050 batches | lr 3.54e-06 | ms/batch 494.98 | loss  3.04 | ppl    20.947
| epoch   6 step    59600 |   2250 batches | lr 3.51e-06 | ms/batch 494.30 | loss  3.01 | ppl    20.302
| epoch   6 step    59800 |   2450 batches | lr 3.48e-06 | ms/batch 495.31 | loss  3.01 | ppl    20.269
| epoch   6 step    60000 |   2650 batches | lr 3.45e-06 | ms/batch 495.24 | loss  3.01 | ppl    20.362
----------------------------------------------------------------------------------------------------
| Eval  15 at step    60000 | time: 1986.53s | valid loss  3.13 | valid ppl    22.897
----------------------------------------------------------------------------------------------------
| epoch   6 step    60200 |   2850 batches | lr 3.43e-06 | ms/batch 530.53 | loss  2.96 | ppl    19.313
| epoch   6 step    60400 |   3050 batches | lr 3.4e-06 | ms/batch 494.66 | loss  3.01 | ppl    20.254
| epoch   6 step    60600 |   3250 batches | lr 3.37e-06 | ms/batch 494.75 | loss  3.01 | ppl    20.231
| epoch   6 step    60800 |   3450 batches | lr 3.34e-06 | ms/batch 494.66 | loss  2.99 | ppl    19.941
| epoch   6 step    61000 |   3650 batches | lr 3.31e-06 | ms/batch 494.92 | loss  2.99 | ppl    19.927
| epoch   6 step    61200 |   3850 batches | lr 3.28e-06 | ms/batch 495.03 | loss  3.00 | ppl    19.991
| epoch   6 step    61400 |   4050 batches | lr 3.25e-06 | ms/batch 494.53 | loss  3.02 | ppl    20.479
| epoch   6 step    61600 |   4250 batches | lr 3.22e-06 | ms/batch 494.68 | loss  3.00 | ppl    20.009
| epoch   6 step    61800 |   4450 batches | lr 3.19e-06 | ms/batch 494.95 | loss  3.01 | ppl    20.276
| epoch   6 step    62000 |   4650 batches | lr 3.16e-06 | ms/batch 494.63 | loss  3.00 | ppl    20.153
| epoch   6 step    62200 |   4850 batches | lr 3.13e-06 | ms/batch 495.07 | loss  2.99 | ppl    19.929
| epoch   6 step    62400 |   5050 batches | lr 3.1e-06 | ms/batch 494.99 | loss  3.01 | ppl    20.251
| epoch   6 step    62600 |   5250 batches | lr 3.07e-06 | ms/batch 494.79 | loss  3.00 | ppl    20.016
| epoch   6 step    62800 |   5450 batches | lr 3.04e-06 | ms/batch 494.87 | loss  2.98 | ppl    19.601
| epoch   6 step    63000 |   5650 batches | lr 3.01e-06 | ms/batch 494.63 | loss  3.02 | ppl    20.467
| epoch   6 step    63200 |   5850 batches | lr 2.99e-06 | ms/batch 494.58 | loss  3.00 | ppl    20.034
| epoch   6 step    63400 |   6050 batches | lr 2.96e-06 | ms/batch 494.95 | loss  2.99 | ppl    19.886
| epoch   6 step    63600 |   6250 batches | lr 2.93e-06 | ms/batch 494.59 | loss  3.01 | ppl    20.193
| epoch   6 step    63800 |   6450 batches | lr 2.9e-06 | ms/batch 494.88 | loss  3.00 | ppl    20.101
| epoch   6 step    64000 |   6650 batches | lr 2.87e-06 | ms/batch 495.13 | loss  2.96 | ppl    19.243
----------------------------------------------------------------------------------------------------
| Eval  16 at step    64000 | time: 1986.46s | valid loss  3.13 | valid ppl    22.843
----------------------------------------------------------------------------------------------------
| epoch   6 step    64200 |   6850 batches | lr 2.84e-06 | ms/batch 541.12 | loss  2.99 | ppl    19.928
| epoch   6 step    64400 |   7050 batches | lr 2.81e-06 | ms/batch 494.75 | loss  2.99 | ppl    19.858
| epoch   6 step    64600 |   7250 batches | lr 2.79e-06 | ms/batch 495.04 | loss  2.95 | ppl    19.199
| epoch   6 step    64800 |   7450 batches | lr 2.76e-06 | ms/batch 494.77 | loss  2.98 | ppl    19.707
| epoch   6 step    65000 |   7650 batches | lr 2.73e-06 | ms/batch 494.54 | loss  2.96 | ppl    19.324
| epoch   6 step    65200 |   7850 batches | lr 2.7e-06 | ms/batch 494.91 | loss  2.98 | ppl    19.768
| epoch   6 step    65400 |   8050 batches | lr 2.67e-06 | ms/batch 494.93 | loss  2.99 | ppl    19.921
| epoch   6 step    65600 |   8250 batches | lr 2.65e-06 | ms/batch 495.13 | loss  2.98 | ppl    19.675
| epoch   6 step    65800 |   8450 batches | lr 2.62e-06 | ms/batch 494.71 | loss  2.99 | ppl    19.889
| epoch   6 step    66000 |   8650 batches | lr 2.59e-06 | ms/batch 494.61 | loss  2.99 | ppl    19.798
| epoch   6 step    66200 |   8850 batches | lr 2.56e-06 | ms/batch 494.84 | loss  3.01 | ppl    20.229
| epoch   6 step    66400 |   9050 batches | lr 2.54e-06 | ms/batch 494.55 | loss  3.00 | ppl    20.035
| epoch   6 step    66600 |   9250 batches | lr 2.51e-06 | ms/batch 495.10 | loss  2.98 | ppl    19.690
| epoch   6 step    66800 |   9450 batches | lr 2.48e-06 | ms/batch 494.36 | loss  3.01 | ppl    20.278
| epoch   6 step    67000 |   9650 batches | lr 2.45e-06 | ms/batch 494.84 | loss  3.03 | ppl    20.657
| epoch   6 step    67200 |   9850 batches | lr 2.43e-06 | ms/batch 495.05 | loss  2.97 | ppl    19.537
| epoch   6 step    67400 |  10050 batches | lr 2.4e-06 | ms/batch 495.15 | loss  3.02 | ppl    20.524
| epoch   6 step    67600 |  10250 batches | lr 2.37e-06 | ms/batch 494.47 | loss  2.99 | ppl    19.858
| epoch   6 step    67800 |  10450 batches | lr 2.35e-06 | ms/batch 494.82 | loss  3.01 | ppl    20.359
| epoch   6 step    68000 |  10650 batches | lr 2.32e-06 | ms/batch 494.65 | loss  3.03 | ppl    20.676
----------------------------------------------------------------------------------------------------
| Eval  17 at step    68000 | time: 1986.47s | valid loss  3.13 | valid ppl    22.845
----------------------------------------------------------------------------------------------------
| epoch   6 step    68200 |  10850 batches | lr 2.29e-06 | ms/batch 530.96 | loss  2.98 | ppl    19.607
| epoch   6 step    68400 |  11050 batches | lr 2.27e-06 | ms/batch 495.01 | loss  3.03 | ppl    20.684
| epoch   6 step    68600 |  11250 batches | lr 2.24e-06 | ms/batch 494.96 | loss  3.04 | ppl    20.870
| epoch   6 step    68800 |  11450 batches | lr 2.22e-06 | ms/batch 494.81 | loss  3.01 | ppl    20.357
| epoch   7 step    69000 |    180 batches | lr 2.19e-06 | ms/batch 493.19 | loss  2.99 | ppl    19.893
| epoch   7 step    69200 |    380 batches | lr 2.16e-06 | ms/batch 494.78 | loss  2.99 | ppl    19.984
| epoch   7 step    69400 |    580 batches | lr 2.14e-06 | ms/batch 494.97 | loss  2.99 | ppl    19.939
| epoch   7 step    69600 |    780 batches | lr 2.11e-06 | ms/batch 494.48 | loss  3.00 | ppl    20.128
| epoch   7 step    69800 |    980 batches | lr 2.09e-06 | ms/batch 494.67 | loss  2.98 | ppl    19.664
| epoch   7 step    70000 |   1180 batches | lr 2.06e-06 | ms/batch 494.79 | loss  3.02 | ppl    20.393
| epoch   7 step    70200 |   1380 batches | lr 2.04e-06 | ms/batch 494.81 | loss  2.99 | ppl    19.886
| epoch   7 step    70400 |   1580 batches | lr 2.01e-06 | ms/batch 494.31 | loss  2.99 | ppl    19.887
| epoch   7 step    70600 |   1780 batches | lr 1.99e-06 | ms/batch 495.07 | loss  2.99 | ppl    19.863
| epoch   7 step    70800 |   1980 batches | lr 1.96e-06 | ms/batch 495.04 | loss  3.03 | ppl    20.613
| epoch   7 step    71000 |   2180 batches | lr 1.94e-06 | ms/batch 494.25 | loss  3.02 | ppl    20.480
| epoch   7 step    71200 |   2380 batches | lr 1.91e-06 | ms/batch 494.65 | loss  3.01 | ppl    20.342
| epoch   7 step    71400 |   2580 batches | lr 1.89e-06 | ms/batch 495.41 | loss  3.00 | ppl    20.155
| epoch   7 step    71600 |   2780 batches | lr 1.86e-06 | ms/batch 494.63 | loss  2.98 | ppl    19.707
| epoch   7 step    71800 |   2980 batches | lr 1.84e-06 | ms/batch 494.51 | loss  2.99 | ppl    19.928
| epoch   7 step    72000 |   3180 batches | lr 1.81e-06 | ms/batch 494.69 | loss  3.01 | ppl    20.277
----------------------------------------------------------------------------------------------------
| Eval  18 at step    72000 | time: 1986.13s | valid loss  3.13 | valid ppl    22.867
----------------------------------------------------------------------------------------------------
| epoch   7 step    72200 |   3380 batches | lr 1.79e-06 | ms/batch 530.74 | loss  3.01 | ppl    20.237
| epoch   7 step    72400 |   3580 batches | lr 1.76e-06 | ms/batch 494.60 | loss  2.99 | ppl    19.793
| epoch   7 step    72600 |   3780 batches | lr 1.74e-06 | ms/batch 495.12 | loss  2.99 | ppl    19.902
| epoch   7 step    72800 |   3980 batches | lr 1.72e-06 | ms/batch 494.84 | loss  3.01 | ppl    20.238
| epoch   7 step    73000 |   4180 batches | lr 1.69e-06 | ms/batch 494.63 | loss  3.00 | ppl    20.149
| epoch   7 step    73200 |   4380 batches | lr 1.67e-06 | ms/batch 494.78 | loss  3.00 | ppl    20.137
| epoch   7 step    73400 |   4580 batches | lr 1.65e-06 | ms/batch 494.93 | loss  3.02 | ppl    20.560
| epoch   7 step    73600 |   4780 batches | lr 1.62e-06 | ms/batch 494.45 | loss  2.98 | ppl    19.691
| epoch   7 step    73800 |   4980 batches | lr 1.6e-06 | ms/batch 495.41 | loss  3.02 | ppl    20.440
| epoch   7 step    74000 |   5180 batches | lr 1.58e-06 | ms/batch 495.08 | loss  2.99 | ppl    19.907
| epoch   7 step    74200 |   5380 batches | lr 1.55e-06 | ms/batch 494.56 | loss  2.97 | ppl    19.529
| epoch   7 step    74400 |   5580 batches | lr 1.53e-06 | ms/batch 494.67 | loss  2.99 | ppl    19.916
| epoch   7 step    74600 |   5780 batches | lr 1.51e-06 | ms/batch 494.67 | loss  3.01 | ppl    20.372
| epoch   7 step    74800 |   5980 batches | lr 1.49e-06 | ms/batch 494.69 | loss  2.99 | ppl    19.907
| epoch   7 step    75000 |   6180 batches | lr 1.46e-06 | ms/batch 494.56 | loss  2.99 | ppl    19.928
| epoch   7 step    75200 |   6380 batches | lr 1.44e-06 | ms/batch 495.16 | loss  3.02 | ppl    20.537
| epoch   7 step    75400 |   6580 batches | lr 1.42e-06 | ms/batch 495.14 | loss  2.95 | ppl    19.113
| epoch   7 step    75600 |   6780 batches | lr 1.4e-06 | ms/batch 494.79 | loss  2.99 | ppl    19.831
| epoch   7 step    75800 |   6980 batches | lr 1.38e-06 | ms/batch 494.84 | loss  3.00 | ppl    20.047
| epoch   7 step    76000 |   7180 batches | lr 1.36e-06 | ms/batch 494.72 | loss  2.95 | ppl    19.117
----------------------------------------------------------------------------------------------------
| Eval  19 at step    76000 | time: 1986.57s | valid loss  3.13 | valid ppl    22.860
----------------------------------------------------------------------------------------------------
| epoch   7 step    76200 |   7380 batches | lr 1.33e-06 | ms/batch 530.83 | loss  2.98 | ppl    19.676
| epoch   7 step    76400 |   7580 batches | lr 1.31e-06 | ms/batch 494.62 | loss  2.95 | ppl    19.188
| epoch   7 step    76600 |   7780 batches | lr 1.29e-06 | ms/batch 494.72 | loss  2.99 | ppl    19.870
| epoch   7 step    76800 |   7980 batches | lr 1.27e-06 | ms/batch 495.11 | loss  2.99 | ppl    19.816
| epoch   7 step    77000 |   8180 batches | lr 1.25e-06 | ms/batch 494.69 | loss  2.97 | ppl    19.515
| epoch   7 step    77200 |   8380 batches | lr 1.23e-06 | ms/batch 494.91 | loss  3.00 | ppl    20.176
| epoch   7 step    77400 |   8580 batches | lr 1.21e-06 | ms/batch 494.69 | loss  2.98 | ppl    19.725
| epoch   7 step    77600 |   8780 batches | lr 1.19e-06 | ms/batch 495.13 | loss  3.00 | ppl    20.011
| epoch   7 step    77800 |   8980 batches | lr 1.17e-06 | ms/batch 494.25 | loss  3.00 | ppl    20.096
| epoch   7 step    78000 |   9180 batches | lr 1.15e-06 | ms/batch 495.04 | loss  2.98 | ppl    19.631
| epoch   7 step    78200 |   9380 batches | lr 1.13e-06 | ms/batch 494.59 | loss  3.00 | ppl    20.126
| epoch   7 step    78400 |   9580 batches | lr 1.11e-06 | ms/batch 494.71 | loss  3.02 | ppl    20.543
| epoch   7 step    78600 |   9780 batches | lr 1.09e-06 | ms/batch 494.73 | loss  3.00 | ppl    20.035
| epoch   7 step    78800 |   9980 batches | lr 1.07e-06 | ms/batch 495.22 | loss  2.99 | ppl    19.977
| epoch   7 step    79000 |  10180 batches | lr 1.05e-06 | ms/batch 494.16 | loss  2.99 | ppl    19.900
| epoch   7 step    79200 |  10380 batches | lr 1.03e-06 | ms/batch 494.81 | loss  3.01 | ppl    20.188
| epoch   7 step    79400 |  10580 batches | lr 1.01e-06 | ms/batch 494.64 | loss  3.03 | ppl    20.683
| epoch   7 step    79600 |  10780 batches | lr 9.92e-07 | ms/batch 494.63 | loss  2.99 | ppl    19.796
| epoch   7 step    79800 |  10980 batches | lr 9.73e-07 | ms/batch 495.12 | loss  3.01 | ppl    20.295
| epoch   7 step    80000 |  11180 batches | lr 9.55e-07 | ms/batch 494.63 | loss  3.03 | ppl    20.799
----------------------------------------------------------------------------------------------------
| Eval  20 at step    80000 | time: 1986.33s | valid loss  3.13 | valid ppl    22.798
----------------------------------------------------------------------------------------------------
| epoch   7 step    80200 |  11380 batches | lr 9.37e-07 | ms/batch 541.11 | loss  3.02 | ppl    20.510
| epoch   8 step    80400 |    110 batches | lr 9.18e-07 | ms/batch 493.21 | loss  3.00 | ppl    20.119
| epoch   8 step    80600 |    310 batches | lr 9e-07 | ms/batch 494.64 | loss  2.99 | ppl    19.817
| epoch   8 step    80800 |    510 batches | lr 8.82e-07 | ms/batch 494.96 | loss  3.02 | ppl    20.440
| epoch   8 step    81000 |    710 batches | lr 8.65e-07 | ms/batch 494.79 | loss  2.98 | ppl    19.594
| epoch   8 step    81200 |    910 batches | lr 8.47e-07 | ms/batch 494.75 | loss  2.99 | ppl    19.831
| epoch   8 step    81400 |   1110 batches | lr 8.3e-07 | ms/batch 494.92 | loss  3.02 | ppl    20.433
| epoch   8 step    81600 |   1310 batches | lr 8.12e-07 | ms/batch 494.92 | loss  2.99 | ppl    19.877
| epoch   8 step    81800 |   1510 batches | lr 7.95e-07 | ms/batch 494.49 | loss  2.99 | ppl    19.888
| epoch   8 step    82000 |   1710 batches | lr 7.78e-07 | ms/batch 494.95 | loss  2.98 | ppl    19.600
| epoch   8 step    82200 |   1910 batches | lr 7.62e-07 | ms/batch 495.25 | loss  3.01 | ppl    20.387
| epoch   8 step    82400 |   2110 batches | lr 7.45e-07 | ms/batch 494.89 | loss  3.04 | ppl    20.806
| epoch   8 step    82600 |   2310 batches | lr 7.29e-07 | ms/batch 494.38 | loss  3.01 | ppl    20.305
| epoch   8 step    82800 |   2510 batches | lr 7.12e-07 | ms/batch 495.32 | loss  3.00 | ppl    20.051
| epoch   8 step    83000 |   2710 batches | lr 6.96e-07 | ms/batch 495.14 | loss  3.00 | ppl    20.000
| epoch   8 step    83200 |   2910 batches | lr 6.8e-07 | ms/batch 494.40 | loss  2.97 | ppl    19.555
| epoch   8 step    83400 |   3110 batches | lr 6.65e-07 | ms/batch 494.82 | loss  3.00 | ppl    20.088
| epoch   8 step    83600 |   3310 batches | lr 6.49e-07 | ms/batch 494.74 | loss  3.02 | ppl    20.537
| epoch   8 step    83800 |   3510 batches | lr 6.34e-07 | ms/batch 494.69 | loss  2.98 | ppl    19.756
| epoch   8 step    84000 |   3710 batches | lr 6.18e-07 | ms/batch 494.83 | loss  3.00 | ppl    20.098
----------------------------------------------------------------------------------------------------
| Eval  21 at step    84000 | time: 1986.40s | valid loss  3.13 | valid ppl    22.852
----------------------------------------------------------------------------------------------------
| epoch   8 step    84200 |   3910 batches | lr 6.03e-07 | ms/batch 531.00 | loss  2.99 | ppl    19.948
| epoch   8 step    84400 |   4110 batches | lr 5.89e-07 | ms/batch 494.35 | loss  3.01 | ppl    20.218
| epoch   8 step    84600 |   4310 batches | lr 5.74e-07 | ms/batch 494.98 | loss  3.00 | ppl    20.155
| epoch   8 step    84800 |   4510 batches | lr 5.59e-07 | ms/batch 494.95 | loss  3.02 | ppl    20.569
| epoch   8 step    85000 |   4710 batches | lr 5.45e-07 | ms/batch 494.49 | loss  2.99 | ppl    19.787
| epoch   8 step    85200 |   4910 batches | lr 5.31e-07 | ms/batch 495.25 | loss  3.00 | ppl    20.025
| epoch   8 step    85400 |   5110 batches | lr 5.17e-07 | ms/batch 494.77 | loss  3.00 | ppl    20.079
| epoch   8 step    85600 |   5310 batches | lr 5.03e-07 | ms/batch 494.99 | loss  2.99 | ppl    19.839
| epoch   8 step    85800 |   5510 batches | lr 4.89e-07 | ms/batch 494.77 | loss  2.99 | ppl    19.950
| epoch   8 step    86000 |   5710 batches | lr 4.76e-07 | ms/batch 494.39 | loss  3.00 | ppl    20.002
| epoch   8 step    86200 |   5910 batches | lr 4.63e-07 | ms/batch 495.01 | loss  3.00 | ppl    20.145
| epoch   8 step    86400 |   6110 batches | lr 4.49e-07 | ms/batch 494.71 | loss  3.00 | ppl    20.014
| epoch   8 step    86600 |   6310 batches | lr 4.37e-07 | ms/batch 494.99 | loss  3.02 | ppl    20.396
| epoch   8 step    86800 |   6510 batches | lr 4.24e-07 | ms/batch 495.11 | loss  2.96 | ppl    19.357
| epoch   8 step    87000 |   6710 batches | lr 4.11e-07 | ms/batch 494.81 | loss  2.97 | ppl    19.520
| epoch   8 step    87200 |   6910 batches | lr 3.99e-07 | ms/batch 494.86 | loss  2.99 | ppl    19.913
| epoch   8 step    87400 |   7110 batches | lr 3.87e-07 | ms/batch 494.79 | loss  2.98 | ppl    19.726
| epoch   8 step    87600 |   7310 batches | lr 3.75e-07 | ms/batch 494.82 | loss  2.95 | ppl    19.077
| epoch   8 step    87800 |   7510 batches | lr 3.63e-07 | ms/batch 494.78 | loss  2.99 | ppl    19.797
| epoch   8 step    88000 |   7710 batches | lr 3.51e-07 | ms/batch 494.70 | loss  2.97 | ppl    19.533
----------------------------------------------------------------------------------------------------
| Eval  22 at step    88000 | time: 1986.70s | valid loss  3.13 | valid ppl    22.827
----------------------------------------------------------------------------------------------------
| epoch   8 step    88200 |   7910 batches | lr 3.4e-07 | ms/batch 531.26 | loss  2.98 | ppl    19.642
| epoch   8 step    88400 |   8110 batches | lr 3.28e-07 | ms/batch 494.52 | loss  2.99 | ppl    19.845
| epoch   8 step    88600 |   8310 batches | lr 3.17e-07 | ms/batch 494.90 | loss  2.98 | ppl    19.761
| epoch   8 step    88800 |   8510 batches | lr 3.06e-07 | ms/batch 495.05 | loss  2.98 | ppl    19.650
| epoch   8 step    89000 |   8710 batches | lr 2.96e-07 | ms/batch 494.52 | loss  3.00 | ppl    20.030
| epoch   8 step    89200 |   8910 batches | lr 2.85e-07 | ms/batch 494.77 | loss  3.00 | ppl    20.064
| epoch   8 step    89400 |   9110 batches | lr 2.75e-07 | ms/batch 494.81 | loss  3.00 | ppl    20.015
| epoch   8 step    89600 |   9310 batches | lr 2.65e-07 | ms/batch 494.64 | loss  2.98 | ppl    19.748
| epoch   8 step    89800 |   9510 batches | lr 2.55e-07 | ms/batch 494.65 | loss  3.02 | ppl    20.500
| epoch   8 step    90000 |   9710 batches | lr 2.45e-07 | ms/batch 494.54 | loss  3.00 | ppl    20.090
| epoch   8 step    90200 |   9910 batches | lr 2.35e-07 | ms/batch 495.16 | loss  2.99 | ppl    19.900
| epoch   8 step    90400 |  10110 batches | lr 2.26e-07 | ms/batch 494.73 | loss  3.00 | ppl    20.170
| epoch   8 step    90600 |  10310 batches | lr 2.16e-07 | ms/batch 494.48 | loss  3.00 | ppl    20.076
| epoch   8 step    90800 |  10510 batches | lr 2.07e-07 | ms/batch 494.73 | loss  3.03 | ppl    20.690
| epoch   8 step    91000 |  10710 batches | lr 1.99e-07 | ms/batch 494.57 | loss  2.99 | ppl    19.913
| epoch   8 step    91200 |  10910 batches | lr 1.9e-07 | ms/batch 494.88 | loss  2.99 | ppl    19.811
| epoch   8 step    91400 |  11110 batches | lr 1.81e-07 | ms/batch 494.93 | loss  3.05 | ppl    21.085
| epoch   8 step    91600 |  11310 batches | lr 1.73e-07 | ms/batch 494.63 | loss  3.01 | ppl    20.275
| epoch   9 step    91800 |     40 batches | lr 1.65e-07 | ms/batch 493.26 | loss  3.03 | ppl    20.623
| epoch   9 step    92000 |    240 batches | lr 1.57e-07 | ms/batch 494.80 | loss  2.97 | ppl    19.492
----------------------------------------------------------------------------------------------------
| Eval  23 at step    92000 | time: 1986.07s | valid loss  3.13 | valid ppl    22.812
----------------------------------------------------------------------------------------------------
| epoch   9 step    92200 |    440 batches | lr 1.49e-07 | ms/batch 530.90 | loss  3.01 | ppl    20.283
| epoch   9 step    92400 |    640 batches | lr 1.42e-07 | ms/batch 494.97 | loss  2.98 | ppl    19.681
| epoch   9 step    92600 |    840 batches | lr 1.35e-07 | ms/batch 494.96 | loss  3.02 | ppl    20.510
| epoch   9 step    92800 |   1040 batches | lr 1.27e-07 | ms/batch 494.65 | loss  2.98 | ppl    19.782
| epoch   9 step    93000 |   1240 batches | lr 1.2e-07 | ms/batch 495.20 | loss  2.99 | ppl    19.922
| epoch   9 step    93200 |   1440 batches | lr 1.14e-07 | ms/batch 494.57 | loss  3.00 | ppl    20.154
| epoch   9 step    93400 |   1640 batches | lr 1.07e-07 | ms/batch 494.66 | loss  2.98 | ppl    19.604
| epoch   9 step    93600 |   1840 batches | lr 1.01e-07 | ms/batch 495.63 | loss  3.00 | ppl    20.058
| epoch   9 step    93800 |   2040 batches | lr 9.45e-08 | ms/batch 495.17 | loss  3.04 | ppl    20.925
| epoch   9 step    94000 |   2240 batches | lr 8.86e-08 | ms/batch 494.25 | loss  3.01 | ppl    20.209
| epoch   9 step    94200 |   2440 batches | lr 8.28e-08 | ms/batch 495.47 | loss  3.01 | ppl    20.314
| epoch   9 step    94400 |   2640 batches | lr 7.72e-08 | ms/batch 495.34 | loss  3.01 | ppl    20.226
| epoch   9 step    94600 |   2840 batches | lr 7.18e-08 | ms/batch 494.66 | loss  2.96 | ppl    19.390
| epoch   9 step    94800 |   3040 batches | lr 6.66e-08 | ms/batch 494.96 | loss  3.01 | ppl    20.201
| epoch   9 step    95000 |   3240 batches | lr 6.16e-08 | ms/batch 494.74 | loss  3.00 | ppl    20.147
| epoch   9 step    95200 |   3440 batches | lr 5.67e-08 | ms/batch 494.73 | loss  2.99 | ppl    19.943
| epoch   9 step    95400 |   3640 batches | lr 5.21e-08 | ms/batch 495.02 | loss  2.99 | ppl    19.831
| epoch   9 step    95600 |   3840 batches | lr 4.77e-08 | ms/batch 495.25 | loss  3.00 | ppl    20.035
| epoch   9 step    95800 |   4040 batches | lr 4.35e-08 | ms/batch 494.48 | loss  3.02 | ppl    20.454
| epoch   9 step    96000 |   4240 batches | lr 3.94e-08 | ms/batch 494.86 | loss  3.00 | ppl    19.999
----------------------------------------------------------------------------------------------------
| Eval  24 at step    96000 | time: 1987.01s | valid loss  3.13 | valid ppl    22.826
----------------------------------------------------------------------------------------------------
| epoch   9 step    96200 |   4440 batches | lr 3.56e-08 | ms/batch 531.06 | loss  3.00 | ppl    20.172
| epoch   9 step    96400 |   4640 batches | lr 3.19e-08 | ms/batch 494.79 | loss  3.00 | ppl    20.135
| epoch   9 step    96600 |   4840 batches | lr 2.85e-08 | ms/batch 494.83 | loss  2.99 | ppl    19.888
| epoch   9 step    96800 |   5040 batches | lr 2.52e-08 | ms/batch 495.21 | loss  3.01 | ppl    20.288
| epoch   9 step    97000 |   5240 batches | lr 2.22e-08 | ms/batch 494.85 | loss  3.00 | ppl    20.049
| epoch   9 step    97200 |   5440 batches | lr 1.93e-08 | ms/batch 494.82 | loss  2.97 | ppl    19.479
| epoch   9 step    97400 |   5640 batches | lr 1.67e-08 | ms/batch 494.80 | loss  3.01 | ppl    20.342
| epoch   9 step    97600 |   5840 batches | lr 1.42e-08 | ms/batch 494.47 | loss  3.00 | ppl    20.123
| epoch   9 step    97800 |   6040 batches | lr 1.19e-08 | ms/batch 494.95 | loss  2.98 | ppl    19.759
| epoch   9 step    98000 |   6240 batches | lr 9.87e-09 | ms/batch 494.53 | loss  3.00 | ppl    20.141
| epoch   9 step    98200 |   6440 batches | lr 7.99e-09 | ms/batch 494.94 | loss  3.01 | ppl    20.193
| epoch   9 step    98400 |   6640 batches | lr 6.32e-09 | ms/batch 495.33 | loss  2.95 | ppl    19.187
| epoch   9 step    98600 |   6840 batches | lr 4.84e-09 | ms/batch 494.63 | loss  2.99 | ppl    19.845
| epoch   9 step    98800 |   7040 batches | lr 3.55e-09 | ms/batch 494.78 | loss  2.99 | ppl    19.863
| epoch   9 step    99000 |   7240 batches | lr 2.47e-09 | ms/batch 494.95 | loss  2.96 | ppl    19.229
| epoch   9 step    99200 |   7440 batches | lr 1.58e-09 | ms/batch 494.90 | loss  2.98 | ppl    19.597
| epoch   9 step    99400 |   7640 batches | lr 8.88e-10 | ms/batch 494.57 | loss  2.96 | ppl    19.265
| epoch   9 step    99600 |   7840 batches | lr 3.95e-10 | ms/batch 494.99 | loss  2.99 | ppl    19.837
| epoch   9 step    99800 |   8040 batches | lr 9.87e-11 | ms/batch 494.86 | loss  2.99 | ppl    19.803
| epoch   9 step   100000 |   8240 batches | lr 0 | ms/batch 495.16 | loss  2.98 | ppl    19.610
----------------------------------------------------------------------------------------------------
| Eval  25 at step   100000 | time: 1986.82s | valid loss  3.13 | valid ppl    22.823
----------------------------------------------------------------------------------------------------
----------------------------------------------------------------------------------------------------
End of training
====================================================================================================
| End of training | test loss  3.17 | test ppl    23.725
====================================================================================================
