Namespace(activation_dropout=0.0, activation_fn='relu', adam_betas='(0.9, 0.98)', adam_eps=1e-08, adaptive_input=False, adaptive_softmax_cutoff=None, adaptive_softmax_dropout=0, arch='transformer_iwslt_de_en', attention_dropout=0.0, best_checkpoint_metric='loss', bucket_cap_mb=25, clip_norm=25, cpu=False, criterion='label_smoothed_cross_entropy', curriculum=0, data='data-bin/iwslt14.tokenized.de-en', dataset_impl='cached', ddp_backend='c10d', decoder_attention_heads=4, decoder_embed_dim=512, decoder_embed_path=None, decoder_ffn_embed_dim=1024, decoder_input_dim=512, decoder_layers=6, decoder_learned_pos=False, decoder_normalize_before=False, decoder_output_dim=512, device_id=0, disable_validation=False, distributed_backend='nccl', distributed_init_method=None, distributed_no_spawn=False, distributed_port=-1, distributed_rank=0, distributed_world_size=1, dropout=0.3, encoder_attention_heads=4, encoder_embed_dim=512, encoder_embed_path=None, encoder_ffn_embed_dim=1024, encoder_layers=6, encoder_learned_pos=False, encoder_normalize_before=False, exp_root=0.5, find_unused_parameters=False, fix_batches_to_gpus=False, fp16=False, fp16_init_scale=128, fp16_scale_tolerance=0.0, fp16_scale_window=None, keep_interval_updates=-1, keep_last_epochs=-1, label_smoothing=0.1, lazy_load=False, left_pad_source='True', left_pad_target='False', log_format='json', log_interval=1000, lr=[0.0005], lr_scheduler='inverse_sqrt', max_epoch=0, max_sentences=None, max_sentences_valid=None, max_source_positions=1024, max_target_positions=1024, max_tokens=5000, max_tokens_valid=5000, max_update=60000, maximize_best_checkpoint_metric=False, memory_efficient_fp16=False, min_loss_scale=0.0001, min_lr=1e-09, no_epoch_checkpoints=False, no_last_checkpoints=False, no_progress_bar=True, no_save=False, no_save_optimizer_state=False, no_token_positional_embeddings=False, num_workers=0, optimizer='adam', optimizer_overrides='{}', raw_text=False, required_batch_size_multiple=8, reset_dataloader=False, reset_lr_scheduler=False, reset_meters=False, reset_optimizer=False, restore_file='checkpoint_last.pt', save_dir='checkpoints/iwslt_entmax-alpha', save_interval=1, save_interval_updates=0, seed=1, sentence_avg=False, share_all_embeddings=False, share_decoder_input_output_embed=True, skip_invalid_size_inputs_valid_test=False, source_lang='de', target_lang='en', task='translation', tbmf_wrapper=False, tensorboard_logdir='', threshold_loss_scale=None, train_subset='train', update_freq=[1], upsample_primary=1, use_bmuf=False, user_dir=None, valid_subset='valid', validate_interval=1, warmup_init_lr=1e-07, warmup_updates=4000, weight_decay=0.0001)
| [de] dictionary: 8848 types
| [en] dictionary: 6632 types
| data-bin/iwslt14.tokenized.de-en valid de-en 7283 examples
TransformerModel(
  (encoder): TransformerEncoder(
    (embed_tokens): Embedding(8848, 512, padding_idx=1)
    (embed_positions): SinusoidalPositionalEmbedding()
    (layers): ModuleList(
      (0): TransformerEncoderLayer(
        (self_attn): MultiheadAttention(
          (out_proj): Linear(in_features=512, out_features=512, bias=True)
        )
        (self_attn_layer_norm): LayerNorm(torch.Size([512]), eps=1e-05, elementwise_affine=True)
        (fc1): Linear(in_features=512, out_features=1024, bias=True)
        (fc2): Linear(in_features=1024, out_features=512, bias=True)
        (final_layer_norm): LayerNorm(torch.Size([512]), eps=1e-05, elementwise_affine=True)
      )
      (1): TransformerEncoderLayer(
        (self_attn): MultiheadAttention(
          (out_proj): Linear(in_features=512, out_features=512, bias=True)
        )
        (self_attn_layer_norm): LayerNorm(torch.Size([512]), eps=1e-05, elementwise_affine=True)
        (fc1): Linear(in_features=512, out_features=1024, bias=True)
        (fc2): Linear(in_features=1024, out_features=512, bias=True)
        (final_layer_norm): LayerNorm(torch.Size([512]), eps=1e-05, elementwise_affine=True)
      )
      (2): TransformerEncoderLayer(
        (self_attn): MultiheadAttention(
          (out_proj): Linear(in_features=512, out_features=512, bias=True)
        )
        (self_attn_layer_norm): LayerNorm(torch.Size([512]), eps=1e-05, elementwise_affine=True)
        (fc1): Linear(in_features=512, out_features=1024, bias=True)
        (fc2): Linear(in_features=1024, out_features=512, bias=True)
        (final_layer_norm): LayerNorm(torch.Size([512]), eps=1e-05, elementwise_affine=True)
      )
      (3): TransformerEncoderLayer(
        (self_attn): MultiheadAttention(
          (out_proj): Linear(in_features=512, out_features=512, bias=True)
        )
        (self_attn_layer_norm): LayerNorm(torch.Size([512]), eps=1e-05, elementwise_affine=True)
        (fc1): Linear(in_features=512, out_features=1024, bias=True)
        (fc2): Linear(in_features=1024, out_features=512, bias=True)
        (final_layer_norm): LayerNorm(torch.Size([512]), eps=1e-05, elementwise_affine=True)
      )
      (4): TransformerEncoderLayer(
        (self_attn): MultiheadAttention(
          (out_proj): Linear(in_features=512, out_features=512, bias=True)
        )
        (self_attn_layer_norm): LayerNorm(torch.Size([512]), eps=1e-05, elementwise_affine=True)
        (fc1): Linear(in_features=512, out_features=1024, bias=True)
        (fc2): Linear(in_features=1024, out_features=512, bias=True)
        (final_layer_norm): LayerNorm(torch.Size([512]), eps=1e-05, elementwise_affine=True)
      )
      (5): TransformerEncoderLayer(
        (self_attn): MultiheadAttention(
          (out_proj): Linear(in_features=512, out_features=512, bias=True)
        )
        (self_attn_layer_norm): LayerNorm(torch.Size([512]), eps=1e-05, elementwise_affine=True)
        (fc1): Linear(in_features=512, out_features=1024, bias=True)
        (fc2): Linear(in_features=1024, out_features=512, bias=True)
        (final_layer_norm): LayerNorm(torch.Size([512]), eps=1e-05, elementwise_affine=True)
      )
    )
  )
  (decoder): TransformerDecoder(
    (embed_tokens): Embedding(6632, 512, padding_idx=1)
    (embed_positions): SinusoidalPositionalEmbedding()
    (layers): ModuleList(
      (0): TransformerDecoderLayer(
        (self_attn): MultiheadAttention(
          (out_proj): Linear(in_features=512, out_features=512, bias=True)
        )
        (self_attn_layer_norm): LayerNorm(torch.Size([512]), eps=1e-05, elementwise_affine=True)
        (encoder_attn): MultiheadAttention(
          (out_proj): Linear(in_features=512, out_features=512, bias=True)
        )
        (encoder_attn_layer_norm): LayerNorm(torch.Size([512]), eps=1e-05, elementwise_affine=True)
        (fc1): Linear(in_features=512, out_features=1024, bias=True)
        (fc2): Linear(in_features=1024, out_features=512, bias=True)
        (final_layer_norm): LayerNorm(torch.Size([512]), eps=1e-05, elementwise_affine=True)
      )
      (1): TransformerDecoderLayer(
        (self_attn): MultiheadAttention(
          (out_proj): Linear(in_features=512, out_features=512, bias=True)
        )
        (self_attn_layer_norm): LayerNorm(torch.Size([512]), eps=1e-05, elementwise_affine=True)
        (encoder_attn): MultiheadAttention(
          (out_proj): Linear(in_features=512, out_features=512, bias=True)
        )
        (encoder_attn_layer_norm): LayerNorm(torch.Size([512]), eps=1e-05, elementwise_affine=True)
        (fc1): Linear(in_features=512, out_features=1024, bias=True)
        (fc2): Linear(in_features=1024, out_features=512, bias=True)
        (final_layer_norm): LayerNorm(torch.Size([512]), eps=1e-05, elementwise_affine=True)
      )
      (2): TransformerDecoderLayer(
        (self_attn): MultiheadAttention(
          (out_proj): Linear(in_features=512, out_features=512, bias=True)
        )
        (self_attn_layer_norm): LayerNorm(torch.Size([512]), eps=1e-05, elementwise_affine=True)
        (encoder_attn): MultiheadAttention(
          (out_proj): Linear(in_features=512, out_features=512, bias=True)
        )
        (encoder_attn_layer_norm): LayerNorm(torch.Size([512]), eps=1e-05, elementwise_affine=True)
        (fc1): Linear(in_features=512, out_features=1024, bias=True)
        (fc2): Linear(in_features=1024, out_features=512, bias=True)
        (final_layer_norm): LayerNorm(torch.Size([512]), eps=1e-05, elementwise_affine=True)
      )
      (3): TransformerDecoderLayer(
        (self_attn): MultiheadAttention(
          (out_proj): Linear(in_features=512, out_features=512, bias=True)
        )
        (self_attn_layer_norm): LayerNorm(torch.Size([512]), eps=1e-05, elementwise_affine=True)
        (encoder_attn): MultiheadAttention(
          (out_proj): Linear(in_features=512, out_features=512, bias=True)
        )
        (encoder_attn_layer_norm): LayerNorm(torch.Size([512]), eps=1e-05, elementwise_affine=True)
        (fc1): Linear(in_features=512, out_features=1024, bias=True)
        (fc2): Linear(in_features=1024, out_features=512, bias=True)
        (final_layer_norm): LayerNorm(torch.Size([512]), eps=1e-05, elementwise_affine=True)
      )
      (4): TransformerDecoderLayer(
        (self_attn): MultiheadAttention(
          (out_proj): Linear(in_features=512, out_features=512, bias=True)
        )
        (self_attn_layer_norm): LayerNorm(torch.Size([512]), eps=1e-05, elementwise_affine=True)
        (encoder_attn): MultiheadAttention(
          (out_proj): Linear(in_features=512, out_features=512, bias=True)
        )
        (encoder_attn_layer_norm): LayerNorm(torch.Size([512]), eps=1e-05, elementwise_affine=True)
        (fc1): Linear(in_features=512, out_features=1024, bias=True)
        (fc2): Linear(in_features=1024, out_features=512, bias=True)
        (final_layer_norm): LayerNorm(torch.Size([512]), eps=1e-05, elementwise_affine=True)
      )
      (5): TransformerDecoderLayer(
        (self_attn): MultiheadAttention(
          (out_proj): Linear(in_features=512, out_features=512, bias=True)
        )
        (self_attn_layer_norm): LayerNorm(torch.Size([512]), eps=1e-05, elementwise_affine=True)
        (encoder_attn): MultiheadAttention(
          (out_proj): Linear(in_features=512, out_features=512, bias=True)
        )
        (encoder_attn_layer_norm): LayerNorm(torch.Size([512]), eps=1e-05, elementwise_affine=True)
        (fc1): Linear(in_features=512, out_features=1024, bias=True)
        (fc2): Linear(in_features=1024, out_features=512, bias=True)
        (final_layer_norm): LayerNorm(torch.Size([512]), eps=1e-05, elementwise_affine=True)
      )
    )
  )
)
| model transformer_iwslt_de_en, criterion LabelSmoothedCrossEntropyCriterion
| num. model params: 39469128 (num. trained: 39469128)
| training on 1 GPUs
| max tokens per GPU = 5000 and max sentences per GPU = None
| no existing checkpoint found checkpoints/iwslt_entmax-alpha/checkpoint_last.pt
| loading train data for epoch 0
| data-bin/iwslt14.tokenized.de-en train de-en 160239 examples
| NOTICE: your device may support faster training with --fp16
{"epoch": 1, "train_loss": "9.852", "train_nll_loss": "9.373", "train_ppl": "663.02", "train_wps": "11233", "train_ups": "3", "train_wpb": "4373.327", "train_bsz": "177.452", "train_num_updates": "903", "train_lr": "0.000112952", "train_gnorm": "1.586", "train_clip": "0.000", "train_oom": "0.000", "train_wall": "353", "train_train_wall": "332"}
{"epoch": 1, "valid_loss": "8.727", "valid_nll_loss": "8.005", "valid_ppl": "256.93", "valid_num_updates": "903"}
| saved checkpoint checkpoints/iwslt_entmax-alpha/checkpoint1.pt (epoch 1 @ 903 updates) (writing took 1.1191256046295166 seconds)
{"epoch": 2, "train_loss": "8.341", "train_nll_loss": "7.614", "train_ppl": "195.94", "train_wps": "11281", "train_ups": "3", "train_wpb": "4373.327", "train_bsz": "177.452", "train_num_updates": "1806", "train_lr": "0.000225805", "train_gnorm": "1.275", "train_clip": "0.000", "train_oom": "0.000", "train_wall": "714", "train_train_wall": "663"}
{"epoch": 2, "valid_loss": "7.892", "valid_nll_loss": "7.031", "valid_ppl": "130.80", "valid_num_updates": "1806", "valid_best_loss": "7.89155"}
| saved checkpoint checkpoints/iwslt_entmax-alpha/checkpoint2.pt (epoch 2 @ 1806 updates) (writing took 3.093864917755127 seconds)
{"epoch": 3, "train_loss": "7.759", "train_nll_loss": "6.937", "train_ppl": "122.49", "train_wps": "11223", "train_ups": "2", "train_wpb": "4373.327", "train_bsz": "177.452", "train_num_updates": "2709", "train_lr": "0.000338657", "train_gnorm": "1.074", "train_clip": "0.000", "train_oom": "0.000", "train_wall": "1078", "train_train_wall": "996"}
{"epoch": 3, "valid_loss": "7.452", "valid_nll_loss": "6.511", "valid_ppl": "91.20", "valid_num_updates": "2709", "valid_best_loss": "7.45238"}
| saved checkpoint checkpoints/iwslt_entmax-alpha/checkpoint3.pt (epoch 3 @ 2709 updates) (writing took 2.9997291564941406 seconds)
{"epoch": 4, "train_loss": "7.181", "train_nll_loss": "6.268", "train_ppl": "77.06", "train_wps": "11264", "train_ups": "2", "train_wpb": "4373.327", "train_bsz": "177.452", "train_num_updates": "3612", "train_lr": "0.00045151", "train_gnorm": "1.144", "train_clip": "0.000", "train_oom": "0.000", "train_wall": "1441", "train_train_wall": "1327"}
{"epoch": 4, "valid_loss": "6.663", "valid_nll_loss": "5.587", "valid_ppl": "48.07", "valid_num_updates": "3612", "valid_best_loss": "6.66268"}
| saved checkpoint checkpoints/iwslt_entmax-alpha/checkpoint4.pt (epoch 4 @ 3612 updates) (writing took 3.2021493911743164 seconds)
{"epoch": 5, "train_loss": "6.579", "train_nll_loss": "5.570", "train_ppl": "47.50", "train_wps": "11337", "train_ups": "3", "train_wpb": "4373.327", "train_bsz": "177.452", "train_num_updates": "4515", "train_lr": "0.000470621", "train_gnorm": "1.166", "train_clip": "0.000", "train_oom": "0.000", "train_wall": "1802", "train_train_wall": "1657"}
{"epoch": 5, "valid_loss": "6.059", "valid_nll_loss": "4.873", "valid_ppl": "29.31", "valid_num_updates": "4515", "valid_best_loss": "6.05929"}
| saved checkpoint checkpoints/iwslt_entmax-alpha/checkpoint5.pt (epoch 5 @ 4515 updates) (writing took 3.1186299324035645 seconds)
{"epoch": 6, "train_loss": "5.993", "train_nll_loss": "4.889", "train_ppl": "29.63", "train_wps": "11337", "train_ups": "3", "train_wpb": "4373.327", "train_bsz": "177.452", "train_num_updates": "5418", "train_lr": "0.000429616", "train_gnorm": "1.134", "train_clip": "0.000", "train_oom": "0.000", "train_wall": "2163", "train_train_wall": "1986"}
{"epoch": 6, "valid_loss": "5.567", "valid_nll_loss": "4.279", "valid_ppl": "19.41", "valid_num_updates": "5418", "valid_best_loss": "5.56726"}
| saved checkpoint checkpoints/iwslt_entmax-alpha/checkpoint6.pt (epoch 6 @ 5418 updates) (writing took 3.1405179500579834 seconds)
{"epoch": 7, "train_loss": "5.535", "train_nll_loss": "4.354", "train_ppl": "20.45", "train_wps": "11375", "train_ups": "3", "train_wpb": "4373.327", "train_bsz": "177.452", "train_num_updates": "6321", "train_lr": "0.000397747", "train_gnorm": "1.088", "train_clip": "0.000", "train_oom": "0.000", "train_wall": "2523", "train_train_wall": "2314"}
{"epoch": 7, "valid_loss": "5.161", "valid_nll_loss": "3.806", "valid_ppl": "13.98", "valid_num_updates": "6321", "valid_best_loss": "5.1607"}
| saved checkpoint checkpoints/iwslt_entmax-alpha/checkpoint7.pt (epoch 7 @ 6321 updates) (writing took 3.109518527984619 seconds)
{"epoch": 8, "train_loss": "5.212", "train_nll_loss": "3.980", "train_ppl": "15.78", "train_wps": "11383", "train_ups": "3", "train_wpb": "4373.327", "train_bsz": "177.452", "train_num_updates": "7224", "train_lr": "0.000372058", "train_gnorm": "1.060", "train_clip": "0.000", "train_oom": "0.000", "train_wall": "2882", "train_train_wall": "2643"}
{"epoch": 8, "valid_loss": "4.915", "valid_nll_loss": "3.513", "valid_ppl": "11.42", "valid_num_updates": "7224", "valid_best_loss": "4.91498"}
| saved checkpoint checkpoints/iwslt_entmax-alpha/checkpoint8.pt (epoch 8 @ 7224 updates) (writing took 3.146819591522217 seconds)
{"epoch": 9, "train_loss": "4.974", "train_nll_loss": "3.705", "train_ppl": "13.05", "train_wps": "11382", "train_ups": "3", "train_wpb": "4373.327", "train_bsz": "177.452", "train_num_updates": "8127", "train_lr": "0.00035078", "train_gnorm": "1.034", "train_clip": "0.000", "train_oom": "0.000", "train_wall": "3241", "train_train_wall": "2971"}
{"epoch": 9, "valid_loss": "4.760", "valid_nll_loss": "3.321", "valid_ppl": "9.99", "valid_num_updates": "8127", "valid_best_loss": "4.76029"}
| saved checkpoint checkpoints/iwslt_entmax-alpha/checkpoint9.pt (epoch 9 @ 8127 updates) (writing took 3.0974254608154297 seconds)
{"epoch": 10, "train_loss": "4.785", "train_nll_loss": "3.489", "train_ppl": "11.23", "train_wps": "11381", "train_ups": "3", "train_wpb": "4373.327", "train_bsz": "177.452", "train_num_updates": "9030", "train_lr": "0.000332779", "train_gnorm": "1.006", "train_clip": "0.000", "train_oom": "0.000", "train_wall": "3601", "train_train_wall": "3299"}
{"epoch": 10, "valid_loss": "4.590", "valid_nll_loss": "3.132", "valid_ppl": "8.77", "valid_num_updates": "9030", "valid_best_loss": "4.59017"}
| saved checkpoint checkpoints/iwslt_entmax-alpha/checkpoint10.pt (epoch 10 @ 9030 updates) (writing took 3.0707666873931885 seconds)
{"epoch": 11, "train_loss": "4.631", "train_nll_loss": "3.314", "train_ppl": "9.94", "train_wps": "11383", "train_ups": "3", "train_wpb": "4373.327", "train_bsz": "177.452", "train_num_updates": "9933", "train_lr": "0.000317292", "train_gnorm": "0.987", "train_clip": "0.000", "train_oom": "0.000", "train_wall": "3960", "train_train_wall": "3627"}
{"epoch": 11, "valid_loss": "4.514", "valid_nll_loss": "3.047", "valid_ppl": "8.26", "valid_num_updates": "9933", "valid_best_loss": "4.51443"}
| saved checkpoint checkpoints/iwslt_entmax-alpha/checkpoint11.pt (epoch 11 @ 9933 updates) (writing took 3.097322940826416 seconds)
{"epoch": 12, "train_loss": "4.508", "train_nll_loss": "3.174", "train_ppl": "9.03", "train_wps": "11380", "train_ups": "3", "train_wpb": "4373.327", "train_bsz": "177.452", "train_num_updates": "10836", "train_lr": "0.000303784", "train_gnorm": "0.966", "train_clip": "0.000", "train_oom": "0.000", "train_wall": "4320", "train_train_wall": "3956"}
{"epoch": 12, "valid_loss": "4.395", "valid_nll_loss": "2.917", "valid_ppl": "7.55", "valid_num_updates": "10836", "valid_best_loss": "4.3952"}
| saved checkpoint checkpoints/iwslt_entmax-alpha/checkpoint12.pt (epoch 12 @ 10836 updates) (writing took 3.2599287033081055 seconds)
{"epoch": 13, "train_loss": "4.404", "train_nll_loss": "3.056", "train_ppl": "8.32", "train_wps": "11377", "train_ups": "3", "train_wpb": "4373.327", "train_bsz": "177.452", "train_num_updates": "11739", "train_lr": "0.000291867", "train_gnorm": "0.949", "train_clip": "0.000", "train_oom": "0.000", "train_wall": "4679", "train_train_wall": "4284"}
{"epoch": 13, "valid_loss": "4.353", "valid_nll_loss": "2.856", "valid_ppl": "7.24", "valid_num_updates": "11739", "valid_best_loss": "4.35253"}
| saved checkpoint checkpoints/iwslt_entmax-alpha/checkpoint13.pt (epoch 13 @ 11739 updates) (writing took 3.27713680267334 seconds)
{"epoch": 14, "train_loss": "4.318", "train_nll_loss": "2.959", "train_ppl": "7.78", "train_wps": "11382", "train_ups": "3", "train_wpb": "4373.327", "train_bsz": "177.452", "train_num_updates": "12642", "train_lr": "0.00028125", "train_gnorm": "0.937", "train_clip": "0.000", "train_oom": "0.000", "train_wall": "5039", "train_train_wall": "4612"}
{"epoch": 14, "valid_loss": "4.302", "valid_nll_loss": "2.798", "valid_ppl": "6.95", "valid_num_updates": "12642", "valid_best_loss": "4.3023"}
| saved checkpoint checkpoints/iwslt_entmax-alpha/checkpoint14.pt (epoch 14 @ 12642 updates) (writing took 3.1089365482330322 seconds)
{"epoch": 15, "train_loss": "4.241", "train_nll_loss": "2.872", "train_ppl": "7.32", "train_wps": "11374", "train_ups": "3", "train_wpb": "4373.327", "train_bsz": "177.452", "train_num_updates": "13545", "train_lr": "0.000271713", "train_gnorm": "0.922", "train_clip": "0.000", "train_oom": "0.000", "train_wall": "5398", "train_train_wall": "4941"}
{"epoch": 15, "valid_loss": "4.267", "valid_nll_loss": "2.754", "valid_ppl": "6.75", "valid_num_updates": "13545", "valid_best_loss": "4.26724"}
| saved checkpoint checkpoints/iwslt_entmax-alpha/checkpoint15.pt (epoch 15 @ 13545 updates) (writing took 3.233585834503174 seconds)
{"epoch": 16, "train_loss": "4.177", "train_nll_loss": "2.800", "train_ppl": "6.96", "train_wps": "11371", "train_ups": "3", "train_wpb": "4373.327", "train_bsz": "177.452", "train_num_updates": "14448", "train_lr": "0.000263085", "train_gnorm": "0.915", "train_clip": "0.000", "train_oom": "0.000", "train_wall": "5758", "train_train_wall": "5269"}
{"epoch": 16, "valid_loss": "4.196", "valid_nll_loss": "2.686", "valid_ppl": "6.44", "valid_num_updates": "14448", "valid_best_loss": "4.1956"}
| saved checkpoint checkpoints/iwslt_entmax-alpha/checkpoint16.pt (epoch 16 @ 14448 updates) (writing took 3.1715102195739746 seconds)
{"epoch": 17, "train_loss": "4.122", "train_nll_loss": "2.738", "train_ppl": "6.67", "train_wps": "11376", "train_ups": "3", "train_wpb": "4373.327", "train_bsz": "177.452", "train_num_updates": "15351", "train_lr": "0.00025523", "train_gnorm": "0.913", "train_clip": "0.000", "train_oom": "0.000", "train_wall": "6118", "train_train_wall": "5598"}
{"epoch": 17, "valid_loss": "4.188", "valid_nll_loss": "2.669", "valid_ppl": "6.36", "valid_num_updates": "15351", "valid_best_loss": "4.18829"}
| saved checkpoint checkpoints/iwslt_entmax-alpha/checkpoint17.pt (epoch 17 @ 15351 updates) (writing took 3.2478153705596924 seconds)
{"epoch": 18, "train_loss": "4.070", "train_nll_loss": "2.678", "train_ppl": "6.40", "train_wps": "11385", "train_ups": "3", "train_wpb": "4373.327", "train_bsz": "177.452", "train_num_updates": "16254", "train_lr": "0.000248039", "train_gnorm": "0.905", "train_clip": "0.000", "train_oom": "0.000", "train_wall": "6477", "train_train_wall": "5926"}
{"epoch": 18, "valid_loss": "4.133", "valid_nll_loss": "2.616", "valid_ppl": "6.13", "valid_num_updates": "16254", "valid_best_loss": "4.1327"}
| saved checkpoint checkpoints/iwslt_entmax-alpha/checkpoint18.pt (epoch 18 @ 16254 updates) (writing took 3.2602381706237793 seconds)
{"epoch": 19, "train_loss": "4.022", "train_nll_loss": "2.625", "train_ppl": "6.17", "train_wps": "11386", "train_ups": "3", "train_wpb": "4373.327", "train_bsz": "177.452", "train_num_updates": "17157", "train_lr": "0.000241423", "train_gnorm": "0.897", "train_clip": "0.000", "train_oom": "0.000", "train_wall": "6837", "train_train_wall": "6254"}
{"epoch": 19, "valid_loss": "4.144", "valid_nll_loss": "2.615", "valid_ppl": "6.13", "valid_num_updates": "17157", "valid_best_loss": "4.1327"}
| saved checkpoint checkpoints/iwslt_entmax-alpha/checkpoint19.pt (epoch 19 @ 17157 updates) (writing took 1.7072553634643555 seconds)
{"epoch": 20, "train_loss": "3.979", "train_nll_loss": "2.576", "train_ppl": "5.96", "train_wps": "11385", "train_ups": "3", "train_wpb": "4373.327", "train_bsz": "177.452", "train_num_updates": "18060", "train_lr": "0.00023531", "train_gnorm": "0.892", "train_clip": "0.000", "train_oom": "0.000", "train_wall": "7194", "train_train_wall": "6582"}
{"epoch": 20, "valid_loss": "4.104", "valid_nll_loss": "2.572", "valid_ppl": "5.95", "valid_num_updates": "18060", "valid_best_loss": "4.10392"}
| saved checkpoint checkpoints/iwslt_entmax-alpha/checkpoint20.pt (epoch 20 @ 18060 updates) (writing took 3.1153724193573 seconds)
{"epoch": 21, "train_loss": "3.940", "train_nll_loss": "2.531", "train_ppl": "5.78", "train_wps": "11384", "train_ups": "3", "train_wpb": "4373.327", "train_bsz": "177.452", "train_num_updates": "18963", "train_lr": "0.000229639", "train_gnorm": "0.895", "train_clip": "0.000", "train_oom": "0.000", "train_wall": "7554", "train_train_wall": "6910"}
{"epoch": 21, "valid_loss": "4.100", "valid_nll_loss": "2.565", "valid_ppl": "5.92", "valid_num_updates": "18963", "valid_best_loss": "4.10044"}
| saved checkpoint checkpoints/iwslt_entmax-alpha/checkpoint21.pt (epoch 21 @ 18963 updates) (writing took 3.107520818710327 seconds)
{"epoch": 22, "train_loss": "3.905", "train_nll_loss": "2.491", "train_ppl": "5.62", "train_wps": "11390", "train_ups": "3", "train_wpb": "4373.327", "train_bsz": "177.452", "train_num_updates": "19866", "train_lr": "0.00022436", "train_gnorm": "0.891", "train_clip": "0.000", "train_oom": "0.000", "train_wall": "7913", "train_train_wall": "7238"}
{"epoch": 22, "valid_loss": "4.060", "valid_nll_loss": "2.524", "valid_ppl": "5.75", "valid_num_updates": "19866", "valid_best_loss": "4.06002"}
| saved checkpoint checkpoints/iwslt_entmax-alpha/checkpoint22.pt (epoch 22 @ 19866 updates) (writing took 3.08837890625 seconds)
{"epoch": 23, "train_loss": "3.870", "train_nll_loss": "2.452", "train_ppl": "5.47", "train_wps": "11390", "train_ups": "3", "train_wpb": "4373.327", "train_bsz": "177.452", "train_num_updates": "20769", "train_lr": "0.000219428", "train_gnorm": "0.885", "train_clip": "0.000", "train_oom": "0.000", "train_wall": "8272", "train_train_wall": "7566"}
{"epoch": 23, "valid_loss": "4.066", "valid_nll_loss": "2.528", "valid_ppl": "5.77", "valid_num_updates": "20769", "valid_best_loss": "4.06002"}
| saved checkpoint checkpoints/iwslt_entmax-alpha/checkpoint23.pt (epoch 23 @ 20769 updates) (writing took 1.7208929061889648 seconds)
{"epoch": 24, "train_loss": "3.839", "train_nll_loss": "2.417", "train_ppl": "5.34", "train_wps": "11372", "train_ups": "3", "train_wpb": "4373.327", "train_bsz": "177.452", "train_num_updates": "21672", "train_lr": "0.000214808", "train_gnorm": "0.889", "train_clip": "0.000", "train_oom": "0.000", "train_wall": "8631", "train_train_wall": "7894"}
{"epoch": 24, "valid_loss": "4.031", "valid_nll_loss": "2.494", "valid_ppl": "5.63", "valid_num_updates": "21672", "valid_best_loss": "4.03147"}
| saved checkpoint checkpoints/iwslt_entmax-alpha/checkpoint24.pt (epoch 24 @ 21672 updates) (writing took 3.114157199859619 seconds)
{"epoch": 25, "train_loss": "3.810", "train_nll_loss": "2.384", "train_ppl": "5.22", "train_wps": "11373", "train_ups": "3", "train_wpb": "4373.327", "train_bsz": "177.452", "train_num_updates": "22575", "train_lr": "0.000210468", "train_gnorm": "0.883", "train_clip": "0.000", "train_oom": "0.000", "train_wall": "8990", "train_train_wall": "8223"}
{"epoch": 25, "valid_loss": "4.058", "valid_nll_loss": "2.514", "valid_ppl": "5.71", "valid_num_updates": "22575", "valid_best_loss": "4.03147"}
| saved checkpoint checkpoints/iwslt_entmax-alpha/checkpoint25.pt (epoch 25 @ 22575 updates) (writing took 1.7473030090332031 seconds)
{"epoch": 26, "train_loss": "3.782", "train_nll_loss": "2.351", "train_ppl": "5.10", "train_wps": "11341", "train_ups": "3", "train_wpb": "4373.327", "train_bsz": "177.452", "train_num_updates": "23478", "train_lr": "0.000206381", "train_gnorm": "0.884", "train_clip": "0.000", "train_oom": "0.000", "train_wall": "9349", "train_train_wall": "8552"}
{"epoch": 26, "valid_loss": "4.002", "valid_nll_loss": "2.462", "valid_ppl": "5.51", "valid_num_updates": "23478", "valid_best_loss": "4.00232"}
| saved checkpoint checkpoints/iwslt_entmax-alpha/checkpoint26.pt (epoch 26 @ 23478 updates) (writing took 3.1247658729553223 seconds)
{"epoch": 27, "train_loss": "3.756", "train_nll_loss": "2.323", "train_ppl": "5.00", "train_wps": "11342", "train_ups": "3", "train_wpb": "4373.327", "train_bsz": "177.452", "train_num_updates": "24381", "train_lr": "0.000202523", "train_gnorm": "0.884", "train_clip": "0.000", "train_oom": "0.000", "train_wall": "9710", "train_train_wall": "8882"}
{"epoch": 27, "valid_loss": "4.031", "valid_nll_loss": "2.485", "valid_ppl": "5.60", "valid_num_updates": "24381", "valid_best_loss": "4.00232"}
| saved checkpoint checkpoints/iwslt_entmax-alpha/checkpoint27.pt (epoch 27 @ 24381 updates) (writing took 1.714726209640503 seconds)
{"epoch": 28, "train_loss": "3.731", "train_nll_loss": "2.293", "train_ppl": "4.90", "train_wps": "11345", "train_ups": "3", "train_wpb": "4373.327", "train_bsz": "177.452", "train_num_updates": "25284", "train_lr": "0.000198874", "train_gnorm": "0.880", "train_clip": "0.000", "train_oom": "0.000", "train_wall": "10069", "train_train_wall": "9211"}
{"epoch": 28, "valid_loss": "3.987", "valid_nll_loss": "2.448", "valid_ppl": "5.46", "valid_num_updates": "25284", "valid_best_loss": "3.98748"}
| saved checkpoint checkpoints/iwslt_entmax-alpha/checkpoint28.pt (epoch 28 @ 25284 updates) (writing took 3.1938445568084717 seconds)
{"epoch": 29, "train_loss": "3.708", "train_nll_loss": "2.267", "train_ppl": "4.81", "train_wps": "11371", "train_ups": "3", "train_wpb": "4373.327", "train_bsz": "177.452", "train_num_updates": "26187", "train_lr": "0.000195415", "train_gnorm": "0.881", "train_clip": "0.000", "train_oom": "0.000", "train_wall": "10429", "train_train_wall": "9539"}
{"epoch": 29, "valid_loss": "3.995", "valid_nll_loss": "2.448", "valid_ppl": "5.46", "valid_num_updates": "26187", "valid_best_loss": "3.98748"}
| saved checkpoint checkpoints/iwslt_entmax-alpha/checkpoint29.pt (epoch 29 @ 26187 updates) (writing took 1.7920424938201904 seconds)
{"epoch": 30, "train_loss": "3.685", "train_nll_loss": "2.241", "train_ppl": "4.73", "train_wps": "11372", "train_ups": "3", "train_wpb": "4373.327", "train_bsz": "177.452", "train_num_updates": "27090", "train_lr": "0.00019213", "train_gnorm": "0.882", "train_clip": "0.000", "train_oom": "0.000", "train_wall": "10788", "train_train_wall": "9868"}
{"epoch": 30, "valid_loss": "3.973", "valid_nll_loss": "2.425", "valid_ppl": "5.37", "valid_num_updates": "27090", "valid_best_loss": "3.97342"}
| saved checkpoint checkpoints/iwslt_entmax-alpha/checkpoint30.pt (epoch 30 @ 27090 updates) (writing took 3.2642669677734375 seconds)
{"epoch": 31, "train_loss": "3.664", "train_nll_loss": "2.217", "train_ppl": "4.65", "train_wps": "11384", "train_ups": "3", "train_wpb": "4373.327", "train_bsz": "177.452", "train_num_updates": "27993", "train_lr": "0.000189006", "train_gnorm": "0.887", "train_clip": "0.000", "train_oom": "0.000", "train_wall": "11147", "train_train_wall": "10196"}
{"epoch": 31, "valid_loss": "3.970", "valid_nll_loss": "2.422", "valid_ppl": "5.36", "valid_num_updates": "27993", "valid_best_loss": "3.97028"}
| saved checkpoint checkpoints/iwslt_entmax-alpha/checkpoint31.pt (epoch 31 @ 27993 updates) (writing took 3.180342197418213 seconds)
{"epoch": 32, "train_loss": "3.645", "train_nll_loss": "2.195", "train_ppl": "4.58", "train_wps": "11365", "train_ups": "3", "train_wpb": "4373.327", "train_bsz": "177.452", "train_num_updates": "28896", "train_lr": "0.000186029", "train_gnorm": "0.888", "train_clip": "0.000", "train_oom": "0.000", "train_wall": "11507", "train_train_wall": "10525"}
{"epoch": 32, "valid_loss": "3.976", "valid_nll_loss": "2.422", "valid_ppl": "5.36", "valid_num_updates": "28896", "valid_best_loss": "3.97028"}
| saved checkpoint checkpoints/iwslt_entmax-alpha/checkpoint32.pt (epoch 32 @ 28896 updates) (writing took 1.8891398906707764 seconds)
{"epoch": 33, "train_loss": "3.626", "train_nll_loss": "2.174", "train_ppl": "4.51", "train_wps": "11374", "train_ups": "3", "train_wpb": "4373.327", "train_bsz": "177.452", "train_num_updates": "29799", "train_lr": "0.000183189", "train_gnorm": "0.884", "train_clip": "0.000", "train_oom": "0.000", "train_wall": "11866", "train_train_wall": "10853"}
{"epoch": 33, "valid_loss": "3.976", "valid_nll_loss": "2.424", "valid_ppl": "5.37", "valid_num_updates": "29799", "valid_best_loss": "3.97028"}
| saved checkpoint checkpoints/iwslt_entmax-alpha/checkpoint33.pt (epoch 33 @ 29799 updates) (writing took 1.7154145240783691 seconds)
{"epoch": 34, "train_loss": "3.607", "train_nll_loss": "2.151", "train_ppl": "4.44", "train_wps": "11366", "train_ups": "3", "train_wpb": "4373.327", "train_bsz": "177.452", "train_num_updates": "30702", "train_lr": "0.000180475", "train_gnorm": "0.889", "train_clip": "0.000", "train_oom": "0.000", "train_wall": "12224", "train_train_wall": "11182"}
{"epoch": 34, "valid_loss": "3.958", "valid_nll_loss": "2.404", "valid_ppl": "5.29", "valid_num_updates": "30702", "valid_best_loss": "3.95788"}
| saved checkpoint checkpoints/iwslt_entmax-alpha/checkpoint34.pt (epoch 34 @ 30702 updates) (writing took 3.118021249771118 seconds)
{"epoch": 35, "train_loss": "3.588", "train_nll_loss": "2.130", "train_ppl": "4.38", "train_wps": "11353", "train_ups": "3", "train_wpb": "4373.327", "train_bsz": "177.452", "train_num_updates": "31605", "train_lr": "0.000177878", "train_gnorm": "0.885", "train_clip": "0.000", "train_oom": "0.000", "train_wall": "12584", "train_train_wall": "11511"}
{"epoch": 35, "valid_loss": "3.937", "valid_nll_loss": "2.383", "valid_ppl": "5.22", "valid_num_updates": "31605", "valid_best_loss": "3.93689"}
| saved checkpoint checkpoints/iwslt_entmax-alpha/checkpoint35.pt (epoch 35 @ 31605 updates) (writing took 3.2070906162261963 seconds)
{"epoch": 36, "train_loss": "3.571", "train_nll_loss": "2.111", "train_ppl": "4.32", "train_wps": "11379", "train_ups": "3", "train_wpb": "4373.327", "train_bsz": "177.452", "train_num_updates": "32508", "train_lr": "0.00017539", "train_gnorm": "0.890", "train_clip": "0.000", "train_oom": "0.000", "train_wall": "12944", "train_train_wall": "11840"}
{"epoch": 36, "valid_loss": "3.942", "valid_nll_loss": "2.386", "valid_ppl": "5.23", "valid_num_updates": "32508", "valid_best_loss": "3.93689"}
| saved checkpoint checkpoints/iwslt_entmax-alpha/checkpoint36.pt (epoch 36 @ 32508 updates) (writing took 1.8612146377563477 seconds)
{"epoch": 37, "train_loss": "3.555", "train_nll_loss": "2.092", "train_ppl": "4.26", "train_wps": "11378", "train_ups": "3", "train_wpb": "4373.327", "train_bsz": "177.452", "train_num_updates": "33411", "train_lr": "0.000173004", "train_gnorm": "0.892", "train_clip": "0.000", "train_oom": "0.000", "train_wall": "13302", "train_train_wall": "12168"}
{"epoch": 37, "valid_loss": "3.950", "valid_nll_loss": "2.392", "valid_ppl": "5.25", "valid_num_updates": "33411", "valid_best_loss": "3.93689"}
| saved checkpoint checkpoints/iwslt_entmax-alpha/checkpoint37.pt (epoch 37 @ 33411 updates) (writing took 1.8538734912872314 seconds)
{"epoch": 38, "train_loss": "3.539", "train_nll_loss": "2.073", "train_ppl": "4.21", "train_wps": "11372", "train_ups": "3", "train_wpb": "4373.327", "train_bsz": "177.452", "train_num_updates": "34314", "train_lr": "0.000170712", "train_gnorm": "0.895", "train_clip": "0.000", "train_oom": "0.000", "train_wall": "13661", "train_train_wall": "12496"}
{"epoch": 38, "valid_loss": "3.948", "valid_nll_loss": "2.392", "valid_ppl": "5.25", "valid_num_updates": "34314", "valid_best_loss": "3.93689"}
| saved checkpoint checkpoints/iwslt_entmax-alpha/checkpoint38.pt (epoch 38 @ 34314 updates) (writing took 1.8085014820098877 seconds)
{"epoch": 39, "train_loss": "3.525", "train_nll_loss": "2.057", "train_ppl": "4.16", "train_wps": "11385", "train_ups": "3", "train_wpb": "4373.327", "train_bsz": "177.452", "train_num_updates": "35217", "train_lr": "0.000168509", "train_gnorm": "0.895", "train_clip": "0.000", "train_oom": "0.000", "train_wall": "14019", "train_train_wall": "12825"}
{"epoch": 39, "valid_loss": "3.947", "valid_nll_loss": "2.395", "valid_ppl": "5.26", "valid_num_updates": "35217", "valid_best_loss": "3.93689"}
| saved checkpoint checkpoints/iwslt_entmax-alpha/checkpoint39.pt (epoch 39 @ 35217 updates) (writing took 1.7440574169158936 seconds)
{"epoch": 40, "train_loss": "3.508", "train_nll_loss": "2.038", "train_ppl": "4.11", "train_wps": "11378", "train_ups": "3", "train_wpb": "4373.327", "train_bsz": "177.452", "train_num_updates": "36120", "train_lr": "0.00016639", "train_gnorm": "0.896", "train_clip": "0.000", "train_oom": "0.000", "train_wall": "14377", "train_train_wall": "13153"}
{"epoch": 40, "valid_loss": "3.932", "valid_nll_loss": "2.377", "valid_ppl": "5.19", "valid_num_updates": "36120", "valid_best_loss": "3.93184"}
| saved checkpoint checkpoints/iwslt_entmax-alpha/checkpoint40.pt (epoch 40 @ 36120 updates) (writing took 3.1005256175994873 seconds)
{"epoch": 41, "train_loss": "3.495", "train_nll_loss": "2.023", "train_ppl": "4.06", "train_wps": "11356", "train_ups": "3", "train_wpb": "4373.327", "train_bsz": "177.452", "train_num_updates": "37023", "train_lr": "0.000164348", "train_gnorm": "0.899", "train_clip": "0.000", "train_oom": "0.000", "train_wall": "14737", "train_train_wall": "13482"}
{"epoch": 41, "valid_loss": "3.917", "valid_nll_loss": "2.363", "valid_ppl": "5.14", "valid_num_updates": "37023", "valid_best_loss": "3.91731"}
| saved checkpoint checkpoints/iwslt_entmax-alpha/checkpoint41.pt (epoch 41 @ 37023 updates) (writing took 3.119133234024048 seconds)
{"epoch": 42, "train_loss": "3.481", "train_nll_loss": "2.007", "train_ppl": "4.02", "train_wps": "11361", "train_ups": "3", "train_wpb": "4373.327", "train_bsz": "177.452", "train_num_updates": "37926", "train_lr": "0.00016238", "train_gnorm": "0.898", "train_clip": "0.000", "train_oom": "0.000", "train_wall": "15097", "train_train_wall": "13811"}
{"epoch": 42, "valid_loss": "3.920", "valid_nll_loss": "2.363", "valid_ppl": "5.15", "valid_num_updates": "37926", "valid_best_loss": "3.91731"}
| saved checkpoint checkpoints/iwslt_entmax-alpha/checkpoint42.pt (epoch 42 @ 37926 updates) (writing took 1.7104089260101318 seconds)
{"epoch": 43, "train_loss": "3.467", "train_nll_loss": "1.990", "train_ppl": "3.97", "train_wps": "11357", "train_ups": "3", "train_wpb": "4373.327", "train_bsz": "177.452", "train_num_updates": "38829", "train_lr": "0.00016048", "train_gnorm": "0.901", "train_clip": "0.000", "train_oom": "0.000", "train_wall": "15456", "train_train_wall": "14140"}
{"epoch": 43, "valid_loss": "3.902", "valid_nll_loss": "2.347", "valid_ppl": "5.09", "valid_num_updates": "38829", "valid_best_loss": "3.90237"}
| saved checkpoint checkpoints/iwslt_entmax-alpha/checkpoint43.pt (epoch 43 @ 38829 updates) (writing took 3.120588779449463 seconds)
{"epoch": 44, "train_loss": "3.453", "train_nll_loss": "1.975", "train_ppl": "3.93", "train_wps": "11352", "train_ups": "3", "train_wpb": "4373.327", "train_bsz": "177.452", "train_num_updates": "39732", "train_lr": "0.000158646", "train_gnorm": "0.902", "train_clip": "0.000", "train_oom": "0.000", "train_wall": "15816", "train_train_wall": "14469"}
{"epoch": 44, "valid_loss": "3.915", "valid_nll_loss": "2.355", "valid_ppl": "5.12", "valid_num_updates": "39732", "valid_best_loss": "3.90237"}
| saved checkpoint checkpoints/iwslt_entmax-alpha/checkpoint44.pt (epoch 44 @ 39732 updates) (writing took 1.7293245792388916 seconds)
{"epoch": 45, "train_loss": "3.441", "train_nll_loss": "1.961", "train_ppl": "3.89", "train_wps": "11356", "train_ups": "3", "train_wpb": "4373.327", "train_bsz": "177.452", "train_num_updates": "40635", "train_lr": "0.000156874", "train_gnorm": "0.907", "train_clip": "0.000", "train_oom": "0.000", "train_wall": "16175", "train_train_wall": "14798"}
{"epoch": 45, "valid_loss": "3.913", "valid_nll_loss": "2.352", "valid_ppl": "5.10", "valid_num_updates": "40635", "valid_best_loss": "3.90237"}
| saved checkpoint checkpoints/iwslt_entmax-alpha/checkpoint45.pt (epoch 45 @ 40635 updates) (writing took 1.7104766368865967 seconds)
{"epoch": 46, "train_loss": "3.428", "train_nll_loss": "1.945", "train_ppl": "3.85", "train_wps": "11372", "train_ups": "3", "train_wpb": "4373.327", "train_bsz": "177.452", "train_num_updates": "41538", "train_lr": "0.000155159", "train_gnorm": "0.906", "train_clip": "0.000", "train_oom": "0.000", "train_wall": "16534", "train_train_wall": "15126"}
{"epoch": 46, "valid_loss": "3.908", "valid_nll_loss": "2.350", "valid_ppl": "5.10", "valid_num_updates": "41538", "valid_best_loss": "3.90237"}
| saved checkpoint checkpoints/iwslt_entmax-alpha/checkpoint46.pt (epoch 46 @ 41538 updates) (writing took 1.7138350009918213 seconds)
{"epoch": 47, "train_loss": "3.417", "train_nll_loss": "1.932", "train_ppl": "3.82", "train_wps": "11376", "train_ups": "3", "train_wpb": "4373.327", "train_bsz": "177.452", "train_num_updates": "42441", "train_lr": "0.0001535", "train_gnorm": "0.909", "train_clip": "0.000", "train_oom": "0.000", "train_wall": "16892", "train_train_wall": "15455"}
{"epoch": 47, "valid_loss": "3.915", "valid_nll_loss": "2.355", "valid_ppl": "5.12", "valid_num_updates": "42441", "valid_best_loss": "3.90237"}
| saved checkpoint checkpoints/iwslt_entmax-alpha/checkpoint47.pt (epoch 47 @ 42441 updates) (writing took 1.830388069152832 seconds)
{"epoch": 48, "train_loss": "3.405", "train_nll_loss": "1.918", "train_ppl": "3.78", "train_wps": "11378", "train_ups": "3", "train_wpb": "4373.327", "train_bsz": "177.452", "train_num_updates": "43344", "train_lr": "0.000151892", "train_gnorm": "0.910", "train_clip": "0.000", "train_oom": "0.000", "train_wall": "17250", "train_train_wall": "15783"}
{"epoch": 48, "valid_loss": "3.923", "valid_nll_loss": "2.360", "valid_ppl": "5.13", "valid_num_updates": "43344", "valid_best_loss": "3.90237"}
| saved checkpoint checkpoints/iwslt_entmax-alpha/checkpoint48.pt (epoch 48 @ 43344 updates) (writing took 1.8836491107940674 seconds)
{"epoch": 49, "train_loss": "3.394", "train_nll_loss": "1.906", "train_ppl": "3.75", "train_wps": "11376", "train_ups": "3", "train_wpb": "4373.327", "train_bsz": "177.452", "train_num_updates": "44247", "train_lr": "0.000150334", "train_gnorm": "0.916", "train_clip": "0.000", "train_oom": "0.000", "train_wall": "17609", "train_train_wall": "16111"}
{"epoch": 49, "valid_loss": "3.894", "valid_nll_loss": "2.341", "valid_ppl": "5.07", "valid_num_updates": "44247", "valid_best_loss": "3.89385"}
| saved checkpoint checkpoints/iwslt_entmax-alpha/checkpoint49.pt (epoch 49 @ 44247 updates) (writing took 3.232069492340088 seconds)
{"epoch": 50, "train_loss": "3.382", "train_nll_loss": "1.892", "train_ppl": "3.71", "train_wps": "11386", "train_ups": "3", "train_wpb": "4373.327", "train_bsz": "177.452", "train_num_updates": "45150", "train_lr": "0.000148823", "train_gnorm": "0.915", "train_clip": "0.000", "train_oom": "0.000", "train_wall": "17968", "train_train_wall": "16439"}
{"epoch": 50, "valid_loss": "3.895", "valid_nll_loss": "2.341", "valid_ppl": "5.07", "valid_num_updates": "45150", "valid_best_loss": "3.89385"}
| saved checkpoint checkpoints/iwslt_entmax-alpha/checkpoint50.pt (epoch 50 @ 45150 updates) (writing took 1.7118303775787354 seconds)
{"epoch": 51, "train_loss": "3.371", "train_nll_loss": "1.879", "train_ppl": "3.68", "train_wps": "11381", "train_ups": "3", "train_wpb": "4373.327", "train_bsz": "177.452", "train_num_updates": "46053", "train_lr": "0.000147357", "train_gnorm": "0.918", "train_clip": "0.000", "train_oom": "0.000", "train_wall": "18326", "train_train_wall": "16768"}
{"epoch": 51, "valid_loss": "3.900", "valid_nll_loss": "2.344", "valid_ppl": "5.08", "valid_num_updates": "46053", "valid_best_loss": "3.89385"}
| saved checkpoint checkpoints/iwslt_entmax-alpha/checkpoint51.pt (epoch 51 @ 46053 updates) (writing took 1.7142701148986816 seconds)
{"epoch": 52, "train_loss": "3.361", "train_nll_loss": "1.868", "train_ppl": "3.65", "train_wps": "11382", "train_ups": "3", "train_wpb": "4373.327", "train_bsz": "177.452", "train_num_updates": "46956", "train_lr": "0.000145933", "train_gnorm": "0.921", "train_clip": "0.000", "train_oom": "0.000", "train_wall": "18684", "train_train_wall": "17096"}
{"epoch": 52, "valid_loss": "3.904", "valid_nll_loss": "2.344", "valid_ppl": "5.08", "valid_num_updates": "46956", "valid_best_loss": "3.89385"}
| saved checkpoint checkpoints/iwslt_entmax-alpha/checkpoint52.pt (epoch 52 @ 46956 updates) (writing took 1.7076241970062256 seconds)
{"epoch": 53, "train_loss": "3.350", "train_nll_loss": "1.855", "train_ppl": "3.62", "train_wps": "11369", "train_ups": "3", "train_wpb": "4373.327", "train_bsz": "177.452", "train_num_updates": "47859", "train_lr": "0.00014455", "train_gnorm": "0.927", "train_clip": "0.000", "train_oom": "0.000", "train_wall": "19042", "train_train_wall": "17425"}
{"epoch": 53, "valid_loss": "3.900", "valid_nll_loss": "2.342", "valid_ppl": "5.07", "valid_num_updates": "47859", "valid_best_loss": "3.89385"}
| saved checkpoint checkpoints/iwslt_entmax-alpha/checkpoint53.pt (epoch 53 @ 47859 updates) (writing took 1.8479223251342773 seconds)
{"epoch": 54, "train_loss": "3.341", "train_nll_loss": "1.844", "train_ppl": "3.59", "train_wps": "11371", "train_ups": "3", "train_wpb": "4373.327", "train_bsz": "177.452", "train_num_updates": "48762", "train_lr": "0.000143205", "train_gnorm": "0.928", "train_clip": "0.000", "train_oom": "0.000", "train_wall": "19401", "train_train_wall": "17753"}
{"epoch": 54, "valid_loss": "3.898", "valid_nll_loss": "2.342", "valid_ppl": "5.07", "valid_num_updates": "48762", "valid_best_loss": "3.89385"}
| saved checkpoint checkpoints/iwslt_entmax-alpha/checkpoint54.pt (epoch 54 @ 48762 updates) (writing took 1.8637490272521973 seconds)
{"epoch": 55, "train_loss": "3.330", "train_nll_loss": "1.832", "train_ppl": "3.56", "train_wps": "11381", "train_ups": "3", "train_wpb": "4373.327", "train_bsz": "177.452", "train_num_updates": "49665", "train_lr": "0.000141898", "train_gnorm": "0.931", "train_clip": "0.000", "train_oom": "0.000", "train_wall": "19759", "train_train_wall": "18081"}
{"epoch": 55, "valid_loss": "3.896", "valid_nll_loss": "2.343", "valid_ppl": "5.07", "valid_num_updates": "49665", "valid_best_loss": "3.89385"}
| saved checkpoint checkpoints/iwslt_entmax-alpha/checkpoint55.pt (epoch 55 @ 49665 updates) (writing took 1.8767173290252686 seconds)
{"epoch": 56, "train_loss": "3.321", "train_nll_loss": "1.822", "train_ppl": "3.54", "train_wps": "11383", "train_ups": "3", "train_wpb": "4373.327", "train_bsz": "177.452", "train_num_updates": "50568", "train_lr": "0.000140625", "train_gnorm": "0.934", "train_clip": "0.000", "train_oom": "0.000", "train_wall": "20117", "train_train_wall": "18410"}
{"epoch": 56, "valid_loss": "3.885", "valid_nll_loss": "2.326", "valid_ppl": "5.01", "valid_num_updates": "50568", "valid_best_loss": "3.88494"}
| saved checkpoint checkpoints/iwslt_entmax-alpha/checkpoint56.pt (epoch 56 @ 50568 updates) (writing took 3.182159423828125 seconds)
{"epoch": 57, "train_loss": "3.311", "train_nll_loss": "1.809", "train_ppl": "3.51", "train_wps": "11375", "train_ups": "3", "train_wpb": "4373.327", "train_bsz": "177.452", "train_num_updates": "51471", "train_lr": "0.000139386", "train_gnorm": "0.935", "train_clip": "0.000", "train_oom": "0.000", "train_wall": "20477", "train_train_wall": "18738"}
{"epoch": 57, "valid_loss": "3.888", "valid_nll_loss": "2.326", "valid_ppl": "5.02", "valid_num_updates": "51471", "valid_best_loss": "3.88494"}
| saved checkpoint checkpoints/iwslt_entmax-alpha/checkpoint57.pt (epoch 57 @ 51471 updates) (writing took 1.7072575092315674 seconds)
{"epoch": 58, "train_loss": "3.301", "train_nll_loss": "1.799", "train_ppl": "3.48", "train_wps": "11378", "train_ups": "3", "train_wpb": "4373.327", "train_bsz": "177.452", "train_num_updates": "52374", "train_lr": "0.000138179", "train_gnorm": "0.936", "train_clip": "0.000", "train_oom": "0.000", "train_wall": "20835", "train_train_wall": "19066"}
{"epoch": 58, "valid_loss": "3.888", "valid_nll_loss": "2.331", "valid_ppl": "5.03", "valid_num_updates": "52374", "valid_best_loss": "3.88494"}
| saved checkpoint checkpoints/iwslt_entmax-alpha/checkpoint58.pt (epoch 58 @ 52374 updates) (writing took 1.7140679359436035 seconds)
{"epoch": 59, "train_loss": "3.293", "train_nll_loss": "1.789", "train_ppl": "3.46", "train_wps": "11385", "train_ups": "3", "train_wpb": "4373.327", "train_bsz": "177.452", "train_num_updates": "53277", "train_lr": "0.000137003", "train_gnorm": "0.944", "train_clip": "0.000", "train_oom": "0.000", "train_wall": "21193", "train_train_wall": "19395"}
{"epoch": 59, "valid_loss": "3.895", "valid_nll_loss": "2.335", "valid_ppl": "5.05", "valid_num_updates": "53277", "valid_best_loss": "3.88494"}
| saved checkpoint checkpoints/iwslt_entmax-alpha/checkpoint59.pt (epoch 59 @ 53277 updates) (writing took 1.7255823612213135 seconds)
{"epoch": 60, "train_loss": "3.285", "train_nll_loss": "1.779", "train_ppl": "3.43", "train_wps": "11386", "train_ups": "3", "train_wpb": "4373.327", "train_bsz": "177.452", "train_num_updates": "54180", "train_lr": "0.000135857", "train_gnorm": "0.945", "train_clip": "0.000", "train_oom": "0.000", "train_wall": "21551", "train_train_wall": "19723"}
{"epoch": 60, "valid_loss": "3.890", "valid_nll_loss": "2.328", "valid_ppl": "5.02", "valid_num_updates": "54180", "valid_best_loss": "3.88494"}
| saved checkpoint checkpoints/iwslt_entmax-alpha/checkpoint60.pt (epoch 60 @ 54180 updates) (writing took 1.7170968055725098 seconds)
{"epoch": 61, "train_loss": "3.276", "train_nll_loss": "1.769", "train_ppl": "3.41", "train_wps": "11378", "train_ups": "3", "train_wpb": "4373.327", "train_bsz": "177.452", "train_num_updates": "55083", "train_lr": "0.000134738", "train_gnorm": "0.946", "train_clip": "0.000", "train_oom": "0.000", "train_wall": "21909", "train_train_wall": "20051"}
{"epoch": 61, "valid_loss": "3.910", "valid_nll_loss": "2.351", "valid_ppl": "5.10", "valid_num_updates": "55083", "valid_best_loss": "3.88494"}
| saved checkpoint checkpoints/iwslt_entmax-alpha/checkpoint61.pt (epoch 61 @ 55083 updates) (writing took 1.713853120803833 seconds)
{"epoch": 62, "train_loss": "3.266", "train_nll_loss": "1.758", "train_ppl": "3.38", "train_wps": "11377", "train_ups": "3", "train_wpb": "4373.327", "train_bsz": "177.452", "train_num_updates": "55986", "train_lr": "0.000133647", "train_gnorm": "0.947", "train_clip": "0.000", "train_oom": "0.000", "train_wall": "22267", "train_train_wall": "20380"}
{"epoch": 62, "valid_loss": "3.879", "valid_nll_loss": "2.323", "valid_ppl": "5.01", "valid_num_updates": "55986", "valid_best_loss": "3.8786"}
| saved checkpoint checkpoints/iwslt_entmax-alpha/checkpoint62.pt (epoch 62 @ 55986 updates) (writing took 3.1197338104248047 seconds)
{"epoch": 63, "train_loss": "3.258", "train_nll_loss": "1.749", "train_ppl": "3.36", "train_wps": "11380", "train_ups": "3", "train_wpb": "4373.327", "train_bsz": "177.452", "train_num_updates": "56889", "train_lr": "0.000132582", "train_gnorm": "0.950", "train_clip": "0.000", "train_oom": "0.000", "train_wall": "22627", "train_train_wall": "20708"}
{"epoch": 63, "valid_loss": "3.907", "valid_nll_loss": "2.349", "valid_ppl": "5.09", "valid_num_updates": "56889", "valid_best_loss": "3.8786"}
| saved checkpoint checkpoints/iwslt_entmax-alpha/checkpoint63.pt (epoch 63 @ 56889 updates) (writing took 1.7104840278625488 seconds)
{"epoch": 64, "train_loss": "3.251", "train_nll_loss": "1.740", "train_ppl": "3.34", "train_wps": "11375", "train_ups": "3", "train_wpb": "4373.327", "train_bsz": "177.452", "train_num_updates": "57792", "train_lr": "0.000131543", "train_gnorm": "0.955", "train_clip": "0.000", "train_oom": "0.000", "train_wall": "22985", "train_train_wall": "21036"}
{"epoch": 64, "valid_loss": "3.915", "valid_nll_loss": "2.352", "valid_ppl": "5.10", "valid_num_updates": "57792", "valid_best_loss": "3.8786"}
| saved checkpoint checkpoints/iwslt_entmax-alpha/checkpoint64.pt (epoch 64 @ 57792 updates) (writing took 1.7183494567871094 seconds)
{"epoch": 65, "train_loss": "3.243", "train_nll_loss": "1.731", "train_ppl": "3.32", "train_wps": "11381", "train_ups": "3", "train_wpb": "4373.327", "train_bsz": "177.452", "train_num_updates": "58695", "train_lr": "0.000130527", "train_gnorm": "0.957", "train_clip": "0.000", "train_oom": "0.000", "train_wall": "23343", "train_train_wall": "21365"}
{"epoch": 65, "valid_loss": "3.898", "valid_nll_loss": "2.336", "valid_ppl": "5.05", "valid_num_updates": "58695", "valid_best_loss": "3.8786"}
| saved checkpoint checkpoints/iwslt_entmax-alpha/checkpoint65.pt (epoch 65 @ 58695 updates) (writing took 1.7162983417510986 seconds)
{"epoch": 66, "train_loss": "3.235", "train_nll_loss": "1.722", "train_ppl": "3.30", "train_wps": "11375", "train_ups": "3", "train_wpb": "4373.327", "train_bsz": "177.452", "train_num_updates": "59598", "train_lr": "0.000129534", "train_gnorm": "0.957", "train_clip": "0.000", "train_oom": "0.000", "train_wall": "23701", "train_train_wall": "21693"}
{"epoch": 66, "valid_loss": "3.903", "valid_nll_loss": "2.344", "valid_ppl": "5.08", "valid_num_updates": "59598", "valid_best_loss": "3.8786"}
| saved checkpoint checkpoints/iwslt_entmax-alpha/checkpoint66.pt (epoch 66 @ 59598 updates) (writing took 1.7208449840545654 seconds)
{"epoch": 67, "train_loss": "3.208", "train_nll_loss": "1.690", "train_ppl": "3.23", "train_wps": "11415", "train_ups": "2", "train_wpb": "4389.973", "train_bsz": "183.201", "train_num_updates": "60000", "train_lr": "0.000129099", "train_gnorm": "0.952", "train_clip": "0.000", "train_oom": "0.000", "train_wall": "23867", "train_train_wall": "21839"}
{"epoch": 67, "valid_loss": "3.897", "valid_nll_loss": "2.340", "valid_ppl": "5.06", "valid_num_updates": "60000", "valid_best_loss": "3.8786"}
| saved checkpoint checkpoints/iwslt_entmax-alpha/checkpoint_last.pt (epoch 67 @ 60000 updates) (writing took 1.4070453643798828 seconds)
| done training in 23876.7 seconds
