Namespace(activation_dropout=0.0, activation_fn='relu', adam_betas='(0.9, 0.98)', adam_eps=1e-08, adaptive_input=False, adaptive_softmax_cutoff=None, adaptive_softmax_dropout=0, arch='transformer_iwslt_de_en', attention_dropout=0.0, best_checkpoint_metric='loss', bucket_cap_mb=25, clip_norm=25, cpu=False, criterion='label_smoothed_cross_entropy', curriculum=0, data='data-bin/iwslt14.tokenized.de-en', dataset_impl='cached', ddp_backend='c10d', decoder_attention_heads=4, decoder_embed_dim=512, decoder_embed_path=None, decoder_ffn_embed_dim=1024, decoder_input_dim=512, decoder_layers=6, decoder_learned_pos=False, decoder_normalize_before=False, decoder_output_dim=512, device_id=0, disable_validation=False, distributed_backend='nccl', distributed_init_method=None, distributed_no_spawn=False, distributed_port=-1, distributed_rank=0, distributed_world_size=1, dropout=0.3, encoder_attention_heads=4, encoder_embed_dim=512, encoder_embed_path=None, encoder_ffn_embed_dim=1024, encoder_layers=6, encoder_learned_pos=False, encoder_normalize_before=False, exp_root=0.5, find_unused_parameters=False, fix_batches_to_gpus=False, fp16=False, fp16_init_scale=128, fp16_scale_tolerance=0.0, fp16_scale_window=None, keep_interval_updates=-1, keep_last_epochs=-1, label_smoothing=0.1, lazy_load=False, left_pad_source='True', left_pad_target='False', log_format='json', log_interval=1000, lr=[0.0005], lr_scheduler='inverse_sqrt', max_epoch=0, max_sentences=None, max_sentences_valid=None, max_source_positions=1024, max_target_positions=1024, max_tokens=5000, max_tokens_valid=5000, max_update=60000, maximize_best_checkpoint_metric=False, memory_efficient_fp16=False, min_loss_scale=0.0001, min_lr=1e-09, no_epoch_checkpoints=False, no_last_checkpoints=False, no_progress_bar=True, no_save=False, no_save_optimizer_state=False, no_token_positional_embeddings=False, num_workers=0, optimizer='adam', optimizer_overrides='{}', raw_text=False, required_batch_size_multiple=8, reset_dataloader=False, reset_lr_scheduler=False, reset_meters=False, reset_optimizer=False, restore_file='checkpoint_last.pt', save_dir='checkpoints/iwslt_d6_wo', save_interval=1, save_interval_updates=0, seed=1, sentence_avg=False, share_all_embeddings=False, share_decoder_input_output_embed=True, skip_invalid_size_inputs_valid_test=False, source_lang='de', target_lang='en', task='translation', tbmf_wrapper=False, tensorboard_logdir='', threshold_loss_scale=None, train_subset='train', update_freq=[1], upsample_primary=1, use_bmuf=False, user_dir=None, valid_subset='valid', validate_interval=1, warmup_init_lr=1e-07, warmup_updates=4000, weight_decay=0.0001)
| [de] dictionary: 8848 types
| [en] dictionary: 6632 types
| data-bin/iwslt14.tokenized.de-en valid de-en 7283 examples
TransformerModel(
  (encoder): TransformerEncoder(
    (embed_tokens): Embedding(8848, 512, padding_idx=1)
    (embed_positions): SinusoidalPositionalEmbedding()
    (layers): ModuleList(
      (0): TransformerEncoderLayer(
        (self_attn): MultiheadAttention(
          (out_proj): Linear(in_features=512, out_features=512, bias=True)
        )
        (self_attn_layer_norm): LayerNorm(torch.Size([512]), eps=1e-05, elementwise_affine=True)
        (fc1): Linear(in_features=512, out_features=1024, bias=True)
        (fc2): Linear(in_features=1024, out_features=512, bias=True)
        (final_layer_norm): LayerNorm(torch.Size([512]), eps=1e-05, elementwise_affine=True)
      )
      (1): TransformerEncoderLayer(
        (self_attn): MultiheadAttention(
          (out_proj): Linear(in_features=512, out_features=512, bias=True)
        )
        (self_attn_layer_norm): LayerNorm(torch.Size([512]), eps=1e-05, elementwise_affine=True)
        (fc1): Linear(in_features=512, out_features=1024, bias=True)
        (fc2): Linear(in_features=1024, out_features=512, bias=True)
        (final_layer_norm): LayerNorm(torch.Size([512]), eps=1e-05, elementwise_affine=True)
      )
      (2): TransformerEncoderLayer(
        (self_attn): MultiheadAttention(
          (out_proj): Linear(in_features=512, out_features=512, bias=True)
        )
        (self_attn_layer_norm): LayerNorm(torch.Size([512]), eps=1e-05, elementwise_affine=True)
        (fc1): Linear(in_features=512, out_features=1024, bias=True)
        (fc2): Linear(in_features=1024, out_features=512, bias=True)
        (final_layer_norm): LayerNorm(torch.Size([512]), eps=1e-05, elementwise_affine=True)
      )
      (3): TransformerEncoderLayer(
        (self_attn): MultiheadAttention(
          (out_proj): Linear(in_features=512, out_features=512, bias=True)
        )
        (self_attn_layer_norm): LayerNorm(torch.Size([512]), eps=1e-05, elementwise_affine=True)
        (fc1): Linear(in_features=512, out_features=1024, bias=True)
        (fc2): Linear(in_features=1024, out_features=512, bias=True)
        (final_layer_norm): LayerNorm(torch.Size([512]), eps=1e-05, elementwise_affine=True)
      )
      (4): TransformerEncoderLayer(
        (self_attn): MultiheadAttention(
          (out_proj): Linear(in_features=512, out_features=512, bias=True)
        )
        (self_attn_layer_norm): LayerNorm(torch.Size([512]), eps=1e-05, elementwise_affine=True)
        (fc1): Linear(in_features=512, out_features=1024, bias=True)
        (fc2): Linear(in_features=1024, out_features=512, bias=True)
        (final_layer_norm): LayerNorm(torch.Size([512]), eps=1e-05, elementwise_affine=True)
      )
      (5): TransformerEncoderLayer(
        (self_attn): MultiheadAttention(
          (out_proj): Linear(in_features=512, out_features=512, bias=True)
        )
        (self_attn_layer_norm): LayerNorm(torch.Size([512]), eps=1e-05, elementwise_affine=True)
        (fc1): Linear(in_features=512, out_features=1024, bias=True)
        (fc2): Linear(in_features=1024, out_features=512, bias=True)
        (final_layer_norm): LayerNorm(torch.Size([512]), eps=1e-05, elementwise_affine=True)
      )
    )
  )
  (decoder): TransformerDecoder(
    (embed_tokens): Embedding(6632, 512, padding_idx=1)
    (embed_positions): SinusoidalPositionalEmbedding()
    (layers): ModuleList(
      (0): TransformerDecoderLayer(
        (self_attn): MultiheadAttention(
          (out_proj): Linear(in_features=512, out_features=512, bias=True)
        )
        (self_attn_layer_norm): LayerNorm(torch.Size([512]), eps=1e-05, elementwise_affine=True)
        (encoder_attn): MultiheadAttention(
          (out_proj): Linear(in_features=512, out_features=512, bias=True)
        )
        (encoder_attn_layer_norm): LayerNorm(torch.Size([512]), eps=1e-05, elementwise_affine=True)
        (fc1): Linear(in_features=512, out_features=1024, bias=True)
        (fc2): Linear(in_features=1024, out_features=512, bias=True)
        (final_layer_norm): LayerNorm(torch.Size([512]), eps=1e-05, elementwise_affine=True)
      )
      (1): TransformerDecoderLayer(
        (self_attn): MultiheadAttention(
          (out_proj): Linear(in_features=512, out_features=512, bias=True)
        )
        (self_attn_layer_norm): LayerNorm(torch.Size([512]), eps=1e-05, elementwise_affine=True)
        (encoder_attn): MultiheadAttention(
          (out_proj): Linear(in_features=512, out_features=512, bias=True)
        )
        (encoder_attn_layer_norm): LayerNorm(torch.Size([512]), eps=1e-05, elementwise_affine=True)
        (fc1): Linear(in_features=512, out_features=1024, bias=True)
        (fc2): Linear(in_features=1024, out_features=512, bias=True)
        (final_layer_norm): LayerNorm(torch.Size([512]), eps=1e-05, elementwise_affine=True)
      )
      (2): TransformerDecoderLayer(
        (self_attn): MultiheadAttention(
          (out_proj): Linear(in_features=512, out_features=512, bias=True)
        )
        (self_attn_layer_norm): LayerNorm(torch.Size([512]), eps=1e-05, elementwise_affine=True)
        (encoder_attn): MultiheadAttention(
          (out_proj): Linear(in_features=512, out_features=512, bias=True)
        )
        (encoder_attn_layer_norm): LayerNorm(torch.Size([512]), eps=1e-05, elementwise_affine=True)
        (fc1): Linear(in_features=512, out_features=1024, bias=True)
        (fc2): Linear(in_features=1024, out_features=512, bias=True)
        (final_layer_norm): LayerNorm(torch.Size([512]), eps=1e-05, elementwise_affine=True)
      )
      (3): TransformerDecoderLayer(
        (self_attn): MultiheadAttention(
          (out_proj): Linear(in_features=512, out_features=512, bias=True)
        )
        (self_attn_layer_norm): LayerNorm(torch.Size([512]), eps=1e-05, elementwise_affine=True)
        (encoder_attn): MultiheadAttention(
          (out_proj): Linear(in_features=512, out_features=512, bias=True)
        )
        (encoder_attn_layer_norm): LayerNorm(torch.Size([512]), eps=1e-05, elementwise_affine=True)
        (fc1): Linear(in_features=512, out_features=1024, bias=True)
        (fc2): Linear(in_features=1024, out_features=512, bias=True)
        (final_layer_norm): LayerNorm(torch.Size([512]), eps=1e-05, elementwise_affine=True)
      )
      (4): TransformerDecoderLayer(
        (self_attn): MultiheadAttention(
          (out_proj): Linear(in_features=512, out_features=512, bias=True)
        )
        (self_attn_layer_norm): LayerNorm(torch.Size([512]), eps=1e-05, elementwise_affine=True)
        (encoder_attn): MultiheadAttention(
          (out_proj): Linear(in_features=512, out_features=512, bias=True)
        )
        (encoder_attn_layer_norm): LayerNorm(torch.Size([512]), eps=1e-05, elementwise_affine=True)
        (fc1): Linear(in_features=512, out_features=1024, bias=True)
        (fc2): Linear(in_features=1024, out_features=512, bias=True)
        (final_layer_norm): LayerNorm(torch.Size([512]), eps=1e-05, elementwise_affine=True)
      )
      (5): TransformerDecoderLayer(
        (self_attn): MultiheadAttention(
          (out_proj): Linear(in_features=512, out_features=512, bias=True)
        )
        (self_attn_layer_norm): LayerNorm(torch.Size([512]), eps=1e-05, elementwise_affine=True)
        (encoder_attn): MultiheadAttention(
          (out_proj): Linear(in_features=512, out_features=512, bias=True)
        )
        (encoder_attn_layer_norm): LayerNorm(torch.Size([512]), eps=1e-05, elementwise_affine=True)
        (fc1): Linear(in_features=512, out_features=1024, bias=True)
        (fc2): Linear(in_features=1024, out_features=512, bias=True)
        (final_layer_norm): LayerNorm(torch.Size([512]), eps=1e-05, elementwise_affine=True)
      )
    )
  )
)
| model transformer_iwslt_de_en, criterion LabelSmoothedCrossEntropyCriterion
| num. model params: 39469056 (num. trained: 39469056)
| training on 1 GPUs
| max tokens per GPU = 5000 and max sentences per GPU = None
| no existing checkpoint found checkpoints/iwslt_d6_wo/checkpoint_last.pt
| loading train data for epoch 0
| data-bin/iwslt14.tokenized.de-en train de-en 160239 examples
| NOTICE: your device may support faster training with --fp16
{"epoch": 1, "train_loss": "9.772", "train_nll_loss": "9.282", "train_ppl": "622.56", "train_wps": "22145", "train_ups": "5", "train_wpb": "4373.327", "train_bsz": "177.452", "train_num_updates": "903", "train_lr": "0.000112952", "train_gnorm": "1.659", "train_clip": "0.000", "train_oom": "0.000", "train_wall": "180", "train_train_wall": "159"}
{"epoch": 1, "valid_loss": "8.541", "valid_nll_loss": "7.810", "valid_ppl": "224.40", "valid_num_updates": "903"}
| saved checkpoint checkpoints/iwslt_d6_wo/checkpoint1.pt (epoch 1 @ 903 updates) (writing took 1.1170825958251953 seconds)
{"epoch": 2, "train_loss": "8.223", "train_nll_loss": "7.476", "train_ppl": "178.09", "train_wps": "22190", "train_ups": "5", "train_wpb": "4373.327", "train_bsz": "177.452", "train_num_updates": "1806", "train_lr": "0.000225805", "train_gnorm": "1.316", "train_clip": "0.000", "train_oom": "0.000", "train_wall": "362", "train_train_wall": "317"}
{"epoch": 2, "valid_loss": "7.767", "valid_nll_loss": "6.897", "valid_ppl": "119.20", "valid_num_updates": "1806", "valid_best_loss": "7.76709"}
| saved checkpoint checkpoints/iwslt_d6_wo/checkpoint2.pt (epoch 2 @ 1806 updates) (writing took 3.1036083698272705 seconds)
{"epoch": 3, "train_loss": "7.626", "train_nll_loss": "6.782", "train_ppl": "110.05", "train_wps": "22144", "train_ups": "5", "train_wpb": "4373.327", "train_bsz": "177.452", "train_num_updates": "2709", "train_lr": "0.000338657", "train_gnorm": "1.111", "train_clip": "0.000", "train_oom": "0.000", "train_wall": "546", "train_train_wall": "476"}
{"epoch": 3, "valid_loss": "7.322", "valid_nll_loss": "6.366", "valid_ppl": "82.46", "valid_num_updates": "2709", "valid_best_loss": "7.32213"}
| saved checkpoint checkpoints/iwslt_d6_wo/checkpoint3.pt (epoch 3 @ 2709 updates) (writing took 3.0974068641662598 seconds)
{"epoch": 4, "train_loss": "7.137", "train_nll_loss": "6.213", "train_ppl": "74.21", "train_wps": "22190", "train_ups": "5", "train_wpb": "4373.327", "train_bsz": "177.452", "train_num_updates": "3612", "train_lr": "0.00045151", "train_gnorm": "1.064", "train_clip": "0.000", "train_oom": "0.000", "train_wall": "730", "train_train_wall": "634"}
{"epoch": 4, "valid_loss": "6.655", "valid_nll_loss": "5.592", "valid_ppl": "48.24", "valid_num_updates": "3612", "valid_best_loss": "6.65511"}
| saved checkpoint checkpoints/iwslt_d6_wo/checkpoint4.pt (epoch 4 @ 3612 updates) (writing took 3.091003656387329 seconds)
{"epoch": 5, "train_loss": "6.518", "train_nll_loss": "5.493", "train_ppl": "45.05", "train_wps": "22165", "train_ups": "5", "train_wpb": "4373.327", "train_bsz": "177.452", "train_num_updates": "4515", "train_lr": "0.000470621", "train_gnorm": "1.114", "train_clip": "0.000", "train_oom": "0.000", "train_wall": "914", "train_train_wall": "792"}
{"epoch": 5, "valid_loss": "5.952", "valid_nll_loss": "4.744", "valid_ppl": "26.80", "valid_num_updates": "4515", "valid_best_loss": "5.95234"}
| saved checkpoint checkpoints/iwslt_d6_wo/checkpoint5.pt (epoch 5 @ 4515 updates) (writing took 3.0914270877838135 seconds)
{"epoch": 6, "train_loss": "5.891", "train_nll_loss": "4.765", "train_ppl": "27.20", "train_wps": "22234", "train_ups": "5", "train_wpb": "4373.327", "train_bsz": "177.452", "train_num_updates": "5418", "train_lr": "0.000429616", "train_gnorm": "1.111", "train_clip": "0.000", "train_oom": "0.000", "train_wall": "1097", "train_train_wall": "950"}
{"epoch": 6, "valid_loss": "5.483", "valid_nll_loss": "4.171", "valid_ppl": "18.01", "valid_num_updates": "5418", "valid_best_loss": "5.48348"}
| saved checkpoint checkpoints/iwslt_d6_wo/checkpoint6.pt (epoch 6 @ 5418 updates) (writing took 3.0927085876464844 seconds)
{"epoch": 7, "train_loss": "5.413", "train_nll_loss": "4.208", "train_ppl": "18.48", "train_wps": "22257", "train_ups": "5", "train_wpb": "4373.327", "train_bsz": "177.452", "train_num_updates": "6321", "train_lr": "0.000397747", "train_gnorm": "1.046", "train_clip": "0.000", "train_oom": "0.000", "train_wall": "1281", "train_train_wall": "1108"}
{"epoch": 7, "valid_loss": "5.041", "valid_nll_loss": "3.658", "valid_ppl": "12.62", "valid_num_updates": "6321", "valid_best_loss": "5.04122"}
| saved checkpoint checkpoints/iwslt_d6_wo/checkpoint7.pt (epoch 7 @ 6321 updates) (writing took 3.0932528972625732 seconds)
{"epoch": 8, "train_loss": "5.059", "train_nll_loss": "3.799", "train_ppl": "13.92", "train_wps": "22279", "train_ups": "5", "train_wpb": "4373.327", "train_bsz": "177.452", "train_num_updates": "7224", "train_lr": "0.000372058", "train_gnorm": "0.999", "train_clip": "0.000", "train_oom": "0.000", "train_wall": "1464", "train_train_wall": "1266"}
{"epoch": 8, "valid_loss": "4.786", "valid_nll_loss": "3.354", "valid_ppl": "10.22", "valid_num_updates": "7224", "valid_best_loss": "4.78621"}
| saved checkpoint checkpoints/iwslt_d6_wo/checkpoint8.pt (epoch 8 @ 7224 updates) (writing took 3.0795633792877197 seconds)
{"epoch": 9, "train_loss": "4.819", "train_nll_loss": "3.523", "train_ppl": "11.49", "train_wps": "22185", "train_ups": "5", "train_wpb": "4373.327", "train_bsz": "177.452", "train_num_updates": "8127", "train_lr": "0.00035078", "train_gnorm": "0.975", "train_clip": "0.000", "train_oom": "0.000", "train_wall": "1648", "train_train_wall": "1424"}
{"epoch": 9, "valid_loss": "4.630", "valid_nll_loss": "3.169", "valid_ppl": "8.99", "valid_num_updates": "8127", "valid_best_loss": "4.62955"}
| saved checkpoint checkpoints/iwslt_d6_wo/checkpoint9.pt (epoch 9 @ 8127 updates) (writing took 3.1041958332061768 seconds)
{"epoch": 10, "train_loss": "4.634", "train_nll_loss": "3.312", "train_ppl": "9.93", "train_wps": "22254", "train_ups": "5", "train_wpb": "4373.327", "train_bsz": "177.452", "train_num_updates": "9030", "train_lr": "0.000332779", "train_gnorm": "0.941", "train_clip": "0.000", "train_oom": "0.000", "train_wall": "1831", "train_train_wall": "1582"}
{"epoch": 10, "valid_loss": "4.484", "valid_nll_loss": "3.004", "valid_ppl": "8.02", "valid_num_updates": "9030", "valid_best_loss": "4.48369"}
| saved checkpoint checkpoints/iwslt_d6_wo/checkpoint10.pt (epoch 10 @ 9030 updates) (writing took 2.935636520385742 seconds)
{"epoch": 11, "train_loss": "4.491", "train_nll_loss": "3.150", "train_ppl": "8.87", "train_wps": "22252", "train_ups": "5", "train_wpb": "4373.327", "train_bsz": "177.452", "train_num_updates": "9933", "train_lr": "0.000317292", "train_gnorm": "0.919", "train_clip": "0.000", "train_oom": "0.000", "train_wall": "2014", "train_train_wall": "1740"}
{"epoch": 11, "valid_loss": "4.420", "valid_nll_loss": "2.929", "valid_ppl": "7.62", "valid_num_updates": "9933", "valid_best_loss": "4.41964"}
| saved checkpoint checkpoints/iwslt_d6_wo/checkpoint11.pt (epoch 11 @ 9933 updates) (writing took 3.1038808822631836 seconds)
{"epoch": 12, "train_loss": "4.378", "train_nll_loss": "3.022", "train_ppl": "8.12", "train_wps": "22228", "train_ups": "5", "train_wpb": "4373.327", "train_bsz": "177.452", "train_num_updates": "10836", "train_lr": "0.000303784", "train_gnorm": "0.900", "train_clip": "0.000", "train_oom": "0.000", "train_wall": "2197", "train_train_wall": "1898"}
{"epoch": 12, "valid_loss": "4.306", "valid_nll_loss": "2.811", "valid_ppl": "7.02", "valid_num_updates": "10836", "valid_best_loss": "4.306"}
| saved checkpoint checkpoints/iwslt_d6_wo/checkpoint12.pt (epoch 12 @ 10836 updates) (writing took 3.0935258865356445 seconds)
{"epoch": 13, "train_loss": "4.279", "train_nll_loss": "2.911", "train_ppl": "7.52", "train_wps": "22250", "train_ups": "5", "train_wpb": "4373.327", "train_bsz": "177.452", "train_num_updates": "11739", "train_lr": "0.000291867", "train_gnorm": "0.882", "train_clip": "0.000", "train_oom": "0.000", "train_wall": "2381", "train_train_wall": "2056"}
{"epoch": 13, "valid_loss": "4.286", "valid_nll_loss": "2.776", "valid_ppl": "6.85", "valid_num_updates": "11739", "valid_best_loss": "4.2863"}
| saved checkpoint checkpoints/iwslt_d6_wo/checkpoint13.pt (epoch 13 @ 11739 updates) (writing took 3.096362352371216 seconds)
{"epoch": 14, "train_loss": "4.202", "train_nll_loss": "2.823", "train_ppl": "7.08", "train_wps": "22260", "train_ups": "5", "train_wpb": "4373.327", "train_bsz": "177.452", "train_num_updates": "12642", "train_lr": "0.00028125", "train_gnorm": "0.873", "train_clip": "0.000", "train_oom": "0.000", "train_wall": "2564", "train_train_wall": "2214"}
{"epoch": 14, "valid_loss": "4.229", "valid_nll_loss": "2.710", "valid_ppl": "6.54", "valid_num_updates": "12642", "valid_best_loss": "4.22871"}
| saved checkpoint checkpoints/iwslt_d6_wo/checkpoint14.pt (epoch 14 @ 12642 updates) (writing took 3.0044355392456055 seconds)
{"epoch": 15, "train_loss": "4.130", "train_nll_loss": "2.743", "train_ppl": "6.69", "train_wps": "22256", "train_ups": "5", "train_wpb": "4373.327", "train_bsz": "177.452", "train_num_updates": "13545", "train_lr": "0.000271713", "train_gnorm": "0.856", "train_clip": "0.000", "train_oom": "0.000", "train_wall": "2747", "train_train_wall": "2372"}
{"epoch": 15, "valid_loss": "4.178", "valid_nll_loss": "2.653", "valid_ppl": "6.29", "valid_num_updates": "13545", "valid_best_loss": "4.17846"}
| saved checkpoint checkpoints/iwslt_d6_wo/checkpoint15.pt (epoch 15 @ 13545 updates) (writing took 3.110407829284668 seconds)
{"epoch": 16, "train_loss": "4.072", "train_nll_loss": "2.677", "train_ppl": "6.39", "train_wps": "22250", "train_ups": "5", "train_wpb": "4373.327", "train_bsz": "177.452", "train_num_updates": "14448", "train_lr": "0.000263085", "train_gnorm": "0.850", "train_clip": "0.000", "train_oom": "0.000", "train_wall": "2930", "train_train_wall": "2530"}
{"epoch": 16, "valid_loss": "4.129", "valid_nll_loss": "2.605", "valid_ppl": "6.09", "valid_num_updates": "14448", "valid_best_loss": "4.12924"}
| saved checkpoint checkpoints/iwslt_d6_wo/checkpoint16.pt (epoch 16 @ 14448 updates) (writing took 3.112457513809204 seconds)
{"epoch": 17, "train_loss": "4.019", "train_nll_loss": "2.617", "train_ppl": "6.14", "train_wps": "22267", "train_ups": "5", "train_wpb": "4373.327", "train_bsz": "177.452", "train_num_updates": "15351", "train_lr": "0.00025523", "train_gnorm": "0.845", "train_clip": "0.000", "train_oom": "0.000", "train_wall": "3114", "train_train_wall": "2688"}
{"epoch": 17, "valid_loss": "4.123", "valid_nll_loss": "2.596", "valid_ppl": "6.05", "valid_num_updates": "15351", "valid_best_loss": "4.12321"}
| saved checkpoint checkpoints/iwslt_d6_wo/checkpoint17.pt (epoch 17 @ 15351 updates) (writing took 3.1025912761688232 seconds)
{"epoch": 18, "train_loss": "3.970", "train_nll_loss": "2.562", "train_ppl": "5.90", "train_wps": "22253", "train_ups": "5", "train_wpb": "4373.327", "train_bsz": "177.452", "train_num_updates": "16254", "train_lr": "0.000248039", "train_gnorm": "0.836", "train_clip": "0.000", "train_oom": "0.000", "train_wall": "3297", "train_train_wall": "2846"}
{"epoch": 18, "valid_loss": "4.071", "valid_nll_loss": "2.539", "valid_ppl": "5.81", "valid_num_updates": "16254", "valid_best_loss": "4.07079"}
| saved checkpoint checkpoints/iwslt_d6_wo/checkpoint18.pt (epoch 18 @ 16254 updates) (writing took 3.0939266681671143 seconds)
{"epoch": 19, "train_loss": "3.926", "train_nll_loss": "2.512", "train_ppl": "5.70", "train_wps": "22271", "train_ups": "5", "train_wpb": "4373.327", "train_bsz": "177.452", "train_num_updates": "17157", "train_lr": "0.000241423", "train_gnorm": "0.831", "train_clip": "0.000", "train_oom": "0.000", "train_wall": "3480", "train_train_wall": "3004"}
{"epoch": 19, "valid_loss": "4.080", "valid_nll_loss": "2.540", "valid_ppl": "5.81", "valid_num_updates": "17157", "valid_best_loss": "4.07079"}
| saved checkpoint checkpoints/iwslt_d6_wo/checkpoint19.pt (epoch 19 @ 17157 updates) (writing took 1.7056457996368408 seconds)
{"epoch": 20, "train_loss": "3.885", "train_nll_loss": "2.466", "train_ppl": "5.53", "train_wps": "22240", "train_ups": "5", "train_wpb": "4373.327", "train_bsz": "177.452", "train_num_updates": "18060", "train_lr": "0.00023531", "train_gnorm": "0.825", "train_clip": "0.000", "train_oom": "0.000", "train_wall": "3662", "train_train_wall": "3162"}
{"epoch": 20, "valid_loss": "4.052", "valid_nll_loss": "2.514", "valid_ppl": "5.71", "valid_num_updates": "18060", "valid_best_loss": "4.05218"}
| saved checkpoint checkpoints/iwslt_d6_wo/checkpoint20.pt (epoch 20 @ 18060 updates) (writing took 3.004635810852051 seconds)
{"epoch": 21, "train_loss": "3.848", "train_nll_loss": "2.425", "train_ppl": "5.37", "train_wps": "22255", "train_ups": "5", "train_wpb": "4373.327", "train_bsz": "177.452", "train_num_updates": "18963", "train_lr": "0.000229639", "train_gnorm": "0.823", "train_clip": "0.000", "train_oom": "0.000", "train_wall": "3845", "train_train_wall": "3320"}
{"epoch": 21, "valid_loss": "4.041", "valid_nll_loss": "2.496", "valid_ppl": "5.64", "valid_num_updates": "18963", "valid_best_loss": "4.04089"}
| saved checkpoint checkpoints/iwslt_d6_wo/checkpoint21.pt (epoch 21 @ 18963 updates) (writing took 3.2329578399658203 seconds)
{"epoch": 22, "train_loss": "3.815", "train_nll_loss": "2.387", "train_ppl": "5.23", "train_wps": "19825", "train_ups": "4", "train_wpb": "4373.327", "train_bsz": "177.452", "train_num_updates": "19866", "train_lr": "0.00022436", "train_gnorm": "0.821", "train_clip": "0.000", "train_oom": "0.000", "train_wall": "4050", "train_train_wall": "3493"}
{"epoch": 22, "valid_loss": "4.010", "valid_nll_loss": "2.463", "valid_ppl": "5.51", "valid_num_updates": "19866", "valid_best_loss": "4.00989"}
| saved checkpoint checkpoints/iwslt_d6_wo/checkpoint22.pt (epoch 22 @ 19866 updates) (writing took 3.1067984104156494 seconds)
{"epoch": 23, "train_loss": "3.782", "train_nll_loss": "2.350", "train_ppl": "5.10", "train_wps": "19813", "train_ups": "4", "train_wpb": "4373.327", "train_bsz": "177.452", "train_num_updates": "20769", "train_lr": "0.000219428", "train_gnorm": "0.814", "train_clip": "0.000", "train_oom": "0.000", "train_wall": "4256", "train_train_wall": "3666"}
{"epoch": 23, "valid_loss": "4.012", "valid_nll_loss": "2.462", "valid_ppl": "5.51", "valid_num_updates": "20769", "valid_best_loss": "4.00989"}
| saved checkpoint checkpoints/iwslt_d6_wo/checkpoint23.pt (epoch 23 @ 20769 updates) (writing took 1.8489060401916504 seconds)
{"epoch": 24, "train_loss": "3.755", "train_nll_loss": "2.319", "train_ppl": "4.99", "train_wps": "22294", "train_ups": "5", "train_wpb": "4373.327", "train_bsz": "177.452", "train_num_updates": "21672", "train_lr": "0.000214808", "train_gnorm": "0.821", "train_clip": "0.000", "train_oom": "0.000", "train_wall": "4437", "train_train_wall": "3824"}
{"epoch": 24, "valid_loss": "3.991", "valid_nll_loss": "2.442", "valid_ppl": "5.44", "valid_num_updates": "21672", "valid_best_loss": "3.99148"}
| saved checkpoint checkpoints/iwslt_d6_wo/checkpoint24.pt (epoch 24 @ 21672 updates) (writing took 3.0975124835968018 seconds)
{"epoch": 25, "train_loss": "3.727", "train_nll_loss": "2.287", "train_ppl": "4.88", "train_wps": "22286", "train_ups": "5", "train_wpb": "4373.327", "train_bsz": "177.452", "train_num_updates": "22575", "train_lr": "0.000210468", "train_gnorm": "0.810", "train_clip": "0.000", "train_oom": "0.000", "train_wall": "4621", "train_train_wall": "3982"}
{"epoch": 25, "valid_loss": "4.010", "valid_nll_loss": "2.457", "valid_ppl": "5.49", "valid_num_updates": "22575", "valid_best_loss": "3.99148"}
| saved checkpoint checkpoints/iwslt_d6_wo/checkpoint25.pt (epoch 25 @ 22575 updates) (writing took 1.7106201648712158 seconds)
{"epoch": 26, "train_loss": "3.700", "train_nll_loss": "2.256", "train_ppl": "4.78", "train_wps": "22259", "train_ups": "5", "train_wpb": "4373.327", "train_bsz": "177.452", "train_num_updates": "23478", "train_lr": "0.000206381", "train_gnorm": "0.808", "train_clip": "0.000", "train_oom": "0.000", "train_wall": "4802", "train_train_wall": "4140"}
{"epoch": 26, "valid_loss": "3.955", "valid_nll_loss": "2.406", "valid_ppl": "5.30", "valid_num_updates": "23478", "valid_best_loss": "3.95473"}
| saved checkpoint checkpoints/iwslt_d6_wo/checkpoint26.pt (epoch 26 @ 23478 updates) (writing took 3.1021900177001953 seconds)
{"epoch": 27, "train_loss": "3.676", "train_nll_loss": "2.229", "train_ppl": "4.69", "train_wps": "22271", "train_ups": "5", "train_wpb": "4373.327", "train_bsz": "177.452", "train_num_updates": "24381", "train_lr": "0.000202523", "train_gnorm": "0.808", "train_clip": "0.000", "train_oom": "0.000", "train_wall": "4985", "train_train_wall": "4297"}
{"epoch": 27, "valid_loss": "3.984", "valid_nll_loss": "2.430", "valid_ppl": "5.39", "valid_num_updates": "24381", "valid_best_loss": "3.95473"}
| saved checkpoint checkpoints/iwslt_d6_wo/checkpoint27.pt (epoch 27 @ 24381 updates) (writing took 1.7039906978607178 seconds)
{"epoch": 28, "train_loss": "3.653", "train_nll_loss": "2.203", "train_ppl": "4.60", "train_wps": "22300", "train_ups": "5", "train_wpb": "4373.327", "train_bsz": "177.452", "train_num_updates": "25284", "train_lr": "0.000198874", "train_gnorm": "0.808", "train_clip": "0.000", "train_oom": "0.000", "train_wall": "5167", "train_train_wall": "4455"}
{"epoch": 28, "valid_loss": "3.941", "valid_nll_loss": "2.393", "valid_ppl": "5.25", "valid_num_updates": "25284", "valid_best_loss": "3.9407"}
| saved checkpoint checkpoints/iwslt_d6_wo/checkpoint28.pt (epoch 28 @ 25284 updates) (writing took 3.1039412021636963 seconds)
{"epoch": 29, "train_loss": "3.631", "train_nll_loss": "2.179", "train_ppl": "4.53", "train_wps": "22260", "train_ups": "5", "train_wpb": "4373.327", "train_bsz": "177.452", "train_num_updates": "26187", "train_lr": "0.000195415", "train_gnorm": "0.806", "train_clip": "0.000", "train_oom": "0.000", "train_wall": "5350", "train_train_wall": "4613"}
{"epoch": 29, "valid_loss": "3.955", "valid_nll_loss": "2.399", "valid_ppl": "5.28", "valid_num_updates": "26187", "valid_best_loss": "3.9407"}
| saved checkpoint checkpoints/iwslt_d6_wo/checkpoint29.pt (epoch 29 @ 26187 updates) (writing took 1.7080297470092773 seconds)
{"epoch": 30, "train_loss": "3.612", "train_nll_loss": "2.156", "train_ppl": "4.46", "train_wps": "22270", "train_ups": "5", "train_wpb": "4373.327", "train_bsz": "177.452", "train_num_updates": "27090", "train_lr": "0.00019213", "train_gnorm": "0.808", "train_clip": "0.000", "train_oom": "0.000", "train_wall": "5532", "train_train_wall": "4771"}
{"epoch": 30, "valid_loss": "3.929", "valid_nll_loss": "2.370", "valid_ppl": "5.17", "valid_num_updates": "27090", "valid_best_loss": "3.92884"}
| saved checkpoint checkpoints/iwslt_d6_wo/checkpoint30.pt (epoch 30 @ 27090 updates) (writing took 3.0943942070007324 seconds)
{"epoch": 31, "train_loss": "3.592", "train_nll_loss": "2.133", "train_ppl": "4.39", "train_wps": "22268", "train_ups": "5", "train_wpb": "4373.327", "train_bsz": "177.452", "train_num_updates": "27993", "train_lr": "0.000189006", "train_gnorm": "0.808", "train_clip": "0.000", "train_oom": "0.000", "train_wall": "5715", "train_train_wall": "4929"}
{"epoch": 31, "valid_loss": "3.930", "valid_nll_loss": "2.371", "valid_ppl": "5.17", "valid_num_updates": "27993", "valid_best_loss": "3.92884"}
| saved checkpoint checkpoints/iwslt_d6_wo/checkpoint31.pt (epoch 31 @ 27993 updates) (writing took 1.706127643585205 seconds)
{"epoch": 32, "train_loss": "3.573", "train_nll_loss": "2.112", "train_ppl": "4.32", "train_wps": "22274", "train_ups": "5", "train_wpb": "4373.327", "train_bsz": "177.452", "train_num_updates": "28896", "train_lr": "0.000186029", "train_gnorm": "0.808", "train_clip": "0.000", "train_oom": "0.000", "train_wall": "5897", "train_train_wall": "5087"}
{"epoch": 32, "valid_loss": "3.933", "valid_nll_loss": "2.373", "valid_ppl": "5.18", "valid_num_updates": "28896", "valid_best_loss": "3.92884"}
| saved checkpoint checkpoints/iwslt_d6_wo/checkpoint32.pt (epoch 32 @ 28896 updates) (writing took 1.7210628986358643 seconds)
{"epoch": 33, "train_loss": "3.556", "train_nll_loss": "2.092", "train_ppl": "4.26", "train_wps": "22279", "train_ups": "5", "train_wpb": "4373.327", "train_bsz": "177.452", "train_num_updates": "29799", "train_lr": "0.000183189", "train_gnorm": "0.809", "train_clip": "0.000", "train_oom": "0.000", "train_wall": "6078", "train_train_wall": "5245"}
{"epoch": 33, "valid_loss": "3.941", "valid_nll_loss": "2.381", "valid_ppl": "5.21", "valid_num_updates": "29799", "valid_best_loss": "3.92884"}
| saved checkpoint checkpoints/iwslt_d6_wo/checkpoint33.pt (epoch 33 @ 29799 updates) (writing took 1.703183650970459 seconds)
{"epoch": 34, "train_loss": "3.539", "train_nll_loss": "2.072", "train_ppl": "4.21", "train_wps": "22322", "train_ups": "5", "train_wpb": "4373.327", "train_bsz": "177.452", "train_num_updates": "30702", "train_lr": "0.000180475", "train_gnorm": "0.809", "train_clip": "0.000", "train_oom": "0.000", "train_wall": "6260", "train_train_wall": "5402"}
{"epoch": 34, "valid_loss": "3.928", "valid_nll_loss": "2.368", "valid_ppl": "5.16", "valid_num_updates": "30702", "valid_best_loss": "3.92821"}
| saved checkpoint checkpoints/iwslt_d6_wo/checkpoint34.pt (epoch 34 @ 30702 updates) (writing took 3.0940496921539307 seconds)
{"epoch": 35, "train_loss": "3.522", "train_nll_loss": "2.053", "train_ppl": "4.15", "train_wps": "22288", "train_ups": "5", "train_wpb": "4373.327", "train_bsz": "177.452", "train_num_updates": "31605", "train_lr": "0.000177878", "train_gnorm": "0.805", "train_clip": "0.000", "train_oom": "0.000", "train_wall": "6443", "train_train_wall": "5560"}
{"epoch": 35, "valid_loss": "3.910", "valid_nll_loss": "2.353", "valid_ppl": "5.11", "valid_num_updates": "31605", "valid_best_loss": "3.9105"}
| saved checkpoint checkpoints/iwslt_d6_wo/checkpoint35.pt (epoch 35 @ 31605 updates) (writing took 3.0906565189361572 seconds)
{"epoch": 36, "train_loss": "3.508", "train_nll_loss": "2.037", "train_ppl": "4.10", "train_wps": "21965", "train_ups": "5", "train_wpb": "4373.327", "train_bsz": "177.452", "train_num_updates": "32508", "train_lr": "0.00017539", "train_gnorm": "0.809", "train_clip": "0.000", "train_oom": "0.000", "train_wall": "6629", "train_train_wall": "5719"}
{"epoch": 36, "valid_loss": "3.914", "valid_nll_loss": "2.351", "valid_ppl": "5.10", "valid_num_updates": "32508", "valid_best_loss": "3.9105"}
| saved checkpoint checkpoints/iwslt_d6_wo/checkpoint36.pt (epoch 36 @ 32508 updates) (writing took 1.7270605564117432 seconds)
{"epoch": 37, "train_loss": "3.491", "train_nll_loss": "2.018", "train_ppl": "4.05", "train_wps": "19809", "train_ups": "4", "train_wpb": "4373.327", "train_bsz": "177.452", "train_num_updates": "33411", "train_lr": "0.000173004", "train_gnorm": "0.808", "train_clip": "0.000", "train_oom": "0.000", "train_wall": "6833", "train_train_wall": "5892"}
{"epoch": 37, "valid_loss": "3.929", "valid_nll_loss": "2.367", "valid_ppl": "5.16", "valid_num_updates": "33411", "valid_best_loss": "3.9105"}
| saved checkpoint checkpoints/iwslt_d6_wo/checkpoint37.pt (epoch 37 @ 33411 updates) (writing took 1.7211637496948242 seconds)
{"epoch": 38, "train_loss": "3.477", "train_nll_loss": "2.001", "train_ppl": "4.00", "train_wps": "19817", "train_ups": "4", "train_wpb": "4373.327", "train_bsz": "177.452", "train_num_updates": "34314", "train_lr": "0.000170712", "train_gnorm": "0.809", "train_clip": "0.000", "train_oom": "0.000", "train_wall": "7036", "train_train_wall": "6065"}
{"epoch": 38, "valid_loss": "3.924", "valid_nll_loss": "2.361", "valid_ppl": "5.14", "valid_num_updates": "34314", "valid_best_loss": "3.9105"}
| saved checkpoint checkpoints/iwslt_d6_wo/checkpoint38.pt (epoch 38 @ 34314 updates) (writing took 1.7156729698181152 seconds)
{"epoch": 39, "train_loss": "3.465", "train_nll_loss": "1.988", "train_ppl": "3.97", "train_wps": "19830", "train_ups": "4", "train_wpb": "4373.327", "train_bsz": "177.452", "train_num_updates": "35217", "train_lr": "0.000168509", "train_gnorm": "0.813", "train_clip": "0.000", "train_oom": "0.000", "train_wall": "7240", "train_train_wall": "6239"}
{"epoch": 39, "valid_loss": "3.921", "valid_nll_loss": "2.362", "valid_ppl": "5.14", "valid_num_updates": "35217", "valid_best_loss": "3.9105"}
| saved checkpoint checkpoints/iwslt_d6_wo/checkpoint39.pt (epoch 39 @ 35217 updates) (writing took 1.716684341430664 seconds)
{"epoch": 40, "train_loss": "3.450", "train_nll_loss": "1.970", "train_ppl": "3.92", "train_wps": "21658", "train_ups": "5", "train_wpb": "4373.327", "train_bsz": "177.452", "train_num_updates": "36120", "train_lr": "0.00016639", "train_gnorm": "0.810", "train_clip": "0.000", "train_oom": "0.000", "train_wall": "7427", "train_train_wall": "6400"}
{"epoch": 40, "valid_loss": "3.911", "valid_nll_loss": "2.351", "valid_ppl": "5.10", "valid_num_updates": "36120", "valid_best_loss": "3.9105"}
| saved checkpoint checkpoints/iwslt_d6_wo/checkpoint40.pt (epoch 40 @ 36120 updates) (writing took 1.7090034484863281 seconds)
{"epoch": 41, "train_loss": "3.437", "train_nll_loss": "1.956", "train_ppl": "3.88", "train_wps": "22311", "train_ups": "5", "train_wpb": "4373.327", "train_bsz": "177.452", "train_num_updates": "37023", "train_lr": "0.000164348", "train_gnorm": "0.811", "train_clip": "0.000", "train_oom": "0.000", "train_wall": "7609", "train_train_wall": "6558"}
{"epoch": 41, "valid_loss": "3.893", "valid_nll_loss": "2.332", "valid_ppl": "5.04", "valid_num_updates": "37023", "valid_best_loss": "3.89279"}
| saved checkpoint checkpoints/iwslt_d6_wo/checkpoint41.pt (epoch 41 @ 37023 updates) (writing took 3.102928876876831 seconds)
{"epoch": 42, "train_loss": "3.423", "train_nll_loss": "1.940", "train_ppl": "3.84", "train_wps": "19809", "train_ups": "4", "train_wpb": "4373.327", "train_bsz": "177.452", "train_num_updates": "37926", "train_lr": "0.00016238", "train_gnorm": "0.816", "train_clip": "0.000", "train_oom": "0.000", "train_wall": "7814", "train_train_wall": "6731"}
{"epoch": 42, "valid_loss": "3.902", "valid_nll_loss": "2.339", "valid_ppl": "5.06", "valid_num_updates": "37926", "valid_best_loss": "3.89279"}
| saved checkpoint checkpoints/iwslt_d6_wo/checkpoint42.pt (epoch 42 @ 37926 updates) (writing took 1.7167012691497803 seconds)
{"epoch": 43, "train_loss": "3.411", "train_nll_loss": "1.925", "train_ppl": "3.80", "train_wps": "19809", "train_ups": "4", "train_wpb": "4373.327", "train_bsz": "177.452", "train_num_updates": "38829", "train_lr": "0.00016048", "train_gnorm": "0.815", "train_clip": "0.000", "train_oom": "0.000", "train_wall": "8018", "train_train_wall": "6904"}
{"epoch": 43, "valid_loss": "3.887", "valid_nll_loss": "2.324", "valid_ppl": "5.01", "valid_num_updates": "38829", "valid_best_loss": "3.88652"}
| saved checkpoint checkpoints/iwslt_d6_wo/checkpoint43.pt (epoch 43 @ 38829 updates) (writing took 3.1293351650238037 seconds)
{"epoch": 44, "train_loss": "3.400", "train_nll_loss": "1.913", "train_ppl": "3.76", "train_wps": "19827", "train_ups": "4", "train_wpb": "4373.327", "train_bsz": "177.452", "train_num_updates": "39732", "train_lr": "0.000158646", "train_gnorm": "0.816", "train_clip": "0.000", "train_oom": "0.000", "train_wall": "8223", "train_train_wall": "7077"}
{"epoch": 44, "valid_loss": "3.900", "valid_nll_loss": "2.336", "valid_ppl": "5.05", "valid_num_updates": "39732", "valid_best_loss": "3.88652"}
| saved checkpoint checkpoints/iwslt_d6_wo/checkpoint44.pt (epoch 44 @ 39732 updates) (writing took 1.7199273109436035 seconds)
{"epoch": 45, "train_loss": "3.387", "train_nll_loss": "1.899", "train_ppl": "3.73", "train_wps": "19801", "train_ups": "4", "train_wpb": "4373.327", "train_bsz": "177.452", "train_num_updates": "40635", "train_lr": "0.000156874", "train_gnorm": "0.821", "train_clip": "0.000", "train_oom": "0.000", "train_wall": "8427", "train_train_wall": "7251"}
{"epoch": 45, "valid_loss": "3.896", "valid_nll_loss": "2.332", "valid_ppl": "5.03", "valid_num_updates": "40635", "valid_best_loss": "3.88652"}
| saved checkpoint checkpoints/iwslt_d6_wo/checkpoint45.pt (epoch 45 @ 40635 updates) (writing took 1.7188360691070557 seconds)
{"epoch": 46, "train_loss": "3.376", "train_nll_loss": "1.885", "train_ppl": "3.69", "train_wps": "19828", "train_ups": "4", "train_wpb": "4373.327", "train_bsz": "177.452", "train_num_updates": "41538", "train_lr": "0.000155159", "train_gnorm": "0.819", "train_clip": "0.000", "train_oom": "0.000", "train_wall": "8631", "train_train_wall": "7424"}
{"epoch": 46, "valid_loss": "3.893", "valid_nll_loss": "2.325", "valid_ppl": "5.01", "valid_num_updates": "41538", "valid_best_loss": "3.88652"}
| saved checkpoint checkpoints/iwslt_d6_wo/checkpoint46.pt (epoch 46 @ 41538 updates) (writing took 1.7177400588989258 seconds)
{"epoch": 47, "train_loss": "3.365", "train_nll_loss": "1.873", "train_ppl": "3.66", "train_wps": "19819", "train_ups": "4", "train_wpb": "4373.327", "train_bsz": "177.452", "train_num_updates": "42441", "train_lr": "0.0001535", "train_gnorm": "0.824", "train_clip": "0.000", "train_oom": "0.000", "train_wall": "8835", "train_train_wall": "7597"}
{"epoch": 47, "valid_loss": "3.899", "valid_nll_loss": "2.333", "valid_ppl": "5.04", "valid_num_updates": "42441", "valid_best_loss": "3.88652"}
| saved checkpoint checkpoints/iwslt_d6_wo/checkpoint47.pt (epoch 47 @ 42441 updates) (writing took 1.731783390045166 seconds)
{"epoch": 48, "train_loss": "3.354", "train_nll_loss": "1.859", "train_ppl": "3.63", "train_wps": "19827", "train_ups": "4", "train_wpb": "4373.327", "train_bsz": "177.452", "train_num_updates": "43344", "train_lr": "0.000151892", "train_gnorm": "0.824", "train_clip": "0.000", "train_oom": "0.000", "train_wall": "9039", "train_train_wall": "7770"}
{"epoch": 48, "valid_loss": "3.901", "valid_nll_loss": "2.335", "valid_ppl": "5.05", "valid_num_updates": "43344", "valid_best_loss": "3.88652"}
| saved checkpoint checkpoints/iwslt_d6_wo/checkpoint48.pt (epoch 48 @ 43344 updates) (writing took 1.717545509338379 seconds)
{"epoch": 49, "train_loss": "3.344", "train_nll_loss": "1.848", "train_ppl": "3.60", "train_wps": "19834", "train_ups": "4", "train_wpb": "4373.327", "train_bsz": "177.452", "train_num_updates": "44247", "train_lr": "0.000150334", "train_gnorm": "0.828", "train_clip": "0.000", "train_oom": "0.000", "train_wall": "9243", "train_train_wall": "7943"}
{"epoch": 49, "valid_loss": "3.883", "valid_nll_loss": "2.322", "valid_ppl": "5.00", "valid_num_updates": "44247", "valid_best_loss": "3.88252"}
| saved checkpoint checkpoints/iwslt_d6_wo/checkpoint49.pt (epoch 49 @ 44247 updates) (writing took 3.1112966537475586 seconds)
{"epoch": 50, "train_loss": "3.333", "train_nll_loss": "1.835", "train_ppl": "3.57", "train_wps": "19810", "train_ups": "4", "train_wpb": "4373.327", "train_bsz": "177.452", "train_num_updates": "45150", "train_lr": "0.000148823", "train_gnorm": "0.829", "train_clip": "0.000", "train_oom": "0.000", "train_wall": "9448", "train_train_wall": "8117"}
{"epoch": 50, "valid_loss": "3.886", "valid_nll_loss": "2.325", "valid_ppl": "5.01", "valid_num_updates": "45150", "valid_best_loss": "3.88252"}
| saved checkpoint checkpoints/iwslt_d6_wo/checkpoint50.pt (epoch 50 @ 45150 updates) (writing took 1.7218425273895264 seconds)
{"epoch": 51, "train_loss": "3.323", "train_nll_loss": "1.825", "train_ppl": "3.54", "train_wps": "19841", "train_ups": "4", "train_wpb": "4373.327", "train_bsz": "177.452", "train_num_updates": "46053", "train_lr": "0.000147357", "train_gnorm": "0.830", "train_clip": "0.000", "train_oom": "0.000", "train_wall": "9652", "train_train_wall": "8290"}
{"epoch": 51, "valid_loss": "3.889", "valid_nll_loss": "2.325", "valid_ppl": "5.01", "valid_num_updates": "46053", "valid_best_loss": "3.88252"}
| saved checkpoint checkpoints/iwslt_d6_wo/checkpoint51.pt (epoch 51 @ 46053 updates) (writing took 1.7182862758636475 seconds)
{"epoch": 52, "train_loss": "3.313", "train_nll_loss": "1.813", "train_ppl": "3.51", "train_wps": "19814", "train_ups": "4", "train_wpb": "4373.327", "train_bsz": "177.452", "train_num_updates": "46956", "train_lr": "0.000145933", "train_gnorm": "0.831", "train_clip": "0.000", "train_oom": "0.000", "train_wall": "9856", "train_train_wall": "8463"}
{"epoch": 52, "valid_loss": "3.898", "valid_nll_loss": "2.332", "valid_ppl": "5.04", "valid_num_updates": "46956", "valid_best_loss": "3.88252"}
| saved checkpoint checkpoints/iwslt_d6_wo/checkpoint52.pt (epoch 52 @ 46956 updates) (writing took 1.7169215679168701 seconds)
{"epoch": 53, "train_loss": "3.305", "train_nll_loss": "1.803", "train_ppl": "3.49", "train_wps": "19818", "train_ups": "4", "train_wpb": "4373.327", "train_bsz": "177.452", "train_num_updates": "47859", "train_lr": "0.00014455", "train_gnorm": "0.836", "train_clip": "0.000", "train_oom": "0.000", "train_wall": "10060", "train_train_wall": "8636"}
{"epoch": 53, "valid_loss": "3.883", "valid_nll_loss": "2.320", "valid_ppl": "4.99", "valid_num_updates": "47859", "valid_best_loss": "3.88252"}
| saved checkpoint checkpoints/iwslt_d6_wo/checkpoint53.pt (epoch 53 @ 47859 updates) (writing took 1.7201640605926514 seconds)
{"epoch": 54, "train_loss": "3.296", "train_nll_loss": "1.792", "train_ppl": "3.46", "train_wps": "19804", "train_ups": "4", "train_wpb": "4373.327", "train_bsz": "177.452", "train_num_updates": "48762", "train_lr": "0.000143205", "train_gnorm": "0.837", "train_clip": "0.000", "train_oom": "0.000", "train_wall": "10264", "train_train_wall": "8809"}
{"epoch": 54, "valid_loss": "3.892", "valid_nll_loss": "2.327", "valid_ppl": "5.02", "valid_num_updates": "48762", "valid_best_loss": "3.88252"}
| saved checkpoint checkpoints/iwslt_d6_wo/checkpoint54.pt (epoch 54 @ 48762 updates) (writing took 1.7295711040496826 seconds)
{"epoch": 55, "train_loss": "3.285", "train_nll_loss": "1.780", "train_ppl": "3.43", "train_wps": "19804", "train_ups": "4", "train_wpb": "4373.327", "train_bsz": "177.452", "train_num_updates": "49665", "train_lr": "0.000141898", "train_gnorm": "0.839", "train_clip": "0.000", "train_oom": "0.000", "train_wall": "10468", "train_train_wall": "8983"}
{"epoch": 55, "valid_loss": "3.888", "valid_nll_loss": "2.327", "valid_ppl": "5.02", "valid_num_updates": "49665", "valid_best_loss": "3.88252"}
| saved checkpoint checkpoints/iwslt_d6_wo/checkpoint55.pt (epoch 55 @ 49665 updates) (writing took 1.7459304332733154 seconds)
{"epoch": 56, "train_loss": "3.276", "train_nll_loss": "1.770", "train_ppl": "3.41", "train_wps": "19822", "train_ups": "4", "train_wpb": "4373.327", "train_bsz": "177.452", "train_num_updates": "50568", "train_lr": "0.000140625", "train_gnorm": "0.843", "train_clip": "0.000", "train_oom": "0.000", "train_wall": "10671", "train_train_wall": "9156"}
{"epoch": 56, "valid_loss": "3.886", "valid_nll_loss": "2.323", "valid_ppl": "5.00", "valid_num_updates": "50568", "valid_best_loss": "3.88252"}
| saved checkpoint checkpoints/iwslt_d6_wo/checkpoint56.pt (epoch 56 @ 50568 updates) (writing took 1.722858190536499 seconds)
{"epoch": 57, "train_loss": "3.268", "train_nll_loss": "1.760", "train_ppl": "3.39", "train_wps": "19815", "train_ups": "4", "train_wpb": "4373.327", "train_bsz": "177.452", "train_num_updates": "51471", "train_lr": "0.000139386", "train_gnorm": "0.845", "train_clip": "0.000", "train_oom": "0.000", "train_wall": "10875", "train_train_wall": "9329"}
{"epoch": 57, "valid_loss": "3.887", "valid_nll_loss": "2.321", "valid_ppl": "5.00", "valid_num_updates": "51471", "valid_best_loss": "3.88252"}
| saved checkpoint checkpoints/iwslt_d6_wo/checkpoint57.pt (epoch 57 @ 51471 updates) (writing took 1.723698616027832 seconds)
{"epoch": 58, "train_loss": "3.260", "train_nll_loss": "1.751", "train_ppl": "3.37", "train_wps": "20274", "train_ups": "5", "train_wpb": "4373.327", "train_bsz": "177.452", "train_num_updates": "52374", "train_lr": "0.000138179", "train_gnorm": "0.844", "train_clip": "0.000", "train_oom": "0.000", "train_wall": "11075", "train_train_wall": "9499"}
{"epoch": 58, "valid_loss": "3.885", "valid_nll_loss": "2.321", "valid_ppl": "5.00", "valid_num_updates": "52374", "valid_best_loss": "3.88252"}
| saved checkpoint checkpoints/iwslt_d6_wo/checkpoint58.pt (epoch 58 @ 52374 updates) (writing took 1.7132787704467773 seconds)
{"epoch": 59, "train_loss": "3.251", "train_nll_loss": "1.741", "train_ppl": "3.34", "train_wps": "22312", "train_ups": "5", "train_wpb": "4373.327", "train_bsz": "177.452", "train_num_updates": "53277", "train_lr": "0.000137003", "train_gnorm": "0.847", "train_clip": "0.000", "train_oom": "0.000", "train_wall": "11256", "train_train_wall": "9657"}
{"epoch": 59, "valid_loss": "3.885", "valid_nll_loss": "2.319", "valid_ppl": "4.99", "valid_num_updates": "53277", "valid_best_loss": "3.88252"}
| saved checkpoint checkpoints/iwslt_d6_wo/checkpoint59.pt (epoch 59 @ 53277 updates) (writing took 1.7138128280639648 seconds)
{"epoch": 60, "train_loss": "3.243", "train_nll_loss": "1.732", "train_ppl": "3.32", "train_wps": "22323", "train_ups": "5", "train_wpb": "4373.327", "train_bsz": "177.452", "train_num_updates": "54180", "train_lr": "0.000135857", "train_gnorm": "0.850", "train_clip": "0.000", "train_oom": "0.000", "train_wall": "11438", "train_train_wall": "9814"}
{"epoch": 60, "valid_loss": "3.885", "valid_nll_loss": "2.318", "valid_ppl": "4.99", "valid_num_updates": "54180", "valid_best_loss": "3.88252"}
| saved checkpoint checkpoints/iwslt_d6_wo/checkpoint60.pt (epoch 60 @ 54180 updates) (writing took 1.7165627479553223 seconds)
{"epoch": 61, "train_loss": "3.236", "train_nll_loss": "1.723", "train_ppl": "3.30", "train_wps": "22275", "train_ups": "5", "train_wpb": "4373.327", "train_bsz": "177.452", "train_num_updates": "55083", "train_lr": "0.000134738", "train_gnorm": "0.852", "train_clip": "0.000", "train_oom": "0.000", "train_wall": "11619", "train_train_wall": "9972"}
{"epoch": 61, "valid_loss": "3.905", "valid_nll_loss": "2.338", "valid_ppl": "5.06", "valid_num_updates": "55083", "valid_best_loss": "3.88252"}
| saved checkpoint checkpoints/iwslt_d6_wo/checkpoint61.pt (epoch 61 @ 55083 updates) (writing took 1.6757092475891113 seconds)
{"epoch": 62, "train_loss": "3.227", "train_nll_loss": "1.713", "train_ppl": "3.28", "train_wps": "22293", "train_ups": "5", "train_wpb": "4373.327", "train_bsz": "177.452", "train_num_updates": "55986", "train_lr": "0.000133647", "train_gnorm": "0.855", "train_clip": "0.000", "train_oom": "0.000", "train_wall": "11801", "train_train_wall": "10130"}
{"epoch": 62, "valid_loss": "3.879", "valid_nll_loss": "2.319", "valid_ppl": "4.99", "valid_num_updates": "55986", "valid_best_loss": "3.87891"}
| saved checkpoint checkpoints/iwslt_d6_wo/checkpoint62.pt (epoch 62 @ 55986 updates) (writing took 3.098400354385376 seconds)
{"epoch": 63, "train_loss": "3.220", "train_nll_loss": "1.704", "train_ppl": "3.26", "train_wps": "22300", "train_ups": "5", "train_wpb": "4373.327", "train_bsz": "177.452", "train_num_updates": "56889", "train_lr": "0.000132582", "train_gnorm": "0.854", "train_clip": "0.000", "train_oom": "0.000", "train_wall": "11984", "train_train_wall": "10288"}
{"epoch": 63, "valid_loss": "3.906", "valid_nll_loss": "2.339", "valid_ppl": "5.06", "valid_num_updates": "56889", "valid_best_loss": "3.87891"}
| saved checkpoint checkpoints/iwslt_d6_wo/checkpoint63.pt (epoch 63 @ 56889 updates) (writing took 1.7051539421081543 seconds)
{"epoch": 64, "train_loss": "3.213", "train_nll_loss": "1.696", "train_ppl": "3.24", "train_wps": "22286", "train_ups": "5", "train_wpb": "4373.327", "train_bsz": "177.452", "train_num_updates": "57792", "train_lr": "0.000131543", "train_gnorm": "0.856", "train_clip": "0.000", "train_oom": "0.000", "train_wall": "12165", "train_train_wall": "10445"}
{"epoch": 64, "valid_loss": "3.919", "valid_nll_loss": "2.349", "valid_ppl": "5.10", "valid_num_updates": "57792", "valid_best_loss": "3.87891"}
| saved checkpoint checkpoints/iwslt_d6_wo/checkpoint64.pt (epoch 64 @ 57792 updates) (writing took 1.7106733322143555 seconds)
{"epoch": 65, "train_loss": "3.205", "train_nll_loss": "1.688", "train_ppl": "3.22", "train_wps": "22270", "train_ups": "5", "train_wpb": "4373.327", "train_bsz": "177.452", "train_num_updates": "58695", "train_lr": "0.000130527", "train_gnorm": "0.860", "train_clip": "0.000", "train_oom": "0.000", "train_wall": "12347", "train_train_wall": "10603"}
{"epoch": 65, "valid_loss": "3.900", "valid_nll_loss": "2.334", "valid_ppl": "5.04", "valid_num_updates": "58695", "valid_best_loss": "3.87891"}
| saved checkpoint checkpoints/iwslt_d6_wo/checkpoint65.pt (epoch 65 @ 58695 updates) (writing took 1.7075941562652588 seconds)
{"epoch": 66, "train_loss": "3.198", "train_nll_loss": "1.679", "train_ppl": "3.20", "train_wps": "22304", "train_ups": "5", "train_wpb": "4373.327", "train_bsz": "177.452", "train_num_updates": "59598", "train_lr": "0.000129534", "train_gnorm": "0.861", "train_clip": "0.000", "train_oom": "0.000", "train_wall": "12528", "train_train_wall": "10761"}
{"epoch": 66, "valid_loss": "3.905", "valid_nll_loss": "2.340", "valid_ppl": "5.06", "valid_num_updates": "59598", "valid_best_loss": "3.87891"}
| saved checkpoint checkpoints/iwslt_d6_wo/checkpoint66.pt (epoch 66 @ 59598 updates) (writing took 1.7057709693908691 seconds)
{"epoch": 67, "train_loss": "3.169", "train_nll_loss": "1.647", "train_ppl": "3.13", "train_wps": "22259", "train_ups": "5", "train_wpb": "4389.973", "train_bsz": "183.201", "train_num_updates": "60000", "train_lr": "0.000129099", "train_gnorm": "0.856", "train_clip": "0.000", "train_oom": "0.000", "train_wall": "12612", "train_train_wall": "10831"}
{"epoch": 67, "valid_loss": "3.900", "valid_nll_loss": "2.335", "valid_ppl": "5.04", "valid_num_updates": "60000", "valid_best_loss": "3.87891"}
| saved checkpoint checkpoints/iwslt_d6_wo/checkpoint_last.pt (epoch 67 @ 60000 updates) (writing took 1.4023494720458984 seconds)
| done training in 12615.4 seconds
