Namespace(activation_dropout=0.0, activation_fn='relu', adam_betas='(0.9, 0.98)', adam_eps=1e-08, adaptive_input=False, adaptive_softmax_cutoff=None, adaptive_softmax_dropout=0, arch='transformer_iwslt_de_en', attention_dropout=0.0, best_checkpoint_metric='loss', bucket_cap_mb=25, clip_norm=25, cpu=False, criterion='label_smoothed_cross_entropy', curriculum=0, data='data-bin/iwslt14.tokenized.de-en', dataset_impl='cached', ddp_backend='c10d', decoder_attention_heads=4, decoder_embed_dim=512, decoder_embed_path=None, decoder_ffn_embed_dim=1024, decoder_input_dim=512, decoder_layers=6, decoder_learned_pos=False, decoder_normalize_before=False, decoder_output_dim=512, device_id=0, disable_validation=False, distributed_backend='nccl', distributed_init_method=None, distributed_no_spawn=False, distributed_port=-1, distributed_rank=0, distributed_world_size=1, dropout=0.3, encoder_attention_heads=4, encoder_embed_dim=512, encoder_embed_path=None, encoder_ffn_embed_dim=1024, encoder_layers=6, encoder_learned_pos=False, encoder_normalize_before=False, exp_root=0.5, find_unused_parameters=False, fix_batches_to_gpus=False, fp16=False, fp16_init_scale=128, fp16_scale_tolerance=0.0, fp16_scale_window=None, keep_interval_updates=-1, keep_last_epochs=-1, label_smoothing=0.1, lazy_load=False, left_pad_source='True', left_pad_target='False', log_format='json', log_interval=1000, lr=[0.0005], lr_scheduler='inverse_sqrt', max_epoch=0, max_sentences=None, max_sentences_valid=None, max_source_positions=1024, max_target_positions=1024, max_tokens=5000, max_tokens_valid=5000, max_update=60000, maximize_best_checkpoint_metric=False, memory_efficient_fp16=False, min_loss_scale=0.0001, min_lr=1e-09, no_epoch_checkpoints=False, no_last_checkpoints=False, no_progress_bar=True, no_save=False, no_save_optimizer_state=False, no_token_positional_embeddings=False, num_workers=0, optimizer='adam', optimizer_overrides='{}', raw_text=False, required_batch_size_multiple=8, reset_dataloader=False, reset_lr_scheduler=False, reset_meters=False, reset_optimizer=False, restore_file='checkpoint_last.pt', save_dir='checkpoints/iwslt_d4_wo', save_interval=1, save_interval_updates=0, seed=1, sentence_avg=False, share_all_embeddings=False, share_decoder_input_output_embed=True, skip_invalid_size_inputs_valid_test=False, source_lang='de', target_lang='en', task='translation', tbmf_wrapper=False, tensorboard_logdir='', threshold_loss_scale=None, train_subset='train', update_freq=[1], upsample_primary=1, use_bmuf=False, user_dir=None, valid_subset='valid', validate_interval=1, warmup_init_lr=1e-07, warmup_updates=4000, weight_decay=0.0001)
| [de] dictionary: 8848 types
| [en] dictionary: 6632 types
| data-bin/iwslt14.tokenized.de-en valid de-en 7283 examples
TransformerModel(
  (encoder): TransformerEncoder(
    (embed_tokens): Embedding(8848, 512, padding_idx=1)
    (embed_positions): SinusoidalPositionalEmbedding()
    (layers): ModuleList(
      (0): TransformerEncoderLayer(
        (self_attn): MultiheadAttention(
          (out_proj): Linear(in_features=512, out_features=512, bias=True)
        )
        (self_attn_layer_norm): LayerNorm(torch.Size([512]), eps=1e-05, elementwise_affine=True)
        (fc1): Linear(in_features=512, out_features=1024, bias=True)
        (fc2): Linear(in_features=1024, out_features=512, bias=True)
        (final_layer_norm): LayerNorm(torch.Size([512]), eps=1e-05, elementwise_affine=True)
      )
      (1): TransformerEncoderLayer(
        (self_attn): MultiheadAttention(
          (out_proj): Linear(in_features=512, out_features=512, bias=True)
        )
        (self_attn_layer_norm): LayerNorm(torch.Size([512]), eps=1e-05, elementwise_affine=True)
        (fc1): Linear(in_features=512, out_features=1024, bias=True)
        (fc2): Linear(in_features=1024, out_features=512, bias=True)
        (final_layer_norm): LayerNorm(torch.Size([512]), eps=1e-05, elementwise_affine=True)
      )
      (2): TransformerEncoderLayer(
        (self_attn): MultiheadAttention(
          (out_proj): Linear(in_features=512, out_features=512, bias=True)
        )
        (self_attn_layer_norm): LayerNorm(torch.Size([512]), eps=1e-05, elementwise_affine=True)
        (fc1): Linear(in_features=512, out_features=1024, bias=True)
        (fc2): Linear(in_features=1024, out_features=512, bias=True)
        (final_layer_norm): LayerNorm(torch.Size([512]), eps=1e-05, elementwise_affine=True)
      )
      (3): TransformerEncoderLayer(
        (self_attn): MultiheadAttention(
          (out_proj): Linear(in_features=512, out_features=512, bias=True)
        )
        (self_attn_layer_norm): LayerNorm(torch.Size([512]), eps=1e-05, elementwise_affine=True)
        (fc1): Linear(in_features=512, out_features=1024, bias=True)
        (fc2): Linear(in_features=1024, out_features=512, bias=True)
        (final_layer_norm): LayerNorm(torch.Size([512]), eps=1e-05, elementwise_affine=True)
      )
      (4): TransformerEncoderLayer(
        (self_attn): MultiheadAttention(
          (out_proj): Linear(in_features=512, out_features=512, bias=True)
        )
        (self_attn_layer_norm): LayerNorm(torch.Size([512]), eps=1e-05, elementwise_affine=True)
        (fc1): Linear(in_features=512, out_features=1024, bias=True)
        (fc2): Linear(in_features=1024, out_features=512, bias=True)
        (final_layer_norm): LayerNorm(torch.Size([512]), eps=1e-05, elementwise_affine=True)
      )
      (5): TransformerEncoderLayer(
        (self_attn): MultiheadAttention(
          (out_proj): Linear(in_features=512, out_features=512, bias=True)
        )
        (self_attn_layer_norm): LayerNorm(torch.Size([512]), eps=1e-05, elementwise_affine=True)
        (fc1): Linear(in_features=512, out_features=1024, bias=True)
        (fc2): Linear(in_features=1024, out_features=512, bias=True)
        (final_layer_norm): LayerNorm(torch.Size([512]), eps=1e-05, elementwise_affine=True)
      )
    )
  )
  (decoder): TransformerDecoder(
    (embed_tokens): Embedding(6632, 512, padding_idx=1)
    (embed_positions): SinusoidalPositionalEmbedding()
    (layers): ModuleList(
      (0): TransformerDecoderLayer(
        (self_attn): MultiheadAttention(
          (out_proj): Linear(in_features=512, out_features=512, bias=True)
        )
        (self_attn_layer_norm): LayerNorm(torch.Size([512]), eps=1e-05, elementwise_affine=True)
        (encoder_attn): MultiheadAttention(
          (out_proj): Linear(in_features=512, out_features=512, bias=True)
        )
        (encoder_attn_layer_norm): LayerNorm(torch.Size([512]), eps=1e-05, elementwise_affine=True)
        (fc1): Linear(in_features=512, out_features=1024, bias=True)
        (fc2): Linear(in_features=1024, out_features=512, bias=True)
        (final_layer_norm): LayerNorm(torch.Size([512]), eps=1e-05, elementwise_affine=True)
      )
      (1): TransformerDecoderLayer(
        (self_attn): MultiheadAttention(
          (out_proj): Linear(in_features=512, out_features=512, bias=True)
        )
        (self_attn_layer_norm): LayerNorm(torch.Size([512]), eps=1e-05, elementwise_affine=True)
        (encoder_attn): MultiheadAttention(
          (out_proj): Linear(in_features=512, out_features=512, bias=True)
        )
        (encoder_attn_layer_norm): LayerNorm(torch.Size([512]), eps=1e-05, elementwise_affine=True)
        (fc1): Linear(in_features=512, out_features=1024, bias=True)
        (fc2): Linear(in_features=1024, out_features=512, bias=True)
        (final_layer_norm): LayerNorm(torch.Size([512]), eps=1e-05, elementwise_affine=True)
      )
      (2): TransformerDecoderLayer(
        (self_attn): MultiheadAttention(
          (out_proj): Linear(in_features=512, out_features=512, bias=True)
        )
        (self_attn_layer_norm): LayerNorm(torch.Size([512]), eps=1e-05, elementwise_affine=True)
        (encoder_attn): MultiheadAttention(
          (out_proj): Linear(in_features=512, out_features=512, bias=True)
        )
        (encoder_attn_layer_norm): LayerNorm(torch.Size([512]), eps=1e-05, elementwise_affine=True)
        (fc1): Linear(in_features=512, out_features=1024, bias=True)
        (fc2): Linear(in_features=1024, out_features=512, bias=True)
        (final_layer_norm): LayerNorm(torch.Size([512]), eps=1e-05, elementwise_affine=True)
      )
      (3): TransformerDecoderLayer(
        (self_attn): MultiheadAttention(
          (out_proj): Linear(in_features=512, out_features=512, bias=True)
        )
        (self_attn_layer_norm): LayerNorm(torch.Size([512]), eps=1e-05, elementwise_affine=True)
        (encoder_attn): MultiheadAttention(
          (out_proj): Linear(in_features=512, out_features=512, bias=True)
        )
        (encoder_attn_layer_norm): LayerNorm(torch.Size([512]), eps=1e-05, elementwise_affine=True)
        (fc1): Linear(in_features=512, out_features=1024, bias=True)
        (fc2): Linear(in_features=1024, out_features=512, bias=True)
        (final_layer_norm): LayerNorm(torch.Size([512]), eps=1e-05, elementwise_affine=True)
      )
      (4): TransformerDecoderLayer(
        (self_attn): MultiheadAttention(
          (out_proj): Linear(in_features=512, out_features=512, bias=True)
        )
        (self_attn_layer_norm): LayerNorm(torch.Size([512]), eps=1e-05, elementwise_affine=True)
        (encoder_attn): MultiheadAttention(
          (out_proj): Linear(in_features=512, out_features=512, bias=True)
        )
        (encoder_attn_layer_norm): LayerNorm(torch.Size([512]), eps=1e-05, elementwise_affine=True)
        (fc1): Linear(in_features=512, out_features=1024, bias=True)
        (fc2): Linear(in_features=1024, out_features=512, bias=True)
        (final_layer_norm): LayerNorm(torch.Size([512]), eps=1e-05, elementwise_affine=True)
      )
      (5): TransformerDecoderLayer(
        (self_attn): MultiheadAttention(
          (out_proj): Linear(in_features=512, out_features=512, bias=True)
        )
        (self_attn_layer_norm): LayerNorm(torch.Size([512]), eps=1e-05, elementwise_affine=True)
        (encoder_attn): MultiheadAttention(
          (out_proj): Linear(in_features=512, out_features=512, bias=True)
        )
        (encoder_attn_layer_norm): LayerNorm(torch.Size([512]), eps=1e-05, elementwise_affine=True)
        (fc1): Linear(in_features=512, out_features=1024, bias=True)
        (fc2): Linear(in_features=1024, out_features=512, bias=True)
        (final_layer_norm): LayerNorm(torch.Size([512]), eps=1e-05, elementwise_affine=True)
      )
    )
  )
)
| model transformer_iwslt_de_en, criterion LabelSmoothedCrossEntropyCriterion
| num. model params: 39469056 (num. trained: 39469056)
| training on 1 GPUs
| max tokens per GPU = 5000 and max sentences per GPU = None
| no existing checkpoint found checkpoints/iwslt_d4_wo/checkpoint_last.pt
| loading train data for epoch 0
| data-bin/iwslt14.tokenized.de-en train de-en 160239 examples
| NOTICE: your device may support faster training with --fp16
{"epoch": 1, "train_loss": "9.773", "train_nll_loss": "9.283", "train_ppl": "622.91", "train_wps": "21929", "train_ups": "5", "train_wpb": "4373.327", "train_bsz": "177.452", "train_num_updates": "903", "train_lr": "0.000112952", "train_gnorm": "1.659", "train_clip": "0.000", "train_oom": "0.000", "train_wall": "182", "train_train_wall": "159"}
{"epoch": 1, "valid_loss": "8.532", "valid_nll_loss": "7.796", "valid_ppl": "222.23", "valid_num_updates": "903"}
| saved checkpoint checkpoints/iwslt_d4_wo/checkpoint1.pt (epoch 1 @ 903 updates) (writing took 1.1234443187713623 seconds)
{"epoch": 2, "train_loss": "8.219", "train_nll_loss": "7.472", "train_ppl": "177.55", "train_wps": "21952", "train_ups": "5", "train_wpb": "4373.327", "train_bsz": "177.452", "train_num_updates": "1806", "train_lr": "0.000225805", "train_gnorm": "1.311", "train_clip": "0.000", "train_oom": "0.000", "train_wall": "365", "train_train_wall": "319"}
{"epoch": 2, "valid_loss": "7.744", "valid_nll_loss": "6.869", "valid_ppl": "116.85", "valid_num_updates": "1806", "valid_best_loss": "7.74369"}
| saved checkpoint checkpoints/iwslt_d4_wo/checkpoint2.pt (epoch 2 @ 1806 updates) (writing took 3.065110683441162 seconds)
{"epoch": 3, "train_loss": "7.621", "train_nll_loss": "6.776", "train_ppl": "109.61", "train_wps": "21903", "train_ups": "5", "train_wpb": "4373.327", "train_bsz": "177.452", "train_num_updates": "2709", "train_lr": "0.000338657", "train_gnorm": "1.115", "train_clip": "0.000", "train_oom": "0.000", "train_wall": "552", "train_train_wall": "478"}
{"epoch": 3, "valid_loss": "7.356", "valid_nll_loss": "6.399", "valid_ppl": "84.38", "valid_num_updates": "2709", "valid_best_loss": "7.35564"}
| saved checkpoint checkpoints/iwslt_d4_wo/checkpoint3.pt (epoch 3 @ 2709 updates) (writing took 3.0898234844207764 seconds)
{"epoch": 4, "train_loss": "7.137", "train_nll_loss": "6.214", "train_ppl": "74.22", "train_wps": "21893", "train_ups": "5", "train_wpb": "4373.327", "train_bsz": "177.452", "train_num_updates": "3612", "train_lr": "0.00045151", "train_gnorm": "1.071", "train_clip": "0.000", "train_oom": "0.000", "train_wall": "738", "train_train_wall": "638"}
{"epoch": 4, "valid_loss": "6.666", "valid_nll_loss": "5.607", "valid_ppl": "48.74", "valid_num_updates": "3612", "valid_best_loss": "6.66561"}
| saved checkpoint checkpoints/iwslt_d4_wo/checkpoint4.pt (epoch 4 @ 3612 updates) (writing took 3.092252492904663 seconds)
{"epoch": 5, "train_loss": "6.539", "train_nll_loss": "5.518", "train_ppl": "45.83", "train_wps": "21882", "train_ups": "5", "train_wpb": "4373.327", "train_bsz": "177.452", "train_num_updates": "4515", "train_lr": "0.000470621", "train_gnorm": "1.113", "train_clip": "0.000", "train_oom": "0.000", "train_wall": "924", "train_train_wall": "798"}
{"epoch": 5, "valid_loss": "5.991", "valid_nll_loss": "4.794", "valid_ppl": "27.75", "valid_num_updates": "4515", "valid_best_loss": "5.99137"}
| saved checkpoint checkpoints/iwslt_d4_wo/checkpoint5.pt (epoch 5 @ 4515 updates) (writing took 3.134572982788086 seconds)
{"epoch": 6, "train_loss": "5.917", "train_nll_loss": "4.795", "train_ppl": "27.76", "train_wps": "21927", "train_ups": "5", "train_wpb": "4373.327", "train_bsz": "177.452", "train_num_updates": "5418", "train_lr": "0.000429616", "train_gnorm": "1.110", "train_clip": "0.000", "train_oom": "0.000", "train_wall": "1110", "train_train_wall": "957"}
{"epoch": 6, "valid_loss": "5.542", "valid_nll_loss": "4.241", "valid_ppl": "18.91", "valid_num_updates": "5418", "valid_best_loss": "5.54197"}
| saved checkpoint checkpoints/iwslt_d4_wo/checkpoint6.pt (epoch 6 @ 5418 updates) (writing took 3.1005821228027344 seconds)
{"epoch": 7, "train_loss": "5.439", "train_nll_loss": "4.239", "train_ppl": "18.88", "train_wps": "21902", "train_ups": "5", "train_wpb": "4373.327", "train_bsz": "177.452", "train_num_updates": "6321", "train_lr": "0.000397747", "train_gnorm": "1.048", "train_clip": "0.000", "train_oom": "0.000", "train_wall": "1296", "train_train_wall": "1117"}
{"epoch": 7, "valid_loss": "5.062", "valid_nll_loss": "3.683", "valid_ppl": "12.84", "valid_num_updates": "6321", "valid_best_loss": "5.0617"}
| saved checkpoint checkpoints/iwslt_d4_wo/checkpoint7.pt (epoch 7 @ 6321 updates) (writing took 3.079613208770752 seconds)
{"epoch": 8, "train_loss": "5.077", "train_nll_loss": "3.820", "train_ppl": "14.12", "train_wps": "21923", "train_ups": "5", "train_wpb": "4373.327", "train_bsz": "177.452", "train_num_updates": "7224", "train_lr": "0.000372058", "train_gnorm": "1.008", "train_clip": "0.000", "train_oom": "0.000", "train_wall": "1482", "train_train_wall": "1276"}
{"epoch": 8, "valid_loss": "4.797", "valid_nll_loss": "3.367", "valid_ppl": "10.32", "valid_num_updates": "7224", "valid_best_loss": "4.79679"}
| saved checkpoint checkpoints/iwslt_d4_wo/checkpoint8.pt (epoch 8 @ 7224 updates) (writing took 3.179177761077881 seconds)
{"epoch": 9, "train_loss": "4.823", "train_nll_loss": "3.528", "train_ppl": "11.53", "train_wps": "22071", "train_ups": "5", "train_wpb": "4373.327", "train_bsz": "177.452", "train_num_updates": "8127", "train_lr": "0.00035078", "train_gnorm": "0.978", "train_clip": "0.000", "train_oom": "0.000", "train_wall": "1667", "train_train_wall": "1435"}
{"epoch": 9, "valid_loss": "4.626", "valid_nll_loss": "3.163", "valid_ppl": "8.96", "valid_num_updates": "8127", "valid_best_loss": "4.6257"}
| saved checkpoint checkpoints/iwslt_d4_wo/checkpoint9.pt (epoch 9 @ 8127 updates) (writing took 3.103266477584839 seconds)
{"epoch": 10, "train_loss": "4.628", "train_nll_loss": "3.305", "train_ppl": "9.89", "train_wps": "22088", "train_ups": "5", "train_wpb": "4373.327", "train_bsz": "177.452", "train_num_updates": "9030", "train_lr": "0.000332779", "train_gnorm": "0.945", "train_clip": "0.000", "train_oom": "0.000", "train_wall": "1852", "train_train_wall": "1594"}
{"epoch": 10, "valid_loss": "4.462", "valid_nll_loss": "2.983", "valid_ppl": "7.91", "valid_num_updates": "9030", "valid_best_loss": "4.46209"}
| saved checkpoint checkpoints/iwslt_d4_wo/checkpoint10.pt (epoch 10 @ 9030 updates) (writing took 3.109834671020508 seconds)
{"epoch": 11, "train_loss": "4.483", "train_nll_loss": "3.141", "train_ppl": "8.82", "train_wps": "22045", "train_ups": "5", "train_wpb": "4373.327", "train_bsz": "177.452", "train_num_updates": "9933", "train_lr": "0.000317292", "train_gnorm": "0.927", "train_clip": "0.000", "train_oom": "0.000", "train_wall": "2037", "train_train_wall": "1754"}
{"epoch": 11, "valid_loss": "4.399", "valid_nll_loss": "2.910", "valid_ppl": "7.52", "valid_num_updates": "9933", "valid_best_loss": "4.39937"}
| saved checkpoint checkpoints/iwslt_d4_wo/checkpoint11.pt (epoch 11 @ 9933 updates) (writing took 3.1026103496551514 seconds)
{"epoch": 12, "train_loss": "4.368", "train_nll_loss": "3.010", "train_ppl": "8.06", "train_wps": "22072", "train_ups": "5", "train_wpb": "4373.327", "train_bsz": "177.452", "train_num_updates": "10836", "train_lr": "0.000303784", "train_gnorm": "0.908", "train_clip": "0.000", "train_oom": "0.000", "train_wall": "2222", "train_train_wall": "1913"}
{"epoch": 12, "valid_loss": "4.293", "valid_nll_loss": "2.799", "valid_ppl": "6.96", "valid_num_updates": "10836", "valid_best_loss": "4.29309"}
| saved checkpoint checkpoints/iwslt_d4_wo/checkpoint12.pt (epoch 12 @ 10836 updates) (writing took 3.0951740741729736 seconds)
{"epoch": 13, "train_loss": "4.268", "train_nll_loss": "2.898", "train_ppl": "7.46", "train_wps": "22076", "train_ups": "5", "train_wpb": "4373.327", "train_bsz": "177.452", "train_num_updates": "11739", "train_lr": "0.000291867", "train_gnorm": "0.889", "train_clip": "0.000", "train_oom": "0.000", "train_wall": "2406", "train_train_wall": "2072"}
{"epoch": 13, "valid_loss": "4.268", "valid_nll_loss": "2.754", "valid_ppl": "6.75", "valid_num_updates": "11739", "valid_best_loss": "4.26827"}
| saved checkpoint checkpoints/iwslt_d4_wo/checkpoint13.pt (epoch 13 @ 11739 updates) (writing took 3.100431203842163 seconds)
{"epoch": 14, "train_loss": "4.188", "train_nll_loss": "2.808", "train_ppl": "7.00", "train_wps": "22078", "train_ups": "5", "train_wpb": "4373.327", "train_bsz": "177.452", "train_num_updates": "12642", "train_lr": "0.00028125", "train_gnorm": "0.880", "train_clip": "0.000", "train_oom": "0.000", "train_wall": "2591", "train_train_wall": "2231"}
{"epoch": 14, "valid_loss": "4.209", "valid_nll_loss": "2.690", "valid_ppl": "6.45", "valid_num_updates": "12642", "valid_best_loss": "4.20855"}
| saved checkpoint checkpoints/iwslt_d4_wo/checkpoint14.pt (epoch 14 @ 12642 updates) (writing took 3.097015380859375 seconds)
{"epoch": 15, "train_loss": "4.119", "train_nll_loss": "2.730", "train_ppl": "6.63", "train_wps": "22082", "train_ups": "5", "train_wpb": "4373.327", "train_bsz": "177.452", "train_num_updates": "13545", "train_lr": "0.000271713", "train_gnorm": "0.866", "train_clip": "0.000", "train_oom": "0.000", "train_wall": "2776", "train_train_wall": "2390"}
{"epoch": 15, "valid_loss": "4.176", "valid_nll_loss": "2.650", "valid_ppl": "6.28", "valid_num_updates": "13545", "valid_best_loss": "4.17608"}
| saved checkpoint checkpoints/iwslt_d4_wo/checkpoint15.pt (epoch 15 @ 13545 updates) (writing took 3.086413621902466 seconds)
{"epoch": 16, "train_loss": "4.058", "train_nll_loss": "2.661", "train_ppl": "6.33", "train_wps": "22097", "train_ups": "5", "train_wpb": "4373.327", "train_bsz": "177.452", "train_num_updates": "14448", "train_lr": "0.000263085", "train_gnorm": "0.858", "train_clip": "0.000", "train_oom": "0.000", "train_wall": "2960", "train_train_wall": "2549"}
{"epoch": 16, "valid_loss": "4.122", "valid_nll_loss": "2.600", "valid_ppl": "6.06", "valid_num_updates": "14448", "valid_best_loss": "4.12165"}
| saved checkpoint checkpoints/iwslt_d4_wo/checkpoint16.pt (epoch 16 @ 14448 updates) (writing took 3.1105093955993652 seconds)
{"epoch": 17, "train_loss": "4.006", "train_nll_loss": "2.604", "train_ppl": "6.08", "train_wps": "22068", "train_ups": "5", "train_wpb": "4373.327", "train_bsz": "177.452", "train_num_updates": "15351", "train_lr": "0.00025523", "train_gnorm": "0.857", "train_clip": "0.000", "train_oom": "0.000", "train_wall": "3145", "train_train_wall": "2708"}
{"epoch": 17, "valid_loss": "4.125", "valid_nll_loss": "2.592", "valid_ppl": "6.03", "valid_num_updates": "15351", "valid_best_loss": "4.12165"}
| saved checkpoint checkpoints/iwslt_d4_wo/checkpoint17.pt (epoch 17 @ 15351 updates) (writing took 1.7031781673431396 seconds)
{"epoch": 18, "train_loss": "3.958", "train_nll_loss": "2.549", "train_ppl": "5.85", "train_wps": "22157", "train_ups": "5", "train_wpb": "4373.327", "train_bsz": "177.452", "train_num_updates": "16254", "train_lr": "0.000248039", "train_gnorm": "0.848", "train_clip": "0.000", "train_oom": "0.000", "train_wall": "3328", "train_train_wall": "2867"}
{"epoch": 18, "valid_loss": "4.060", "valid_nll_loss": "2.530", "valid_ppl": "5.78", "valid_num_updates": "16254", "valid_best_loss": "4.05957"}
| saved checkpoint checkpoints/iwslt_d4_wo/checkpoint18.pt (epoch 18 @ 16254 updates) (writing took 3.09326434135437 seconds)
{"epoch": 19, "train_loss": "3.914", "train_nll_loss": "2.499", "train_ppl": "5.65", "train_wps": "22153", "train_ups": "5", "train_wpb": "4373.327", "train_bsz": "177.452", "train_num_updates": "17157", "train_lr": "0.000241423", "train_gnorm": "0.841", "train_clip": "0.000", "train_oom": "0.000", "train_wall": "3512", "train_train_wall": "3025"}
{"epoch": 19, "valid_loss": "4.072", "valid_nll_loss": "2.535", "valid_ppl": "5.80", "valid_num_updates": "17157", "valid_best_loss": "4.05957"}
| saved checkpoint checkpoints/iwslt_d4_wo/checkpoint19.pt (epoch 19 @ 17157 updates) (writing took 1.7010219097137451 seconds)
{"epoch": 20, "train_loss": "3.873", "train_nll_loss": "2.453", "train_ppl": "5.48", "train_wps": "22137", "train_ups": "5", "train_wpb": "4373.327", "train_bsz": "177.452", "train_num_updates": "18060", "train_lr": "0.00023531", "train_gnorm": "0.835", "train_clip": "0.000", "train_oom": "0.000", "train_wall": "3695", "train_train_wall": "3184"}
{"epoch": 20, "valid_loss": "4.050", "valid_nll_loss": "2.510", "valid_ppl": "5.69", "valid_num_updates": "18060", "valid_best_loss": "4.05006"}
| saved checkpoint checkpoints/iwslt_d4_wo/checkpoint20.pt (epoch 20 @ 18060 updates) (writing took 3.0935678482055664 seconds)
{"epoch": 21, "train_loss": "3.836", "train_nll_loss": "2.411", "train_ppl": "5.32", "train_wps": "22150", "train_ups": "5", "train_wpb": "4373.327", "train_bsz": "177.452", "train_num_updates": "18963", "train_lr": "0.000229639", "train_gnorm": "0.832", "train_clip": "0.000", "train_oom": "0.000", "train_wall": "3879", "train_train_wall": "3343"}
{"epoch": 21, "valid_loss": "4.030", "valid_nll_loss": "2.488", "valid_ppl": "5.61", "valid_num_updates": "18963", "valid_best_loss": "4.0303"}
| saved checkpoint checkpoints/iwslt_d4_wo/checkpoint21.pt (epoch 21 @ 18963 updates) (writing took 3.1948211193084717 seconds)
{"epoch": 22, "train_loss": "3.805", "train_nll_loss": "2.376", "train_ppl": "5.19", "train_wps": "22161", "train_ups": "5", "train_wpb": "4373.327", "train_bsz": "177.452", "train_num_updates": "19866", "train_lr": "0.00022436", "train_gnorm": "0.835", "train_clip": "0.000", "train_oom": "0.000", "train_wall": "4063", "train_train_wall": "3501"}
{"epoch": 22, "valid_loss": "3.998", "valid_nll_loss": "2.455", "valid_ppl": "5.48", "valid_num_updates": "19866", "valid_best_loss": "3.99765"}
| saved checkpoint checkpoints/iwslt_d4_wo/checkpoint22.pt (epoch 22 @ 19866 updates) (writing took 3.0910048484802246 seconds)
{"epoch": 23, "train_loss": "3.771", "train_nll_loss": "2.338", "train_ppl": "5.06", "train_wps": "22171", "train_ups": "5", "train_wpb": "4373.327", "train_bsz": "177.452", "train_num_updates": "20769", "train_lr": "0.000219428", "train_gnorm": "0.825", "train_clip": "0.000", "train_oom": "0.000", "train_wall": "4247", "train_train_wall": "3660"}
{"epoch": 23, "valid_loss": "4.003", "valid_nll_loss": "2.456", "valid_ppl": "5.49", "valid_num_updates": "20769", "valid_best_loss": "3.99765"}
| saved checkpoint checkpoints/iwslt_d4_wo/checkpoint23.pt (epoch 23 @ 20769 updates) (writing took 1.6958599090576172 seconds)
{"epoch": 24, "train_loss": "3.742", "train_nll_loss": "2.305", "train_ppl": "4.94", "train_wps": "22183", "train_ups": "5", "train_wpb": "4373.327", "train_bsz": "177.452", "train_num_updates": "21672", "train_lr": "0.000214808", "train_gnorm": "0.827", "train_clip": "0.000", "train_oom": "0.000", "train_wall": "4429", "train_train_wall": "3818"}
{"epoch": 24, "valid_loss": "3.988", "valid_nll_loss": "2.436", "valid_ppl": "5.41", "valid_num_updates": "21672", "valid_best_loss": "3.98788"}
| saved checkpoint checkpoints/iwslt_d4_wo/checkpoint24.pt (epoch 24 @ 21672 updates) (writing took 3.0821242332458496 seconds)
{"epoch": 25, "train_loss": "3.714", "train_nll_loss": "2.274", "train_ppl": "4.84", "train_wps": "22182", "train_ups": "5", "train_wpb": "4373.327", "train_bsz": "177.452", "train_num_updates": "22575", "train_lr": "0.000210468", "train_gnorm": "0.824", "train_clip": "0.000", "train_oom": "0.000", "train_wall": "4613", "train_train_wall": "3977"}
{"epoch": 25, "valid_loss": "4.006", "valid_nll_loss": "2.454", "valid_ppl": "5.48", "valid_num_updates": "22575", "valid_best_loss": "3.98788"}
| saved checkpoint checkpoints/iwslt_d4_wo/checkpoint25.pt (epoch 25 @ 22575 updates) (writing took 2.2806954383850098 seconds)
{"epoch": 26, "train_loss": "3.689", "train_nll_loss": "2.244", "train_ppl": "4.74", "train_wps": "22168", "train_ups": "5", "train_wpb": "4373.327", "train_bsz": "177.452", "train_num_updates": "23478", "train_lr": "0.000206381", "train_gnorm": "0.824", "train_clip": "0.000", "train_oom": "0.000", "train_wall": "4796", "train_train_wall": "4135"}
{"epoch": 26, "valid_loss": "3.958", "valid_nll_loss": "2.406", "valid_ppl": "5.30", "valid_num_updates": "23478", "valid_best_loss": "3.95787"}
| saved checkpoint checkpoints/iwslt_d4_wo/checkpoint26.pt (epoch 26 @ 23478 updates) (writing took 3.0984599590301514 seconds)
{"epoch": 27, "train_loss": "3.664", "train_nll_loss": "2.216", "train_ppl": "4.65", "train_wps": "22179", "train_ups": "5", "train_wpb": "4373.327", "train_bsz": "177.452", "train_num_updates": "24381", "train_lr": "0.000202523", "train_gnorm": "0.818", "train_clip": "0.000", "train_oom": "0.000", "train_wall": "4980", "train_train_wall": "4294"}
{"epoch": 27, "valid_loss": "3.979", "valid_nll_loss": "2.423", "valid_ppl": "5.36", "valid_num_updates": "24381", "valid_best_loss": "3.95787"}
| saved checkpoint checkpoints/iwslt_d4_wo/checkpoint27.pt (epoch 27 @ 24381 updates) (writing took 1.6919901371002197 seconds)
{"epoch": 28, "train_loss": "3.640", "train_nll_loss": "2.189", "train_ppl": "4.56", "train_wps": "22165", "train_ups": "5", "train_wpb": "4373.327", "train_bsz": "177.452", "train_num_updates": "25284", "train_lr": "0.000198874", "train_gnorm": "0.819", "train_clip": "0.000", "train_oom": "0.000", "train_wall": "5163", "train_train_wall": "4452"}
{"epoch": 28, "valid_loss": "3.940", "valid_nll_loss": "2.390", "valid_ppl": "5.24", "valid_num_updates": "25284", "valid_best_loss": "3.94025"}
| saved checkpoint checkpoints/iwslt_d4_wo/checkpoint28.pt (epoch 28 @ 25284 updates) (writing took 3.1033613681793213 seconds)
{"epoch": 29, "train_loss": "3.620", "train_nll_loss": "2.165", "train_ppl": "4.49", "train_wps": "22186", "train_ups": "5", "train_wpb": "4373.327", "train_bsz": "177.452", "train_num_updates": "26187", "train_lr": "0.000195415", "train_gnorm": "0.819", "train_clip": "0.000", "train_oom": "0.000", "train_wall": "5346", "train_train_wall": "4611"}
{"epoch": 29, "valid_loss": "3.950", "valid_nll_loss": "2.398", "valid_ppl": "5.27", "valid_num_updates": "26187", "valid_best_loss": "3.94025"}
| saved checkpoint checkpoints/iwslt_d4_wo/checkpoint29.pt (epoch 29 @ 26187 updates) (writing took 2.189124822616577 seconds)
{"epoch": 30, "train_loss": "3.598", "train_nll_loss": "2.141", "train_ppl": "4.41", "train_wps": "22065", "train_ups": "5", "train_wpb": "4373.327", "train_bsz": "177.452", "train_num_updates": "27090", "train_lr": "0.00019213", "train_gnorm": "0.820", "train_clip": "0.000", "train_oom": "0.000", "train_wall": "5530", "train_train_wall": "4769"}
{"epoch": 30, "valid_loss": "3.921", "valid_nll_loss": "2.367", "valid_ppl": "5.16", "valid_num_updates": "27090", "valid_best_loss": "3.92097"}
| saved checkpoint checkpoints/iwslt_d4_wo/checkpoint30.pt (epoch 30 @ 27090 updates) (writing took 3.110109567642212 seconds)
{"epoch": 31, "train_loss": "3.578", "train_nll_loss": "2.118", "train_ppl": "4.34", "train_wps": "22172", "train_ups": "5", "train_wpb": "4373.327", "train_bsz": "177.452", "train_num_updates": "27993", "train_lr": "0.000189006", "train_gnorm": "0.821", "train_clip": "0.000", "train_oom": "0.000", "train_wall": "5714", "train_train_wall": "4928"}
{"epoch": 31, "valid_loss": "3.925", "valid_nll_loss": "2.366", "valid_ppl": "5.15", "valid_num_updates": "27993", "valid_best_loss": "3.92097"}
| saved checkpoint checkpoints/iwslt_d4_wo/checkpoint31.pt (epoch 31 @ 27993 updates) (writing took 1.6975641250610352 seconds)
{"epoch": 32, "train_loss": "3.560", "train_nll_loss": "2.098", "train_ppl": "4.28", "train_wps": "22171", "train_ups": "5", "train_wpb": "4373.327", "train_bsz": "177.452", "train_num_updates": "28896", "train_lr": "0.000186029", "train_gnorm": "0.821", "train_clip": "0.000", "train_oom": "0.000", "train_wall": "5897", "train_train_wall": "5087"}
{"epoch": 32, "valid_loss": "3.940", "valid_nll_loss": "2.382", "valid_ppl": "5.21", "valid_num_updates": "28896", "valid_best_loss": "3.92097"}
| saved checkpoint checkpoints/iwslt_d4_wo/checkpoint32.pt (epoch 32 @ 28896 updates) (writing took 1.7157118320465088 seconds)
{"epoch": 33, "train_loss": "3.543", "train_nll_loss": "2.077", "train_ppl": "4.22", "train_wps": "22170", "train_ups": "5", "train_wpb": "4373.327", "train_bsz": "177.452", "train_num_updates": "29799", "train_lr": "0.000183189", "train_gnorm": "0.822", "train_clip": "0.000", "train_oom": "0.000", "train_wall": "6079", "train_train_wall": "5245"}
{"epoch": 33, "valid_loss": "3.933", "valid_nll_loss": "2.374", "valid_ppl": "5.19", "valid_num_updates": "29799", "valid_best_loss": "3.92097"}
| saved checkpoint checkpoints/iwslt_d4_wo/checkpoint33.pt (epoch 33 @ 29799 updates) (writing took 1.7033348083496094 seconds)
{"epoch": 34, "train_loss": "3.525", "train_nll_loss": "2.057", "train_ppl": "4.16", "train_wps": "22170", "train_ups": "5", "train_wpb": "4373.327", "train_bsz": "177.452", "train_num_updates": "30702", "train_lr": "0.000180475", "train_gnorm": "0.822", "train_clip": "0.000", "train_oom": "0.000", "train_wall": "6262", "train_train_wall": "5404"}
{"epoch": 34, "valid_loss": "3.925", "valid_nll_loss": "2.363", "valid_ppl": "5.14", "valid_num_updates": "30702", "valid_best_loss": "3.92097"}
| saved checkpoint checkpoints/iwslt_d4_wo/checkpoint34.pt (epoch 34 @ 30702 updates) (writing took 2.5223753452301025 seconds)
{"epoch": 35, "train_loss": "3.508", "train_nll_loss": "2.038", "train_ppl": "4.11", "train_wps": "22178", "train_ups": "5", "train_wpb": "4373.327", "train_bsz": "177.452", "train_num_updates": "31605", "train_lr": "0.000177878", "train_gnorm": "0.821", "train_clip": "0.000", "train_oom": "0.000", "train_wall": "6445", "train_train_wall": "5562"}
{"epoch": 35, "valid_loss": "3.903", "valid_nll_loss": "2.343", "valid_ppl": "5.07", "valid_num_updates": "31605", "valid_best_loss": "3.90335"}
| saved checkpoint checkpoints/iwslt_d4_wo/checkpoint35.pt (epoch 35 @ 31605 updates) (writing took 3.5320420265197754 seconds)
{"epoch": 36, "train_loss": "3.493", "train_nll_loss": "2.020", "train_ppl": "4.06", "train_wps": "22177", "train_ups": "5", "train_wpb": "4373.327", "train_bsz": "177.452", "train_num_updates": "32508", "train_lr": "0.00017539", "train_gnorm": "0.824", "train_clip": "0.000", "train_oom": "0.000", "train_wall": "6629", "train_train_wall": "5721"}
{"epoch": 36, "valid_loss": "3.907", "valid_nll_loss": "2.346", "valid_ppl": "5.08", "valid_num_updates": "32508", "valid_best_loss": "3.90335"}
| saved checkpoint checkpoints/iwslt_d4_wo/checkpoint36.pt (epoch 36 @ 32508 updates) (writing took 2.2500600814819336 seconds)
{"epoch": 37, "train_loss": "3.477", "train_nll_loss": "2.002", "train_ppl": "4.01", "train_wps": "22008", "train_ups": "5", "train_wpb": "4373.327", "train_bsz": "177.452", "train_num_updates": "33411", "train_lr": "0.000173004", "train_gnorm": "0.822", "train_clip": "0.000", "train_oom": "0.000", "train_wall": "6814", "train_train_wall": "5880"}
{"epoch": 37, "valid_loss": "3.919", "valid_nll_loss": "2.354", "valid_ppl": "5.11", "valid_num_updates": "33411", "valid_best_loss": "3.90335"}
| saved checkpoint checkpoints/iwslt_d4_wo/checkpoint37.pt (epoch 37 @ 33411 updates) (writing took 2.1054162979125977 seconds)
{"epoch": 38, "train_loss": "3.463", "train_nll_loss": "1.986", "train_ppl": "3.96", "train_wps": "22141", "train_ups": "5", "train_wpb": "4373.327", "train_bsz": "177.452", "train_num_updates": "34314", "train_lr": "0.000170712", "train_gnorm": "0.824", "train_clip": "0.000", "train_oom": "0.000", "train_wall": "6997", "train_train_wall": "6039"}
{"epoch": 38, "valid_loss": "3.915", "valid_nll_loss": "2.353", "valid_ppl": "5.11", "valid_num_updates": "34314", "valid_best_loss": "3.90335"}
| saved checkpoint checkpoints/iwslt_d4_wo/checkpoint38.pt (epoch 38 @ 34314 updates) (writing took 1.7145304679870605 seconds)
{"epoch": 39, "train_loss": "3.449", "train_nll_loss": "1.970", "train_ppl": "3.92", "train_wps": "22188", "train_ups": "5", "train_wpb": "4373.327", "train_bsz": "177.452", "train_num_updates": "35217", "train_lr": "0.000168509", "train_gnorm": "0.824", "train_clip": "0.000", "train_oom": "0.000", "train_wall": "7179", "train_train_wall": "6197"}
{"epoch": 39, "valid_loss": "3.907", "valid_nll_loss": "2.350", "valid_ppl": "5.10", "valid_num_updates": "35217", "valid_best_loss": "3.90335"}
| saved checkpoint checkpoints/iwslt_d4_wo/checkpoint39.pt (epoch 39 @ 35217 updates) (writing took 2.2529103755950928 seconds)
{"epoch": 40, "train_loss": "3.434", "train_nll_loss": "1.953", "train_ppl": "3.87", "train_wps": "22159", "train_ups": "5", "train_wpb": "4373.327", "train_bsz": "177.452", "train_num_updates": "36120", "train_lr": "0.00016639", "train_gnorm": "0.826", "train_clip": "0.000", "train_oom": "0.000", "train_wall": "7363", "train_train_wall": "6356"}
{"epoch": 40, "valid_loss": "3.910", "valid_nll_loss": "2.349", "valid_ppl": "5.10", "valid_num_updates": "36120", "valid_best_loss": "3.90335"}
| saved checkpoint checkpoints/iwslt_d4_wo/checkpoint40.pt (epoch 40 @ 36120 updates) (writing took 2.0698277950286865 seconds)
{"epoch": 41, "train_loss": "3.421", "train_nll_loss": "1.938", "train_ppl": "3.83", "train_wps": "22025", "train_ups": "5", "train_wpb": "4373.327", "train_bsz": "177.452", "train_num_updates": "37023", "train_lr": "0.000164348", "train_gnorm": "0.828", "train_clip": "0.000", "train_oom": "0.000", "train_wall": "7547", "train_train_wall": "6515"}
{"epoch": 41, "valid_loss": "3.880", "valid_nll_loss": "2.322", "valid_ppl": "5.00", "valid_num_updates": "37023", "valid_best_loss": "3.87997"}
| saved checkpoint checkpoints/iwslt_d4_wo/checkpoint41.pt (epoch 41 @ 37023 updates) (writing took 3.6035070419311523 seconds)
{"epoch": 42, "train_loss": "3.408", "train_nll_loss": "1.923", "train_ppl": "3.79", "train_wps": "22147", "train_ups": "5", "train_wpb": "4373.327", "train_bsz": "177.452", "train_num_updates": "37926", "train_lr": "0.00016238", "train_gnorm": "0.831", "train_clip": "0.000", "train_oom": "0.000", "train_wall": "7731", "train_train_wall": "6673"}
{"epoch": 42, "valid_loss": "3.890", "valid_nll_loss": "2.329", "valid_ppl": "5.03", "valid_num_updates": "37926", "valid_best_loss": "3.87997"}
| saved checkpoint checkpoints/iwslt_d4_wo/checkpoint42.pt (epoch 42 @ 37926 updates) (writing took 1.8945403099060059 seconds)
{"epoch": 43, "train_loss": "3.396", "train_nll_loss": "1.909", "train_ppl": "3.75", "train_wps": "22189", "train_ups": "5", "train_wpb": "4373.327", "train_bsz": "177.452", "train_num_updates": "38829", "train_lr": "0.00016048", "train_gnorm": "0.829", "train_clip": "0.000", "train_oom": "0.000", "train_wall": "7914", "train_train_wall": "6832"}
{"epoch": 43, "valid_loss": "3.878", "valid_nll_loss": "2.317", "valid_ppl": "4.98", "valid_num_updates": "38829", "valid_best_loss": "3.87825"}
| saved checkpoint checkpoints/iwslt_d4_wo/checkpoint43.pt (epoch 43 @ 38829 updates) (writing took 3.118819236755371 seconds)
{"epoch": 44, "train_loss": "3.384", "train_nll_loss": "1.895", "train_ppl": "3.72", "train_wps": "22173", "train_ups": "5", "train_wpb": "4373.327", "train_bsz": "177.452", "train_num_updates": "39732", "train_lr": "0.000158646", "train_gnorm": "0.832", "train_clip": "0.000", "train_oom": "0.000", "train_wall": "8098", "train_train_wall": "6990"}
{"epoch": 44, "valid_loss": "3.887", "valid_nll_loss": "2.325", "valid_ppl": "5.01", "valid_num_updates": "39732", "valid_best_loss": "3.87825"}
| saved checkpoint checkpoints/iwslt_d4_wo/checkpoint44.pt (epoch 44 @ 39732 updates) (writing took 2.5857555866241455 seconds)
{"epoch": 45, "train_loss": "3.372", "train_nll_loss": "1.881", "train_ppl": "3.68", "train_wps": "22168", "train_ups": "5", "train_wpb": "4373.327", "train_bsz": "177.452", "train_num_updates": "40635", "train_lr": "0.000156874", "train_gnorm": "0.833", "train_clip": "0.000", "train_oom": "0.000", "train_wall": "8281", "train_train_wall": "7149"}
{"epoch": 45, "valid_loss": "3.894", "valid_nll_loss": "2.329", "valid_ppl": "5.02", "valid_num_updates": "40635", "valid_best_loss": "3.87825"}
| saved checkpoint checkpoints/iwslt_d4_wo/checkpoint45.pt (epoch 45 @ 40635 updates) (writing took 1.986069679260254 seconds)
{"epoch": 46, "train_loss": "3.360", "train_nll_loss": "1.867", "train_ppl": "3.65", "train_wps": "22178", "train_ups": "5", "train_wpb": "4373.327", "train_bsz": "177.452", "train_num_updates": "41538", "train_lr": "0.000155159", "train_gnorm": "0.833", "train_clip": "0.000", "train_oom": "0.000", "train_wall": "8464", "train_train_wall": "7307"}
{"epoch": 46, "valid_loss": "3.882", "valid_nll_loss": "2.318", "valid_ppl": "4.98", "valid_num_updates": "41538", "valid_best_loss": "3.87825"}
| saved checkpoint checkpoints/iwslt_d4_wo/checkpoint46.pt (epoch 46 @ 41538 updates) (writing took 1.7492914199829102 seconds)
{"epoch": 47, "train_loss": "3.348", "train_nll_loss": "1.854", "train_ppl": "3.62", "train_wps": "22186", "train_ups": "5", "train_wpb": "4373.327", "train_bsz": "177.452", "train_num_updates": "42441", "train_lr": "0.0001535", "train_gnorm": "0.837", "train_clip": "0.000", "train_oom": "0.000", "train_wall": "8646", "train_train_wall": "7466"}
{"epoch": 47, "valid_loss": "3.887", "valid_nll_loss": "2.324", "valid_ppl": "5.01", "valid_num_updates": "42441", "valid_best_loss": "3.87825"}
| saved checkpoint checkpoints/iwslt_d4_wo/checkpoint47.pt (epoch 47 @ 42441 updates) (writing took 2.0309956073760986 seconds)
{"epoch": 48, "train_loss": "3.337", "train_nll_loss": "1.841", "train_ppl": "3.58", "train_wps": "22186", "train_ups": "5", "train_wpb": "4373.327", "train_bsz": "177.452", "train_num_updates": "43344", "train_lr": "0.000151892", "train_gnorm": "0.838", "train_clip": "0.000", "train_oom": "0.000", "train_wall": "8829", "train_train_wall": "7624"}
{"epoch": 48, "valid_loss": "3.898", "valid_nll_loss": "2.329", "valid_ppl": "5.02", "valid_num_updates": "43344", "valid_best_loss": "3.87825"}
| saved checkpoint checkpoints/iwslt_d4_wo/checkpoint48.pt (epoch 48 @ 43344 updates) (writing took 2.2750489711761475 seconds)
{"epoch": 49, "train_loss": "3.328", "train_nll_loss": "1.830", "train_ppl": "3.56", "train_wps": "22169", "train_ups": "5", "train_wpb": "4373.327", "train_bsz": "177.452", "train_num_updates": "44247", "train_lr": "0.000150334", "train_gnorm": "0.841", "train_clip": "0.000", "train_oom": "0.000", "train_wall": "9012", "train_train_wall": "7783"}
{"epoch": 49, "valid_loss": "3.876", "valid_nll_loss": "2.317", "valid_ppl": "4.98", "valid_num_updates": "44247", "valid_best_loss": "3.87614"}
| saved checkpoint checkpoints/iwslt_d4_wo/checkpoint49.pt (epoch 49 @ 44247 updates) (writing took 3.5017077922821045 seconds)
{"epoch": 50, "train_loss": "3.317", "train_nll_loss": "1.817", "train_ppl": "3.52", "train_wps": "22185", "train_ups": "5", "train_wpb": "4373.327", "train_bsz": "177.452", "train_num_updates": "45150", "train_lr": "0.000148823", "train_gnorm": "0.842", "train_clip": "0.000", "train_oom": "0.000", "train_wall": "9196", "train_train_wall": "7942"}
{"epoch": 50, "valid_loss": "3.882", "valid_nll_loss": "2.320", "valid_ppl": "4.99", "valid_num_updates": "45150", "valid_best_loss": "3.87614"}
| saved checkpoint checkpoints/iwslt_d4_wo/checkpoint50.pt (epoch 50 @ 45150 updates) (writing took 1.703618049621582 seconds)
{"epoch": 51, "train_loss": "3.307", "train_nll_loss": "1.806", "train_ppl": "3.50", "train_wps": "22215", "train_ups": "5", "train_wpb": "4373.327", "train_bsz": "177.452", "train_num_updates": "46053", "train_lr": "0.000147357", "train_gnorm": "0.843", "train_clip": "0.000", "train_oom": "0.000", "train_wall": "9379", "train_train_wall": "8100"}
{"epoch": 51, "valid_loss": "3.886", "valid_nll_loss": "2.321", "valid_ppl": "5.00", "valid_num_updates": "46053", "valid_best_loss": "3.87614"}
| saved checkpoint checkpoints/iwslt_d4_wo/checkpoint51.pt (epoch 51 @ 46053 updates) (writing took 1.7049849033355713 seconds)
{"epoch": 52, "train_loss": "3.296", "train_nll_loss": "1.793", "train_ppl": "3.47", "train_wps": "22210", "train_ups": "5", "train_wpb": "4373.327", "train_bsz": "177.452", "train_num_updates": "46956", "train_lr": "0.000145933", "train_gnorm": "0.844", "train_clip": "0.000", "train_oom": "0.000", "train_wall": "9561", "train_train_wall": "8258"}
{"epoch": 52, "valid_loss": "3.899", "valid_nll_loss": "2.331", "valid_ppl": "5.03", "valid_num_updates": "46956", "valid_best_loss": "3.87614"}
| saved checkpoint checkpoints/iwslt_d4_wo/checkpoint52.pt (epoch 52 @ 46956 updates) (writing took 1.700331211090088 seconds)
{"epoch": 53, "train_loss": "3.288", "train_nll_loss": "1.784", "train_ppl": "3.44", "train_wps": "22216", "train_ups": "5", "train_wpb": "4373.327", "train_bsz": "177.452", "train_num_updates": "47859", "train_lr": "0.00014455", "train_gnorm": "0.852", "train_clip": "0.000", "train_oom": "0.000", "train_wall": "9743", "train_train_wall": "8416"}
{"epoch": 53, "valid_loss": "3.883", "valid_nll_loss": "2.320", "valid_ppl": "4.99", "valid_num_updates": "47859", "valid_best_loss": "3.87614"}
| saved checkpoint checkpoints/iwslt_d4_wo/checkpoint53.pt (epoch 53 @ 47859 updates) (writing took 1.7005336284637451 seconds)
{"epoch": 54, "train_loss": "3.278", "train_nll_loss": "1.773", "train_ppl": "3.42", "train_wps": "22178", "train_ups": "5", "train_wpb": "4373.327", "train_bsz": "177.452", "train_num_updates": "48762", "train_lr": "0.000143205", "train_gnorm": "0.850", "train_clip": "0.000", "train_oom": "0.000", "train_wall": "9925", "train_train_wall": "8575"}
{"epoch": 54, "valid_loss": "3.877", "valid_nll_loss": "2.314", "valid_ppl": "4.97", "valid_num_updates": "48762", "valid_best_loss": "3.87614"}
| saved checkpoint checkpoints/iwslt_d4_wo/checkpoint54.pt (epoch 54 @ 48762 updates) (writing took 1.6942243576049805 seconds)
{"epoch": 55, "train_loss": "3.268", "train_nll_loss": "1.761", "train_ppl": "3.39", "train_wps": "22200", "train_ups": "5", "train_wpb": "4373.327", "train_bsz": "177.452", "train_num_updates": "49665", "train_lr": "0.000141898", "train_gnorm": "0.851", "train_clip": "0.000", "train_oom": "0.000", "train_wall": "10108", "train_train_wall": "8733"}
{"epoch": 55, "valid_loss": "3.879", "valid_nll_loss": "2.317", "valid_ppl": "4.98", "valid_num_updates": "49665", "valid_best_loss": "3.87614"}
| saved checkpoint checkpoints/iwslt_d4_wo/checkpoint55.pt (epoch 55 @ 49665 updates) (writing took 1.5625102519989014 seconds)
{"epoch": 56, "train_loss": "3.260", "train_nll_loss": "1.752", "train_ppl": "3.37", "train_wps": "22197", "train_ups": "5", "train_wpb": "4373.327", "train_bsz": "177.452", "train_num_updates": "50568", "train_lr": "0.000140625", "train_gnorm": "0.855", "train_clip": "0.000", "train_oom": "0.000", "train_wall": "10290", "train_train_wall": "8892"}
{"epoch": 56, "valid_loss": "3.877", "valid_nll_loss": "2.314", "valid_ppl": "4.97", "valid_num_updates": "50568", "valid_best_loss": "3.87614"}
| saved checkpoint checkpoints/iwslt_d4_wo/checkpoint56.pt (epoch 56 @ 50568 updates) (writing took 1.6946685314178467 seconds)
{"epoch": 57, "train_loss": "3.251", "train_nll_loss": "1.742", "train_ppl": "3.34", "train_wps": "22226", "train_ups": "5", "train_wpb": "4373.327", "train_bsz": "177.452", "train_num_updates": "51471", "train_lr": "0.000139386", "train_gnorm": "0.857", "train_clip": "0.000", "train_oom": "0.000", "train_wall": "10472", "train_train_wall": "9050"}
{"epoch": 57, "valid_loss": "3.882", "valid_nll_loss": "2.318", "valid_ppl": "4.99", "valid_num_updates": "51471", "valid_best_loss": "3.87614"}
| saved checkpoint checkpoints/iwslt_d4_wo/checkpoint57.pt (epoch 57 @ 51471 updates) (writing took 1.6958990097045898 seconds)
{"epoch": 58, "train_loss": "3.243", "train_nll_loss": "1.732", "train_ppl": "3.32", "train_wps": "22224", "train_ups": "5", "train_wpb": "4373.327", "train_bsz": "177.452", "train_num_updates": "52374", "train_lr": "0.000138179", "train_gnorm": "0.859", "train_clip": "0.000", "train_oom": "0.000", "train_wall": "10654", "train_train_wall": "9208"}
{"epoch": 58, "valid_loss": "3.880", "valid_nll_loss": "2.317", "valid_ppl": "4.98", "valid_num_updates": "52374", "valid_best_loss": "3.87614"}
| saved checkpoint checkpoints/iwslt_d4_wo/checkpoint58.pt (epoch 58 @ 52374 updates) (writing took 1.6972906589508057 seconds)
{"epoch": 59, "train_loss": "3.233", "train_nll_loss": "1.720", "train_ppl": "3.30", "train_wps": "22245", "train_ups": "5", "train_wpb": "4373.327", "train_bsz": "177.452", "train_num_updates": "53277", "train_lr": "0.000137003", "train_gnorm": "0.858", "train_clip": "0.000", "train_oom": "0.000", "train_wall": "10836", "train_train_wall": "9367"}
{"epoch": 59, "valid_loss": "3.883", "valid_nll_loss": "2.319", "valid_ppl": "4.99", "valid_num_updates": "53277", "valid_best_loss": "3.87614"}
| saved checkpoint checkpoints/iwslt_d4_wo/checkpoint59.pt (epoch 59 @ 53277 updates) (writing took 1.6977458000183105 seconds)
{"epoch": 60, "train_loss": "3.227", "train_nll_loss": "1.713", "train_ppl": "3.28", "train_wps": "22238", "train_ups": "5", "train_wpb": "4373.327", "train_bsz": "177.452", "train_num_updates": "54180", "train_lr": "0.000135857", "train_gnorm": "0.864", "train_clip": "0.000", "train_oom": "0.000", "train_wall": "11018", "train_train_wall": "9525"}
{"epoch": 60, "valid_loss": "3.875", "valid_nll_loss": "2.312", "valid_ppl": "4.97", "valid_num_updates": "54180", "valid_best_loss": "3.87515"}
| saved checkpoint checkpoints/iwslt_d4_wo/checkpoint60.pt (epoch 60 @ 54180 updates) (writing took 3.1634013652801514 seconds)
{"epoch": 61, "train_loss": "3.218", "train_nll_loss": "1.703", "train_ppl": "3.26", "train_wps": "22197", "train_ups": "5", "train_wpb": "4373.327", "train_bsz": "177.452", "train_num_updates": "55083", "train_lr": "0.000134738", "train_gnorm": "0.868", "train_clip": "0.000", "train_oom": "0.000", "train_wall": "11202", "train_train_wall": "9683"}
{"epoch": 61, "valid_loss": "3.904", "valid_nll_loss": "2.337", "valid_ppl": "5.05", "valid_num_updates": "55083", "valid_best_loss": "3.87515"}
| saved checkpoint checkpoints/iwslt_d4_wo/checkpoint61.pt (epoch 61 @ 55083 updates) (writing took 1.697117805480957 seconds)
{"epoch": 62, "train_loss": "3.209", "train_nll_loss": "1.693", "train_ppl": "3.23", "train_wps": "22233", "train_ups": "5", "train_wpb": "4373.327", "train_bsz": "177.452", "train_num_updates": "55986", "train_lr": "0.000133647", "train_gnorm": "0.867", "train_clip": "0.000", "train_oom": "0.000", "train_wall": "11384", "train_train_wall": "9841"}
{"epoch": 62, "valid_loss": "3.869", "valid_nll_loss": "2.310", "valid_ppl": "4.96", "valid_num_updates": "55986", "valid_best_loss": "3.86908"}
| saved checkpoint checkpoints/iwslt_d4_wo/checkpoint62.pt (epoch 62 @ 55986 updates) (writing took 3.135805368423462 seconds)
{"epoch": 63, "train_loss": "3.202", "train_nll_loss": "1.685", "train_ppl": "3.21", "train_wps": "22237", "train_ups": "5", "train_wpb": "4373.327", "train_bsz": "177.452", "train_num_updates": "56889", "train_lr": "0.000132582", "train_gnorm": "0.870", "train_clip": "0.000", "train_oom": "0.000", "train_wall": "11567", "train_train_wall": "10000"}
{"epoch": 63, "valid_loss": "3.897", "valid_nll_loss": "2.333", "valid_ppl": "5.04", "valid_num_updates": "56889", "valid_best_loss": "3.86908"}
| saved checkpoint checkpoints/iwslt_d4_wo/checkpoint63.pt (epoch 63 @ 56889 updates) (writing took 1.6951088905334473 seconds)
{"epoch": 64, "train_loss": "3.195", "train_nll_loss": "1.677", "train_ppl": "3.20", "train_wps": "22210", "train_ups": "5", "train_wpb": "4373.327", "train_bsz": "177.452", "train_num_updates": "57792", "train_lr": "0.000131543", "train_gnorm": "0.869", "train_clip": "0.000", "train_oom": "0.000", "train_wall": "11749", "train_train_wall": "10158"}
{"epoch": 64, "valid_loss": "3.905", "valid_nll_loss": "2.335", "valid_ppl": "5.04", "valid_num_updates": "57792", "valid_best_loss": "3.86908"}
| saved checkpoint checkpoints/iwslt_d4_wo/checkpoint64.pt (epoch 64 @ 57792 updates) (writing took 1.6987981796264648 seconds)
{"epoch": 65, "train_loss": "3.189", "train_nll_loss": "1.669", "train_ppl": "3.18", "train_wps": "22228", "train_ups": "5", "train_wpb": "4373.327", "train_bsz": "177.452", "train_num_updates": "58695", "train_lr": "0.000130527", "train_gnorm": "0.873", "train_clip": "0.000", "train_oom": "0.000", "train_wall": "11931", "train_train_wall": "10316"}
{"epoch": 65, "valid_loss": "3.888", "valid_nll_loss": "2.323", "valid_ppl": "5.00", "valid_num_updates": "58695", "valid_best_loss": "3.86908"}
| saved checkpoint checkpoints/iwslt_d4_wo/checkpoint65.pt (epoch 65 @ 58695 updates) (writing took 1.6976425647735596 seconds)
{"epoch": 66, "train_loss": "3.180", "train_nll_loss": "1.659", "train_ppl": "3.16", "train_wps": "22229", "train_ups": "5", "train_wpb": "4373.327", "train_bsz": "177.452", "train_num_updates": "59598", "train_lr": "0.000129534", "train_gnorm": "0.875", "train_clip": "0.000", "train_oom": "0.000", "train_wall": "12114", "train_train_wall": "10474"}
{"epoch": 66, "valid_loss": "3.895", "valid_nll_loss": "2.333", "valid_ppl": "5.04", "valid_num_updates": "59598", "valid_best_loss": "3.86908"}
| saved checkpoint checkpoints/iwslt_d4_wo/checkpoint66.pt (epoch 66 @ 59598 updates) (writing took 1.6966869831085205 seconds)
{"epoch": 67, "train_loss": "3.152", "train_nll_loss": "1.627", "train_ppl": "3.09", "train_wps": "22221", "train_ups": "5", "train_wpb": "4389.973", "train_bsz": "183.201", "train_num_updates": "60000", "train_lr": "0.000129099", "train_gnorm": "0.869", "train_clip": "0.000", "train_oom": "0.000", "train_wall": "12197", "train_train_wall": "10545"}
{"epoch": 67, "valid_loss": "3.891", "valid_nll_loss": "2.328", "valid_ppl": "5.02", "valid_num_updates": "60000", "valid_best_loss": "3.86908"}
| saved checkpoint checkpoints/iwslt_d4_wo/checkpoint_last.pt (epoch 67 @ 60000 updates) (writing took 1.3985095024108887 seconds)
| done training in 12200.6 seconds
