Namespace(activation_dropout=0.0, activation_fn='relu', adam_betas='(0.9, 0.98)', adam_eps=1e-08, adaptive_input=False, adaptive_softmax_cutoff=None, adaptive_softmax_dropout=0, arch='transformer_iwslt_de_en', attention_dropout=0.0, best_checkpoint_metric='loss', bucket_cap_mb=25, clip_norm=25, cpu=False, criterion='label_smoothed_cross_entropy', curriculum=0, data='data-bin/iwslt14.tokenized.de-en', dataset_impl='cached', ddp_backend='c10d', decoder_attention_heads=4, decoder_embed_dim=512, decoder_embed_path=None, decoder_ffn_embed_dim=1024, decoder_input_dim=512, decoder_layers=6, decoder_learned_pos=False, decoder_normalize_before=False, decoder_output_dim=512, device_id=0, disable_validation=False, distributed_backend='nccl', distributed_init_method=None, distributed_no_spawn=False, distributed_port=-1, distributed_rank=0, distributed_world_size=1, dropout=0.3, encoder_attention_heads=4, encoder_embed_dim=512, encoder_embed_path=None, encoder_ffn_embed_dim=1024, encoder_layers=6, encoder_learned_pos=False, encoder_normalize_before=False, exp_root=0.5, find_unused_parameters=False, fix_batches_to_gpus=False, fp16=False, fp16_init_scale=128, fp16_scale_tolerance=0.0, fp16_scale_window=None, keep_interval_updates=-1, keep_last_epochs=-1, label_smoothing=0.1, lazy_load=False, left_pad_source='True', left_pad_target='False', log_format='json', log_interval=1000, lr=[0.0005], lr_scheduler='inverse_sqrt', max_epoch=0, max_sentences=None, max_sentences_valid=None, max_source_positions=1024, max_target_positions=1024, max_tokens=5000, max_tokens_valid=5000, max_update=60000, maximize_best_checkpoint_metric=False, memory_efficient_fp16=False, min_loss_scale=0.0001, min_lr=1e-09, no_epoch_checkpoints=False, no_last_checkpoints=False, no_progress_bar=True, no_save=False, no_save_optimizer_state=False, no_token_positional_embeddings=False, num_workers=0, optimizer='adam', optimizer_overrides='{}', raw_text=False, required_batch_size_multiple=8, reset_dataloader=False, reset_lr_scheduler=False, reset_meters=False, reset_optimizer=False, restore_file='checkpoint_last.pt', save_dir='checkpoints/iwslt_d6', save_interval=1, save_interval_updates=0, seed=1, sentence_avg=False, share_all_embeddings=False, share_decoder_input_output_embed=True, skip_invalid_size_inputs_valid_test=False, source_lang='de', target_lang='en', task='translation', tbmf_wrapper=False, tensorboard_logdir='', threshold_loss_scale=None, train_subset='train', update_freq=[1], upsample_primary=1, use_bmuf=False, user_dir=None, valid_subset='valid', validate_interval=1, warmup_init_lr=1e-07, warmup_updates=4000, weight_decay=0.0001)
| [de] dictionary: 8848 types
| [en] dictionary: 6632 types
| data-bin/iwslt14.tokenized.de-en valid de-en 7283 examples
TransformerModel(
  (encoder): TransformerEncoder(
    (embed_tokens): Embedding(8848, 512, padding_idx=1)
    (embed_positions): SinusoidalPositionalEmbedding()
    (layers): ModuleList(
      (0): TransformerEncoderLayer(
        (self_attn): MultiheadAttention(
          (out_proj): Linear(in_features=512, out_features=512, bias=True)
        )
        (self_attn_layer_norm): LayerNorm(torch.Size([512]), eps=1e-05, elementwise_affine=True)
        (fc1): Linear(in_features=512, out_features=1024, bias=True)
        (fc2): Linear(in_features=1024, out_features=512, bias=True)
        (final_layer_norm): LayerNorm(torch.Size([512]), eps=1e-05, elementwise_affine=True)
      )
      (1): TransformerEncoderLayer(
        (self_attn): MultiheadAttention(
          (out_proj): Linear(in_features=512, out_features=512, bias=True)
        )
        (self_attn_layer_norm): LayerNorm(torch.Size([512]), eps=1e-05, elementwise_affine=True)
        (fc1): Linear(in_features=512, out_features=1024, bias=True)
        (fc2): Linear(in_features=1024, out_features=512, bias=True)
        (final_layer_norm): LayerNorm(torch.Size([512]), eps=1e-05, elementwise_affine=True)
      )
      (2): TransformerEncoderLayer(
        (self_attn): MultiheadAttention(
          (out_proj): Linear(in_features=512, out_features=512, bias=True)
        )
        (self_attn_layer_norm): LayerNorm(torch.Size([512]), eps=1e-05, elementwise_affine=True)
        (fc1): Linear(in_features=512, out_features=1024, bias=True)
        (fc2): Linear(in_features=1024, out_features=512, bias=True)
        (final_layer_norm): LayerNorm(torch.Size([512]), eps=1e-05, elementwise_affine=True)
      )
      (3): TransformerEncoderLayer(
        (self_attn): MultiheadAttention(
          (out_proj): Linear(in_features=512, out_features=512, bias=True)
        )
        (self_attn_layer_norm): LayerNorm(torch.Size([512]), eps=1e-05, elementwise_affine=True)
        (fc1): Linear(in_features=512, out_features=1024, bias=True)
        (fc2): Linear(in_features=1024, out_features=512, bias=True)
        (final_layer_norm): LayerNorm(torch.Size([512]), eps=1e-05, elementwise_affine=True)
      )
      (4): TransformerEncoderLayer(
        (self_attn): MultiheadAttention(
          (out_proj): Linear(in_features=512, out_features=512, bias=True)
        )
        (self_attn_layer_norm): LayerNorm(torch.Size([512]), eps=1e-05, elementwise_affine=True)
        (fc1): Linear(in_features=512, out_features=1024, bias=True)
        (fc2): Linear(in_features=1024, out_features=512, bias=True)
        (final_layer_norm): LayerNorm(torch.Size([512]), eps=1e-05, elementwise_affine=True)
      )
      (5): TransformerEncoderLayer(
        (self_attn): MultiheadAttention(
          (out_proj): Linear(in_features=512, out_features=512, bias=True)
        )
        (self_attn_layer_norm): LayerNorm(torch.Size([512]), eps=1e-05, elementwise_affine=True)
        (fc1): Linear(in_features=512, out_features=1024, bias=True)
        (fc2): Linear(in_features=1024, out_features=512, bias=True)
        (final_layer_norm): LayerNorm(torch.Size([512]), eps=1e-05, elementwise_affine=True)
      )
    )
  )
  (decoder): TransformerDecoder(
    (embed_tokens): Embedding(6632, 512, padding_idx=1)
    (embed_positions): SinusoidalPositionalEmbedding()
    (layers): ModuleList(
      (0): TransformerDecoderLayer(
        (self_attn): MultiheadAttention(
          (out_proj): Linear(in_features=512, out_features=512, bias=True)
        )
        (self_attn_layer_norm): LayerNorm(torch.Size([512]), eps=1e-05, elementwise_affine=True)
        (encoder_attn): MultiheadAttention(
          (out_proj): Linear(in_features=512, out_features=512, bias=True)
        )
        (encoder_attn_layer_norm): LayerNorm(torch.Size([512]), eps=1e-05, elementwise_affine=True)
        (fc1): Linear(in_features=512, out_features=1024, bias=True)
        (fc2): Linear(in_features=1024, out_features=512, bias=True)
        (final_layer_norm): LayerNorm(torch.Size([512]), eps=1e-05, elementwise_affine=True)
      )
      (1): TransformerDecoderLayer(
        (self_attn): MultiheadAttention(
          (out_proj): Linear(in_features=512, out_features=512, bias=True)
        )
        (self_attn_layer_norm): LayerNorm(torch.Size([512]), eps=1e-05, elementwise_affine=True)
        (encoder_attn): MultiheadAttention(
          (out_proj): Linear(in_features=512, out_features=512, bias=True)
        )
        (encoder_attn_layer_norm): LayerNorm(torch.Size([512]), eps=1e-05, elementwise_affine=True)
        (fc1): Linear(in_features=512, out_features=1024, bias=True)
        (fc2): Linear(in_features=1024, out_features=512, bias=True)
        (final_layer_norm): LayerNorm(torch.Size([512]), eps=1e-05, elementwise_affine=True)
      )
      (2): TransformerDecoderLayer(
        (self_attn): MultiheadAttention(
          (out_proj): Linear(in_features=512, out_features=512, bias=True)
        )
        (self_attn_layer_norm): LayerNorm(torch.Size([512]), eps=1e-05, elementwise_affine=True)
        (encoder_attn): MultiheadAttention(
          (out_proj): Linear(in_features=512, out_features=512, bias=True)
        )
        (encoder_attn_layer_norm): LayerNorm(torch.Size([512]), eps=1e-05, elementwise_affine=True)
        (fc1): Linear(in_features=512, out_features=1024, bias=True)
        (fc2): Linear(in_features=1024, out_features=512, bias=True)
        (final_layer_norm): LayerNorm(torch.Size([512]), eps=1e-05, elementwise_affine=True)
      )
      (3): TransformerDecoderLayer(
        (self_attn): MultiheadAttention(
          (out_proj): Linear(in_features=512, out_features=512, bias=True)
        )
        (self_attn_layer_norm): LayerNorm(torch.Size([512]), eps=1e-05, elementwise_affine=True)
        (encoder_attn): MultiheadAttention(
          (out_proj): Linear(in_features=512, out_features=512, bias=True)
        )
        (encoder_attn_layer_norm): LayerNorm(torch.Size([512]), eps=1e-05, elementwise_affine=True)
        (fc1): Linear(in_features=512, out_features=1024, bias=True)
        (fc2): Linear(in_features=1024, out_features=512, bias=True)
        (final_layer_norm): LayerNorm(torch.Size([512]), eps=1e-05, elementwise_affine=True)
      )
      (4): TransformerDecoderLayer(
        (self_attn): MultiheadAttention(
          (out_proj): Linear(in_features=512, out_features=512, bias=True)
        )
        (self_attn_layer_norm): LayerNorm(torch.Size([512]), eps=1e-05, elementwise_affine=True)
        (encoder_attn): MultiheadAttention(
          (out_proj): Linear(in_features=512, out_features=512, bias=True)
        )
        (encoder_attn_layer_norm): LayerNorm(torch.Size([512]), eps=1e-05, elementwise_affine=True)
        (fc1): Linear(in_features=512, out_features=1024, bias=True)
        (fc2): Linear(in_features=1024, out_features=512, bias=True)
        (final_layer_norm): LayerNorm(torch.Size([512]), eps=1e-05, elementwise_affine=True)
      )
      (5): TransformerDecoderLayer(
        (self_attn): MultiheadAttention(
          (out_proj): Linear(in_features=512, out_features=512, bias=True)
        )
        (self_attn_layer_norm): LayerNorm(torch.Size([512]), eps=1e-05, elementwise_affine=True)
        (encoder_attn): MultiheadAttention(
          (out_proj): Linear(in_features=512, out_features=512, bias=True)
        )
        (encoder_attn_layer_norm): LayerNorm(torch.Size([512]), eps=1e-05, elementwise_affine=True)
        (fc1): Linear(in_features=512, out_features=1024, bias=True)
        (fc2): Linear(in_features=1024, out_features=512, bias=True)
        (final_layer_norm): LayerNorm(torch.Size([512]), eps=1e-05, elementwise_affine=True)
      )
    )
  )
)
| model transformer_iwslt_de_en, criterion LabelSmoothedCrossEntropyCriterion
| num. model params: 39469056 (num. trained: 39469056)
| training on 1 GPUs
| max tokens per GPU = 5000 and max sentences per GPU = None
| no existing checkpoint found checkpoints/iwslt_d6/checkpoint_last.pt
| loading train data for epoch 0
| data-bin/iwslt14.tokenized.de-en train de-en 160239 examples
| NOTICE: your device may support faster training with --fp16
{"epoch": 1, "train_loss": "9.777", "train_nll_loss": "9.287", "train_ppl": "624.72", "train_wps": "19819", "train_ups": "4", "train_wpb": "4373.327", "train_bsz": "177.452", "train_num_updates": "903", "train_lr": "0.000112952", "train_gnorm": "1.649", "train_clip": "0.000", "train_oom": "0.000", "train_wall": "201", "train_train_wall": "173"}
{"epoch": 1, "valid_loss": "8.548", "valid_nll_loss": "7.819", "valid_ppl": "225.75", "valid_num_updates": "903"}
| saved checkpoint checkpoints/iwslt_d6/checkpoint1.pt (epoch 1 @ 903 updates) (writing took 1.1109888553619385 seconds)
{"epoch": 2, "train_loss": "8.232", "train_nll_loss": "7.487", "train_ppl": "179.36", "train_wps": "21937", "train_ups": "5", "train_wpb": "4373.327", "train_bsz": "177.452", "train_num_updates": "1806", "train_lr": "0.000225805", "train_gnorm": "1.287", "train_clip": "0.000", "train_oom": "0.000", "train_wall": "385", "train_train_wall": "333"}
{"epoch": 2, "valid_loss": "7.744", "valid_nll_loss": "6.874", "valid_ppl": "117.27", "valid_num_updates": "1806", "valid_best_loss": "7.74445"}
| saved checkpoint checkpoints/iwslt_d6/checkpoint2.pt (epoch 2 @ 1806 updates) (writing took 3.0695011615753174 seconds)
{"epoch": 3, "train_loss": "7.640", "train_nll_loss": "6.798", "train_ppl": "111.28", "train_wps": "21915", "train_ups": "5", "train_wpb": "4373.327", "train_bsz": "177.452", "train_num_updates": "2709", "train_lr": "0.000338657", "train_gnorm": "1.087", "train_clip": "0.000", "train_oom": "0.000", "train_wall": "571", "train_train_wall": "492"}
{"epoch": 3, "valid_loss": "7.346", "valid_nll_loss": "6.393", "valid_ppl": "84.02", "valid_num_updates": "2709", "valid_best_loss": "7.34633"}
| saved checkpoint checkpoints/iwslt_d6/checkpoint3.pt (epoch 3 @ 2709 updates) (writing took 3.0912961959838867 seconds)
{"epoch": 4, "train_loss": "7.165", "train_nll_loss": "6.246", "train_ppl": "75.91", "train_wps": "21885", "train_ups": "5", "train_wpb": "4373.327", "train_bsz": "177.452", "train_num_updates": "3612", "train_lr": "0.00045151", "train_gnorm": "1.027", "train_clip": "0.000", "train_oom": "0.000", "train_wall": "757", "train_train_wall": "652"}
{"epoch": 4, "valid_loss": "6.717", "valid_nll_loss": "5.663", "valid_ppl": "50.67", "valid_num_updates": "3612", "valid_best_loss": "6.7174"}
| saved checkpoint checkpoints/iwslt_d6/checkpoint4.pt (epoch 4 @ 3612 updates) (writing took 3.0696210861206055 seconds)
{"epoch": 5, "train_loss": "6.574", "train_nll_loss": "5.559", "train_ppl": "47.15", "train_wps": "21912", "train_ups": "5", "train_wpb": "4373.327", "train_bsz": "177.452", "train_num_updates": "4515", "train_lr": "0.000470621", "train_gnorm": "1.060", "train_clip": "0.000", "train_oom": "0.000", "train_wall": "943", "train_train_wall": "812"}
{"epoch": 5, "valid_loss": "6.025", "valid_nll_loss": "4.837", "valid_ppl": "28.58", "valid_num_updates": "4515", "valid_best_loss": "6.02477"}
| saved checkpoint checkpoints/iwslt_d6/checkpoint5.pt (epoch 5 @ 4515 updates) (writing took 2.9563894271850586 seconds)
{"epoch": 6, "train_loss": "5.972", "train_nll_loss": "4.859", "train_ppl": "29.01", "train_wps": "21922", "train_ups": "5", "train_wpb": "4373.327", "train_bsz": "177.452", "train_num_updates": "5418", "train_lr": "0.000429616", "train_gnorm": "1.052", "train_clip": "0.000", "train_oom": "0.000", "train_wall": "1129", "train_train_wall": "971"}
{"epoch": 6, "valid_loss": "5.565", "valid_nll_loss": "4.268", "valid_ppl": "19.26", "valid_num_updates": "5418", "valid_best_loss": "5.56513"}
| saved checkpoint checkpoints/iwslt_d6/checkpoint6.pt (epoch 6 @ 5418 updates) (writing took 3.0921719074249268 seconds)
{"epoch": 7, "train_loss": "5.527", "train_nll_loss": "4.340", "train_ppl": "20.25", "train_wps": "21904", "train_ups": "5", "train_wpb": "4373.327", "train_bsz": "177.452", "train_num_updates": "6321", "train_lr": "0.000397747", "train_gnorm": "0.990", "train_clip": "0.000", "train_oom": "0.000", "train_wall": "1315", "train_train_wall": "1131"}
{"epoch": 7, "valid_loss": "5.134", "valid_nll_loss": "3.766", "valid_ppl": "13.61", "valid_num_updates": "6321", "valid_best_loss": "5.13383"}
| saved checkpoint checkpoints/iwslt_d6/checkpoint7.pt (epoch 7 @ 6321 updates) (writing took 3.0919690132141113 seconds)
{"epoch": 8, "train_loss": "5.184", "train_nll_loss": "3.942", "train_ppl": "15.37", "train_wps": "21893", "train_ups": "5", "train_wpb": "4373.327", "train_bsz": "177.452", "train_num_updates": "7224", "train_lr": "0.000372058", "train_gnorm": "0.946", "train_clip": "0.000", "train_oom": "0.000", "train_wall": "1501", "train_train_wall": "1291"}
{"epoch": 8, "valid_loss": "4.867", "valid_nll_loss": "3.453", "valid_ppl": "10.95", "valid_num_updates": "7224", "valid_best_loss": "4.86726"}
| saved checkpoint checkpoints/iwslt_d6/checkpoint8.pt (epoch 8 @ 7224 updates) (writing took 3.098731517791748 seconds)
{"epoch": 9, "train_loss": "4.940", "train_nll_loss": "3.662", "train_ppl": "12.66", "train_wps": "21996", "train_ups": "5", "train_wpb": "4373.327", "train_bsz": "177.452", "train_num_updates": "8127", "train_lr": "0.00035078", "train_gnorm": "0.913", "train_clip": "0.000", "train_oom": "0.000", "train_wall": "1686", "train_train_wall": "1451"}
{"epoch": 9, "valid_loss": "4.696", "valid_nll_loss": "3.249", "valid_ppl": "9.51", "valid_num_updates": "8127", "valid_best_loss": "4.6965"}
| saved checkpoint checkpoints/iwslt_d6/checkpoint9.pt (epoch 9 @ 8127 updates) (writing took 3.09816312789917 seconds)
{"epoch": 10, "train_loss": "4.755", "train_nll_loss": "3.450", "train_ppl": "10.93", "train_wps": "21975", "train_ups": "5", "train_wpb": "4373.327", "train_bsz": "177.452", "train_num_updates": "9030", "train_lr": "0.000332779", "train_gnorm": "0.891", "train_clip": "0.000", "train_oom": "0.000", "train_wall": "1872", "train_train_wall": "1610"}
{"epoch": 10, "valid_loss": "4.563", "valid_nll_loss": "3.101", "valid_ppl": "8.58", "valid_num_updates": "9030", "valid_best_loss": "4.56278"}
| saved checkpoint checkpoints/iwslt_d6/checkpoint10.pt (epoch 10 @ 9030 updates) (writing took 3.091339349746704 seconds)
{"epoch": 11, "train_loss": "4.609", "train_nll_loss": "3.284", "train_ppl": "9.74", "train_wps": "22099", "train_ups": "5", "train_wpb": "4373.327", "train_bsz": "177.452", "train_num_updates": "9933", "train_lr": "0.000317292", "train_gnorm": "0.870", "train_clip": "0.000", "train_oom": "0.000", "train_wall": "2057", "train_train_wall": "1770"}
{"epoch": 11, "valid_loss": "4.475", "valid_nll_loss": "3.000", "valid_ppl": "8.00", "valid_num_updates": "9933", "valid_best_loss": "4.47513"}
| saved checkpoint checkpoints/iwslt_d6/checkpoint11.pt (epoch 11 @ 9933 updates) (writing took 3.0903477668762207 seconds)
{"epoch": 12, "train_loss": "4.493", "train_nll_loss": "3.153", "train_ppl": "8.89", "train_wps": "22116", "train_ups": "5", "train_wpb": "4373.327", "train_bsz": "177.452", "train_num_updates": "10836", "train_lr": "0.000303784", "train_gnorm": "0.853", "train_clip": "0.000", "train_oom": "0.000", "train_wall": "2241", "train_train_wall": "1929"}
{"epoch": 12, "valid_loss": "4.362", "valid_nll_loss": "2.876", "valid_ppl": "7.34", "valid_num_updates": "10836", "valid_best_loss": "4.36208"}
| saved checkpoint checkpoints/iwslt_d6/checkpoint12.pt (epoch 12 @ 10836 updates) (writing took 3.0927329063415527 seconds)
{"epoch": 13, "train_loss": "4.392", "train_nll_loss": "3.039", "train_ppl": "8.22", "train_wps": "21928", "train_ups": "5", "train_wpb": "4373.327", "train_bsz": "177.452", "train_num_updates": "11739", "train_lr": "0.000291867", "train_gnorm": "0.835", "train_clip": "0.000", "train_oom": "0.000", "train_wall": "2427", "train_train_wall": "2088"}
{"epoch": 13, "valid_loss": "4.330", "valid_nll_loss": "2.827", "valid_ppl": "7.10", "valid_num_updates": "11739", "valid_best_loss": "4.33018"}
| saved checkpoint checkpoints/iwslt_d6/checkpoint13.pt (epoch 13 @ 11739 updates) (writing took 2.929798126220703 seconds)
{"epoch": 14, "train_loss": "4.311", "train_nll_loss": "2.947", "train_ppl": "7.71", "train_wps": "21926", "train_ups": "5", "train_wpb": "4373.327", "train_bsz": "177.452", "train_num_updates": "12642", "train_lr": "0.00028125", "train_gnorm": "0.826", "train_clip": "0.000", "train_oom": "0.000", "train_wall": "2613", "train_train_wall": "2248"}
{"epoch": 14, "valid_loss": "4.266", "valid_nll_loss": "2.748", "valid_ppl": "6.72", "valid_num_updates": "12642", "valid_best_loss": "4.2657"}
| saved checkpoint checkpoints/iwslt_d6/checkpoint14.pt (epoch 14 @ 12642 updates) (writing took 3.0821452140808105 seconds)
{"epoch": 15, "train_loss": "4.241", "train_nll_loss": "2.868", "train_ppl": "7.30", "train_wps": "21944", "train_ups": "5", "train_wpb": "4373.327", "train_bsz": "177.452", "train_num_updates": "13545", "train_lr": "0.000271713", "train_gnorm": "0.815", "train_clip": "0.000", "train_oom": "0.000", "train_wall": "2798", "train_train_wall": "2408"}
{"epoch": 15, "valid_loss": "4.223", "valid_nll_loss": "2.701", "valid_ppl": "6.50", "valid_num_updates": "13545", "valid_best_loss": "4.22269"}
| saved checkpoint checkpoints/iwslt_d6/checkpoint15.pt (epoch 15 @ 13545 updates) (writing took 3.081583261489868 seconds)
{"epoch": 16, "train_loss": "4.180", "train_nll_loss": "2.800", "train_ppl": "6.96", "train_wps": "22086", "train_ups": "5", "train_wpb": "4373.327", "train_bsz": "177.452", "train_num_updates": "14448", "train_lr": "0.000263085", "train_gnorm": "0.807", "train_clip": "0.000", "train_oom": "0.000", "train_wall": "2983", "train_train_wall": "2567"}
{"epoch": 16, "valid_loss": "4.176", "valid_nll_loss": "2.655", "valid_ppl": "6.30", "valid_num_updates": "14448", "valid_best_loss": "4.17586"}
| saved checkpoint checkpoints/iwslt_d6/checkpoint16.pt (epoch 16 @ 14448 updates) (writing took 3.098923683166504 seconds)
{"epoch": 17, "train_loss": "4.129", "train_nll_loss": "2.742", "train_ppl": "6.69", "train_wps": "22099", "train_ups": "5", "train_wpb": "4373.327", "train_bsz": "177.452", "train_num_updates": "15351", "train_lr": "0.00025523", "train_gnorm": "0.803", "train_clip": "0.000", "train_oom": "0.000", "train_wall": "3168", "train_train_wall": "2726"}
{"epoch": 17, "valid_loss": "4.157", "valid_nll_loss": "2.631", "valid_ppl": "6.20", "valid_num_updates": "15351", "valid_best_loss": "4.15664"}
| saved checkpoint checkpoints/iwslt_d6/checkpoint17.pt (epoch 17 @ 15351 updates) (writing took 3.089613199234009 seconds)
{"epoch": 18, "train_loss": "4.080", "train_nll_loss": "2.687", "train_ppl": "6.44", "train_wps": "22129", "train_ups": "5", "train_wpb": "4373.327", "train_bsz": "177.452", "train_num_updates": "16254", "train_lr": "0.000248039", "train_gnorm": "0.795", "train_clip": "0.000", "train_oom": "0.000", "train_wall": "3352", "train_train_wall": "2885"}
{"epoch": 18, "valid_loss": "4.101", "valid_nll_loss": "2.575", "valid_ppl": "5.96", "valid_num_updates": "16254", "valid_best_loss": "4.10077"}
| saved checkpoint checkpoints/iwslt_d6/checkpoint18.pt (epoch 18 @ 16254 updates) (writing took 3.0890209674835205 seconds)
{"epoch": 19, "train_loss": "4.038", "train_nll_loss": "2.640", "train_ppl": "6.23", "train_wps": "22104", "train_ups": "5", "train_wpb": "4373.327", "train_bsz": "177.452", "train_num_updates": "17157", "train_lr": "0.000241423", "train_gnorm": "0.790", "train_clip": "0.000", "train_oom": "0.000", "train_wall": "3536", "train_train_wall": "3045"}
{"epoch": 19, "valid_loss": "4.110", "valid_nll_loss": "2.574", "valid_ppl": "5.95", "valid_num_updates": "17157", "valid_best_loss": "4.10077"}
| saved checkpoint checkpoints/iwslt_d6/checkpoint19.pt (epoch 19 @ 17157 updates) (writing took 1.70912766456604 seconds)
{"epoch": 20, "train_loss": "3.998", "train_nll_loss": "2.594", "train_ppl": "6.04", "train_wps": "22094", "train_ups": "5", "train_wpb": "4373.327", "train_bsz": "177.452", "train_num_updates": "18060", "train_lr": "0.00023531", "train_gnorm": "0.785", "train_clip": "0.000", "train_oom": "0.000", "train_wall": "3719", "train_train_wall": "3204"}
{"epoch": 20, "valid_loss": "4.079", "valid_nll_loss": "2.540", "valid_ppl": "5.82", "valid_num_updates": "18060", "valid_best_loss": "4.07905"}
| saved checkpoint checkpoints/iwslt_d6/checkpoint20.pt (epoch 20 @ 18060 updates) (writing took 3.0870044231414795 seconds)
{"epoch": 21, "train_loss": "3.964", "train_nll_loss": "2.556", "train_ppl": "5.88", "train_wps": "22098", "train_ups": "5", "train_wpb": "4373.327", "train_bsz": "177.452", "train_num_updates": "18963", "train_lr": "0.000229639", "train_gnorm": "0.783", "train_clip": "0.000", "train_oom": "0.000", "train_wall": "3904", "train_train_wall": "3363"}
{"epoch": 21, "valid_loss": "4.072", "valid_nll_loss": "2.529", "valid_ppl": "5.77", "valid_num_updates": "18963", "valid_best_loss": "4.07233"}
| saved checkpoint checkpoints/iwslt_d6/checkpoint21.pt (epoch 21 @ 18963 updates) (writing took 3.0920796394348145 seconds)
{"epoch": 22, "train_loss": "3.932", "train_nll_loss": "2.520", "train_ppl": "5.74", "train_wps": "22123", "train_ups": "5", "train_wpb": "4373.327", "train_bsz": "177.452", "train_num_updates": "19866", "train_lr": "0.00022436", "train_gnorm": "0.782", "train_clip": "0.000", "train_oom": "0.000", "train_wall": "4088", "train_train_wall": "3522"}
{"epoch": 22, "valid_loss": "4.040", "valid_nll_loss": "2.496", "valid_ppl": "5.64", "valid_num_updates": "19866", "valid_best_loss": "4.03952"}
| saved checkpoint checkpoints/iwslt_d6/checkpoint22.pt (epoch 22 @ 19866 updates) (writing took 3.143888235092163 seconds)
{"epoch": 23, "train_loss": "3.901", "train_nll_loss": "2.485", "train_ppl": "5.60", "train_wps": "22137", "train_ups": "5", "train_wpb": "4373.327", "train_bsz": "177.452", "train_num_updates": "20769", "train_lr": "0.000219428", "train_gnorm": "0.776", "train_clip": "0.000", "train_oom": "0.000", "train_wall": "4272", "train_train_wall": "3681"}
{"epoch": 23, "valid_loss": "4.041", "valid_nll_loss": "2.494", "valid_ppl": "5.63", "valid_num_updates": "20769", "valid_best_loss": "4.03952"}
| saved checkpoint checkpoints/iwslt_d6/checkpoint23.pt (epoch 23 @ 20769 updates) (writing took 1.7044014930725098 seconds)
{"epoch": 24, "train_loss": "3.875", "train_nll_loss": "2.455", "train_ppl": "5.48", "train_wps": "22087", "train_ups": "5", "train_wpb": "4373.327", "train_bsz": "177.452", "train_num_updates": "21672", "train_lr": "0.000214808", "train_gnorm": "0.777", "train_clip": "0.000", "train_oom": "0.000", "train_wall": "4456", "train_train_wall": "3841"}
{"epoch": 24, "valid_loss": "4.014", "valid_nll_loss": "2.464", "valid_ppl": "5.52", "valid_num_updates": "21672", "valid_best_loss": "4.01434"}
| saved checkpoint checkpoints/iwslt_d6/checkpoint24.pt (epoch 24 @ 21672 updates) (writing took 3.1072473526000977 seconds)
{"epoch": 25, "train_loss": "3.849", "train_nll_loss": "2.426", "train_ppl": "5.37", "train_wps": "22097", "train_ups": "5", "train_wpb": "4373.327", "train_bsz": "177.452", "train_num_updates": "22575", "train_lr": "0.000210468", "train_gnorm": "0.773", "train_clip": "0.000", "train_oom": "0.000", "train_wall": "4640", "train_train_wall": "4000"}
{"epoch": 25, "valid_loss": "4.038", "valid_nll_loss": "2.485", "valid_ppl": "5.60", "valid_num_updates": "22575", "valid_best_loss": "4.01434"}
| saved checkpoint checkpoints/iwslt_d6/checkpoint25.pt (epoch 25 @ 22575 updates) (writing took 1.7056639194488525 seconds)
{"epoch": 26, "train_loss": "3.825", "train_nll_loss": "2.399", "train_ppl": "5.27", "train_wps": "22093", "train_ups": "5", "train_wpb": "4373.327", "train_bsz": "177.452", "train_num_updates": "23478", "train_lr": "0.000206381", "train_gnorm": "0.772", "train_clip": "0.000", "train_oom": "0.000", "train_wall": "4823", "train_train_wall": "4159"}
{"epoch": 26, "valid_loss": "3.979", "valid_nll_loss": "2.427", "valid_ppl": "5.38", "valid_num_updates": "23478", "valid_best_loss": "3.97888"}
| saved checkpoint checkpoints/iwslt_d6/checkpoint26.pt (epoch 26 @ 23478 updates) (writing took 3.1329994201660156 seconds)
{"epoch": 27, "train_loss": "3.803", "train_nll_loss": "2.374", "train_ppl": "5.18", "train_wps": "22097", "train_ups": "5", "train_wpb": "4373.327", "train_bsz": "177.452", "train_num_updates": "24381", "train_lr": "0.000202523", "train_gnorm": "0.771", "train_clip": "0.000", "train_oom": "0.000", "train_wall": "5008", "train_train_wall": "4319"}
{"epoch": 27, "valid_loss": "4.004", "valid_nll_loss": "2.452", "valid_ppl": "5.47", "valid_num_updates": "24381", "valid_best_loss": "3.97888"}
| saved checkpoint checkpoints/iwslt_d6/checkpoint27.pt (epoch 27 @ 24381 updates) (writing took 1.7068045139312744 seconds)
{"epoch": 28, "train_loss": "3.782", "train_nll_loss": "2.349", "train_ppl": "5.09", "train_wps": "22101", "train_ups": "5", "train_wpb": "4373.327", "train_bsz": "177.452", "train_num_updates": "25284", "train_lr": "0.000198874", "train_gnorm": "0.771", "train_clip": "0.000", "train_oom": "0.000", "train_wall": "5191", "train_train_wall": "4478"}
{"epoch": 28, "valid_loss": "3.963", "valid_nll_loss": "2.413", "valid_ppl": "5.33", "valid_num_updates": "25284", "valid_best_loss": "3.963"}
| saved checkpoint checkpoints/iwslt_d6/checkpoint28.pt (epoch 28 @ 25284 updates) (writing took 3.0903053283691406 seconds)
{"epoch": 29, "train_loss": "3.763", "train_nll_loss": "2.328", "train_ppl": "5.02", "train_wps": "22094", "train_ups": "5", "train_wpb": "4373.327", "train_bsz": "177.452", "train_num_updates": "26187", "train_lr": "0.000195415", "train_gnorm": "0.769", "train_clip": "0.000", "train_oom": "0.000", "train_wall": "5376", "train_train_wall": "4637"}
{"epoch": 29, "valid_loss": "3.978", "valid_nll_loss": "2.424", "valid_ppl": "5.36", "valid_num_updates": "26187", "valid_best_loss": "3.963"}
| saved checkpoint checkpoints/iwslt_d6/checkpoint29.pt (epoch 29 @ 26187 updates) (writing took 1.7058665752410889 seconds)
{"epoch": 30, "train_loss": "3.744", "train_nll_loss": "2.307", "train_ppl": "4.95", "train_wps": "22115", "train_ups": "5", "train_wpb": "4373.327", "train_bsz": "177.452", "train_num_updates": "27090", "train_lr": "0.00019213", "train_gnorm": "0.771", "train_clip": "0.000", "train_oom": "0.000", "train_wall": "5559", "train_train_wall": "4797"}
{"epoch": 30, "valid_loss": "3.949", "valid_nll_loss": "2.394", "valid_ppl": "5.25", "valid_num_updates": "27090", "valid_best_loss": "3.94861"}
| saved checkpoint checkpoints/iwslt_d6/checkpoint30.pt (epoch 30 @ 27090 updates) (writing took 3.09893536567688 seconds)
{"epoch": 31, "train_loss": "3.727", "train_nll_loss": "2.287", "train_ppl": "4.88", "train_wps": "22101", "train_ups": "5", "train_wpb": "4373.327", "train_bsz": "177.452", "train_num_updates": "27993", "train_lr": "0.000189006", "train_gnorm": "0.773", "train_clip": "0.000", "train_oom": "0.000", "train_wall": "5743", "train_train_wall": "4956"}
{"epoch": 31, "valid_loss": "3.949", "valid_nll_loss": "2.391", "valid_ppl": "5.24", "valid_num_updates": "27993", "valid_best_loss": "3.94861"}
| saved checkpoint checkpoints/iwslt_d6/checkpoint31.pt (epoch 31 @ 27993 updates) (writing took 1.704063892364502 seconds)
{"epoch": 32, "train_loss": "3.710", "train_nll_loss": "2.267", "train_ppl": "4.81", "train_wps": "22132", "train_ups": "5", "train_wpb": "4373.327", "train_bsz": "177.452", "train_num_updates": "28896", "train_lr": "0.000186029", "train_gnorm": "0.771", "train_clip": "0.000", "train_oom": "0.000", "train_wall": "5926", "train_train_wall": "5115"}
{"epoch": 32, "valid_loss": "3.952", "valid_nll_loss": "2.391", "valid_ppl": "5.25", "valid_num_updates": "28896", "valid_best_loss": "3.94861"}
| saved checkpoint checkpoints/iwslt_d6/checkpoint32.pt (epoch 32 @ 28896 updates) (writing took 1.7229933738708496 seconds)
{"epoch": 33, "train_loss": "3.695", "train_nll_loss": "2.251", "train_ppl": "4.76", "train_wps": "22105", "train_ups": "5", "train_wpb": "4373.327", "train_bsz": "177.452", "train_num_updates": "29799", "train_lr": "0.000183189", "train_gnorm": "0.772", "train_clip": "0.000", "train_oom": "0.000", "train_wall": "6109", "train_train_wall": "5274"}
{"epoch": 33, "valid_loss": "3.954", "valid_nll_loss": "2.393", "valid_ppl": "5.25", "valid_num_updates": "29799", "valid_best_loss": "3.94861"}
| saved checkpoint checkpoints/iwslt_d6/checkpoint33.pt (epoch 33 @ 29799 updates) (writing took 1.7672011852264404 seconds)
{"epoch": 34, "train_loss": "3.681", "train_nll_loss": "2.234", "train_ppl": "4.70", "train_wps": "22090", "train_ups": "5", "train_wpb": "4373.327", "train_bsz": "177.452", "train_num_updates": "30702", "train_lr": "0.000180475", "train_gnorm": "0.770", "train_clip": "0.000", "train_oom": "0.000", "train_wall": "6292", "train_train_wall": "5434"}
{"epoch": 34, "valid_loss": "3.951", "valid_nll_loss": "2.388", "valid_ppl": "5.23", "valid_num_updates": "30702", "valid_best_loss": "3.94861"}
| saved checkpoint checkpoints/iwslt_d6/checkpoint34.pt (epoch 34 @ 30702 updates) (writing took 1.7106289863586426 seconds)
{"epoch": 35, "train_loss": "3.665", "train_nll_loss": "2.216", "train_ppl": "4.65", "train_wps": "22109", "train_ups": "5", "train_wpb": "4373.327", "train_bsz": "177.452", "train_num_updates": "31605", "train_lr": "0.000177878", "train_gnorm": "0.769", "train_clip": "0.000", "train_oom": "0.000", "train_wall": "6475", "train_train_wall": "5593"}
{"epoch": 35, "valid_loss": "3.926", "valid_nll_loss": "2.361", "valid_ppl": "5.14", "valid_num_updates": "31605", "valid_best_loss": "3.92641"}
| saved checkpoint checkpoints/iwslt_d6/checkpoint35.pt (epoch 35 @ 31605 updates) (writing took 3.265273332595825 seconds)
{"epoch": 36, "train_loss": "3.652", "train_nll_loss": "2.201", "train_ppl": "4.60", "train_wps": "22105", "train_ups": "5", "train_wpb": "4373.327", "train_bsz": "177.452", "train_num_updates": "32508", "train_lr": "0.00017539", "train_gnorm": "0.774", "train_clip": "0.000", "train_oom": "0.000", "train_wall": "6660", "train_train_wall": "5752"}
{"epoch": 36, "valid_loss": "3.926", "valid_nll_loss": "2.362", "valid_ppl": "5.14", "valid_num_updates": "32508", "valid_best_loss": "3.92603"}
| saved checkpoint checkpoints/iwslt_d6/checkpoint36.pt (epoch 36 @ 32508 updates) (writing took 3.116682529449463 seconds)
{"epoch": 37, "train_loss": "3.639", "train_nll_loss": "2.186", "train_ppl": "4.55", "train_wps": "22122", "train_ups": "5", "train_wpb": "4373.327", "train_bsz": "177.452", "train_num_updates": "33411", "train_lr": "0.000173004", "train_gnorm": "0.773", "train_clip": "0.000", "train_oom": "0.000", "train_wall": "6844", "train_train_wall": "5911"}
{"epoch": 37, "valid_loss": "3.939", "valid_nll_loss": "2.373", "valid_ppl": "5.18", "valid_num_updates": "33411", "valid_best_loss": "3.92603"}
| saved checkpoint checkpoints/iwslt_d6/checkpoint37.pt (epoch 37 @ 33411 updates) (writing took 1.718625545501709 seconds)
{"epoch": 38, "train_loss": "3.625", "train_nll_loss": "2.170", "train_ppl": "4.50", "train_wps": "22128", "train_ups": "5", "train_wpb": "4373.327", "train_bsz": "177.452", "train_num_updates": "34314", "train_lr": "0.000170712", "train_gnorm": "0.772", "train_clip": "0.000", "train_oom": "0.000", "train_wall": "7027", "train_train_wall": "6070"}
{"epoch": 38, "valid_loss": "3.932", "valid_nll_loss": "2.364", "valid_ppl": "5.15", "valid_num_updates": "34314", "valid_best_loss": "3.92603"}
| saved checkpoint checkpoints/iwslt_d6/checkpoint38.pt (epoch 38 @ 34314 updates) (writing took 1.7109355926513672 seconds)
{"epoch": 39, "train_loss": "3.616", "train_nll_loss": "2.160", "train_ppl": "4.47", "train_wps": "22122", "train_ups": "5", "train_wpb": "4373.327", "train_bsz": "177.452", "train_num_updates": "35217", "train_lr": "0.000168509", "train_gnorm": "0.775", "train_clip": "0.000", "train_oom": "0.000", "train_wall": "7210", "train_train_wall": "6229"}
{"epoch": 39, "valid_loss": "3.929", "valid_nll_loss": "2.361", "valid_ppl": "5.14", "valid_num_updates": "35217", "valid_best_loss": "3.92603"}
| saved checkpoint checkpoints/iwslt_d6/checkpoint39.pt (epoch 39 @ 35217 updates) (writing took 1.7054789066314697 seconds)
{"epoch": 40, "train_loss": "3.603", "train_nll_loss": "2.146", "train_ppl": "4.42", "train_wps": "22112", "train_ups": "5", "train_wpb": "4373.327", "train_bsz": "177.452", "train_num_updates": "36120", "train_lr": "0.00016639", "train_gnorm": "0.775", "train_clip": "0.000", "train_oom": "0.000", "train_wall": "7393", "train_train_wall": "6389"}
{"epoch": 40, "valid_loss": "3.911", "valid_nll_loss": "2.347", "valid_ppl": "5.09", "valid_num_updates": "36120", "valid_best_loss": "3.91108"}
| saved checkpoint checkpoints/iwslt_d6/checkpoint40.pt (epoch 40 @ 36120 updates) (writing took 3.089796543121338 seconds)
{"epoch": 41, "train_loss": "3.590", "train_nll_loss": "2.130", "train_ppl": "4.38", "train_wps": "22125", "train_ups": "5", "train_wpb": "4373.327", "train_bsz": "177.452", "train_num_updates": "37023", "train_lr": "0.000164348", "train_gnorm": "0.775", "train_clip": "0.000", "train_oom": "0.000", "train_wall": "7577", "train_train_wall": "6548"}
{"epoch": 41, "valid_loss": "3.906", "valid_nll_loss": "2.343", "valid_ppl": "5.07", "valid_num_updates": "37023", "valid_best_loss": "3.90594"}
| saved checkpoint checkpoints/iwslt_d6/checkpoint41.pt (epoch 41 @ 37023 updates) (writing took 3.1179325580596924 seconds)
{"epoch": 42, "train_loss": "3.577", "train_nll_loss": "2.116", "train_ppl": "4.33", "train_wps": "22128", "train_ups": "5", "train_wpb": "4373.327", "train_bsz": "177.452", "train_num_updates": "37926", "train_lr": "0.00016238", "train_gnorm": "0.780", "train_clip": "0.000", "train_oom": "0.000", "train_wall": "7762", "train_train_wall": "6707"}
{"epoch": 42, "valid_loss": "3.898", "valid_nll_loss": "2.335", "valid_ppl": "5.05", "valid_num_updates": "37926", "valid_best_loss": "3.89827"}
| saved checkpoint checkpoints/iwslt_d6/checkpoint42.pt (epoch 42 @ 37926 updates) (writing took 3.0873606204986572 seconds)
{"epoch": 43, "train_loss": "3.566", "train_nll_loss": "2.102", "train_ppl": "4.29", "train_wps": "22127", "train_ups": "5", "train_wpb": "4373.327", "train_bsz": "177.452", "train_num_updates": "38829", "train_lr": "0.00016048", "train_gnorm": "0.780", "train_clip": "0.000", "train_oom": "0.000", "train_wall": "7946", "train_train_wall": "6866"}
{"epoch": 43, "valid_loss": "3.886", "valid_nll_loss": "2.321", "valid_ppl": "5.00", "valid_num_updates": "38829", "valid_best_loss": "3.88586"}
| saved checkpoint checkpoints/iwslt_d6/checkpoint43.pt (epoch 43 @ 38829 updates) (writing took 3.1990408897399902 seconds)
{"epoch": 44, "train_loss": "3.554", "train_nll_loss": "2.089", "train_ppl": "4.26", "train_wps": "22123", "train_ups": "5", "train_wpb": "4373.327", "train_bsz": "177.452", "train_num_updates": "39732", "train_lr": "0.000158646", "train_gnorm": "0.780", "train_clip": "0.000", "train_oom": "0.000", "train_wall": "8130", "train_train_wall": "7025"}
{"epoch": 44, "valid_loss": "3.895", "valid_nll_loss": "2.325", "valid_ppl": "5.01", "valid_num_updates": "39732", "valid_best_loss": "3.88586"}
| saved checkpoint checkpoints/iwslt_d6/checkpoint44.pt (epoch 44 @ 39732 updates) (writing took 1.7039952278137207 seconds)
{"epoch": 45, "train_loss": "3.542", "train_nll_loss": "2.076", "train_ppl": "4.21", "train_wps": "22056", "train_ups": "5", "train_wpb": "4373.327", "train_bsz": "177.452", "train_num_updates": "40635", "train_lr": "0.000156874", "train_gnorm": "0.783", "train_clip": "0.000", "train_oom": "0.000", "train_wall": "8314", "train_train_wall": "7184"}
{"epoch": 45, "valid_loss": "3.897", "valid_nll_loss": "2.329", "valid_ppl": "5.03", "valid_num_updates": "40635", "valid_best_loss": "3.88586"}
| saved checkpoint checkpoints/iwslt_d6/checkpoint45.pt (epoch 45 @ 40635 updates) (writing took 1.7064085006713867 seconds)
{"epoch": 46, "train_loss": "3.529", "train_nll_loss": "2.060", "train_ppl": "4.17", "train_wps": "22134", "train_ups": "5", "train_wpb": "4373.327", "train_bsz": "177.452", "train_num_updates": "41538", "train_lr": "0.000155159", "train_gnorm": "0.782", "train_clip": "0.000", "train_oom": "0.000", "train_wall": "8497", "train_train_wall": "7343"}
{"epoch": 46, "valid_loss": "3.896", "valid_nll_loss": "2.326", "valid_ppl": "5.02", "valid_num_updates": "41538", "valid_best_loss": "3.88586"}
| saved checkpoint checkpoints/iwslt_d6/checkpoint46.pt (epoch 46 @ 41538 updates) (writing took 1.7087831497192383 seconds)
{"epoch": 47, "train_loss": "3.520", "train_nll_loss": "2.050", "train_ppl": "4.14", "train_wps": "22145", "train_ups": "5", "train_wpb": "4373.327", "train_bsz": "177.452", "train_num_updates": "42441", "train_lr": "0.0001535", "train_gnorm": "0.785", "train_clip": "0.000", "train_oom": "0.000", "train_wall": "8679", "train_train_wall": "7502"}
{"epoch": 47, "valid_loss": "3.894", "valid_nll_loss": "2.328", "valid_ppl": "5.02", "valid_num_updates": "42441", "valid_best_loss": "3.88586"}
| saved checkpoint checkpoints/iwslt_d6/checkpoint47.pt (epoch 47 @ 42441 updates) (writing took 1.7196898460388184 seconds)
{"epoch": 48, "train_loss": "3.509", "train_nll_loss": "2.036", "train_ppl": "4.10", "train_wps": "22171", "train_ups": "5", "train_wpb": "4373.327", "train_bsz": "177.452", "train_num_updates": "43344", "train_lr": "0.000151892", "train_gnorm": "0.788", "train_clip": "0.000", "train_oom": "0.000", "train_wall": "8862", "train_train_wall": "7661"}
{"epoch": 48, "valid_loss": "3.901", "valid_nll_loss": "2.330", "valid_ppl": "5.03", "valid_num_updates": "43344", "valid_best_loss": "3.88586"}
| saved checkpoint checkpoints/iwslt_d6/checkpoint48.pt (epoch 48 @ 43344 updates) (writing took 1.7078678607940674 seconds)
{"epoch": 49, "train_loss": "3.499", "train_nll_loss": "2.025", "train_ppl": "4.07", "train_wps": "22161", "train_ups": "5", "train_wpb": "4373.327", "train_bsz": "177.452", "train_num_updates": "44247", "train_lr": "0.000150334", "train_gnorm": "0.790", "train_clip": "0.000", "train_oom": "0.000", "train_wall": "9045", "train_train_wall": "7820"}
{"epoch": 49, "valid_loss": "3.878", "valid_nll_loss": "2.308", "valid_ppl": "4.95", "valid_num_updates": "44247", "valid_best_loss": "3.87802"}
| saved checkpoint checkpoints/iwslt_d6/checkpoint49.pt (epoch 49 @ 44247 updates) (writing took 3.1318459510803223 seconds)
{"epoch": 50, "train_loss": "3.488", "train_nll_loss": "2.013", "train_ppl": "4.04", "train_wps": "22148", "train_ups": "5", "train_wpb": "4373.327", "train_bsz": "177.452", "train_num_updates": "45150", "train_lr": "0.000148823", "train_gnorm": "0.789", "train_clip": "0.000", "train_oom": "0.000", "train_wall": "9229", "train_train_wall": "7979"}
{"epoch": 50, "valid_loss": "3.876", "valid_nll_loss": "2.309", "valid_ppl": "4.96", "valid_num_updates": "45150", "valid_best_loss": "3.87551"}
| saved checkpoint checkpoints/iwslt_d6/checkpoint50.pt (epoch 50 @ 45150 updates) (writing took 3.087137460708618 seconds)
{"epoch": 51, "train_loss": "3.479", "train_nll_loss": "2.002", "train_ppl": "4.01", "train_wps": "22135", "train_ups": "5", "train_wpb": "4373.327", "train_bsz": "177.452", "train_num_updates": "46053", "train_lr": "0.000147357", "train_gnorm": "0.793", "train_clip": "0.000", "train_oom": "0.000", "train_wall": "9413", "train_train_wall": "8138"}
{"epoch": 51, "valid_loss": "3.891", "valid_nll_loss": "2.320", "valid_ppl": "4.99", "valid_num_updates": "46053", "valid_best_loss": "3.87551"}
| saved checkpoint checkpoints/iwslt_d6/checkpoint51.pt (epoch 51 @ 46053 updates) (writing took 1.7007887363433838 seconds)
{"epoch": 52, "train_loss": "3.470", "train_nll_loss": "1.992", "train_ppl": "3.98", "train_wps": "22143", "train_ups": "5", "train_wpb": "4373.327", "train_bsz": "177.452", "train_num_updates": "46956", "train_lr": "0.000145933", "train_gnorm": "0.793", "train_clip": "0.000", "train_oom": "0.000", "train_wall": "9596", "train_train_wall": "8297"}
{"epoch": 52, "valid_loss": "3.888", "valid_nll_loss": "2.317", "valid_ppl": "4.98", "valid_num_updates": "46956", "valid_best_loss": "3.87551"}
| saved checkpoint checkpoints/iwslt_d6/checkpoint52.pt (epoch 52 @ 46956 updates) (writing took 1.703371524810791 seconds)
{"epoch": 53, "train_loss": "3.460", "train_nll_loss": "1.981", "train_ppl": "3.95", "train_wps": "22164", "train_ups": "5", "train_wpb": "4373.327", "train_bsz": "177.452", "train_num_updates": "47859", "train_lr": "0.00014455", "train_gnorm": "0.797", "train_clip": "0.000", "train_oom": "0.000", "train_wall": "9778", "train_train_wall": "8456"}
{"epoch": 53, "valid_loss": "3.881", "valid_nll_loss": "2.312", "valid_ppl": "4.96", "valid_num_updates": "47859", "valid_best_loss": "3.87551"}
| saved checkpoint checkpoints/iwslt_d6/checkpoint53.pt (epoch 53 @ 47859 updates) (writing took 1.707995891571045 seconds)
{"epoch": 54, "train_loss": "3.451", "train_nll_loss": "1.970", "train_ppl": "3.92", "train_wps": "22161", "train_ups": "5", "train_wpb": "4373.327", "train_bsz": "177.452", "train_num_updates": "48762", "train_lr": "0.000143205", "train_gnorm": "0.798", "train_clip": "0.000", "train_oom": "0.000", "train_wall": "9961", "train_train_wall": "8615"}
{"epoch": 54, "valid_loss": "3.877", "valid_nll_loss": "2.311", "valid_ppl": "4.96", "valid_num_updates": "48762", "valid_best_loss": "3.87551"}
| saved checkpoint checkpoints/iwslt_d6/checkpoint54.pt (epoch 54 @ 48762 updates) (writing took 1.7047686576843262 seconds)
{"epoch": 55, "train_loss": "3.442", "train_nll_loss": "1.960", "train_ppl": "3.89", "train_wps": "22141", "train_ups": "5", "train_wpb": "4373.327", "train_bsz": "177.452", "train_num_updates": "49665", "train_lr": "0.000141898", "train_gnorm": "0.801", "train_clip": "0.000", "train_oom": "0.000", "train_wall": "10144", "train_train_wall": "8774"}
{"epoch": 55, "valid_loss": "3.877", "valid_nll_loss": "2.310", "valid_ppl": "4.96", "valid_num_updates": "49665", "valid_best_loss": "3.87551"}
| saved checkpoint checkpoints/iwslt_d6/checkpoint55.pt (epoch 55 @ 49665 updates) (writing took 1.70497465133667 seconds)
{"epoch": 56, "train_loss": "3.434", "train_nll_loss": "1.951", "train_ppl": "3.87", "train_wps": "22132", "train_ups": "5", "train_wpb": "4373.327", "train_bsz": "177.452", "train_num_updates": "50568", "train_lr": "0.000140625", "train_gnorm": "0.803", "train_clip": "0.000", "train_oom": "0.000", "train_wall": "10326", "train_train_wall": "8933"}
{"epoch": 56, "valid_loss": "3.866", "valid_nll_loss": "2.298", "valid_ppl": "4.92", "valid_num_updates": "50568", "valid_best_loss": "3.86605"}
| saved checkpoint checkpoints/iwslt_d6/checkpoint56.pt (epoch 56 @ 50568 updates) (writing took 3.087409257888794 seconds)
{"epoch": 57, "train_loss": "3.425", "train_nll_loss": "1.940", "train_ppl": "3.84", "train_wps": "22140", "train_ups": "5", "train_wpb": "4373.327", "train_bsz": "177.452", "train_num_updates": "51471", "train_lr": "0.000139386", "train_gnorm": "0.804", "train_clip": "0.000", "train_oom": "0.000", "train_wall": "10511", "train_train_wall": "9092"}
{"epoch": 57, "valid_loss": "3.875", "valid_nll_loss": "2.302", "valid_ppl": "4.93", "valid_num_updates": "51471", "valid_best_loss": "3.86605"}
| saved checkpoint checkpoints/iwslt_d6/checkpoint57.pt (epoch 57 @ 51471 updates) (writing took 1.7028741836547852 seconds)
{"epoch": 58, "train_loss": "3.419", "train_nll_loss": "1.933", "train_ppl": "3.82", "train_wps": "22159", "train_ups": "5", "train_wpb": "4373.327", "train_bsz": "177.452", "train_num_updates": "52374", "train_lr": "0.000138179", "train_gnorm": "0.806", "train_clip": "0.000", "train_oom": "0.000", "train_wall": "10693", "train_train_wall": "9251"}
{"epoch": 58, "valid_loss": "3.869", "valid_nll_loss": "2.300", "valid_ppl": "4.92", "valid_num_updates": "52374", "valid_best_loss": "3.86605"}
| saved checkpoint checkpoints/iwslt_d6/checkpoint58.pt (epoch 58 @ 52374 updates) (writing took 1.707200050354004 seconds)
{"epoch": 59, "train_loss": "3.409", "train_nll_loss": "1.922", "train_ppl": "3.79", "train_wps": "22171", "train_ups": "5", "train_wpb": "4373.327", "train_bsz": "177.452", "train_num_updates": "53277", "train_lr": "0.000137003", "train_gnorm": "0.807", "train_clip": "0.000", "train_oom": "0.000", "train_wall": "10876", "train_train_wall": "9409"}
{"epoch": 59, "valid_loss": "3.872", "valid_nll_loss": "2.301", "valid_ppl": "4.93", "valid_num_updates": "53277", "valid_best_loss": "3.86605"}
| saved checkpoint checkpoints/iwslt_d6/checkpoint59.pt (epoch 59 @ 53277 updates) (writing took 1.7032768726348877 seconds)
{"epoch": 60, "train_loss": "3.401", "train_nll_loss": "1.913", "train_ppl": "3.76", "train_wps": "22129", "train_ups": "5", "train_wpb": "4373.327", "train_bsz": "177.452", "train_num_updates": "54180", "train_lr": "0.000135857", "train_gnorm": "0.811", "train_clip": "0.000", "train_oom": "0.000", "train_wall": "11059", "train_train_wall": "9569"}
{"epoch": 60, "valid_loss": "3.865", "valid_nll_loss": "2.295", "valid_ppl": "4.91", "valid_num_updates": "54180", "valid_best_loss": "3.8646"}
| saved checkpoint checkpoints/iwslt_d6/checkpoint60.pt (epoch 60 @ 54180 updates) (writing took 2.9248251914978027 seconds)
{"epoch": 61, "train_loss": "3.394", "train_nll_loss": "1.904", "train_ppl": "3.74", "train_wps": "22123", "train_ups": "5", "train_wpb": "4373.327", "train_bsz": "177.452", "train_num_updates": "55083", "train_lr": "0.000134738", "train_gnorm": "0.811", "train_clip": "0.000", "train_oom": "0.000", "train_wall": "11243", "train_train_wall": "9728"}
{"epoch": 61, "valid_loss": "3.887", "valid_nll_loss": "2.317", "valid_ppl": "4.98", "valid_num_updates": "55083", "valid_best_loss": "3.8646"}
| saved checkpoint checkpoints/iwslt_d6/checkpoint61.pt (epoch 61 @ 55083 updates) (writing took 1.703629732131958 seconds)
{"epoch": 62, "train_loss": "3.386", "train_nll_loss": "1.895", "train_ppl": "3.72", "train_wps": "22150", "train_ups": "5", "train_wpb": "4373.327", "train_bsz": "177.452", "train_num_updates": "55986", "train_lr": "0.000133647", "train_gnorm": "0.814", "train_clip": "0.000", "train_oom": "0.000", "train_wall": "11426", "train_train_wall": "9887"}
{"epoch": 62, "valid_loss": "3.854", "valid_nll_loss": "2.289", "valid_ppl": "4.89", "valid_num_updates": "55986", "valid_best_loss": "3.85375"}
| saved checkpoint checkpoints/iwslt_d6/checkpoint62.pt (epoch 62 @ 55986 updates) (writing took 3.056438684463501 seconds)
{"epoch": 63, "train_loss": "3.378", "train_nll_loss": "1.886", "train_ppl": "3.70", "train_wps": "22108", "train_ups": "5", "train_wpb": "4373.327", "train_bsz": "177.452", "train_num_updates": "56889", "train_lr": "0.000132582", "train_gnorm": "0.814", "train_clip": "0.000", "train_oom": "0.000", "train_wall": "11610", "train_train_wall": "10046"}
{"epoch": 63, "valid_loss": "3.885", "valid_nll_loss": "2.316", "valid_ppl": "4.98", "valid_num_updates": "56889", "valid_best_loss": "3.85375"}
| saved checkpoint checkpoints/iwslt_d6/checkpoint63.pt (epoch 63 @ 56889 updates) (writing took 1.714494228363037 seconds)
{"epoch": 64, "train_loss": "3.371", "train_nll_loss": "1.877", "train_ppl": "3.67", "train_wps": "22131", "train_ups": "5", "train_wpb": "4373.327", "train_bsz": "177.452", "train_num_updates": "57792", "train_lr": "0.000131543", "train_gnorm": "0.818", "train_clip": "0.000", "train_oom": "0.000", "train_wall": "11793", "train_train_wall": "10205"}
{"epoch": 64, "valid_loss": "3.905", "valid_nll_loss": "2.330", "valid_ppl": "5.03", "valid_num_updates": "57792", "valid_best_loss": "3.85375"}
| saved checkpoint checkpoints/iwslt_d6/checkpoint64.pt (epoch 64 @ 57792 updates) (writing took 1.713789463043213 seconds)
{"epoch": 65, "train_loss": "3.364", "train_nll_loss": "1.869", "train_ppl": "3.65", "train_wps": "22114", "train_ups": "5", "train_wpb": "4373.327", "train_bsz": "177.452", "train_num_updates": "58695", "train_lr": "0.000130527", "train_gnorm": "0.819", "train_clip": "0.000", "train_oom": "0.000", "train_wall": "11976", "train_train_wall": "10364"}
{"epoch": 65, "valid_loss": "3.876", "valid_nll_loss": "2.303", "valid_ppl": "4.93", "valid_num_updates": "58695", "valid_best_loss": "3.85375"}
| saved checkpoint checkpoints/iwslt_d6/checkpoint65.pt (epoch 65 @ 58695 updates) (writing took 1.7126646041870117 seconds)
{"epoch": 66, "train_loss": "3.357", "train_nll_loss": "1.862", "train_ppl": "3.63", "train_wps": "22108", "train_ups": "5", "train_wpb": "4373.327", "train_bsz": "177.452", "train_num_updates": "59598", "train_lr": "0.000129534", "train_gnorm": "0.820", "train_clip": "0.000", "train_oom": "0.000", "train_wall": "12159", "train_train_wall": "10523"}
{"epoch": 66, "valid_loss": "3.875", "valid_nll_loss": "2.308", "valid_ppl": "4.95", "valid_num_updates": "59598", "valid_best_loss": "3.85375"}
| saved checkpoint checkpoints/iwslt_d6/checkpoint66.pt (epoch 66 @ 59598 updates) (writing took 1.7150661945343018 seconds)
{"epoch": 67, "train_loss": "3.326", "train_nll_loss": "1.826", "train_ppl": "3.55", "train_wps": "22131", "train_ups": "5", "train_wpb": "4389.973", "train_bsz": "183.201", "train_num_updates": "60000", "train_lr": "0.000129099", "train_gnorm": "0.816", "train_clip": "0.000", "train_oom": "0.000", "train_wall": "12243", "train_train_wall": "10594"}
{"epoch": 67, "valid_loss": "3.870", "valid_nll_loss": "2.300", "valid_ppl": "4.92", "valid_num_updates": "60000", "valid_best_loss": "3.85375"}
| saved checkpoint checkpoints/iwslt_d6/checkpoint_last.pt (epoch 67 @ 60000 updates) (writing took 1.4216244220733643 seconds)
| done training in 12246.3 seconds
