Namespace(activation_dropout=0.0, activation_fn='relu', adam_betas='(0.9, 0.98)', adam_eps=1e-08, adaptive_input=False, adaptive_softmax_cutoff=None, adaptive_softmax_dropout=0, arch='transformer_iwslt_de_en', attention_dropout=0.0, best_checkpoint_metric='loss', bucket_cap_mb=25, clip_norm=25, cpu=False, criterion='label_smoothed_cross_entropy', curriculum=0, data='data-bin/iwslt14.tokenized.de-en', dataset_impl='cached', ddp_backend='c10d', decoder_attention_heads=4, decoder_embed_dim=512, decoder_embed_path=None, decoder_ffn_embed_dim=1024, decoder_input_dim=512, decoder_layers=6, decoder_learned_pos=False, decoder_normalize_before=False, decoder_output_dim=512, device_id=0, disable_validation=False, distributed_backend='nccl', distributed_init_method=None, distributed_no_spawn=False, distributed_port=-1, distributed_rank=0, distributed_world_size=1, dropout=0.3, encoder_attention_heads=4, encoder_embed_dim=512, encoder_embed_path=None, encoder_ffn_embed_dim=1024, encoder_layers=6, encoder_learned_pos=False, encoder_normalize_before=False, exp_root=0.5, find_unused_parameters=False, fix_batches_to_gpus=False, fp16=False, fp16_init_scale=128, fp16_scale_tolerance=0.0, fp16_scale_window=None, keep_interval_updates=-1, keep_last_epochs=-1, label_smoothing=0.1, lazy_load=False, left_pad_source='True', left_pad_target='False', log_format='json', log_interval=1000, lr=[0.0005], lr_scheduler='inverse_sqrt', max_epoch=0, max_sentences=None, max_sentences_valid=None, max_source_positions=1024, max_target_positions=1024, max_tokens=5000, max_tokens_valid=5000, max_update=60000, maximize_best_checkpoint_metric=False, memory_efficient_fp16=False, min_loss_scale=0.0001, min_lr=1e-09, no_epoch_checkpoints=False, no_last_checkpoints=False, no_progress_bar=True, no_save=False, no_save_optimizer_state=False, no_token_positional_embeddings=False, num_workers=0, optimizer='adam', optimizer_overrides='{}', raw_text=False, required_batch_size_multiple=8, reset_dataloader=False, reset_lr_scheduler=False, reset_meters=False, reset_optimizer=False, restore_file='checkpoint_last.pt', save_dir='checkpoints/iwslt_d8', save_interval=1, save_interval_updates=0, seed=1, sentence_avg=False, share_all_embeddings=False, share_decoder_input_output_embed=True, skip_invalid_size_inputs_valid_test=False, source_lang='de', target_lang='en', task='translation', tbmf_wrapper=False, tensorboard_logdir='', threshold_loss_scale=None, train_subset='train', update_freq=[1], upsample_primary=1, use_bmuf=False, user_dir=None, valid_subset='valid', validate_interval=1, warmup_init_lr=1e-07, warmup_updates=4000, weight_decay=0.0001)
| [de] dictionary: 8848 types
| [en] dictionary: 6632 types
| data-bin/iwslt14.tokenized.de-en valid de-en 7283 examples
TransformerModel(
  (encoder): TransformerEncoder(
    (embed_tokens): Embedding(8848, 512, padding_idx=1)
    (embed_positions): SinusoidalPositionalEmbedding()
    (layers): ModuleList(
      (0): TransformerEncoderLayer(
        (self_attn): MultiheadAttention(
          (out_proj): Linear(in_features=512, out_features=512, bias=True)
        )
        (self_attn_layer_norm): LayerNorm(torch.Size([512]), eps=1e-05, elementwise_affine=True)
        (fc1): Linear(in_features=512, out_features=1024, bias=True)
        (fc2): Linear(in_features=1024, out_features=512, bias=True)
        (final_layer_norm): LayerNorm(torch.Size([512]), eps=1e-05, elementwise_affine=True)
      )
      (1): TransformerEncoderLayer(
        (self_attn): MultiheadAttention(
          (out_proj): Linear(in_features=512, out_features=512, bias=True)
        )
        (self_attn_layer_norm): LayerNorm(torch.Size([512]), eps=1e-05, elementwise_affine=True)
        (fc1): Linear(in_features=512, out_features=1024, bias=True)
        (fc2): Linear(in_features=1024, out_features=512, bias=True)
        (final_layer_norm): LayerNorm(torch.Size([512]), eps=1e-05, elementwise_affine=True)
      )
      (2): TransformerEncoderLayer(
        (self_attn): MultiheadAttention(
          (out_proj): Linear(in_features=512, out_features=512, bias=True)
        )
        (self_attn_layer_norm): LayerNorm(torch.Size([512]), eps=1e-05, elementwise_affine=True)
        (fc1): Linear(in_features=512, out_features=1024, bias=True)
        (fc2): Linear(in_features=1024, out_features=512, bias=True)
        (final_layer_norm): LayerNorm(torch.Size([512]), eps=1e-05, elementwise_affine=True)
      )
      (3): TransformerEncoderLayer(
        (self_attn): MultiheadAttention(
          (out_proj): Linear(in_features=512, out_features=512, bias=True)
        )
        (self_attn_layer_norm): LayerNorm(torch.Size([512]), eps=1e-05, elementwise_affine=True)
        (fc1): Linear(in_features=512, out_features=1024, bias=True)
        (fc2): Linear(in_features=1024, out_features=512, bias=True)
        (final_layer_norm): LayerNorm(torch.Size([512]), eps=1e-05, elementwise_affine=True)
      )
      (4): TransformerEncoderLayer(
        (self_attn): MultiheadAttention(
          (out_proj): Linear(in_features=512, out_features=512, bias=True)
        )
        (self_attn_layer_norm): LayerNorm(torch.Size([512]), eps=1e-05, elementwise_affine=True)
        (fc1): Linear(in_features=512, out_features=1024, bias=True)
        (fc2): Linear(in_features=1024, out_features=512, bias=True)
        (final_layer_norm): LayerNorm(torch.Size([512]), eps=1e-05, elementwise_affine=True)
      )
      (5): TransformerEncoderLayer(
        (self_attn): MultiheadAttention(
          (out_proj): Linear(in_features=512, out_features=512, bias=True)
        )
        (self_attn_layer_norm): LayerNorm(torch.Size([512]), eps=1e-05, elementwise_affine=True)
        (fc1): Linear(in_features=512, out_features=1024, bias=True)
        (fc2): Linear(in_features=1024, out_features=512, bias=True)
        (final_layer_norm): LayerNorm(torch.Size([512]), eps=1e-05, elementwise_affine=True)
      )
    )
  )
  (decoder): TransformerDecoder(
    (embed_tokens): Embedding(6632, 512, padding_idx=1)
    (embed_positions): SinusoidalPositionalEmbedding()
    (layers): ModuleList(
      (0): TransformerDecoderLayer(
        (self_attn): MultiheadAttention(
          (out_proj): Linear(in_features=512, out_features=512, bias=True)
        )
        (self_attn_layer_norm): LayerNorm(torch.Size([512]), eps=1e-05, elementwise_affine=True)
        (encoder_attn): MultiheadAttention(
          (out_proj): Linear(in_features=512, out_features=512, bias=True)
        )
        (encoder_attn_layer_norm): LayerNorm(torch.Size([512]), eps=1e-05, elementwise_affine=True)
        (fc1): Linear(in_features=512, out_features=1024, bias=True)
        (fc2): Linear(in_features=1024, out_features=512, bias=True)
        (final_layer_norm): LayerNorm(torch.Size([512]), eps=1e-05, elementwise_affine=True)
      )
      (1): TransformerDecoderLayer(
        (self_attn): MultiheadAttention(
          (out_proj): Linear(in_features=512, out_features=512, bias=True)
        )
        (self_attn_layer_norm): LayerNorm(torch.Size([512]), eps=1e-05, elementwise_affine=True)
        (encoder_attn): MultiheadAttention(
          (out_proj): Linear(in_features=512, out_features=512, bias=True)
        )
        (encoder_attn_layer_norm): LayerNorm(torch.Size([512]), eps=1e-05, elementwise_affine=True)
        (fc1): Linear(in_features=512, out_features=1024, bias=True)
        (fc2): Linear(in_features=1024, out_features=512, bias=True)
        (final_layer_norm): LayerNorm(torch.Size([512]), eps=1e-05, elementwise_affine=True)
      )
      (2): TransformerDecoderLayer(
        (self_attn): MultiheadAttention(
          (out_proj): Linear(in_features=512, out_features=512, bias=True)
        )
        (self_attn_layer_norm): LayerNorm(torch.Size([512]), eps=1e-05, elementwise_affine=True)
        (encoder_attn): MultiheadAttention(
          (out_proj): Linear(in_features=512, out_features=512, bias=True)
        )
        (encoder_attn_layer_norm): LayerNorm(torch.Size([512]), eps=1e-05, elementwise_affine=True)
        (fc1): Linear(in_features=512, out_features=1024, bias=True)
        (fc2): Linear(in_features=1024, out_features=512, bias=True)
        (final_layer_norm): LayerNorm(torch.Size([512]), eps=1e-05, elementwise_affine=True)
      )
      (3): TransformerDecoderLayer(
        (self_attn): MultiheadAttention(
          (out_proj): Linear(in_features=512, out_features=512, bias=True)
        )
        (self_attn_layer_norm): LayerNorm(torch.Size([512]), eps=1e-05, elementwise_affine=True)
        (encoder_attn): MultiheadAttention(
          (out_proj): Linear(in_features=512, out_features=512, bias=True)
        )
        (encoder_attn_layer_norm): LayerNorm(torch.Size([512]), eps=1e-05, elementwise_affine=True)
        (fc1): Linear(in_features=512, out_features=1024, bias=True)
        (fc2): Linear(in_features=1024, out_features=512, bias=True)
        (final_layer_norm): LayerNorm(torch.Size([512]), eps=1e-05, elementwise_affine=True)
      )
      (4): TransformerDecoderLayer(
        (self_attn): MultiheadAttention(
          (out_proj): Linear(in_features=512, out_features=512, bias=True)
        )
        (self_attn_layer_norm): LayerNorm(torch.Size([512]), eps=1e-05, elementwise_affine=True)
        (encoder_attn): MultiheadAttention(
          (out_proj): Linear(in_features=512, out_features=512, bias=True)
        )
        (encoder_attn_layer_norm): LayerNorm(torch.Size([512]), eps=1e-05, elementwise_affine=True)
        (fc1): Linear(in_features=512, out_features=1024, bias=True)
        (fc2): Linear(in_features=1024, out_features=512, bias=True)
        (final_layer_norm): LayerNorm(torch.Size([512]), eps=1e-05, elementwise_affine=True)
      )
      (5): TransformerDecoderLayer(
        (self_attn): MultiheadAttention(
          (out_proj): Linear(in_features=512, out_features=512, bias=True)
        )
        (self_attn_layer_norm): LayerNorm(torch.Size([512]), eps=1e-05, elementwise_affine=True)
        (encoder_attn): MultiheadAttention(
          (out_proj): Linear(in_features=512, out_features=512, bias=True)
        )
        (encoder_attn_layer_norm): LayerNorm(torch.Size([512]), eps=1e-05, elementwise_affine=True)
        (fc1): Linear(in_features=512, out_features=1024, bias=True)
        (fc2): Linear(in_features=1024, out_features=512, bias=True)
        (final_layer_norm): LayerNorm(torch.Size([512]), eps=1e-05, elementwise_affine=True)
      )
    )
  )
)
| model transformer_iwslt_de_en, criterion LabelSmoothedCrossEntropyCriterion
| num. model params: 39469056 (num. trained: 39469056)
| training on 1 GPUs
| max tokens per GPU = 5000 and max sentences per GPU = None
| no existing checkpoint found checkpoints/iwslt_d8/checkpoint_last.pt
| loading train data for epoch 0
| data-bin/iwslt14.tokenized.de-en train de-en 160239 examples
| NOTICE: your device may support faster training with --fp16
{"epoch": 1, "train_loss": "9.777", "train_nll_loss": "9.288", "train_ppl": "624.97", "train_wps": "21761", "train_ups": "5", "train_wpb": "4373.327", "train_bsz": "177.452", "train_num_updates": "903", "train_lr": "0.000112952", "train_gnorm": "1.642", "train_clip": "0.000", "train_oom": "0.000", "train_wall": "183", "train_train_wall": "160"}
{"epoch": 1, "valid_loss": "8.540", "valid_nll_loss": "7.802", "valid_ppl": "223.22", "valid_num_updates": "903"}
| saved checkpoint checkpoints/iwslt_d8/checkpoint1.pt (epoch 1 @ 903 updates) (writing took 1.424304485321045 seconds)
{"epoch": 2, "train_loss": "8.227", "train_nll_loss": "7.482", "train_ppl": "178.72", "train_wps": "21764", "train_ups": "5", "train_wpb": "4373.327", "train_bsz": "177.452", "train_num_updates": "1806", "train_lr": "0.000225805", "train_gnorm": "1.272", "train_clip": "0.000", "train_oom": "0.000", "train_wall": "369", "train_train_wall": "321"}
{"epoch": 2, "valid_loss": "7.738", "valid_nll_loss": "6.866", "valid_ppl": "116.64", "valid_num_updates": "1806", "valid_best_loss": "7.73753"}
| saved checkpoint checkpoints/iwslt_d8/checkpoint2.pt (epoch 2 @ 1806 updates) (writing took 3.1025664806365967 seconds)
{"epoch": 3, "train_loss": "7.637", "train_nll_loss": "6.795", "train_ppl": "111.01", "train_wps": "21730", "train_ups": "5", "train_wpb": "4373.327", "train_bsz": "177.452", "train_num_updates": "2709", "train_lr": "0.000338657", "train_gnorm": "1.083", "train_clip": "0.000", "train_oom": "0.000", "train_wall": "557", "train_train_wall": "482"}
{"epoch": 3, "valid_loss": "7.364", "valid_nll_loss": "6.414", "valid_ppl": "85.30", "valid_num_updates": "2709", "valid_best_loss": "7.36443"}
| saved checkpoint checkpoints/iwslt_d8/checkpoint3.pt (epoch 3 @ 2709 updates) (writing took 3.887218713760376 seconds)
{"epoch": 4, "train_loss": "7.155", "train_nll_loss": "6.235", "train_ppl": "75.30", "train_wps": "21787", "train_ups": "5", "train_wpb": "4373.327", "train_bsz": "177.452", "train_num_updates": "3612", "train_lr": "0.00045151", "train_gnorm": "1.042", "train_clip": "0.000", "train_oom": "0.000", "train_wall": "744", "train_train_wall": "642"}
{"epoch": 4, "valid_loss": "6.669", "valid_nll_loss": "5.605", "valid_ppl": "48.68", "valid_num_updates": "3612", "valid_best_loss": "6.66917"}
| saved checkpoint checkpoints/iwslt_d8/checkpoint4.pt (epoch 4 @ 3612 updates) (writing took 3.0990071296691895 seconds)
{"epoch": 5, "train_loss": "6.547", "train_nll_loss": "5.528", "train_ppl": "46.15", "train_wps": "21877", "train_ups": "5", "train_wpb": "4373.327", "train_bsz": "177.452", "train_num_updates": "4515", "train_lr": "0.000470621", "train_gnorm": "1.047", "train_clip": "0.000", "train_oom": "0.000", "train_wall": "931", "train_train_wall": "802"}
{"epoch": 5, "valid_loss": "5.998", "valid_nll_loss": "4.803", "valid_ppl": "27.92", "valid_num_updates": "4515", "valid_best_loss": "5.99793"}
| saved checkpoint checkpoints/iwslt_d8/checkpoint5.pt (epoch 5 @ 4515 updates) (writing took 3.0848898887634277 seconds)
{"epoch": 6, "train_loss": "5.954", "train_nll_loss": "4.838", "train_ppl": "28.61", "train_wps": "21963", "train_ups": "5", "train_wpb": "4373.327", "train_bsz": "177.452", "train_num_updates": "5418", "train_lr": "0.000429616", "train_gnorm": "1.029", "train_clip": "0.000", "train_oom": "0.000", "train_wall": "1116", "train_train_wall": "962"}
{"epoch": 6, "valid_loss": "5.511", "valid_nll_loss": "4.209", "valid_ppl": "18.50", "valid_num_updates": "5418", "valid_best_loss": "5.51052"}
| saved checkpoint checkpoints/iwslt_d8/checkpoint6.pt (epoch 6 @ 5418 updates) (writing took 3.1664059162139893 seconds)
{"epoch": 7, "train_loss": "5.511", "train_nll_loss": "4.321", "train_ppl": "19.99", "train_wps": "22018", "train_ups": "5", "train_wpb": "4373.327", "train_bsz": "177.452", "train_num_updates": "6321", "train_lr": "0.000397747", "train_gnorm": "0.967", "train_clip": "0.000", "train_oom": "0.000", "train_wall": "1302", "train_train_wall": "1122"}
{"epoch": 7, "valid_loss": "5.108", "valid_nll_loss": "3.739", "valid_ppl": "13.36", "valid_num_updates": "6321", "valid_best_loss": "5.10796"}
| saved checkpoint checkpoints/iwslt_d8/checkpoint7.pt (epoch 7 @ 6321 updates) (writing took 3.176928997039795 seconds)
{"epoch": 8, "train_loss": "5.173", "train_nll_loss": "3.930", "train_ppl": "15.25", "train_wps": "22070", "train_ups": "5", "train_wpb": "4373.327", "train_bsz": "177.452", "train_num_updates": "7224", "train_lr": "0.000372058", "train_gnorm": "0.927", "train_clip": "0.000", "train_oom": "0.000", "train_wall": "1487", "train_train_wall": "1281"}
{"epoch": 8, "valid_loss": "4.856", "valid_nll_loss": "3.440", "valid_ppl": "10.85", "valid_num_updates": "7224", "valid_best_loss": "4.85551"}
| saved checkpoint checkpoints/iwslt_d8/checkpoint8.pt (epoch 8 @ 7224 updates) (writing took 3.1101088523864746 seconds)
{"epoch": 9, "train_loss": "4.935", "train_nll_loss": "3.656", "train_ppl": "12.61", "train_wps": "22054", "train_ups": "5", "train_wpb": "4373.327", "train_bsz": "177.452", "train_num_updates": "8127", "train_lr": "0.00035078", "train_gnorm": "0.900", "train_clip": "0.000", "train_oom": "0.000", "train_wall": "1671", "train_train_wall": "1440"}
{"epoch": 9, "valid_loss": "4.695", "valid_nll_loss": "3.251", "valid_ppl": "9.52", "valid_num_updates": "8127", "valid_best_loss": "4.69522"}
| saved checkpoint checkpoints/iwslt_d8/checkpoint9.pt (epoch 9 @ 8127 updates) (writing took 3.1712214946746826 seconds)
{"epoch": 10, "train_loss": "4.752", "train_nll_loss": "3.447", "train_ppl": "10.91", "train_wps": "22079", "train_ups": "5", "train_wpb": "4373.327", "train_bsz": "177.452", "train_num_updates": "9030", "train_lr": "0.000332779", "train_gnorm": "0.871", "train_clip": "0.000", "train_oom": "0.000", "train_wall": "1856", "train_train_wall": "1599"}
{"epoch": 10, "valid_loss": "4.546", "valid_nll_loss": "3.079", "valid_ppl": "8.45", "valid_num_updates": "9030", "valid_best_loss": "4.5456"}
| saved checkpoint checkpoints/iwslt_d8/checkpoint10.pt (epoch 10 @ 9030 updates) (writing took 3.1816136837005615 seconds)
{"epoch": 11, "train_loss": "4.604", "train_nll_loss": "3.279", "train_ppl": "9.71", "train_wps": "22075", "train_ups": "5", "train_wpb": "4373.327", "train_bsz": "177.452", "train_num_updates": "9933", "train_lr": "0.000317292", "train_gnorm": "0.849", "train_clip": "0.000", "train_oom": "0.000", "train_wall": "2041", "train_train_wall": "1759"}
{"epoch": 11, "valid_loss": "4.464", "valid_nll_loss": "2.985", "valid_ppl": "7.92", "valid_num_updates": "9933", "valid_best_loss": "4.46354"}
| saved checkpoint checkpoints/iwslt_d8/checkpoint11.pt (epoch 11 @ 9933 updates) (writing took 3.100825071334839 seconds)
{"epoch": 12, "train_loss": "4.487", "train_nll_loss": "3.146", "train_ppl": "8.85", "train_wps": "22050", "train_ups": "5", "train_wpb": "4373.327", "train_bsz": "177.452", "train_num_updates": "10836", "train_lr": "0.000303784", "train_gnorm": "0.832", "train_clip": "0.000", "train_oom": "0.000", "train_wall": "2226", "train_train_wall": "1918"}
{"epoch": 12, "valid_loss": "4.346", "valid_nll_loss": "2.862", "valid_ppl": "7.27", "valid_num_updates": "10836", "valid_best_loss": "4.34595"}
| saved checkpoint checkpoints/iwslt_d8/checkpoint12.pt (epoch 12 @ 10836 updates) (writing took 3.1016952991485596 seconds)
{"epoch": 13, "train_loss": "4.387", "train_nll_loss": "3.034", "train_ppl": "8.19", "train_wps": "22058", "train_ups": "5", "train_wpb": "4373.327", "train_bsz": "177.452", "train_num_updates": "11739", "train_lr": "0.000291867", "train_gnorm": "0.815", "train_clip": "0.000", "train_oom": "0.000", "train_wall": "2411", "train_train_wall": "2077"}
{"epoch": 13, "valid_loss": "4.305", "valid_nll_loss": "2.795", "valid_ppl": "6.94", "valid_num_updates": "11739", "valid_best_loss": "4.30459"}
| saved checkpoint checkpoints/iwslt_d8/checkpoint13.pt (epoch 13 @ 11739 updates) (writing took 3.1732993125915527 seconds)
{"epoch": 14, "train_loss": "4.306", "train_nll_loss": "2.942", "train_ppl": "7.69", "train_wps": "22074", "train_ups": "5", "train_wpb": "4373.327", "train_bsz": "177.452", "train_num_updates": "12642", "train_lr": "0.00028125", "train_gnorm": "0.805", "train_clip": "0.000", "train_oom": "0.000", "train_wall": "2596", "train_train_wall": "2237"}
{"epoch": 14, "valid_loss": "4.259", "valid_nll_loss": "2.746", "valid_ppl": "6.71", "valid_num_updates": "12642", "valid_best_loss": "4.25904"}
| saved checkpoint checkpoints/iwslt_d8/checkpoint14.pt (epoch 14 @ 12642 updates) (writing took 3.104827404022217 seconds)
{"epoch": 15, "train_loss": "4.237", "train_nll_loss": "2.864", "train_ppl": "7.28", "train_wps": "22068", "train_ups": "5", "train_wpb": "4373.327", "train_bsz": "177.452", "train_num_updates": "13545", "train_lr": "0.000271713", "train_gnorm": "0.795", "train_clip": "0.000", "train_oom": "0.000", "train_wall": "2780", "train_train_wall": "2396"}
{"epoch": 15, "valid_loss": "4.210", "valid_nll_loss": "2.691", "valid_ppl": "6.46", "valid_num_updates": "13545", "valid_best_loss": "4.2104"}
| saved checkpoint checkpoints/iwslt_d8/checkpoint15.pt (epoch 15 @ 13545 updates) (writing took 3.1029224395751953 seconds)
{"epoch": 16, "train_loss": "4.177", "train_nll_loss": "2.797", "train_ppl": "6.95", "train_wps": "22058", "train_ups": "5", "train_wpb": "4373.327", "train_bsz": "177.452", "train_num_updates": "14448", "train_lr": "0.000263085", "train_gnorm": "0.787", "train_clip": "0.000", "train_oom": "0.000", "train_wall": "2965", "train_train_wall": "2555"}
{"epoch": 16, "valid_loss": "4.165", "valid_nll_loss": "2.644", "valid_ppl": "6.25", "valid_num_updates": "14448", "valid_best_loss": "4.16514"}
| saved checkpoint checkpoints/iwslt_d8/checkpoint16.pt (epoch 16 @ 14448 updates) (writing took 3.1158015727996826 seconds)
{"epoch": 17, "train_loss": "4.126", "train_nll_loss": "2.739", "train_ppl": "6.68", "train_wps": "22083", "train_ups": "5", "train_wpb": "4373.327", "train_bsz": "177.452", "train_num_updates": "15351", "train_lr": "0.00025523", "train_gnorm": "0.781", "train_clip": "0.000", "train_oom": "0.000", "train_wall": "3150", "train_train_wall": "2715"}
{"epoch": 17, "valid_loss": "4.151", "valid_nll_loss": "2.625", "valid_ppl": "6.17", "valid_num_updates": "15351", "valid_best_loss": "4.15087"}
| saved checkpoint checkpoints/iwslt_d8/checkpoint17.pt (epoch 17 @ 15351 updates) (writing took 3.093235969543457 seconds)
{"epoch": 18, "train_loss": "4.079", "train_nll_loss": "2.686", "train_ppl": "6.44", "train_wps": "22075", "train_ups": "5", "train_wpb": "4373.327", "train_bsz": "177.452", "train_num_updates": "16254", "train_lr": "0.000248039", "train_gnorm": "0.776", "train_clip": "0.000", "train_oom": "0.000", "train_wall": "3335", "train_train_wall": "2874"}
{"epoch": 18, "valid_loss": "4.101", "valid_nll_loss": "2.573", "valid_ppl": "5.95", "valid_num_updates": "16254", "valid_best_loss": "4.10064"}
| saved checkpoint checkpoints/iwslt_d8/checkpoint18.pt (epoch 18 @ 16254 updates) (writing took 3.0908396244049072 seconds)
{"epoch": 19, "train_loss": "4.036", "train_nll_loss": "2.637", "train_ppl": "6.22", "train_wps": "22059", "train_ups": "5", "train_wpb": "4373.327", "train_bsz": "177.452", "train_num_updates": "17157", "train_lr": "0.000241423", "train_gnorm": "0.771", "train_clip": "0.000", "train_oom": "0.000", "train_wall": "3519", "train_train_wall": "3033"}
{"epoch": 19, "valid_loss": "4.103", "valid_nll_loss": "2.569", "valid_ppl": "5.93", "valid_num_updates": "17157", "valid_best_loss": "4.10064"}
| saved checkpoint checkpoints/iwslt_d8/checkpoint19.pt (epoch 19 @ 17157 updates) (writing took 1.7007770538330078 seconds)
{"epoch": 20, "train_loss": "3.998", "train_nll_loss": "2.594", "train_ppl": "6.04", "train_wps": "22058", "train_ups": "5", "train_wpb": "4373.327", "train_bsz": "177.452", "train_num_updates": "18060", "train_lr": "0.00023531", "train_gnorm": "0.765", "train_clip": "0.000", "train_oom": "0.000", "train_wall": "3703", "train_train_wall": "3193"}
{"epoch": 20, "valid_loss": "4.072", "valid_nll_loss": "2.534", "valid_ppl": "5.79", "valid_num_updates": "18060", "valid_best_loss": "4.07231"}
| saved checkpoint checkpoints/iwslt_d8/checkpoint20.pt (epoch 20 @ 18060 updates) (writing took 3.43011474609375 seconds)
{"epoch": 21, "train_loss": "3.963", "train_nll_loss": "2.555", "train_ppl": "5.88", "train_wps": "22081", "train_ups": "5", "train_wpb": "4373.327", "train_bsz": "177.452", "train_num_updates": "18963", "train_lr": "0.000229639", "train_gnorm": "0.764", "train_clip": "0.000", "train_oom": "0.000", "train_wall": "3888", "train_train_wall": "3352"}
{"epoch": 21, "valid_loss": "4.060", "valid_nll_loss": "2.520", "valid_ppl": "5.73", "valid_num_updates": "18963", "valid_best_loss": "4.05964"}
| saved checkpoint checkpoints/iwslt_d8/checkpoint21.pt (epoch 21 @ 18963 updates) (writing took 3.0944368839263916 seconds)
{"epoch": 22, "train_loss": "3.933", "train_nll_loss": "2.521", "train_ppl": "5.74", "train_wps": "22108", "train_ups": "5", "train_wpb": "4373.327", "train_bsz": "177.452", "train_num_updates": "19866", "train_lr": "0.00022436", "train_gnorm": "0.762", "train_clip": "0.000", "train_oom": "0.000", "train_wall": "4072", "train_train_wall": "3511"}
{"epoch": 22, "valid_loss": "4.022", "valid_nll_loss": "2.479", "valid_ppl": "5.58", "valid_num_updates": "19866", "valid_best_loss": "4.02189"}
| saved checkpoint checkpoints/iwslt_d8/checkpoint22.pt (epoch 22 @ 19866 updates) (writing took 3.0854530334472656 seconds)
{"epoch": 23, "train_loss": "3.902", "train_nll_loss": "2.486", "train_ppl": "5.60", "train_wps": "22134", "train_ups": "5", "train_wpb": "4373.327", "train_bsz": "177.452", "train_num_updates": "20769", "train_lr": "0.000219428", "train_gnorm": "0.757", "train_clip": "0.000", "train_oom": "0.000", "train_wall": "4256", "train_train_wall": "3670"}
{"epoch": 23, "valid_loss": "4.040", "valid_nll_loss": "2.491", "valid_ppl": "5.62", "valid_num_updates": "20769", "valid_best_loss": "4.02189"}
| saved checkpoint checkpoints/iwslt_d8/checkpoint23.pt (epoch 23 @ 20769 updates) (writing took 1.7259023189544678 seconds)
{"epoch": 24, "train_loss": "3.876", "train_nll_loss": "2.456", "train_ppl": "5.49", "train_wps": "22112", "train_ups": "5", "train_wpb": "4373.327", "train_bsz": "177.452", "train_num_updates": "21672", "train_lr": "0.000214808", "train_gnorm": "0.758", "train_clip": "0.000", "train_oom": "0.000", "train_wall": "4439", "train_train_wall": "3829"}
{"epoch": 24, "valid_loss": "4.012", "valid_nll_loss": "2.464", "valid_ppl": "5.52", "valid_num_updates": "21672", "valid_best_loss": "4.01197"}
| saved checkpoint checkpoints/iwslt_d8/checkpoint24.pt (epoch 24 @ 21672 updates) (writing took 3.097606658935547 seconds)
{"epoch": 25, "train_loss": "3.851", "train_nll_loss": "2.428", "train_ppl": "5.38", "train_wps": "22105", "train_ups": "5", "train_wpb": "4373.327", "train_bsz": "177.452", "train_num_updates": "22575", "train_lr": "0.000210468", "train_gnorm": "0.755", "train_clip": "0.000", "train_oom": "0.000", "train_wall": "4624", "train_train_wall": "3988"}
{"epoch": 25, "valid_loss": "4.030", "valid_nll_loss": "2.480", "valid_ppl": "5.58", "valid_num_updates": "22575", "valid_best_loss": "4.01197"}
| saved checkpoint checkpoints/iwslt_d8/checkpoint25.pt (epoch 25 @ 22575 updates) (writing took 1.6978249549865723 seconds)
{"epoch": 26, "train_loss": "3.826", "train_nll_loss": "2.400", "train_ppl": "5.28", "train_wps": "22118", "train_ups": "5", "train_wpb": "4373.327", "train_bsz": "177.452", "train_num_updates": "23478", "train_lr": "0.000206381", "train_gnorm": "0.753", "train_clip": "0.000", "train_oom": "0.000", "train_wall": "4807", "train_train_wall": "4147"}
{"epoch": 26, "valid_loss": "3.973", "valid_nll_loss": "2.424", "valid_ppl": "5.36", "valid_num_updates": "23478", "valid_best_loss": "3.9734"}
| saved checkpoint checkpoints/iwslt_d8/checkpoint26.pt (epoch 26 @ 23478 updates) (writing took 3.1129422187805176 seconds)
{"epoch": 27, "train_loss": "3.806", "train_nll_loss": "2.377", "train_ppl": "5.19", "train_wps": "22074", "train_ups": "5", "train_wpb": "4373.327", "train_bsz": "177.452", "train_num_updates": "24381", "train_lr": "0.000202523", "train_gnorm": "0.753", "train_clip": "0.000", "train_oom": "0.000", "train_wall": "4992", "train_train_wall": "4306"}
{"epoch": 27, "valid_loss": "3.999", "valid_nll_loss": "2.448", "valid_ppl": "5.46", "valid_num_updates": "24381", "valid_best_loss": "3.9734"}
| saved checkpoint checkpoints/iwslt_d8/checkpoint27.pt (epoch 27 @ 24381 updates) (writing took 1.6971995830535889 seconds)
{"epoch": 28, "train_loss": "3.785", "train_nll_loss": "2.353", "train_ppl": "5.11", "train_wps": "22104", "train_ups": "5", "train_wpb": "4373.327", "train_bsz": "177.452", "train_num_updates": "25284", "train_lr": "0.000198874", "train_gnorm": "0.753", "train_clip": "0.000", "train_oom": "0.000", "train_wall": "5175", "train_train_wall": "4465"}
{"epoch": 28, "valid_loss": "3.961", "valid_nll_loss": "2.410", "valid_ppl": "5.32", "valid_num_updates": "25284", "valid_best_loss": "3.96081"}
| saved checkpoint checkpoints/iwslt_d8/checkpoint28.pt (epoch 28 @ 25284 updates) (writing took 3.0937118530273438 seconds)
{"epoch": 29, "train_loss": "3.766", "train_nll_loss": "2.331", "train_ppl": "5.03", "train_wps": "22081", "train_ups": "5", "train_wpb": "4373.327", "train_bsz": "177.452", "train_num_updates": "26187", "train_lr": "0.000195415", "train_gnorm": "0.751", "train_clip": "0.000", "train_oom": "0.000", "train_wall": "5359", "train_train_wall": "4624"}
{"epoch": 29, "valid_loss": "3.968", "valid_nll_loss": "2.411", "valid_ppl": "5.32", "valid_num_updates": "26187", "valid_best_loss": "3.96081"}
| saved checkpoint checkpoints/iwslt_d8/checkpoint29.pt (epoch 29 @ 26187 updates) (writing took 1.6988956928253174 seconds)
{"epoch": 30, "train_loss": "3.748", "train_nll_loss": "2.311", "train_ppl": "4.96", "train_wps": "22084", "train_ups": "5", "train_wpb": "4373.327", "train_bsz": "177.452", "train_num_updates": "27090", "train_lr": "0.00019213", "train_gnorm": "0.751", "train_clip": "0.000", "train_oom": "0.000", "train_wall": "5542", "train_train_wall": "4784"}
{"epoch": 30, "valid_loss": "3.942", "valid_nll_loss": "2.386", "valid_ppl": "5.23", "valid_num_updates": "27090", "valid_best_loss": "3.94198"}
| saved checkpoint checkpoints/iwslt_d8/checkpoint30.pt (epoch 30 @ 27090 updates) (writing took 3.0930545330047607 seconds)
{"epoch": 31, "train_loss": "3.732", "train_nll_loss": "2.292", "train_ppl": "4.90", "train_wps": "22045", "train_ups": "5", "train_wpb": "4373.327", "train_bsz": "177.452", "train_num_updates": "27993", "train_lr": "0.000189006", "train_gnorm": "0.755", "train_clip": "0.000", "train_oom": "0.000", "train_wall": "5727", "train_train_wall": "4943"}
{"epoch": 31, "valid_loss": "3.942", "valid_nll_loss": "2.385", "valid_ppl": "5.22", "valid_num_updates": "27993", "valid_best_loss": "3.94198"}
| saved checkpoint checkpoints/iwslt_d8/checkpoint31.pt (epoch 31 @ 27993 updates) (writing took 1.705556869506836 seconds)
{"epoch": 32, "train_loss": "3.715", "train_nll_loss": "2.274", "train_ppl": "4.84", "train_wps": "21872", "train_ups": "5", "train_wpb": "4373.327", "train_bsz": "177.452", "train_num_updates": "28896", "train_lr": "0.000186029", "train_gnorm": "0.753", "train_clip": "0.000", "train_oom": "0.000", "train_wall": "5912", "train_train_wall": "5103"}
{"epoch": 32, "valid_loss": "3.952", "valid_nll_loss": "2.392", "valid_ppl": "5.25", "valid_num_updates": "28896", "valid_best_loss": "3.94198"}
| saved checkpoint checkpoints/iwslt_d8/checkpoint32.pt (epoch 32 @ 28896 updates) (writing took 1.7272865772247314 seconds)
{"epoch": 33, "train_loss": "3.701", "train_nll_loss": "2.257", "train_ppl": "4.78", "train_wps": "21882", "train_ups": "5", "train_wpb": "4373.327", "train_bsz": "177.452", "train_num_updates": "29799", "train_lr": "0.000183189", "train_gnorm": "0.754", "train_clip": "0.000", "train_oom": "0.000", "train_wall": "6097", "train_train_wall": "5263"}
{"epoch": 33, "valid_loss": "3.954", "valid_nll_loss": "2.395", "valid_ppl": "5.26", "valid_num_updates": "29799", "valid_best_loss": "3.94198"}
| saved checkpoint checkpoints/iwslt_d8/checkpoint33.pt (epoch 33 @ 29799 updates) (writing took 1.7008695602416992 seconds)
{"epoch": 34, "train_loss": "3.687", "train_nll_loss": "2.242", "train_ppl": "4.73", "train_wps": "22054", "train_ups": "5", "train_wpb": "4373.327", "train_bsz": "177.452", "train_num_updates": "30702", "train_lr": "0.000180475", "train_gnorm": "0.755", "train_clip": "0.000", "train_oom": "0.000", "train_wall": "6281", "train_train_wall": "5422"}
{"epoch": 34, "valid_loss": "3.944", "valid_nll_loss": "2.382", "valid_ppl": "5.21", "valid_num_updates": "30702", "valid_best_loss": "3.94198"}
| saved checkpoint checkpoints/iwslt_d8/checkpoint34.pt (epoch 34 @ 30702 updates) (writing took 1.7440340518951416 seconds)
{"epoch": 35, "train_loss": "3.672", "train_nll_loss": "2.224", "train_ppl": "4.67", "train_wps": "22138", "train_ups": "5", "train_wpb": "4373.327", "train_bsz": "177.452", "train_num_updates": "31605", "train_lr": "0.000177878", "train_gnorm": "0.752", "train_clip": "0.000", "train_oom": "0.000", "train_wall": "6464", "train_train_wall": "5581"}
{"epoch": 35, "valid_loss": "3.920", "valid_nll_loss": "2.358", "valid_ppl": "5.12", "valid_num_updates": "31605", "valid_best_loss": "3.92007"}
| saved checkpoint checkpoints/iwslt_d8/checkpoint35.pt (epoch 35 @ 31605 updates) (writing took 3.0922954082489014 seconds)
{"epoch": 36, "train_loss": "3.659", "train_nll_loss": "2.210", "train_ppl": "4.63", "train_wps": "22068", "train_ups": "5", "train_wpb": "4373.327", "train_bsz": "177.452", "train_num_updates": "32508", "train_lr": "0.00017539", "train_gnorm": "0.755", "train_clip": "0.000", "train_oom": "0.000", "train_wall": "6648", "train_train_wall": "5741"}
{"epoch": 36, "valid_loss": "3.925", "valid_nll_loss": "2.358", "valid_ppl": "5.13", "valid_num_updates": "32508", "valid_best_loss": "3.92007"}
| saved checkpoint checkpoints/iwslt_d8/checkpoint36.pt (epoch 36 @ 32508 updates) (writing took 1.7075397968292236 seconds)
{"epoch": 37, "train_loss": "3.647", "train_nll_loss": "2.196", "train_ppl": "4.58", "train_wps": "22069", "train_ups": "5", "train_wpb": "4373.327", "train_bsz": "177.452", "train_num_updates": "33411", "train_lr": "0.000173004", "train_gnorm": "0.754", "train_clip": "0.000", "train_oom": "0.000", "train_wall": "6832", "train_train_wall": "5900"}
{"epoch": 37, "valid_loss": "3.927", "valid_nll_loss": "2.362", "valid_ppl": "5.14", "valid_num_updates": "33411", "valid_best_loss": "3.92007"}
| saved checkpoint checkpoints/iwslt_d8/checkpoint37.pt (epoch 37 @ 33411 updates) (writing took 1.705681562423706 seconds)
{"epoch": 38, "train_loss": "3.634", "train_nll_loss": "2.181", "train_ppl": "4.53", "train_wps": "22072", "train_ups": "5", "train_wpb": "4373.327", "train_bsz": "177.452", "train_num_updates": "34314", "train_lr": "0.000170712", "train_gnorm": "0.756", "train_clip": "0.000", "train_oom": "0.000", "train_wall": "7015", "train_train_wall": "6059"}
{"epoch": 38, "valid_loss": "3.928", "valid_nll_loss": "2.363", "valid_ppl": "5.14", "valid_num_updates": "34314", "valid_best_loss": "3.92007"}
| saved checkpoint checkpoints/iwslt_d8/checkpoint38.pt (epoch 38 @ 34314 updates) (writing took 1.7205922603607178 seconds)
{"epoch": 39, "train_loss": "3.625", "train_nll_loss": "2.171", "train_ppl": "4.50", "train_wps": "22122", "train_ups": "5", "train_wpb": "4373.327", "train_bsz": "177.452", "train_num_updates": "35217", "train_lr": "0.000168509", "train_gnorm": "0.759", "train_clip": "0.000", "train_oom": "0.000", "train_wall": "7198", "train_train_wall": "6218"}
{"epoch": 39, "valid_loss": "3.916", "valid_nll_loss": "2.353", "valid_ppl": "5.11", "valid_num_updates": "35217", "valid_best_loss": "3.9158"}
| saved checkpoint checkpoints/iwslt_d8/checkpoint39.pt (epoch 39 @ 35217 updates) (writing took 3.172008752822876 seconds)
{"epoch": 40, "train_loss": "3.613", "train_nll_loss": "2.157", "train_ppl": "4.46", "train_wps": "22098", "train_ups": "5", "train_wpb": "4373.327", "train_bsz": "177.452", "train_num_updates": "36120", "train_lr": "0.00016639", "train_gnorm": "0.757", "train_clip": "0.000", "train_oom": "0.000", "train_wall": "7383", "train_train_wall": "6377"}
{"epoch": 40, "valid_loss": "3.909", "valid_nll_loss": "2.345", "valid_ppl": "5.08", "valid_num_updates": "36120", "valid_best_loss": "3.90942"}
| saved checkpoint checkpoints/iwslt_d8/checkpoint40.pt (epoch 40 @ 36120 updates) (writing took 3.085939645767212 seconds)
{"epoch": 41, "train_loss": "3.600", "train_nll_loss": "2.142", "train_ppl": "4.41", "train_wps": "22106", "train_ups": "5", "train_wpb": "4373.327", "train_bsz": "177.452", "train_num_updates": "37023", "train_lr": "0.000164348", "train_gnorm": "0.758", "train_clip": "0.000", "train_oom": "0.000", "train_wall": "7567", "train_train_wall": "6536"}
{"epoch": 41, "valid_loss": "3.894", "valid_nll_loss": "2.331", "valid_ppl": "5.03", "valid_num_updates": "37023", "valid_best_loss": "3.89446"}
| saved checkpoint checkpoints/iwslt_d8/checkpoint41.pt (epoch 41 @ 37023 updates) (writing took 3.0870020389556885 seconds)
{"epoch": 42, "train_loss": "3.589", "train_nll_loss": "2.129", "train_ppl": "4.37", "train_wps": "22084", "train_ups": "5", "train_wpb": "4373.327", "train_bsz": "177.452", "train_num_updates": "37926", "train_lr": "0.00016238", "train_gnorm": "0.762", "train_clip": "0.000", "train_oom": "0.000", "train_wall": "7752", "train_train_wall": "6696"}
{"epoch": 42, "valid_loss": "3.896", "valid_nll_loss": "2.331", "valid_ppl": "5.03", "valid_num_updates": "37926", "valid_best_loss": "3.89446"}
| saved checkpoint checkpoints/iwslt_d8/checkpoint42.pt (epoch 42 @ 37926 updates) (writing took 1.717069149017334 seconds)
{"epoch": 43, "train_loss": "3.575", "train_nll_loss": "2.113", "train_ppl": "4.33", "train_wps": "22105", "train_ups": "5", "train_wpb": "4373.327", "train_bsz": "177.452", "train_num_updates": "38829", "train_lr": "0.00016048", "train_gnorm": "0.763", "train_clip": "0.000", "train_oom": "0.000", "train_wall": "7935", "train_train_wall": "6855"}
{"epoch": 43, "valid_loss": "3.882", "valid_nll_loss": "2.318", "valid_ppl": "4.99", "valid_num_updates": "38829", "valid_best_loss": "3.88195"}
| saved checkpoint checkpoints/iwslt_d8/checkpoint43.pt (epoch 43 @ 38829 updates) (writing took 3.113929033279419 seconds)
{"epoch": 44, "train_loss": "3.563", "train_nll_loss": "2.100", "train_ppl": "4.29", "train_wps": "22080", "train_ups": "5", "train_wpb": "4373.327", "train_bsz": "177.452", "train_num_updates": "39732", "train_lr": "0.000158646", "train_gnorm": "0.763", "train_clip": "0.000", "train_oom": "0.000", "train_wall": "8120", "train_train_wall": "7014"}
{"epoch": 44, "valid_loss": "3.884", "valid_nll_loss": "2.318", "valid_ppl": "4.99", "valid_num_updates": "39732", "valid_best_loss": "3.88195"}
| saved checkpoint checkpoints/iwslt_d8/checkpoint44.pt (epoch 44 @ 39732 updates) (writing took 1.7041757106781006 seconds)
{"epoch": 45, "train_loss": "3.553", "train_nll_loss": "2.088", "train_ppl": "4.25", "train_wps": "22111", "train_ups": "5", "train_wpb": "4373.327", "train_bsz": "177.452", "train_num_updates": "40635", "train_lr": "0.000156874", "train_gnorm": "0.766", "train_clip": "0.000", "train_oom": "0.000", "train_wall": "8303", "train_train_wall": "7173"}
{"epoch": 45, "valid_loss": "3.894", "valid_nll_loss": "2.327", "valid_ppl": "5.02", "valid_num_updates": "40635", "valid_best_loss": "3.88195"}
| saved checkpoint checkpoints/iwslt_d8/checkpoint45.pt (epoch 45 @ 40635 updates) (writing took 1.7045812606811523 seconds)
{"epoch": 46, "train_loss": "3.540", "train_nll_loss": "2.073", "train_ppl": "4.21", "train_wps": "22062", "train_ups": "5", "train_wpb": "4373.327", "train_bsz": "177.452", "train_num_updates": "41538", "train_lr": "0.000155159", "train_gnorm": "0.766", "train_clip": "0.000", "train_oom": "0.000", "train_wall": "8486", "train_train_wall": "7333"}
{"epoch": 46, "valid_loss": "3.882", "valid_nll_loss": "2.314", "valid_ppl": "4.97", "valid_num_updates": "41538", "valid_best_loss": "3.88195"}
| saved checkpoint checkpoints/iwslt_d8/checkpoint46.pt (epoch 46 @ 41538 updates) (writing took 1.7001242637634277 seconds)
{"epoch": 47, "train_loss": "3.531", "train_nll_loss": "2.062", "train_ppl": "4.18", "train_wps": "22079", "train_ups": "5", "train_wpb": "4373.327", "train_bsz": "177.452", "train_num_updates": "42441", "train_lr": "0.0001535", "train_gnorm": "0.768", "train_clip": "0.000", "train_oom": "0.000", "train_wall": "8669", "train_train_wall": "7492"}
{"epoch": 47, "valid_loss": "3.885", "valid_nll_loss": "2.320", "valid_ppl": "4.99", "valid_num_updates": "42441", "valid_best_loss": "3.88195"}
| saved checkpoint checkpoints/iwslt_d8/checkpoint47.pt (epoch 47 @ 42441 updates) (writing took 1.7169160842895508 seconds)
{"epoch": 48, "train_loss": "3.520", "train_nll_loss": "2.049", "train_ppl": "4.14", "train_wps": "22059", "train_ups": "5", "train_wpb": "4373.327", "train_bsz": "177.452", "train_num_updates": "43344", "train_lr": "0.000151892", "train_gnorm": "0.771", "train_clip": "0.000", "train_oom": "0.000", "train_wall": "8853", "train_train_wall": "7651"}
{"epoch": 48, "valid_loss": "3.894", "valid_nll_loss": "2.323", "valid_ppl": "5.00", "valid_num_updates": "43344", "valid_best_loss": "3.88195"}
| saved checkpoint checkpoints/iwslt_d8/checkpoint48.pt (epoch 48 @ 43344 updates) (writing took 1.6984710693359375 seconds)
{"epoch": 49, "train_loss": "3.511", "train_nll_loss": "2.039", "train_ppl": "4.11", "train_wps": "22056", "train_ups": "5", "train_wpb": "4373.327", "train_bsz": "177.452", "train_num_updates": "44247", "train_lr": "0.000150334", "train_gnorm": "0.773", "train_clip": "0.000", "train_oom": "0.000", "train_wall": "9036", "train_train_wall": "7811"}
{"epoch": 49, "valid_loss": "3.867", "valid_nll_loss": "2.303", "valid_ppl": "4.94", "valid_num_updates": "44247", "valid_best_loss": "3.86723"}
| saved checkpoint checkpoints/iwslt_d8/checkpoint49.pt (epoch 49 @ 44247 updates) (writing took 3.1591084003448486 seconds)
{"epoch": 50, "train_loss": "3.500", "train_nll_loss": "2.027", "train_ppl": "4.08", "train_wps": "21988", "train_ups": "5", "train_wpb": "4373.327", "train_bsz": "177.452", "train_num_updates": "45150", "train_lr": "0.000148823", "train_gnorm": "0.773", "train_clip": "0.000", "train_oom": "0.000", "train_wall": "9222", "train_train_wall": "7970"}
{"epoch": 50, "valid_loss": "3.859", "valid_nll_loss": "2.294", "valid_ppl": "4.90", "valid_num_updates": "45150", "valid_best_loss": "3.85947"}
| saved checkpoint checkpoints/iwslt_d8/checkpoint50.pt (epoch 50 @ 45150 updates) (writing took 3.087963581085205 seconds)
{"epoch": 51, "train_loss": "3.490", "train_nll_loss": "2.015", "train_ppl": "4.04", "train_wps": "22076", "train_ups": "5", "train_wpb": "4373.327", "train_bsz": "177.452", "train_num_updates": "46053", "train_lr": "0.000147357", "train_gnorm": "0.775", "train_clip": "0.000", "train_oom": "0.000", "train_wall": "9406", "train_train_wall": "8130"}
{"epoch": 51, "valid_loss": "3.878", "valid_nll_loss": "2.311", "valid_ppl": "4.96", "valid_num_updates": "46053", "valid_best_loss": "3.85947"}
| saved checkpoint checkpoints/iwslt_d8/checkpoint51.pt (epoch 51 @ 46053 updates) (writing took 1.7041301727294922 seconds)
{"epoch": 52, "train_loss": "3.480", "train_nll_loss": "2.003", "train_ppl": "4.01", "train_wps": "22098", "train_ups": "5", "train_wpb": "4373.327", "train_bsz": "177.452", "train_num_updates": "46956", "train_lr": "0.000145933", "train_gnorm": "0.778", "train_clip": "0.000", "train_oom": "0.000", "train_wall": "9590", "train_train_wall": "8289"}
{"epoch": 52, "valid_loss": "3.882", "valid_nll_loss": "2.311", "valid_ppl": "4.96", "valid_num_updates": "46956", "valid_best_loss": "3.85947"}
| saved checkpoint checkpoints/iwslt_d8/checkpoint52.pt (epoch 52 @ 46956 updates) (writing took 1.7283234596252441 seconds)
{"epoch": 53, "train_loss": "3.472", "train_nll_loss": "1.994", "train_ppl": "3.98", "train_wps": "22125", "train_ups": "5", "train_wpb": "4373.327", "train_bsz": "177.452", "train_num_updates": "47859", "train_lr": "0.00014455", "train_gnorm": "0.780", "train_clip": "0.000", "train_oom": "0.000", "train_wall": "9772", "train_train_wall": "8448"}
{"epoch": 53, "valid_loss": "3.868", "valid_nll_loss": "2.303", "valid_ppl": "4.93", "valid_num_updates": "47859", "valid_best_loss": "3.85947"}
| saved checkpoint checkpoints/iwslt_d8/checkpoint53.pt (epoch 53 @ 47859 updates) (writing took 1.7360436916351318 seconds)
{"epoch": 54, "train_loss": "3.464", "train_nll_loss": "1.985", "train_ppl": "3.96", "train_wps": "22121", "train_ups": "5", "train_wpb": "4373.327", "train_bsz": "177.452", "train_num_updates": "48762", "train_lr": "0.000143205", "train_gnorm": "0.782", "train_clip": "0.000", "train_oom": "0.000", "train_wall": "9955", "train_train_wall": "8607"}
{"epoch": 54, "valid_loss": "3.867", "valid_nll_loss": "2.301", "valid_ppl": "4.93", "valid_num_updates": "48762", "valid_best_loss": "3.85947"}
| saved checkpoint checkpoints/iwslt_d8/checkpoint54.pt (epoch 54 @ 48762 updates) (writing took 1.6993498802185059 seconds)
{"epoch": 55, "train_loss": "3.453", "train_nll_loss": "1.973", "train_ppl": "3.92", "train_wps": "22090", "train_ups": "5", "train_wpb": "4373.327", "train_bsz": "177.452", "train_num_updates": "49665", "train_lr": "0.000141898", "train_gnorm": "0.784", "train_clip": "0.000", "train_oom": "0.000", "train_wall": "10139", "train_train_wall": "8766"}
{"epoch": 55, "valid_loss": "3.863", "valid_nll_loss": "2.296", "valid_ppl": "4.91", "valid_num_updates": "49665", "valid_best_loss": "3.85947"}
| saved checkpoint checkpoints/iwslt_d8/checkpoint55.pt (epoch 55 @ 49665 updates) (writing took 1.7041983604431152 seconds)
{"epoch": 56, "train_loss": "3.445", "train_nll_loss": "1.964", "train_ppl": "3.90", "train_wps": "22085", "train_ups": "5", "train_wpb": "4373.327", "train_bsz": "177.452", "train_num_updates": "50568", "train_lr": "0.000140625", "train_gnorm": "0.786", "train_clip": "0.000", "train_oom": "0.000", "train_wall": "10322", "train_train_wall": "8925"}
{"epoch": 56, "valid_loss": "3.857", "valid_nll_loss": "2.289", "valid_ppl": "4.89", "valid_num_updates": "50568", "valid_best_loss": "3.85685"}
| saved checkpoint checkpoints/iwslt_d8/checkpoint56.pt (epoch 56 @ 50568 updates) (writing took 3.098642110824585 seconds)
{"epoch": 57, "train_loss": "3.437", "train_nll_loss": "1.954", "train_ppl": "3.87", "train_wps": "22127", "train_ups": "5", "train_wpb": "4373.327", "train_bsz": "177.452", "train_num_updates": "51471", "train_lr": "0.000139386", "train_gnorm": "0.788", "train_clip": "0.000", "train_oom": "0.000", "train_wall": "10506", "train_train_wall": "9084"}
{"epoch": 57, "valid_loss": "3.857", "valid_nll_loss": "2.288", "valid_ppl": "4.88", "valid_num_updates": "51471", "valid_best_loss": "3.85685"}
| saved checkpoint checkpoints/iwslt_d8/checkpoint57.pt (epoch 57 @ 51471 updates) (writing took 1.698941707611084 seconds)
{"epoch": 58, "train_loss": "3.429", "train_nll_loss": "1.945", "train_ppl": "3.85", "train_wps": "22120", "train_ups": "5", "train_wpb": "4373.327", "train_bsz": "177.452", "train_num_updates": "52374", "train_lr": "0.000138179", "train_gnorm": "0.789", "train_clip": "0.000", "train_oom": "0.000", "train_wall": "10689", "train_train_wall": "9243"}
{"epoch": 58, "valid_loss": "3.861", "valid_nll_loss": "2.294", "valid_ppl": "4.90", "valid_num_updates": "52374", "valid_best_loss": "3.85685"}
| saved checkpoint checkpoints/iwslt_d8/checkpoint58.pt (epoch 58 @ 52374 updates) (writing took 1.7161686420440674 seconds)
{"epoch": 59, "train_loss": "3.421", "train_nll_loss": "1.936", "train_ppl": "3.83", "train_wps": "22137", "train_ups": "5", "train_wpb": "4373.327", "train_bsz": "177.452", "train_num_updates": "53277", "train_lr": "0.000137003", "train_gnorm": "0.791", "train_clip": "0.000", "train_oom": "0.000", "train_wall": "10872", "train_train_wall": "9402"}
{"epoch": 59, "valid_loss": "3.863", "valid_nll_loss": "2.290", "valid_ppl": "4.89", "valid_num_updates": "53277", "valid_best_loss": "3.85685"}
| saved checkpoint checkpoints/iwslt_d8/checkpoint59.pt (epoch 59 @ 53277 updates) (writing took 1.7035276889801025 seconds)
{"epoch": 60, "train_loss": "3.414", "train_nll_loss": "1.927", "train_ppl": "3.80", "train_wps": "22121", "train_ups": "5", "train_wpb": "4373.327", "train_bsz": "177.452", "train_num_updates": "54180", "train_lr": "0.000135857", "train_gnorm": "0.795", "train_clip": "0.000", "train_oom": "0.000", "train_wall": "11055", "train_train_wall": "9561"}
{"epoch": 60, "valid_loss": "3.858", "valid_nll_loss": "2.289", "valid_ppl": "4.89", "valid_num_updates": "54180", "valid_best_loss": "3.85685"}
| saved checkpoint checkpoints/iwslt_d8/checkpoint60.pt (epoch 60 @ 54180 updates) (writing took 1.704460859298706 seconds)
{"epoch": 61, "train_loss": "3.406", "train_nll_loss": "1.917", "train_ppl": "3.78", "train_wps": "22125", "train_ups": "5", "train_wpb": "4373.327", "train_bsz": "177.452", "train_num_updates": "55083", "train_lr": "0.000134738", "train_gnorm": "0.794", "train_clip": "0.000", "train_oom": "0.000", "train_wall": "11238", "train_train_wall": "9719"}
{"epoch": 61, "valid_loss": "3.879", "valid_nll_loss": "2.308", "valid_ppl": "4.95", "valid_num_updates": "55083", "valid_best_loss": "3.85685"}
| saved checkpoint checkpoints/iwslt_d8/checkpoint61.pt (epoch 61 @ 55083 updates) (writing took 1.7008593082427979 seconds)
{"epoch": 62, "train_loss": "3.397", "train_nll_loss": "1.908", "train_ppl": "3.75", "train_wps": "22074", "train_ups": "5", "train_wpb": "4373.327", "train_bsz": "177.452", "train_num_updates": "55986", "train_lr": "0.000133647", "train_gnorm": "0.798", "train_clip": "0.000", "train_oom": "0.000", "train_wall": "11421", "train_train_wall": "9879"}
{"epoch": 62, "valid_loss": "3.843", "valid_nll_loss": "2.278", "valid_ppl": "4.85", "valid_num_updates": "55986", "valid_best_loss": "3.8428"}
| saved checkpoint checkpoints/iwslt_d8/checkpoint62.pt (epoch 62 @ 55986 updates) (writing took 3.0986576080322266 seconds)
{"epoch": 63, "train_loss": "3.390", "train_nll_loss": "1.899", "train_ppl": "3.73", "train_wps": "22119", "train_ups": "5", "train_wpb": "4373.327", "train_bsz": "177.452", "train_num_updates": "56889", "train_lr": "0.000132582", "train_gnorm": "0.799", "train_clip": "0.000", "train_oom": "0.000", "train_wall": "11605", "train_train_wall": "10038"}
{"epoch": 63, "valid_loss": "3.879", "valid_nll_loss": "2.310", "valid_ppl": "4.96", "valid_num_updates": "56889", "valid_best_loss": "3.8428"}
| saved checkpoint checkpoints/iwslt_d8/checkpoint63.pt (epoch 63 @ 56889 updates) (writing took 1.7031562328338623 seconds)
{"epoch": 64, "train_loss": "3.385", "train_nll_loss": "1.893", "train_ppl": "3.71", "train_wps": "22124", "train_ups": "5", "train_wpb": "4373.327", "train_bsz": "177.452", "train_num_updates": "57792", "train_lr": "0.000131543", "train_gnorm": "0.802", "train_clip": "0.000", "train_oom": "0.000", "train_wall": "11788", "train_train_wall": "10196"}
{"epoch": 64, "valid_loss": "3.887", "valid_nll_loss": "2.314", "valid_ppl": "4.97", "valid_num_updates": "57792", "valid_best_loss": "3.8428"}
| saved checkpoint checkpoints/iwslt_d8/checkpoint64.pt (epoch 64 @ 57792 updates) (writing took 1.7050347328186035 seconds)
{"epoch": 65, "train_loss": "3.377", "train_nll_loss": "1.884", "train_ppl": "3.69", "train_wps": "22108", "train_ups": "5", "train_wpb": "4373.327", "train_bsz": "177.452", "train_num_updates": "58695", "train_lr": "0.000130527", "train_gnorm": "0.803", "train_clip": "0.000", "train_oom": "0.000", "train_wall": "11971", "train_train_wall": "10355"}
{"epoch": 65, "valid_loss": "3.862", "valid_nll_loss": "2.294", "valid_ppl": "4.90", "valid_num_updates": "58695", "valid_best_loss": "3.8428"}
| saved checkpoint checkpoints/iwslt_d8/checkpoint65.pt (epoch 65 @ 58695 updates) (writing took 1.7626399993896484 seconds)
{"epoch": 66, "train_loss": "3.370", "train_nll_loss": "1.876", "train_ppl": "3.67", "train_wps": "21875", "train_ups": "5", "train_wpb": "4373.327", "train_bsz": "177.452", "train_num_updates": "59598", "train_lr": "0.000129534", "train_gnorm": "0.804", "train_clip": "0.000", "train_oom": "0.000", "train_wall": "12156", "train_train_wall": "10515"}
{"epoch": 66, "valid_loss": "3.873", "valid_nll_loss": "2.303", "valid_ppl": "4.94", "valid_num_updates": "59598", "valid_best_loss": "3.8428"}
| saved checkpoint checkpoints/iwslt_d8/checkpoint66.pt (epoch 66 @ 59598 updates) (writing took 1.7059390544891357 seconds)
{"epoch": 67, "train_loss": "3.340", "train_nll_loss": "1.841", "train_ppl": "3.58", "train_wps": "21870", "train_ups": "5", "train_wpb": "4389.973", "train_bsz": "183.201", "train_num_updates": "60000", "train_lr": "0.000129099", "train_gnorm": "0.801", "train_clip": "0.000", "train_oom": "0.000", "train_wall": "12241", "train_train_wall": "10587"}
{"epoch": 67, "valid_loss": "3.863", "valid_nll_loss": "2.295", "valid_ppl": "4.91", "valid_num_updates": "60000", "valid_best_loss": "3.8428"}
| saved checkpoint checkpoints/iwslt_d8/checkpoint_last.pt (epoch 67 @ 60000 updates) (writing took 1.4041633605957031 seconds)
| done training in 12244.5 seconds
