Namespace(activation_dropout=0.0, activation_fn='relu', adam_betas='(0.9, 0.98)', adam_eps=1e-08, adaptive_input=False, adaptive_softmax_cutoff=None, adaptive_softmax_dropout=0, arch='transformer_iwslt_de_en', attention_dropout=0.0, best_checkpoint_metric='loss', bucket_cap_mb=25, clip_norm=25, cpu=False, criterion='label_smoothed_cross_entropy', curriculum=0, data='data-bin/iwslt14.tokenized.de-en', dataset_impl='cached', ddp_backend='c10d', decoder_attention_heads=4, decoder_embed_dim=512, decoder_embed_path=None, decoder_ffn_embed_dim=1024, decoder_input_dim=512, decoder_layers=6, decoder_learned_pos=False, decoder_normalize_before=False, decoder_output_dim=512, device_id=0, disable_validation=False, distributed_backend='nccl', distributed_init_method=None, distributed_no_spawn=False, distributed_port=-1, distributed_rank=0, distributed_world_size=1, dropout=0.3, encoder_attention_heads=4, encoder_embed_dim=512, encoder_embed_path=None, encoder_ffn_embed_dim=1024, encoder_layers=6, encoder_learned_pos=False, encoder_normalize_before=False, exp_root=0.5, find_unused_parameters=False, fix_batches_to_gpus=False, fp16=False, fp16_init_scale=128, fp16_scale_tolerance=0.0, fp16_scale_window=None, keep_interval_updates=-1, keep_last_epochs=-1, label_smoothing=0.1, lazy_load=False, left_pad_source='True', left_pad_target='False', log_format='json', log_interval=1000, lr=[0.0005], lr_scheduler='inverse_sqrt', max_epoch=0, max_sentences=None, max_sentences_valid=None, max_source_positions=1024, max_target_positions=1024, max_tokens=8000, max_tokens_valid=8000, max_update=50000, maximize_best_checkpoint_metric=False, memory_efficient_fp16=False, min_loss_scale=0.0001, min_lr=1e-09, no_epoch_checkpoints=False, no_last_checkpoints=False, no_progress_bar=True, no_save=False, no_save_optimizer_state=False, no_token_positional_embeddings=False, num_workers=0, optimizer='adam', optimizer_overrides='{}', raw_text=False, required_batch_size_multiple=8, reset_dataloader=False, reset_lr_scheduler=False, reset_meters=False, reset_optimizer=False, restore_file='checkpoint_last.pt', save_dir='checkpoints/iwslt_entmax1.5_1', save_interval=1, save_interval_updates=0, seed=1, sentence_avg=False, share_all_embeddings=False, share_decoder_input_output_embed=True, skip_invalid_size_inputs_valid_test=False, source_lang='de', target_lang='en', task='translation', tbmf_wrapper=False, tensorboard_logdir='', threshold_loss_scale=None, train_subset='train', update_freq=[1], upsample_primary=1, use_bmuf=False, user_dir=None, valid_subset='valid', validate_interval=1, warmup_init_lr=1e-07, warmup_updates=4000, weight_decay=0.0001)
| [de] dictionary: 8848 types
| [en] dictionary: 6632 types
| data-bin/iwslt14.tokenized.de-en valid de-en 7283 examples
TransformerModel(
  (encoder): TransformerEncoder(
    (embed_tokens): Embedding(8848, 512, padding_idx=1)
    (embed_positions): SinusoidalPositionalEmbedding()
    (layers): ModuleList(
      (0): TransformerEncoderLayer(
        (self_attn): MultiheadAttention(
          (out_proj): Linear(in_features=512, out_features=512, bias=True)
        )
        (self_attn_layer_norm): LayerNorm(torch.Size([512]), eps=1e-05, elementwise_affine=True)
        (fc1): Linear(in_features=512, out_features=1024, bias=True)
        (fc2): Linear(in_features=1024, out_features=512, bias=True)
        (final_layer_norm): LayerNorm(torch.Size([512]), eps=1e-05, elementwise_affine=True)
      )
      (1): TransformerEncoderLayer(
        (self_attn): MultiheadAttention(
          (out_proj): Linear(in_features=512, out_features=512, bias=True)
        )
        (self_attn_layer_norm): LayerNorm(torch.Size([512]), eps=1e-05, elementwise_affine=True)
        (fc1): Linear(in_features=512, out_features=1024, bias=True)
        (fc2): Linear(in_features=1024, out_features=512, bias=True)
        (final_layer_norm): LayerNorm(torch.Size([512]), eps=1e-05, elementwise_affine=True)
      )
      (2): TransformerEncoderLayer(
        (self_attn): MultiheadAttention(
          (out_proj): Linear(in_features=512, out_features=512, bias=True)
        )
        (self_attn_layer_norm): LayerNorm(torch.Size([512]), eps=1e-05, elementwise_affine=True)
        (fc1): Linear(in_features=512, out_features=1024, bias=True)
        (fc2): Linear(in_features=1024, out_features=512, bias=True)
        (final_layer_norm): LayerNorm(torch.Size([512]), eps=1e-05, elementwise_affine=True)
      )
      (3): TransformerEncoderLayer(
        (self_attn): MultiheadAttention(
          (out_proj): Linear(in_features=512, out_features=512, bias=True)
        )
        (self_attn_layer_norm): LayerNorm(torch.Size([512]), eps=1e-05, elementwise_affine=True)
        (fc1): Linear(in_features=512, out_features=1024, bias=True)
        (fc2): Linear(in_features=1024, out_features=512, bias=True)
        (final_layer_norm): LayerNorm(torch.Size([512]), eps=1e-05, elementwise_affine=True)
      )
      (4): TransformerEncoderLayer(
        (self_attn): MultiheadAttention(
          (out_proj): Linear(in_features=512, out_features=512, bias=True)
        )
        (self_attn_layer_norm): LayerNorm(torch.Size([512]), eps=1e-05, elementwise_affine=True)
        (fc1): Linear(in_features=512, out_features=1024, bias=True)
        (fc2): Linear(in_features=1024, out_features=512, bias=True)
        (final_layer_norm): LayerNorm(torch.Size([512]), eps=1e-05, elementwise_affine=True)
      )
      (5): TransformerEncoderLayer(
        (self_attn): MultiheadAttention(
          (out_proj): Linear(in_features=512, out_features=512, bias=True)
        )
        (self_attn_layer_norm): LayerNorm(torch.Size([512]), eps=1e-05, elementwise_affine=True)
        (fc1): Linear(in_features=512, out_features=1024, bias=True)
        (fc2): Linear(in_features=1024, out_features=512, bias=True)
        (final_layer_norm): LayerNorm(torch.Size([512]), eps=1e-05, elementwise_affine=True)
      )
    )
  )
  (decoder): TransformerDecoder(
    (embed_tokens): Embedding(6632, 512, padding_idx=1)
    (embed_positions): SinusoidalPositionalEmbedding()
    (layers): ModuleList(
      (0): TransformerDecoderLayer(
        (self_attn): MultiheadAttention(
          (out_proj): Linear(in_features=512, out_features=512, bias=True)
        )
        (self_attn_layer_norm): LayerNorm(torch.Size([512]), eps=1e-05, elementwise_affine=True)
        (encoder_attn): MultiheadAttention(
          (out_proj): Linear(in_features=512, out_features=512, bias=True)
        )
        (encoder_attn_layer_norm): LayerNorm(torch.Size([512]), eps=1e-05, elementwise_affine=True)
        (fc1): Linear(in_features=512, out_features=1024, bias=True)
        (fc2): Linear(in_features=1024, out_features=512, bias=True)
        (final_layer_norm): LayerNorm(torch.Size([512]), eps=1e-05, elementwise_affine=True)
      )
      (1): TransformerDecoderLayer(
        (self_attn): MultiheadAttention(
          (out_proj): Linear(in_features=512, out_features=512, bias=True)
        )
        (self_attn_layer_norm): LayerNorm(torch.Size([512]), eps=1e-05, elementwise_affine=True)
        (encoder_attn): MultiheadAttention(
          (out_proj): Linear(in_features=512, out_features=512, bias=True)
        )
        (encoder_attn_layer_norm): LayerNorm(torch.Size([512]), eps=1e-05, elementwise_affine=True)
        (fc1): Linear(in_features=512, out_features=1024, bias=True)
        (fc2): Linear(in_features=1024, out_features=512, bias=True)
        (final_layer_norm): LayerNorm(torch.Size([512]), eps=1e-05, elementwise_affine=True)
      )
      (2): TransformerDecoderLayer(
        (self_attn): MultiheadAttention(
          (out_proj): Linear(in_features=512, out_features=512, bias=True)
        )
        (self_attn_layer_norm): LayerNorm(torch.Size([512]), eps=1e-05, elementwise_affine=True)
        (encoder_attn): MultiheadAttention(
          (out_proj): Linear(in_features=512, out_features=512, bias=True)
        )
        (encoder_attn_layer_norm): LayerNorm(torch.Size([512]), eps=1e-05, elementwise_affine=True)
        (fc1): Linear(in_features=512, out_features=1024, bias=True)
        (fc2): Linear(in_features=1024, out_features=512, bias=True)
        (final_layer_norm): LayerNorm(torch.Size([512]), eps=1e-05, elementwise_affine=True)
      )
      (3): TransformerDecoderLayer(
        (self_attn): MultiheadAttention(
          (out_proj): Linear(in_features=512, out_features=512, bias=True)
        )
        (self_attn_layer_norm): LayerNorm(torch.Size([512]), eps=1e-05, elementwise_affine=True)
        (encoder_attn): MultiheadAttention(
          (out_proj): Linear(in_features=512, out_features=512, bias=True)
        )
        (encoder_attn_layer_norm): LayerNorm(torch.Size([512]), eps=1e-05, elementwise_affine=True)
        (fc1): Linear(in_features=512, out_features=1024, bias=True)
        (fc2): Linear(in_features=1024, out_features=512, bias=True)
        (final_layer_norm): LayerNorm(torch.Size([512]), eps=1e-05, elementwise_affine=True)
      )
      (4): TransformerDecoderLayer(
        (self_attn): MultiheadAttention(
          (out_proj): Linear(in_features=512, out_features=512, bias=True)
        )
        (self_attn_layer_norm): LayerNorm(torch.Size([512]), eps=1e-05, elementwise_affine=True)
        (encoder_attn): MultiheadAttention(
          (out_proj): Linear(in_features=512, out_features=512, bias=True)
        )
        (encoder_attn_layer_norm): LayerNorm(torch.Size([512]), eps=1e-05, elementwise_affine=True)
        (fc1): Linear(in_features=512, out_features=1024, bias=True)
        (fc2): Linear(in_features=1024, out_features=512, bias=True)
        (final_layer_norm): LayerNorm(torch.Size([512]), eps=1e-05, elementwise_affine=True)
      )
      (5): TransformerDecoderLayer(
        (self_attn): MultiheadAttention(
          (out_proj): Linear(in_features=512, out_features=512, bias=True)
        )
        (self_attn_layer_norm): LayerNorm(torch.Size([512]), eps=1e-05, elementwise_affine=True)
        (encoder_attn): MultiheadAttention(
          (out_proj): Linear(in_features=512, out_features=512, bias=True)
        )
        (encoder_attn_layer_norm): LayerNorm(torch.Size([512]), eps=1e-05, elementwise_affine=True)
        (fc1): Linear(in_features=512, out_features=1024, bias=True)
        (fc2): Linear(in_features=1024, out_features=512, bias=True)
        (final_layer_norm): LayerNorm(torch.Size([512]), eps=1e-05, elementwise_affine=True)
      )
    )
  )
)
| model transformer_iwslt_de_en, criterion LabelSmoothedCrossEntropyCriterion
| num. model params: 39469056 (num. trained: 39469056)
| training on 1 GPUs
| max tokens per GPU = 8000 and max sentences per GPU = None
| no existing checkpoint found checkpoints/iwslt_entmax1.5_1/checkpoint_last.pt
| loading train data for epoch 0
| data-bin/iwslt14.tokenized.de-en train de-en 160239 examples
| NOTICE: your device may support faster training with --fp16
{"epoch": 1, "train_loss": "10.258", "train_nll_loss": "9.846", "train_ppl": "920.56", "train_wps": "23613", "train_ups": "3", "train_wpb": "6952.665", "train_bsz": "282.111", "train_num_updates": "568", "train_lr": "7.10858e-05", "train_gnorm": "1.630", "train_clip": "0.000", "train_oom": "0.000", "train_wall": "169", "train_train_wall": "147"}
{"epoch": 1, "valid_loss": "9.238", "valid_nll_loss": "8.602", "valid_ppl": "388.54", "valid_num_updates": "568"}
| saved checkpoint checkpoints/iwslt_entmax1.5_1/checkpoint1.pt (epoch 1 @ 568 updates) (writing took 1.1538541316986084 seconds)
{"epoch": 2, "train_loss": "8.793", "train_nll_loss": "8.142", "train_ppl": "282.56", "train_wps": "22711", "train_ups": "3", "train_wpb": "6952.665", "train_bsz": "282.111", "train_num_updates": "1136", "train_lr": "0.000142072", "train_gnorm": "1.363", "train_clip": "0.000", "train_oom": "0.000", "train_wall": "347", "train_train_wall": "299"}
{"epoch": 2, "valid_loss": "8.335", "valid_nll_loss": "7.540", "valid_ppl": "186.04", "valid_num_updates": "1136", "valid_best_loss": "8.33465"}
| saved checkpoint checkpoints/iwslt_entmax1.5_1/checkpoint2.pt (epoch 2 @ 1136 updates) (writing took 3.13501238822937 seconds)
{"epoch": 3, "train_loss": "8.120", "train_nll_loss": "7.357", "train_ppl": "163.95", "train_wps": "24148", "train_ups": "3", "train_wpb": "6952.665", "train_bsz": "282.111", "train_num_updates": "1704", "train_lr": "0.000213057", "train_gnorm": "1.122", "train_clip": "0.000", "train_oom": "0.000", "train_wall": "517", "train_train_wall": "444"}
{"epoch": 3, "valid_loss": "7.852", "valid_nll_loss": "6.965", "valid_ppl": "124.94", "valid_num_updates": "1704", "valid_best_loss": "7.8521"}
| saved checkpoint checkpoints/iwslt_entmax1.5_1/checkpoint3.pt (epoch 3 @ 1704 updates) (writing took 3.119013786315918 seconds)
{"epoch": 4, "train_loss": "7.665", "train_nll_loss": "6.828", "train_ppl": "113.59", "train_wps": "24176", "train_ups": "3", "train_wpb": "6952.665", "train_bsz": "282.111", "train_num_updates": "2272", "train_lr": "0.000284043", "train_gnorm": "1.101", "train_clip": "0.000", "train_oom": "0.000", "train_wall": "686", "train_train_wall": "589"}
{"epoch": 4, "valid_loss": "7.215", "valid_nll_loss": "6.242", "valid_ppl": "75.69", "valid_num_updates": "2272", "valid_best_loss": "7.21502"}
| saved checkpoint checkpoints/iwslt_entmax1.5_1/checkpoint4.pt (epoch 4 @ 2272 updates) (writing took 3.1607778072357178 seconds)
{"epoch": 5, "train_loss": "7.156", "train_nll_loss": "6.238", "train_ppl": "75.47", "train_wps": "24205", "train_ups": "3", "train_wpb": "6952.665", "train_bsz": "282.111", "train_num_updates": "2840", "train_lr": "0.000355029", "train_gnorm": "1.159", "train_clip": "0.000", "train_oom": "0.000", "train_wall": "856", "train_train_wall": "734"}
{"epoch": 5, "valid_loss": "6.685", "valid_nll_loss": "5.607", "valid_ppl": "48.75", "valid_num_updates": "2840", "valid_best_loss": "6.68526"}
| saved checkpoint checkpoints/iwslt_entmax1.5_1/checkpoint5.pt (epoch 5 @ 2840 updates) (writing took 3.0770835876464844 seconds)
{"epoch": 6, "train_loss": "6.672", "train_nll_loss": "5.676", "train_ppl": "51.11", "train_wps": "24318", "train_ups": "3", "train_wpb": "6952.665", "train_bsz": "282.111", "train_num_updates": "3408", "train_lr": "0.000426015", "train_gnorm": "1.159", "train_clip": "0.000", "train_oom": "0.000", "train_wall": "1024", "train_train_wall": "879"}
{"epoch": 6, "valid_loss": "6.166", "valid_nll_loss": "5.001", "valid_ppl": "32.02", "valid_num_updates": "3408", "valid_best_loss": "6.16585"}
| saved checkpoint checkpoints/iwslt_entmax1.5_1/checkpoint6.pt (epoch 6 @ 3408 updates) (writing took 3.1128461360931396 seconds)
{"epoch": 7, "train_loss": "6.187", "train_nll_loss": "5.110", "train_ppl": "34.54", "train_wps": "24302", "train_ups": "3", "train_wpb": "6952.665", "train_bsz": "282.111", "train_num_updates": "3976", "train_lr": "0.000497001", "train_gnorm": "1.134", "train_clip": "0.000", "train_oom": "0.000", "train_wall": "1193", "train_train_wall": "1024"}
{"epoch": 7, "valid_loss": "5.672", "valid_nll_loss": "4.425", "valid_ppl": "21.48", "valid_num_updates": "3976", "valid_best_loss": "5.67163"}
| saved checkpoint checkpoints/iwslt_entmax1.5_1/checkpoint7.pt (epoch 7 @ 3976 updates) (writing took 3.1031975746154785 seconds)
{"epoch": 8, "train_loss": "5.725", "train_nll_loss": "4.569", "train_ppl": "23.74", "train_wps": "24320", "train_ups": "3", "train_wpb": "6952.665", "train_bsz": "282.111", "train_num_updates": "4544", "train_lr": "0.000469117", "train_gnorm": "1.097", "train_clip": "0.000", "train_oom": "0.000", "train_wall": "1362", "train_train_wall": "1169"}
{"epoch": 8, "valid_loss": "5.236", "valid_nll_loss": "3.888", "valid_ppl": "14.81", "valid_num_updates": "4544", "valid_best_loss": "5.23579"}
| saved checkpoint checkpoints/iwslt_entmax1.5_1/checkpoint8.pt (epoch 8 @ 4544 updates) (writing took 3.1498513221740723 seconds)
{"epoch": 9, "train_loss": "5.326", "train_nll_loss": "4.105", "train_ppl": "17.21", "train_wps": "24323", "train_ups": "3", "train_wpb": "6952.665", "train_bsz": "282.111", "train_num_updates": "5112", "train_lr": "0.000442287", "train_gnorm": "1.023", "train_clip": "0.000", "train_oom": "0.000", "train_wall": "1530", "train_train_wall": "1314"}
{"epoch": 9, "valid_loss": "4.998", "valid_nll_loss": "3.620", "valid_ppl": "12.30", "valid_num_updates": "5112", "valid_best_loss": "4.99843"}
| saved checkpoint checkpoints/iwslt_entmax1.5_1/checkpoint9.pt (epoch 9 @ 5112 updates) (writing took 3.106104612350464 seconds)
{"epoch": 10, "train_loss": "5.045", "train_nll_loss": "3.780", "train_ppl": "13.74", "train_wps": "24339", "train_ups": "3", "train_wpb": "6952.665", "train_bsz": "282.111", "train_num_updates": "5680", "train_lr": "0.000419591", "train_gnorm": "0.982", "train_clip": "0.000", "train_oom": "0.000", "train_wall": "1699", "train_train_wall": "1458"}
{"epoch": 10, "valid_loss": "4.753", "valid_nll_loss": "3.324", "valid_ppl": "10.01", "valid_num_updates": "5680", "valid_best_loss": "4.75286"}
| saved checkpoint checkpoints/iwslt_entmax1.5_1/checkpoint10.pt (epoch 10 @ 5680 updates) (writing took 3.1065902709960938 seconds)
{"epoch": 11, "train_loss": "4.832", "train_nll_loss": "3.536", "train_ppl": "11.60", "train_wps": "23595", "train_ups": "3", "train_wpb": "6952.665", "train_bsz": "282.111", "train_num_updates": "6248", "train_lr": "0.000400064", "train_gnorm": "0.959", "train_clip": "0.000", "train_oom": "0.000", "train_wall": "1872", "train_train_wall": "1606"}
{"epoch": 11, "valid_loss": "4.576", "valid_nll_loss": "3.121", "valid_ppl": "8.70", "valid_num_updates": "6248", "valid_best_loss": "4.57595"}
| saved checkpoint checkpoints/iwslt_entmax1.5_1/checkpoint11.pt (epoch 11 @ 6248 updates) (writing took 3.1189236640930176 seconds)
{"epoch": 12, "train_loss": "4.663", "train_nll_loss": "3.344", "train_ppl": "10.15", "train_wps": "22119", "train_ups": "3", "train_wpb": "6952.665", "train_bsz": "282.111", "train_num_updates": "6816", "train_lr": "0.000383032", "train_gnorm": "0.924", "train_clip": "0.000", "train_oom": "0.000", "train_wall": "2057", "train_train_wall": "1761"}
{"epoch": 12, "valid_loss": "4.523", "valid_nll_loss": "3.051", "valid_ppl": "8.29", "valid_num_updates": "6816", "valid_best_loss": "4.52327"}
| saved checkpoint checkpoints/iwslt_entmax1.5_1/checkpoint12.pt (epoch 12 @ 6816 updates) (writing took 3.1226651668548584 seconds)
{"epoch": 13, "train_loss": "4.533", "train_nll_loss": "3.196", "train_ppl": "9.17", "train_wps": "22143", "train_ups": "3", "train_wpb": "6952.665", "train_bsz": "282.111", "train_num_updates": "7384", "train_lr": "0.000368005", "train_gnorm": "0.911", "train_clip": "0.000", "train_oom": "0.000", "train_wall": "2242", "train_train_wall": "1915"}
{"epoch": 13, "valid_loss": "4.393", "valid_nll_loss": "2.903", "valid_ppl": "7.48", "valid_num_updates": "7384", "valid_best_loss": "4.39259"}
| saved checkpoint checkpoints/iwslt_entmax1.5_1/checkpoint13.pt (epoch 13 @ 7384 updates) (writing took 3.143955945968628 seconds)
{"epoch": 14, "train_loss": "4.422", "train_nll_loss": "3.071", "train_ppl": "8.40", "train_wps": "22182", "train_ups": "3", "train_wpb": "6952.665", "train_bsz": "282.111", "train_num_updates": "7952", "train_lr": "0.000354619", "train_gnorm": "0.877", "train_clip": "0.000", "train_oom": "0.000", "train_wall": "2426", "train_train_wall": "2070"}
{"epoch": 14, "valid_loss": "4.299", "valid_nll_loss": "2.807", "valid_ppl": "7.00", "valid_num_updates": "7952", "valid_best_loss": "4.29939"}
| saved checkpoint checkpoints/iwslt_entmax1.5_1/checkpoint14.pt (epoch 14 @ 7952 updates) (writing took 3.1540822982788086 seconds)
{"epoch": 15, "train_loss": "4.329", "train_nll_loss": "2.965", "train_ppl": "7.81", "train_wps": "22122", "train_ups": "3", "train_wpb": "6952.665", "train_bsz": "282.111", "train_num_updates": "8520", "train_lr": "0.000342594", "train_gnorm": "0.859", "train_clip": "0.000", "train_oom": "0.000", "train_wall": "2611", "train_train_wall": "2224"}
{"epoch": 15, "valid_loss": "4.255", "valid_nll_loss": "2.755", "valid_ppl": "6.75", "valid_num_updates": "8520", "valid_best_loss": "4.25463"}
| saved checkpoint checkpoints/iwslt_entmax1.5_1/checkpoint15.pt (epoch 15 @ 8520 updates) (writing took 3.1222312450408936 seconds)
{"epoch": 16, "train_loss": "4.251", "train_nll_loss": "2.877", "train_ppl": "7.35", "train_wps": "24369", "train_ups": "3", "train_wpb": "6952.665", "train_bsz": "282.111", "train_num_updates": "9088", "train_lr": "0.000331716", "train_gnorm": "0.846", "train_clip": "0.000", "train_oom": "0.000", "train_wall": "2780", "train_train_wall": "2369"}
{"epoch": 16, "valid_loss": "4.198", "valid_nll_loss": "2.689", "valid_ppl": "6.45", "valid_num_updates": "9088", "valid_best_loss": "4.19792"}
| saved checkpoint checkpoints/iwslt_entmax1.5_1/checkpoint16.pt (epoch 16 @ 9088 updates) (writing took 3.201873302459717 seconds)
{"epoch": 17, "train_loss": "4.181", "train_nll_loss": "2.798", "train_ppl": "6.95", "train_wps": "24341", "train_ups": "3", "train_wpb": "6952.665", "train_bsz": "282.111", "train_num_updates": "9656", "train_lr": "0.000321811", "train_gnorm": "0.829", "train_clip": "0.000", "train_oom": "0.000", "train_wall": "2948", "train_train_wall": "2514"}
{"epoch": 17, "valid_loss": "4.162", "valid_nll_loss": "2.646", "valid_ppl": "6.26", "valid_num_updates": "9656", "valid_best_loss": "4.16236"}
| saved checkpoint checkpoints/iwslt_entmax1.5_1/checkpoint17.pt (epoch 17 @ 9656 updates) (writing took 3.154266357421875 seconds)
{"epoch": 18, "train_loss": "4.117", "train_nll_loss": "2.726", "train_ppl": "6.61", "train_wps": "24356", "train_ups": "3", "train_wpb": "6952.665", "train_bsz": "282.111", "train_num_updates": "10224", "train_lr": "0.000312744", "train_gnorm": "0.822", "train_clip": "0.000", "train_oom": "0.000", "train_wall": "3117", "train_train_wall": "2658"}
{"epoch": 18, "valid_loss": "4.128", "valid_nll_loss": "2.616", "valid_ppl": "6.13", "valid_num_updates": "10224", "valid_best_loss": "4.12771"}
| saved checkpoint checkpoints/iwslt_entmax1.5_1/checkpoint18.pt (epoch 18 @ 10224 updates) (writing took 3.112783432006836 seconds)
{"epoch": 19, "train_loss": "4.064", "train_nll_loss": "2.665", "train_ppl": "6.34", "train_wps": "24339", "train_ups": "3", "train_wpb": "6952.665", "train_bsz": "282.111", "train_num_updates": "10792", "train_lr": "0.000304403", "train_gnorm": "0.820", "train_clip": "0.000", "train_oom": "0.000", "train_wall": "3285", "train_train_wall": "2803"}
{"epoch": 19, "valid_loss": "4.079", "valid_nll_loss": "2.568", "valid_ppl": "5.93", "valid_num_updates": "10792", "valid_best_loss": "4.07874"}
| saved checkpoint checkpoints/iwslt_entmax1.5_1/checkpoint19.pt (epoch 19 @ 10792 updates) (writing took 3.1464033126831055 seconds)
{"epoch": 20, "train_loss": "4.013", "train_nll_loss": "2.608", "train_ppl": "6.10", "train_wps": "24333", "train_ups": "3", "train_wpb": "6952.665", "train_bsz": "282.111", "train_num_updates": "11360", "train_lr": "0.000296695", "train_gnorm": "0.810", "train_clip": "0.000", "train_oom": "0.000", "train_wall": "3454", "train_train_wall": "2948"}
{"epoch": 20, "valid_loss": "4.062", "valid_nll_loss": "2.541", "valid_ppl": "5.82", "valid_num_updates": "11360", "valid_best_loss": "4.0623"}
| saved checkpoint checkpoints/iwslt_entmax1.5_1/checkpoint20.pt (epoch 20 @ 11360 updates) (writing took 3.118781805038452 seconds)
{"epoch": 21, "train_loss": "3.968", "train_nll_loss": "2.557", "train_ppl": "5.89", "train_wps": "24361", "train_ups": "3", "train_wpb": "6952.665", "train_bsz": "282.111", "train_num_updates": "11928", "train_lr": "0.000289545", "train_gnorm": "0.808", "train_clip": "0.000", "train_oom": "0.000", "train_wall": "3622", "train_train_wall": "3092"}
{"epoch": 21, "valid_loss": "4.043", "valid_nll_loss": "2.513", "valid_ppl": "5.71", "valid_num_updates": "11928", "valid_best_loss": "4.04276"}
| saved checkpoint checkpoints/iwslt_entmax1.5_1/checkpoint21.pt (epoch 21 @ 11928 updates) (writing took 3.1563668251037598 seconds)
{"epoch": 22, "train_loss": "3.927", "train_nll_loss": "2.510", "train_ppl": "5.70", "train_wps": "24354", "train_ups": "3", "train_wpb": "6952.665", "train_bsz": "282.111", "train_num_updates": "12496", "train_lr": "0.000282888", "train_gnorm": "0.807", "train_clip": "0.000", "train_oom": "0.000", "train_wall": "3790", "train_train_wall": "3237"}
{"epoch": 22, "valid_loss": "4.029", "valid_nll_loss": "2.493", "valid_ppl": "5.63", "valid_num_updates": "12496", "valid_best_loss": "4.02909"}
| saved checkpoint checkpoints/iwslt_entmax1.5_1/checkpoint22.pt (epoch 22 @ 12496 updates) (writing took 3.0737528800964355 seconds)
{"epoch": 23, "train_loss": "3.887", "train_nll_loss": "2.466", "train_ppl": "5.52", "train_wps": "24357", "train_ups": "3", "train_wpb": "6952.665", "train_bsz": "282.111", "train_num_updates": "13064", "train_lr": "0.00027667", "train_gnorm": "0.794", "train_clip": "0.000", "train_oom": "0.000", "train_wall": "3958", "train_train_wall": "3382"}
{"epoch": 23, "valid_loss": "4.004", "valid_nll_loss": "2.472", "valid_ppl": "5.55", "valid_num_updates": "13064", "valid_best_loss": "4.00365"}
| saved checkpoint checkpoints/iwslt_entmax1.5_1/checkpoint23.pt (epoch 23 @ 13064 updates) (writing took 3.2300865650177 seconds)
{"epoch": 24, "train_loss": "3.853", "train_nll_loss": "2.427", "train_ppl": "5.38", "train_wps": "24186", "train_ups": "3", "train_wpb": "6952.665", "train_bsz": "282.111", "train_num_updates": "13632", "train_lr": "0.000270845", "train_gnorm": "0.802", "train_clip": "0.000", "train_oom": "0.000", "train_wall": "4128", "train_train_wall": "3527"}
{"epoch": 24, "valid_loss": "3.985", "valid_nll_loss": "2.448", "valid_ppl": "5.46", "valid_num_updates": "13632", "valid_best_loss": "3.98537"}
| saved checkpoint checkpoints/iwslt_entmax1.5_1/checkpoint24.pt (epoch 24 @ 13632 updates) (writing took 3.1131391525268555 seconds)
{"epoch": 25, "train_loss": "3.819", "train_nll_loss": "2.388", "train_ppl": "5.23", "train_wps": "12662", "train_ups": "2", "train_wpb": "6952.665", "train_bsz": "282.111", "train_num_updates": "14200", "train_lr": "0.000265372", "train_gnorm": "0.792", "train_clip": "0.000", "train_oom": "0.000", "train_wall": "4446", "train_train_wall": "3819"}
{"epoch": 25, "valid_loss": "3.978", "valid_nll_loss": "2.435", "valid_ppl": "5.41", "valid_num_updates": "14200", "valid_best_loss": "3.97754"}
| saved checkpoint checkpoints/iwslt_entmax1.5_1/checkpoint25.pt (epoch 25 @ 14200 updates) (writing took 3.1235392093658447 seconds)
{"epoch": 26, "train_loss": "3.787", "train_nll_loss": "2.351", "train_ppl": "5.10", "train_wps": "4927", "train_ups": "1", "train_wpb": "6952.665", "train_bsz": "282.111", "train_num_updates": "14768", "train_lr": "0.000260219", "train_gnorm": "0.793", "train_clip": "0.000", "train_oom": "0.000", "train_wall": "5257", "train_train_wall": "4594"}
{"epoch": 26, "valid_loss": "3.975", "valid_nll_loss": "2.435", "valid_ppl": "5.41", "valid_num_updates": "14768", "valid_best_loss": "3.97542"}
| saved checkpoint checkpoints/iwslt_entmax1.5_1/checkpoint26.pt (epoch 26 @ 14768 updates) (writing took 3.1496052742004395 seconds)
{"epoch": 27, "train_loss": "3.761", "train_nll_loss": "2.322", "train_ppl": "5.00", "train_wps": "4931", "train_ups": "1", "train_wpb": "6952.665", "train_bsz": "282.111", "train_num_updates": "15336", "train_lr": "0.000255355", "train_gnorm": "0.794", "train_clip": "0.000", "train_oom": "0.000", "train_wall": "6068", "train_train_wall": "5369"}
{"epoch": 27, "valid_loss": "3.948", "valid_nll_loss": "2.406", "valid_ppl": "5.30", "valid_num_updates": "15336", "valid_best_loss": "3.948"}
| saved checkpoint checkpoints/iwslt_entmax1.5_1/checkpoint27.pt (epoch 27 @ 15336 updates) (writing took 3.148249626159668 seconds)
{"epoch": 28, "train_loss": "3.732", "train_nll_loss": "2.289", "train_ppl": "4.89", "train_wps": "4940", "train_ups": "1", "train_wpb": "6952.665", "train_bsz": "282.111", "train_num_updates": "15904", "train_lr": "0.000250753", "train_gnorm": "0.789", "train_clip": "0.000", "train_oom": "0.000", "train_wall": "6877", "train_train_wall": "6143"}
{"epoch": 28, "valid_loss": "3.924", "valid_nll_loss": "2.385", "valid_ppl": "5.22", "valid_num_updates": "15904", "valid_best_loss": "3.92389"}
| saved checkpoint checkpoints/iwslt_entmax1.5_1/checkpoint28.pt (epoch 28 @ 15904 updates) (writing took 3.1443097591400146 seconds)
{"epoch": 29, "train_loss": "3.706", "train_nll_loss": "2.259", "train_ppl": "4.79", "train_wps": "4939", "train_ups": "1", "train_wpb": "6952.665", "train_bsz": "282.111", "train_num_updates": "16472", "train_lr": "0.000246392", "train_gnorm": "0.786", "train_clip": "0.000", "train_oom": "0.000", "train_wall": "7686", "train_train_wall": "6916"}
{"epoch": 29, "valid_loss": "3.918", "valid_nll_loss": "2.373", "valid_ppl": "5.18", "valid_num_updates": "16472", "valid_best_loss": "3.91801"}
| saved checkpoint checkpoints/iwslt_entmax1.5_1/checkpoint29.pt (epoch 29 @ 16472 updates) (writing took 3.183694839477539 seconds)
{"epoch": 30, "train_loss": "3.681", "train_nll_loss": "2.231", "train_ppl": "4.69", "train_wps": "4939", "train_ups": "1", "train_wpb": "6952.665", "train_bsz": "282.111", "train_num_updates": "17040", "train_lr": "0.000242251", "train_gnorm": "0.789", "train_clip": "0.000", "train_oom": "0.000", "train_wall": "8496", "train_train_wall": "7690"}
{"epoch": 30, "valid_loss": "3.910", "valid_nll_loss": "2.369", "valid_ppl": "5.17", "valid_num_updates": "17040", "valid_best_loss": "3.90988"}
| saved checkpoint checkpoints/iwslt_entmax1.5_1/checkpoint30.pt (epoch 30 @ 17040 updates) (writing took 3.1136627197265625 seconds)
{"epoch": 31, "train_loss": "3.658", "train_nll_loss": "2.204", "train_ppl": "4.61", "train_wps": "4939", "train_ups": "1", "train_wpb": "6952.665", "train_bsz": "282.111", "train_num_updates": "17608", "train_lr": "0.000238311", "train_gnorm": "0.788", "train_clip": "0.000", "train_oom": "0.000", "train_wall": "9305", "train_train_wall": "8463"}
{"epoch": 31, "valid_loss": "3.908", "valid_nll_loss": "2.357", "valid_ppl": "5.12", "valid_num_updates": "17608", "valid_best_loss": "3.90786"}
| saved checkpoint checkpoints/iwslt_entmax1.5_1/checkpoint31.pt (epoch 31 @ 17608 updates) (writing took 3.115682601928711 seconds)
{"epoch": 32, "train_loss": "3.636", "train_nll_loss": "2.180", "train_ppl": "4.53", "train_wps": "4939", "train_ups": "1", "train_wpb": "6952.665", "train_bsz": "282.111", "train_num_updates": "18176", "train_lr": "0.000234558", "train_gnorm": "0.787", "train_clip": "0.000", "train_oom": "0.000", "train_wall": "10114", "train_train_wall": "9237"}
{"epoch": 32, "valid_loss": "3.908", "valid_nll_loss": "2.362", "valid_ppl": "5.14", "valid_num_updates": "18176", "valid_best_loss": "3.90786"}
| saved checkpoint checkpoints/iwslt_entmax1.5_1/checkpoint32.pt (epoch 32 @ 18176 updates) (writing took 1.7271027565002441 seconds)
{"epoch": 33, "train_loss": "3.617", "train_nll_loss": "2.158", "train_ppl": "4.46", "train_wps": "4940", "train_ups": "1", "train_wpb": "6952.665", "train_bsz": "282.111", "train_num_updates": "18744", "train_lr": "0.000230977", "train_gnorm": "0.794", "train_clip": "0.000", "train_oom": "0.000", "train_wall": "10922", "train_train_wall": "10010"}
{"epoch": 33, "valid_loss": "3.894", "valid_nll_loss": "2.346", "valid_ppl": "5.08", "valid_num_updates": "18744", "valid_best_loss": "3.89433"}
| saved checkpoint checkpoints/iwslt_entmax1.5_1/checkpoint33.pt (epoch 33 @ 18744 updates) (writing took 3.1375486850738525 seconds)
{"epoch": 34, "train_loss": "3.595", "train_nll_loss": "2.132", "train_ppl": "4.38", "train_wps": "4941", "train_ups": "1", "train_wpb": "6952.665", "train_bsz": "282.111", "train_num_updates": "19312", "train_lr": "0.000227555", "train_gnorm": "0.787", "train_clip": "0.000", "train_oom": "0.000", "train_wall": "11731", "train_train_wall": "10784"}
{"epoch": 34, "valid_loss": "3.880", "valid_nll_loss": "2.331", "valid_ppl": "5.03", "valid_num_updates": "19312", "valid_best_loss": "3.88044"}
| saved checkpoint checkpoints/iwslt_entmax1.5_1/checkpoint34.pt (epoch 34 @ 19312 updates) (writing took 3.1917884349823 seconds)
{"epoch": 35, "train_loss": "3.576", "train_nll_loss": "2.110", "train_ppl": "4.32", "train_wps": "4942", "train_ups": "1", "train_wpb": "6952.665", "train_bsz": "282.111", "train_num_updates": "19880", "train_lr": "0.000224281", "train_gnorm": "0.789", "train_clip": "0.000", "train_oom": "0.000", "train_wall": "12540", "train_train_wall": "11557"}
{"epoch": 35, "valid_loss": "3.874", "valid_nll_loss": "2.324", "valid_ppl": "5.01", "valid_num_updates": "19880", "valid_best_loss": "3.87354"}
| saved checkpoint checkpoints/iwslt_entmax1.5_1/checkpoint35.pt (epoch 35 @ 19880 updates) (writing took 3.117401599884033 seconds)
{"epoch": 36, "train_loss": "3.558", "train_nll_loss": "2.090", "train_ppl": "4.26", "train_wps": "4941", "train_ups": "1", "train_wpb": "6952.665", "train_bsz": "282.111", "train_num_updates": "20448", "train_lr": "0.000221144", "train_gnorm": "0.792", "train_clip": "0.000", "train_oom": "0.000", "train_wall": "13348", "train_train_wall": "12331"}
{"epoch": 36, "valid_loss": "3.883", "valid_nll_loss": "2.328", "valid_ppl": "5.02", "valid_num_updates": "20448", "valid_best_loss": "3.87354"}
| saved checkpoint checkpoints/iwslt_entmax1.5_1/checkpoint36.pt (epoch 36 @ 20448 updates) (writing took 1.7195320129394531 seconds)
{"epoch": 37, "train_loss": "3.538", "train_nll_loss": "2.067", "train_ppl": "4.19", "train_wps": "4941", "train_ups": "1", "train_wpb": "6952.665", "train_bsz": "282.111", "train_num_updates": "21016", "train_lr": "0.000218135", "train_gnorm": "0.786", "train_clip": "0.000", "train_oom": "0.000", "train_wall": "14156", "train_train_wall": "13105"}
{"epoch": 37, "valid_loss": "3.880", "valid_nll_loss": "2.326", "valid_ppl": "5.01", "valid_num_updates": "21016", "valid_best_loss": "3.87354"}
| saved checkpoint checkpoints/iwslt_entmax1.5_1/checkpoint37.pt (epoch 37 @ 21016 updates) (writing took 1.7197351455688477 seconds)
{"epoch": 38, "train_loss": "3.521", "train_nll_loss": "2.047", "train_ppl": "4.13", "train_wps": "4943", "train_ups": "1", "train_wpb": "6952.665", "train_bsz": "282.111", "train_num_updates": "21584", "train_lr": "0.000215245", "train_gnorm": "0.785", "train_clip": "0.000", "train_oom": "0.000", "train_wall": "14963", "train_train_wall": "13878"}
{"epoch": 38, "valid_loss": "3.878", "valid_nll_loss": "2.325", "valid_ppl": "5.01", "valid_num_updates": "21584", "valid_best_loss": "3.87354"}
| saved checkpoint checkpoints/iwslt_entmax1.5_1/checkpoint38.pt (epoch 38 @ 21584 updates) (writing took 1.7180569171905518 seconds)
{"epoch": 39, "train_loss": "3.505", "train_nll_loss": "2.029", "train_ppl": "4.08", "train_wps": "4943", "train_ups": "1", "train_wpb": "6952.665", "train_bsz": "282.111", "train_num_updates": "22152", "train_lr": "0.000212468", "train_gnorm": "0.792", "train_clip": "0.000", "train_oom": "0.000", "train_wall": "15771", "train_train_wall": "14652"}
{"epoch": 39, "valid_loss": "3.867", "valid_nll_loss": "2.307", "valid_ppl": "4.95", "valid_num_updates": "22152", "valid_best_loss": "3.86719"}
| saved checkpoint checkpoints/iwslt_entmax1.5_1/checkpoint39.pt (epoch 39 @ 22152 updates) (writing took 3.1149699687957764 seconds)
{"epoch": 40, "train_loss": "3.489", "train_nll_loss": "2.011", "train_ppl": "4.03", "train_wps": "4943", "train_ups": "1", "train_wpb": "6952.665", "train_bsz": "282.111", "train_num_updates": "22720", "train_lr": "0.000209795", "train_gnorm": "0.795", "train_clip": "0.000", "train_oom": "0.000", "train_wall": "16579", "train_train_wall": "15425"}
{"epoch": 40, "valid_loss": "3.850", "valid_nll_loss": "2.300", "valid_ppl": "4.92", "valid_num_updates": "22720", "valid_best_loss": "3.8503"}
| saved checkpoint checkpoints/iwslt_entmax1.5_1/checkpoint40.pt (epoch 40 @ 22720 updates) (writing took 3.1027050018310547 seconds)
{"epoch": 41, "train_loss": "3.475", "train_nll_loss": "1.994", "train_ppl": "3.98", "train_wps": "4942", "train_ups": "1", "train_wpb": "6952.665", "train_bsz": "282.111", "train_num_updates": "23288", "train_lr": "0.000207221", "train_gnorm": "0.795", "train_clip": "0.000", "train_oom": "0.000", "train_wall": "17388", "train_train_wall": "16199"}
{"epoch": 41, "valid_loss": "3.857", "valid_nll_loss": "2.307", "valid_ppl": "4.95", "valid_num_updates": "23288", "valid_best_loss": "3.8503"}
| saved checkpoint checkpoints/iwslt_entmax1.5_1/checkpoint41.pt (epoch 41 @ 23288 updates) (writing took 1.721501111984253 seconds)
{"epoch": 42, "train_loss": "3.460", "train_nll_loss": "1.977", "train_ppl": "3.94", "train_wps": "4931", "train_ups": "1", "train_wpb": "6952.665", "train_bsz": "282.111", "train_num_updates": "23856", "train_lr": "0.000204739", "train_gnorm": "0.796", "train_clip": "0.000", "train_oom": "0.000", "train_wall": "18197", "train_train_wall": "16974"}
{"epoch": 42, "valid_loss": "3.855", "valid_nll_loss": "2.300", "valid_ppl": "4.93", "valid_num_updates": "23856", "valid_best_loss": "3.8503"}
| saved checkpoint checkpoints/iwslt_entmax1.5_1/checkpoint42.pt (epoch 42 @ 23856 updates) (writing took 1.7332894802093506 seconds)
{"epoch": 43, "train_loss": "3.445", "train_nll_loss": "1.960", "train_ppl": "3.89", "train_wps": "4930", "train_ups": "1", "train_wpb": "6952.665", "train_bsz": "282.111", "train_num_updates": "24424", "train_lr": "0.000202345", "train_gnorm": "0.792", "train_clip": "0.000", "train_oom": "0.000", "train_wall": "19007", "train_train_wall": "17748"}
{"epoch": 43, "valid_loss": "3.844", "valid_nll_loss": "2.297", "valid_ppl": "4.91", "valid_num_updates": "24424", "valid_best_loss": "3.84365"}
| saved checkpoint checkpoints/iwslt_entmax1.5_1/checkpoint43.pt (epoch 43 @ 24424 updates) (writing took 3.112156867980957 seconds)
{"epoch": 44, "train_loss": "3.431", "train_nll_loss": "1.944", "train_ppl": "3.85", "train_wps": "4913", "train_ups": "1", "train_wpb": "6952.665", "train_bsz": "282.111", "train_num_updates": "24992", "train_lr": "0.000200032", "train_gnorm": "0.796", "train_clip": "0.000", "train_oom": "0.000", "train_wall": "19820", "train_train_wall": "18525"}
{"epoch": 44, "valid_loss": "3.868", "valid_nll_loss": "2.308", "valid_ppl": "4.95", "valid_num_updates": "24992", "valid_best_loss": "3.84365"}
| saved checkpoint checkpoints/iwslt_entmax1.5_1/checkpoint44.pt (epoch 44 @ 24992 updates) (writing took 1.754133939743042 seconds)
{"epoch": 45, "train_loss": "3.417", "train_nll_loss": "1.927", "train_ppl": "3.80", "train_wps": "4891", "train_ups": "1", "train_wpb": "6952.665", "train_bsz": "282.111", "train_num_updates": "25560", "train_lr": "0.000197797", "train_gnorm": "0.797", "train_clip": "0.000", "train_oom": "0.000", "train_wall": "20636", "train_train_wall": "19302"}
{"epoch": 45, "valid_loss": "3.849", "valid_nll_loss": "2.292", "valid_ppl": "4.90", "valid_num_updates": "25560", "valid_best_loss": "3.84365"}
| saved checkpoint checkpoints/iwslt_entmax1.5_1/checkpoint45.pt (epoch 45 @ 25560 updates) (writing took 1.7586214542388916 seconds)
{"epoch": 46, "train_loss": "3.403", "train_nll_loss": "1.911", "train_ppl": "3.76", "train_wps": "4902", "train_ups": "1", "train_wpb": "6952.665", "train_bsz": "282.111", "train_num_updates": "26128", "train_lr": "0.000195635", "train_gnorm": "0.800", "train_clip": "0.000", "train_oom": "0.000", "train_wall": "21450", "train_train_wall": "20079"}
{"epoch": 46, "valid_loss": "3.849", "valid_nll_loss": "2.297", "valid_ppl": "4.92", "valid_num_updates": "26128", "valid_best_loss": "3.84365"}
| saved checkpoint checkpoints/iwslt_entmax1.5_1/checkpoint46.pt (epoch 46 @ 26128 updates) (writing took 1.7405846118927002 seconds)
{"epoch": 47, "train_loss": "3.392", "train_nll_loss": "1.899", "train_ppl": "3.73", "train_wps": "4936", "train_ups": "1", "train_wpb": "6952.665", "train_bsz": "282.111", "train_num_updates": "26696", "train_lr": "0.000193543", "train_gnorm": "0.802", "train_clip": "0.000", "train_oom": "0.000", "train_wall": "22259", "train_train_wall": "20853"}
{"epoch": 47, "valid_loss": "3.848", "valid_nll_loss": "2.288", "valid_ppl": "4.88", "valid_num_updates": "26696", "valid_best_loss": "3.84365"}
| saved checkpoint checkpoints/iwslt_entmax1.5_1/checkpoint47.pt (epoch 47 @ 26696 updates) (writing took 1.7212021350860596 seconds)
{"epoch": 48, "train_loss": "3.378", "train_nll_loss": "1.883", "train_ppl": "3.69", "train_wps": "4940", "train_ups": "1", "train_wpb": "6952.665", "train_bsz": "282.111", "train_num_updates": "27264", "train_lr": "0.000191516", "train_gnorm": "0.798", "train_clip": "0.000", "train_oom": "0.000", "train_wall": "23067", "train_train_wall": "21627"}
{"epoch": 48, "valid_loss": "3.836", "valid_nll_loss": "2.279", "valid_ppl": "4.85", "valid_num_updates": "27264", "valid_best_loss": "3.83583"}
| saved checkpoint checkpoints/iwslt_entmax1.5_1/checkpoint48.pt (epoch 48 @ 27264 updates) (writing took 3.1093952655792236 seconds)
{"epoch": 49, "train_loss": "3.367", "train_nll_loss": "1.869", "train_ppl": "3.65", "train_wps": "4898", "train_ups": "1", "train_wpb": "6952.665", "train_bsz": "282.111", "train_num_updates": "27832", "train_lr": "0.000189552", "train_gnorm": "0.804", "train_clip": "0.000", "train_oom": "0.000", "train_wall": "23883", "train_train_wall": "22404"}
{"epoch": 49, "valid_loss": "3.844", "valid_nll_loss": "2.283", "valid_ppl": "4.87", "valid_num_updates": "27832", "valid_best_loss": "3.83583"}
| saved checkpoint checkpoints/iwslt_entmax1.5_1/checkpoint49.pt (epoch 49 @ 27832 updates) (writing took 1.8105120658874512 seconds)
{"epoch": 50, "train_loss": "3.355", "train_nll_loss": "1.855", "train_ppl": "3.62", "train_wps": "4939", "train_ups": "1", "train_wpb": "6952.665", "train_bsz": "282.111", "train_num_updates": "28400", "train_lr": "0.000187647", "train_gnorm": "0.803", "train_clip": "0.000", "train_oom": "0.000", "train_wall": "24691", "train_train_wall": "23177"}
{"epoch": 50, "valid_loss": "3.850", "valid_nll_loss": "2.288", "valid_ppl": "4.88", "valid_num_updates": "28400", "valid_best_loss": "3.83583"}
| saved checkpoint checkpoints/iwslt_entmax1.5_1/checkpoint50.pt (epoch 50 @ 28400 updates) (writing took 1.7271904945373535 seconds)
{"epoch": 51, "train_loss": "3.343", "train_nll_loss": "1.842", "train_ppl": "3.58", "train_wps": "4942", "train_ups": "1", "train_wpb": "6952.665", "train_bsz": "282.111", "train_num_updates": "28968", "train_lr": "0.000185798", "train_gnorm": "0.805", "train_clip": "0.000", "train_oom": "0.000", "train_wall": "25499", "train_train_wall": "23951"}
{"epoch": 51, "valid_loss": "3.867", "valid_nll_loss": "2.303", "valid_ppl": "4.94", "valid_num_updates": "28968", "valid_best_loss": "3.83583"}
| saved checkpoint checkpoints/iwslt_entmax1.5_1/checkpoint51.pt (epoch 51 @ 28968 updates) (writing took 1.7237930297851562 seconds)
{"epoch": 52, "train_loss": "3.332", "train_nll_loss": "1.829", "train_ppl": "3.55", "train_wps": "4943", "train_ups": "1", "train_wpb": "6952.665", "train_bsz": "282.111", "train_num_updates": "29536", "train_lr": "0.000184003", "train_gnorm": "0.806", "train_clip": "0.000", "train_oom": "0.000", "train_wall": "26306", "train_train_wall": "24724"}
{"epoch": 52, "valid_loss": "3.841", "valid_nll_loss": "2.284", "valid_ppl": "4.87", "valid_num_updates": "29536", "valid_best_loss": "3.83583"}
| saved checkpoint checkpoints/iwslt_entmax1.5_1/checkpoint52.pt (epoch 52 @ 29536 updates) (writing took 1.729642391204834 seconds)
{"epoch": 53, "train_loss": "3.323", "train_nll_loss": "1.818", "train_ppl": "3.53", "train_wps": "4935", "train_ups": "1", "train_wpb": "6952.665", "train_bsz": "282.111", "train_num_updates": "30104", "train_lr": "0.000182259", "train_gnorm": "0.815", "train_clip": "0.000", "train_oom": "0.000", "train_wall": "27115", "train_train_wall": "25498"}
{"epoch": 53, "valid_loss": "3.846", "valid_nll_loss": "2.285", "valid_ppl": "4.87", "valid_num_updates": "30104", "valid_best_loss": "3.83583"}
| saved checkpoint checkpoints/iwslt_entmax1.5_1/checkpoint53.pt (epoch 53 @ 30104 updates) (writing took 1.7410931587219238 seconds)
{"epoch": 54, "train_loss": "3.311", "train_nll_loss": "1.804", "train_ppl": "3.49", "train_wps": "4930", "train_ups": "1", "train_wpb": "6952.665", "train_bsz": "282.111", "train_num_updates": "30672", "train_lr": "0.000180563", "train_gnorm": "0.811", "train_clip": "0.000", "train_oom": "0.000", "train_wall": "27924", "train_train_wall": "26273"}
{"epoch": 54, "valid_loss": "3.844", "valid_nll_loss": "2.285", "valid_ppl": "4.87", "valid_num_updates": "30672", "valid_best_loss": "3.83583"}
| saved checkpoint checkpoints/iwslt_entmax1.5_1/checkpoint54.pt (epoch 54 @ 30672 updates) (writing took 1.7249364852905273 seconds)
{"epoch": 55, "train_loss": "3.302", "train_nll_loss": "1.794", "train_ppl": "3.47", "train_wps": "4930", "train_ups": "1", "train_wpb": "6952.665", "train_bsz": "282.111", "train_num_updates": "31240", "train_lr": "0.000178914", "train_gnorm": "0.814", "train_clip": "0.000", "train_oom": "0.000", "train_wall": "28733", "train_train_wall": "27048"}
{"epoch": 55, "valid_loss": "3.838", "valid_nll_loss": "2.278", "valid_ppl": "4.85", "valid_num_updates": "31240", "valid_best_loss": "3.83583"}
| saved checkpoint checkpoints/iwslt_entmax1.5_1/checkpoint55.pt (epoch 55 @ 31240 updates) (writing took 1.7164151668548584 seconds)
{"epoch": 56, "train_loss": "3.291", "train_nll_loss": "1.782", "train_ppl": "3.44", "train_wps": "4923", "train_ups": "1", "train_wpb": "6952.665", "train_bsz": "282.111", "train_num_updates": "31808", "train_lr": "0.000177309", "train_gnorm": "0.817", "train_clip": "0.000", "train_oom": "0.000", "train_wall": "29544", "train_train_wall": "27823"}
{"epoch": 56, "valid_loss": "3.849", "valid_nll_loss": "2.289", "valid_ppl": "4.89", "valid_num_updates": "31808", "valid_best_loss": "3.83583"}
| saved checkpoint checkpoints/iwslt_entmax1.5_1/checkpoint56.pt (epoch 56 @ 31808 updates) (writing took 1.7208795547485352 seconds)
{"epoch": 57, "train_loss": "3.282", "train_nll_loss": "1.771", "train_ppl": "3.41", "train_wps": "4935", "train_ups": "1", "train_wpb": "6952.665", "train_bsz": "282.111", "train_num_updates": "32376", "train_lr": "0.000175747", "train_gnorm": "0.818", "train_clip": "0.000", "train_oom": "0.000", "train_wall": "30353", "train_train_wall": "28597"}
{"epoch": 57, "valid_loss": "3.838", "valid_nll_loss": "2.280", "valid_ppl": "4.86", "valid_num_updates": "32376", "valid_best_loss": "3.83583"}
| saved checkpoint checkpoints/iwslt_entmax1.5_1/checkpoint57.pt (epoch 57 @ 32376 updates) (writing took 1.740264654159546 seconds)
{"epoch": 58, "train_loss": "3.272", "train_nll_loss": "1.759", "train_ppl": "3.39", "train_wps": "4892", "train_ups": "1", "train_wpb": "6952.665", "train_bsz": "282.111", "train_num_updates": "32944", "train_lr": "0.000174226", "train_gnorm": "0.820", "train_clip": "0.000", "train_oom": "0.000", "train_wall": "31168", "train_train_wall": "29375"}
{"epoch": 58, "valid_loss": "3.832", "valid_nll_loss": "2.278", "valid_ppl": "4.85", "valid_num_updates": "32944", "valid_best_loss": "3.83212"}
| saved checkpoint checkpoints/iwslt_entmax1.5_1/checkpoint58.pt (epoch 58 @ 32944 updates) (writing took 3.144200086593628 seconds)
{"epoch": 59, "train_loss": "3.262", "train_nll_loss": "1.748", "train_ppl": "3.36", "train_wps": "4892", "train_ups": "1", "train_wpb": "6952.665", "train_bsz": "282.111", "train_num_updates": "33512", "train_lr": "0.000172743", "train_gnorm": "0.820", "train_clip": "0.000", "train_oom": "0.000", "train_wall": "31986", "train_train_wall": "30152"}
{"epoch": 59, "valid_loss": "3.848", "valid_nll_loss": "2.285", "valid_ppl": "4.87", "valid_num_updates": "33512", "valid_best_loss": "3.83212"}
| saved checkpoint checkpoints/iwslt_entmax1.5_1/checkpoint59.pt (epoch 59 @ 33512 updates) (writing took 1.73103666305542 seconds)
{"epoch": 60, "train_loss": "3.254", "train_nll_loss": "1.738", "train_ppl": "3.34", "train_wps": "4893", "train_ups": "1", "train_wpb": "6952.665", "train_bsz": "282.111", "train_num_updates": "34080", "train_lr": "0.000171297", "train_gnorm": "0.821", "train_clip": "0.000", "train_oom": "0.000", "train_wall": "32801", "train_train_wall": "30929"}
{"epoch": 60, "valid_loss": "3.836", "valid_nll_loss": "2.277", "valid_ppl": "4.85", "valid_num_updates": "34080", "valid_best_loss": "3.83212"}
| saved checkpoint checkpoints/iwslt_entmax1.5_1/checkpoint60.pt (epoch 60 @ 34080 updates) (writing took 1.7304589748382568 seconds)
{"epoch": 61, "train_loss": "3.244", "train_nll_loss": "1.727", "train_ppl": "3.31", "train_wps": "4892", "train_ups": "1", "train_wpb": "6952.665", "train_bsz": "282.111", "train_num_updates": "34648", "train_lr": "0.000169887", "train_gnorm": "0.821", "train_clip": "0.000", "train_oom": "0.000", "train_wall": "33617", "train_train_wall": "31707"}
{"epoch": 61, "valid_loss": "3.847", "valid_nll_loss": "2.281", "valid_ppl": "4.86", "valid_num_updates": "34648", "valid_best_loss": "3.83212"}
| saved checkpoint checkpoints/iwslt_entmax1.5_1/checkpoint61.pt (epoch 61 @ 34648 updates) (writing took 1.7302618026733398 seconds)
{"epoch": 62, "train_loss": "3.235", "train_nll_loss": "1.716", "train_ppl": "3.29", "train_wps": "4904", "train_ups": "1", "train_wpb": "6952.665", "train_bsz": "282.111", "train_num_updates": "35216", "train_lr": "0.000168512", "train_gnorm": "0.823", "train_clip": "0.000", "train_oom": "0.000", "train_wall": "34431", "train_train_wall": "32484"}
{"epoch": 62, "valid_loss": "3.851", "valid_nll_loss": "2.283", "valid_ppl": "4.87", "valid_num_updates": "35216", "valid_best_loss": "3.83212"}
| saved checkpoint checkpoints/iwslt_entmax1.5_1/checkpoint62.pt (epoch 62 @ 35216 updates) (writing took 1.7302048206329346 seconds)
{"epoch": 63, "train_loss": "3.228", "train_nll_loss": "1.707", "train_ppl": "3.27", "train_wps": "4936", "train_ups": "1", "train_wpb": "6952.665", "train_bsz": "282.111", "train_num_updates": "35784", "train_lr": "0.000167169", "train_gnorm": "0.829", "train_clip": "0.000", "train_oom": "0.000", "train_wall": "35240", "train_train_wall": "33258"}
{"epoch": 63, "valid_loss": "3.840", "valid_nll_loss": "2.278", "valid_ppl": "4.85", "valid_num_updates": "35784", "valid_best_loss": "3.83212"}
| saved checkpoint checkpoints/iwslt_entmax1.5_1/checkpoint63.pt (epoch 63 @ 35784 updates) (writing took 1.7231109142303467 seconds)
{"epoch": 64, "train_loss": "3.219", "train_nll_loss": "1.697", "train_ppl": "3.24", "train_wps": "4940", "train_ups": "1", "train_wpb": "6952.665", "train_bsz": "282.111", "train_num_updates": "36352", "train_lr": "0.000165858", "train_gnorm": "0.828", "train_clip": "0.000", "train_oom": "0.000", "train_wall": "36047", "train_train_wall": "34031"}
{"epoch": 64, "valid_loss": "3.841", "valid_nll_loss": "2.280", "valid_ppl": "4.86", "valid_num_updates": "36352", "valid_best_loss": "3.83212"}
| saved checkpoint checkpoints/iwslt_entmax1.5_1/checkpoint64.pt (epoch 64 @ 36352 updates) (writing took 1.7198517322540283 seconds)
{"epoch": 65, "train_loss": "3.211", "train_nll_loss": "1.688", "train_ppl": "3.22", "train_wps": "4940", "train_ups": "1", "train_wpb": "6952.665", "train_bsz": "282.111", "train_num_updates": "36920", "train_lr": "0.000164577", "train_gnorm": "0.832", "train_clip": "0.000", "train_oom": "0.000", "train_wall": "36855", "train_train_wall": "34805"}
{"epoch": 65, "valid_loss": "3.841", "valid_nll_loss": "2.284", "valid_ppl": "4.87", "valid_num_updates": "36920", "valid_best_loss": "3.83212"}
| saved checkpoint checkpoints/iwslt_entmax1.5_1/checkpoint65.pt (epoch 65 @ 36920 updates) (writing took 1.723254680633545 seconds)
{"epoch": 66, "train_loss": "3.202", "train_nll_loss": "1.678", "train_ppl": "3.20", "train_wps": "4941", "train_ups": "1", "train_wpb": "6952.665", "train_bsz": "282.111", "train_num_updates": "37488", "train_lr": "0.000163325", "train_gnorm": "0.830", "train_clip": "0.000", "train_oom": "0.000", "train_wall": "37663", "train_train_wall": "35579"}
{"epoch": 66, "valid_loss": "3.837", "valid_nll_loss": "2.275", "valid_ppl": "4.84", "valid_num_updates": "37488", "valid_best_loss": "3.83212"}
| saved checkpoint checkpoints/iwslt_entmax1.5_1/checkpoint66.pt (epoch 66 @ 37488 updates) (writing took 1.723742961883545 seconds)
{"epoch": 67, "train_loss": "3.194", "train_nll_loss": "1.668", "train_ppl": "3.18", "train_wps": "4942", "train_ups": "1", "train_wpb": "6952.665", "train_bsz": "282.111", "train_num_updates": "38056", "train_lr": "0.000162102", "train_gnorm": "0.830", "train_clip": "0.000", "train_oom": "0.000", "train_wall": "38471", "train_train_wall": "36353"}
{"epoch": 67, "valid_loss": "3.838", "valid_nll_loss": "2.280", "valid_ppl": "4.86", "valid_num_updates": "38056", "valid_best_loss": "3.83212"}
| saved checkpoint checkpoints/iwslt_entmax1.5_1/checkpoint67.pt (epoch 67 @ 38056 updates) (writing took 1.7247791290283203 seconds)
{"epoch": 68, "train_loss": "3.186", "train_nll_loss": "1.659", "train_ppl": "3.16", "train_wps": "4942", "train_ups": "1", "train_wpb": "6952.665", "train_bsz": "282.111", "train_num_updates": "38624", "train_lr": "0.000160906", "train_gnorm": "0.835", "train_clip": "0.000", "train_oom": "0.000", "train_wall": "39278", "train_train_wall": "37126"}
{"epoch": 68, "valid_loss": "3.852", "valid_nll_loss": "2.288", "valid_ppl": "4.89", "valid_num_updates": "38624", "valid_best_loss": "3.83212"}
| saved checkpoint checkpoints/iwslt_entmax1.5_1/checkpoint68.pt (epoch 68 @ 38624 updates) (writing took 1.7276721000671387 seconds)
{"epoch": 69, "train_loss": "3.180", "train_nll_loss": "1.652", "train_ppl": "3.14", "train_wps": "4942", "train_ups": "1", "train_wpb": "6952.665", "train_bsz": "282.111", "train_num_updates": "39192", "train_lr": "0.000159735", "train_gnorm": "0.835", "train_clip": "0.000", "train_oom": "0.000", "train_wall": "40086", "train_train_wall": "37900"}
{"epoch": 69, "valid_loss": "3.852", "valid_nll_loss": "2.289", "valid_ppl": "4.89", "valid_num_updates": "39192", "valid_best_loss": "3.83212"}
| saved checkpoint checkpoints/iwslt_entmax1.5_1/checkpoint69.pt (epoch 69 @ 39192 updates) (writing took 1.7238717079162598 seconds)
{"epoch": 70, "train_loss": "3.172", "train_nll_loss": "1.642", "train_ppl": "3.12", "train_wps": "4889", "train_ups": "1", "train_wpb": "6952.665", "train_bsz": "282.111", "train_num_updates": "39760", "train_lr": "0.00015859", "train_gnorm": "0.840", "train_clip": "0.000", "train_oom": "0.000", "train_wall": "40902", "train_train_wall": "38678"}
{"epoch": 70, "valid_loss": "3.848", "valid_nll_loss": "2.285", "valid_ppl": "4.87", "valid_num_updates": "39760", "valid_best_loss": "3.83212"}
| saved checkpoint checkpoints/iwslt_entmax1.5_1/checkpoint70.pt (epoch 70 @ 39760 updates) (writing took 1.7465803623199463 seconds)
{"epoch": 71, "train_loss": "3.164", "train_nll_loss": "1.634", "train_ppl": "3.10", "train_wps": "4888", "train_ups": "1", "train_wpb": "6952.665", "train_bsz": "282.111", "train_num_updates": "40328", "train_lr": "0.00015747", "train_gnorm": "0.836", "train_clip": "0.000", "train_oom": "0.000", "train_wall": "41718", "train_train_wall": "39455"}
{"epoch": 71, "valid_loss": "3.837", "valid_nll_loss": "2.281", "valid_ppl": "4.86", "valid_num_updates": "40328", "valid_best_loss": "3.83212"}
| saved checkpoint checkpoints/iwslt_entmax1.5_1/checkpoint71.pt (epoch 71 @ 40328 updates) (writing took 1.728952169418335 seconds)
{"epoch": 72, "train_loss": "3.158", "train_nll_loss": "1.626", "train_ppl": "3.09", "train_wps": "4887", "train_ups": "1", "train_wpb": "6952.665", "train_bsz": "282.111", "train_num_updates": "40896", "train_lr": "0.000156372", "train_gnorm": "0.842", "train_clip": "0.000", "train_oom": "0.000", "train_wall": "42535", "train_train_wall": "40233"}
{"epoch": 72, "valid_loss": "3.840", "valid_nll_loss": "2.280", "valid_ppl": "4.86", "valid_num_updates": "40896", "valid_best_loss": "3.83212"}
| saved checkpoint checkpoints/iwslt_entmax1.5_1/checkpoint72.pt (epoch 72 @ 40896 updates) (writing took 1.7639710903167725 seconds)
{"epoch": 73, "train_loss": "3.149", "train_nll_loss": "1.616", "train_ppl": "3.07", "train_wps": "4937", "train_ups": "1", "train_wpb": "6952.665", "train_bsz": "282.111", "train_num_updates": "41464", "train_lr": "0.000155297", "train_gnorm": "0.840", "train_clip": "0.000", "train_oom": "0.000", "train_wall": "43343", "train_train_wall": "41007"}
{"epoch": 73, "valid_loss": "3.856", "valid_nll_loss": "2.292", "valid_ppl": "4.90", "valid_num_updates": "41464", "valid_best_loss": "3.83212"}
| saved checkpoint checkpoints/iwslt_entmax1.5_1/checkpoint73.pt (epoch 73 @ 41464 updates) (writing took 1.7196643352508545 seconds)
{"epoch": 74, "train_loss": "3.143", "train_nll_loss": "1.609", "train_ppl": "3.05", "train_wps": "4942", "train_ups": "1", "train_wpb": "6952.665", "train_bsz": "282.111", "train_num_updates": "42032", "train_lr": "0.000154245", "train_gnorm": "0.842", "train_clip": "0.000", "train_oom": "0.000", "train_wall": "44151", "train_train_wall": "41781"}
{"epoch": 74, "valid_loss": "3.845", "valid_nll_loss": "2.288", "valid_ppl": "4.89", "valid_num_updates": "42032", "valid_best_loss": "3.83212"}
| saved checkpoint checkpoints/iwslt_entmax1.5_1/checkpoint74.pt (epoch 74 @ 42032 updates) (writing took 1.7282161712646484 seconds)
{"epoch": 75, "train_loss": "3.137", "train_nll_loss": "1.602", "train_ppl": "3.03", "train_wps": "4943", "train_ups": "1", "train_wpb": "6952.665", "train_bsz": "282.111", "train_num_updates": "42600", "train_lr": "0.000153213", "train_gnorm": "0.847", "train_clip": "0.000", "train_oom": "0.000", "train_wall": "44958", "train_train_wall": "42554"}
{"epoch": 75, "valid_loss": "3.851", "valid_nll_loss": "2.292", "valid_ppl": "4.90", "valid_num_updates": "42600", "valid_best_loss": "3.83212"}
| saved checkpoint checkpoints/iwslt_entmax1.5_1/checkpoint75.pt (epoch 75 @ 42600 updates) (writing took 1.7260932922363281 seconds)
{"epoch": 76, "train_loss": "3.129", "train_nll_loss": "1.592", "train_ppl": "3.02", "train_wps": "5879", "train_ups": "1", "train_wpb": "6952.665", "train_bsz": "282.111", "train_num_updates": "43168", "train_lr": "0.000152202", "train_gnorm": "0.844", "train_clip": "0.000", "train_oom": "0.000", "train_wall": "45639", "train_train_wall": "43202"}
{"epoch": 76, "valid_loss": "3.856", "valid_nll_loss": "2.296", "valid_ppl": "4.91", "valid_num_updates": "43168", "valid_best_loss": "3.83212"}
| saved checkpoint checkpoints/iwslt_entmax1.5_1/checkpoint76.pt (epoch 76 @ 43168 updates) (writing took 1.71821928024292 seconds)
{"epoch": 77, "train_loss": "3.122", "train_nll_loss": "1.585", "train_ppl": "3.00", "train_wps": "24360", "train_ups": "3", "train_wpb": "6952.665", "train_bsz": "282.111", "train_num_updates": "43736", "train_lr": "0.00015121", "train_gnorm": "0.846", "train_clip": "0.000", "train_oom": "0.000", "train_wall": "45805", "train_train_wall": "43347"}
{"epoch": 77, "valid_loss": "3.871", "valid_nll_loss": "2.306", "valid_ppl": "4.95", "valid_num_updates": "43736", "valid_best_loss": "3.83212"}
| saved checkpoint checkpoints/iwslt_entmax1.5_1/checkpoint77.pt (epoch 77 @ 43736 updates) (writing took 1.7094480991363525 seconds)
{"epoch": 78, "train_loss": "3.117", "train_nll_loss": "1.578", "train_ppl": "2.99", "train_wps": "24391", "train_ups": "3", "train_wpb": "6952.665", "train_bsz": "282.111", "train_num_updates": "44304", "train_lr": "0.000150238", "train_gnorm": "0.852", "train_clip": "0.000", "train_oom": "0.000", "train_wall": "45972", "train_train_wall": "43492"}
{"epoch": 78, "valid_loss": "3.870", "valid_nll_loss": "2.308", "valid_ppl": "4.95", "valid_num_updates": "44304", "valid_best_loss": "3.83212"}
| saved checkpoint checkpoints/iwslt_entmax1.5_1/checkpoint78.pt (epoch 78 @ 44304 updates) (writing took 1.715573787689209 seconds)
{"epoch": 79, "train_loss": "3.110", "train_nll_loss": "1.570", "train_ppl": "2.97", "train_wps": "24358", "train_ups": "3", "train_wpb": "6952.665", "train_bsz": "282.111", "train_num_updates": "44872", "train_lr": "0.000149284", "train_gnorm": "0.851", "train_clip": "0.000", "train_oom": "0.000", "train_wall": "46139", "train_train_wall": "43636"}
{"epoch": 79, "valid_loss": "3.861", "valid_nll_loss": "2.299", "valid_ppl": "4.92", "valid_num_updates": "44872", "valid_best_loss": "3.83212"}
| saved checkpoint checkpoints/iwslt_entmax1.5_1/checkpoint79.pt (epoch 79 @ 44872 updates) (writing took 1.7093276977539062 seconds)
{"epoch": 80, "train_loss": "3.104", "train_nll_loss": "1.563", "train_ppl": "2.96", "train_wps": "24361", "train_ups": "3", "train_wpb": "6952.665", "train_bsz": "282.111", "train_num_updates": "45440", "train_lr": "0.000148348", "train_gnorm": "0.853", "train_clip": "0.000", "train_oom": "0.000", "train_wall": "46306", "train_train_wall": "43781"}
{"epoch": 80, "valid_loss": "3.851", "valid_nll_loss": "2.291", "valid_ppl": "4.89", "valid_num_updates": "45440", "valid_best_loss": "3.83212"}
| saved checkpoint checkpoints/iwslt_entmax1.5_1/checkpoint80.pt (epoch 80 @ 45440 updates) (writing took 1.7039241790771484 seconds)
{"epoch": 81, "train_loss": "3.098", "train_nll_loss": "1.556", "train_ppl": "2.94", "train_wps": "24326", "train_ups": "3", "train_wpb": "6952.665", "train_bsz": "282.111", "train_num_updates": "46008", "train_lr": "0.000147429", "train_gnorm": "0.854", "train_clip": "0.000", "train_oom": "0.000", "train_wall": "46473", "train_train_wall": "43926"}
{"epoch": 81, "valid_loss": "3.857", "valid_nll_loss": "2.299", "valid_ppl": "4.92", "valid_num_updates": "46008", "valid_best_loss": "3.83212"}
| saved checkpoint checkpoints/iwslt_entmax1.5_1/checkpoint81.pt (epoch 81 @ 46008 updates) (writing took 1.7456040382385254 seconds)
{"epoch": 82, "train_loss": "3.092", "train_nll_loss": "1.549", "train_ppl": "2.93", "train_wps": "24363", "train_ups": "3", "train_wpb": "6952.665", "train_bsz": "282.111", "train_num_updates": "46576", "train_lr": "0.000146527", "train_gnorm": "0.858", "train_clip": "0.000", "train_oom": "0.000", "train_wall": "46640", "train_train_wall": "44070"}
{"epoch": 82, "valid_loss": "3.875", "valid_nll_loss": "2.310", "valid_ppl": "4.96", "valid_num_updates": "46576", "valid_best_loss": "3.83212"}
| saved checkpoint checkpoints/iwslt_entmax1.5_1/checkpoint82.pt (epoch 82 @ 46576 updates) (writing took 1.7471592426300049 seconds)
{"epoch": 83, "train_loss": "3.086", "train_nll_loss": "1.542", "train_ppl": "2.91", "train_wps": "24369", "train_ups": "3", "train_wpb": "6952.665", "train_bsz": "282.111", "train_num_updates": "47144", "train_lr": "0.000145642", "train_gnorm": "0.860", "train_clip": "0.000", "train_oom": "0.000", "train_wall": "46807", "train_train_wall": "44215"}
{"epoch": 83, "valid_loss": "3.869", "valid_nll_loss": "2.309", "valid_ppl": "4.96", "valid_num_updates": "47144", "valid_best_loss": "3.83212"}
| saved checkpoint checkpoints/iwslt_entmax1.5_1/checkpoint83.pt (epoch 83 @ 47144 updates) (writing took 1.9534339904785156 seconds)
{"epoch": 84, "train_loss": "3.080", "train_nll_loss": "1.535", "train_ppl": "2.90", "train_wps": "24171", "train_ups": "3", "train_wpb": "6952.665", "train_bsz": "282.111", "train_num_updates": "47712", "train_lr": "0.000144773", "train_gnorm": "0.858", "train_clip": "0.000", "train_oom": "0.000", "train_wall": "46975", "train_train_wall": "44360"}
{"epoch": 84, "valid_loss": "3.874", "valid_nll_loss": "2.311", "valid_ppl": "4.96", "valid_num_updates": "47712", "valid_best_loss": "3.83212"}
| saved checkpoint checkpoints/iwslt_entmax1.5_1/checkpoint84.pt (epoch 84 @ 47712 updates) (writing took 1.7348926067352295 seconds)
{"epoch": 85, "train_loss": "3.074", "train_nll_loss": "1.529", "train_ppl": "2.89", "train_wps": "24186", "train_ups": "3", "train_wpb": "6952.665", "train_bsz": "282.111", "train_num_updates": "48280", "train_lr": "0.000143918", "train_gnorm": "0.863", "train_clip": "0.000", "train_oom": "0.000", "train_wall": "47143", "train_train_wall": "44505"}
{"epoch": 85, "valid_loss": "3.869", "valid_nll_loss": "2.308", "valid_ppl": "4.95", "valid_num_updates": "48280", "valid_best_loss": "3.83212"}
| saved checkpoint checkpoints/iwslt_entmax1.5_1/checkpoint85.pt (epoch 85 @ 48280 updates) (writing took 1.908573865890503 seconds)
{"epoch": 86, "train_loss": "3.068", "train_nll_loss": "1.522", "train_ppl": "2.87", "train_wps": "24166", "train_ups": "3", "train_wpb": "6952.665", "train_bsz": "282.111", "train_num_updates": "48848", "train_lr": "0.000143079", "train_gnorm": "0.863", "train_clip": "0.000", "train_oom": "0.000", "train_wall": "47312", "train_train_wall": "44650"}
{"epoch": 86, "valid_loss": "3.871", "valid_nll_loss": "2.311", "valid_ppl": "4.96", "valid_num_updates": "48848", "valid_best_loss": "3.83212"}
| saved checkpoint checkpoints/iwslt_entmax1.5_1/checkpoint86.pt (epoch 86 @ 48848 updates) (writing took 1.9012730121612549 seconds)
{"epoch": 87, "train_loss": "3.063", "train_nll_loss": "1.515", "train_ppl": "2.86", "train_wps": "22145", "train_ups": "3", "train_wpb": "6952.665", "train_bsz": "282.111", "train_num_updates": "49416", "train_lr": "0.000142255", "train_gnorm": "0.864", "train_clip": "0.000", "train_oom": "0.000", "train_wall": "47495", "train_train_wall": "44805"}
{"epoch": 87, "valid_loss": "3.868", "valid_nll_loss": "2.308", "valid_ppl": "4.95", "valid_num_updates": "49416", "valid_best_loss": "3.83212"}
| saved checkpoint checkpoints/iwslt_entmax1.5_1/checkpoint87.pt (epoch 87 @ 49416 updates) (writing took 1.7297229766845703 seconds)
{"epoch": 88, "train_loss": "3.058", "train_nll_loss": "1.510", "train_ppl": "2.85", "train_wps": "24365", "train_ups": "3", "train_wpb": "6952.665", "train_bsz": "282.111", "train_num_updates": "49984", "train_lr": "0.000141444", "train_gnorm": "0.870", "train_clip": "0.000", "train_oom": "0.000", "train_wall": "47662", "train_train_wall": "44949"}
{"epoch": 88, "valid_loss": "3.872", "valid_nll_loss": "2.310", "valid_ppl": "4.96", "valid_num_updates": "49984", "valid_best_loss": "3.83212"}
| saved checkpoint checkpoints/iwslt_entmax1.5_1/checkpoint88.pt (epoch 88 @ 49984 updates) (writing took 1.7157244682312012 seconds)
{"epoch": 89, "train_loss": "3.050", "train_nll_loss": "1.495", "train_ppl": "2.82", "train_wps": "24589", "train_ups": "2", "train_wpb": "6909.438", "train_bsz": "224.000", "train_num_updates": "50000", "train_lr": "0.000141421", "train_gnorm": "0.886", "train_clip": "0.000", "train_oom": "0.000", "train_wall": "47671", "train_train_wall": "44954"}
{"epoch": 89, "valid_loss": "3.870", "valid_nll_loss": "2.310", "valid_ppl": "4.96", "valid_num_updates": "50000", "valid_best_loss": "3.83212"}
| saved checkpoint checkpoints/iwslt_entmax1.5_1/checkpoint_last.pt (epoch 89 @ 50000 updates) (writing took 1.4352951049804688 seconds)
| done training in 47675.1 seconds
