Namespace(activation_dropout=0.0, activation_fn='relu', adam_betas='(0.9, 0.98)', adam_eps=1e-08, adaptive_input=False, adaptive_softmax_cutoff=None, adaptive_softmax_dropout=0, arch='transformer_iwslt_de_en', attention_dropout=0.0, best_checkpoint_metric='loss', bucket_cap_mb=25, clip_norm=25, cpu=False, criterion='label_smoothed_cross_entropy', curriculum=0, data='data-bin/iwslt14.tokenized.de-en', dataset_impl='cached', ddp_backend='c10d', decoder_attention_heads=4, decoder_embed_dim=512, decoder_embed_path=None, decoder_ffn_embed_dim=1024, decoder_input_dim=512, decoder_layers=6, decoder_learned_pos=False, decoder_normalize_before=False, decoder_output_dim=512, device_id=0, disable_validation=False, distributed_backend='nccl', distributed_init_method=None, distributed_no_spawn=False, distributed_port=-1, distributed_rank=0, distributed_world_size=1, dropout=0.3, encoder_attention_heads=4, encoder_embed_dim=512, encoder_embed_path=None, encoder_ffn_embed_dim=1024, encoder_layers=6, encoder_learned_pos=False, encoder_normalize_before=False, exp_root=0.5, find_unused_parameters=False, fix_batches_to_gpus=False, fp16=False, fp16_init_scale=128, fp16_scale_tolerance=0.0, fp16_scale_window=None, keep_interval_updates=-1, keep_last_epochs=-1, label_smoothing=0.1, lazy_load=False, left_pad_source='True', left_pad_target='False', log_format='json', log_interval=1000, lr=[0.0005], lr_scheduler='inverse_sqrt', max_epoch=0, max_sentences=None, max_sentences_valid=None, max_source_positions=1024, max_target_positions=1024, max_tokens=5000, max_tokens_valid=5000, max_update=60000, maximize_best_checkpoint_metric=False, memory_efficient_fp16=False, min_loss_scale=0.0001, min_lr=1e-09, no_epoch_checkpoints=False, no_last_checkpoints=False, no_progress_bar=True, no_save=False, no_save_optimizer_state=False, no_token_positional_embeddings=False, num_workers=0, optimizer='adam', optimizer_overrides='{}', raw_text=False, required_batch_size_multiple=8, reset_dataloader=False, reset_lr_scheduler=False, reset_meters=False, reset_optimizer=False, restore_file='checkpoint_last.pt', save_dir='checkpoints/iwslt_d8_gaussion', save_interval=1, save_interval_updates=0, seed=1, sentence_avg=False, share_all_embeddings=False, share_decoder_input_output_embed=True, skip_invalid_size_inputs_valid_test=False, source_lang='de', target_lang='en', task='translation', tbmf_wrapper=False, tensorboard_logdir='', threshold_loss_scale=None, train_subset='train', update_freq=[1], upsample_primary=1, use_bmuf=False, user_dir=None, valid_subset='valid', validate_interval=1, warmup_init_lr=1e-07, warmup_updates=4000, weight_decay=0.0001)
| [de] dictionary: 8848 types
| [en] dictionary: 6632 types
| data-bin/iwslt14.tokenized.de-en valid de-en 7283 examples
TransformerModel(
  (encoder): TransformerEncoder(
    (embed_tokens): Embedding(8848, 512, padding_idx=1)
    (embed_positions): SinusoidalPositionalEmbedding()
    (layers): ModuleList(
      (0): TransformerEncoderLayer(
        (self_attn): MultiheadAttention(
          (out_proj): Linear(in_features=512, out_features=512, bias=True)
        )
        (self_attn_layer_norm): LayerNorm(torch.Size([512]), eps=1e-05, elementwise_affine=True)
        (fc1): Linear(in_features=512, out_features=1024, bias=True)
        (fc2): Linear(in_features=1024, out_features=512, bias=True)
        (final_layer_norm): LayerNorm(torch.Size([512]), eps=1e-05, elementwise_affine=True)
      )
      (1): TransformerEncoderLayer(
        (self_attn): MultiheadAttention(
          (out_proj): Linear(in_features=512, out_features=512, bias=True)
        )
        (self_attn_layer_norm): LayerNorm(torch.Size([512]), eps=1e-05, elementwise_affine=True)
        (fc1): Linear(in_features=512, out_features=1024, bias=True)
        (fc2): Linear(in_features=1024, out_features=512, bias=True)
        (final_layer_norm): LayerNorm(torch.Size([512]), eps=1e-05, elementwise_affine=True)
      )
      (2): TransformerEncoderLayer(
        (self_attn): MultiheadAttention(
          (out_proj): Linear(in_features=512, out_features=512, bias=True)
        )
        (self_attn_layer_norm): LayerNorm(torch.Size([512]), eps=1e-05, elementwise_affine=True)
        (fc1): Linear(in_features=512, out_features=1024, bias=True)
        (fc2): Linear(in_features=1024, out_features=512, bias=True)
        (final_layer_norm): LayerNorm(torch.Size([512]), eps=1e-05, elementwise_affine=True)
      )
      (3): TransformerEncoderLayer(
        (self_attn): MultiheadAttention(
          (out_proj): Linear(in_features=512, out_features=512, bias=True)
        )
        (self_attn_layer_norm): LayerNorm(torch.Size([512]), eps=1e-05, elementwise_affine=True)
        (fc1): Linear(in_features=512, out_features=1024, bias=True)
        (fc2): Linear(in_features=1024, out_features=512, bias=True)
        (final_layer_norm): LayerNorm(torch.Size([512]), eps=1e-05, elementwise_affine=True)
      )
      (4): TransformerEncoderLayer(
        (self_attn): MultiheadAttention(
          (out_proj): Linear(in_features=512, out_features=512, bias=True)
        )
        (self_attn_layer_norm): LayerNorm(torch.Size([512]), eps=1e-05, elementwise_affine=True)
        (fc1): Linear(in_features=512, out_features=1024, bias=True)
        (fc2): Linear(in_features=1024, out_features=512, bias=True)
        (final_layer_norm): LayerNorm(torch.Size([512]), eps=1e-05, elementwise_affine=True)
      )
      (5): TransformerEncoderLayer(
        (self_attn): MultiheadAttention(
          (out_proj): Linear(in_features=512, out_features=512, bias=True)
        )
        (self_attn_layer_norm): LayerNorm(torch.Size([512]), eps=1e-05, elementwise_affine=True)
        (fc1): Linear(in_features=512, out_features=1024, bias=True)
        (fc2): Linear(in_features=1024, out_features=512, bias=True)
        (final_layer_norm): LayerNorm(torch.Size([512]), eps=1e-05, elementwise_affine=True)
      )
    )
  )
  (decoder): TransformerDecoder(
    (embed_tokens): Embedding(6632, 512, padding_idx=1)
    (embed_positions): SinusoidalPositionalEmbedding()
    (layers): ModuleList(
      (0): TransformerDecoderLayer(
        (self_attn): MultiheadAttention(
          (out_proj): Linear(in_features=512, out_features=512, bias=True)
        )
        (self_attn_layer_norm): LayerNorm(torch.Size([512]), eps=1e-05, elementwise_affine=True)
        (encoder_attn): MultiheadAttention(
          (out_proj): Linear(in_features=512, out_features=512, bias=True)
        )
        (encoder_attn_layer_norm): LayerNorm(torch.Size([512]), eps=1e-05, elementwise_affine=True)
        (fc1): Linear(in_features=512, out_features=1024, bias=True)
        (fc2): Linear(in_features=1024, out_features=512, bias=True)
        (final_layer_norm): LayerNorm(torch.Size([512]), eps=1e-05, elementwise_affine=True)
      )
      (1): TransformerDecoderLayer(
        (self_attn): MultiheadAttention(
          (out_proj): Linear(in_features=512, out_features=512, bias=True)
        )
        (self_attn_layer_norm): LayerNorm(torch.Size([512]), eps=1e-05, elementwise_affine=True)
        (encoder_attn): MultiheadAttention(
          (out_proj): Linear(in_features=512, out_features=512, bias=True)
        )
        (encoder_attn_layer_norm): LayerNorm(torch.Size([512]), eps=1e-05, elementwise_affine=True)
        (fc1): Linear(in_features=512, out_features=1024, bias=True)
        (fc2): Linear(in_features=1024, out_features=512, bias=True)
        (final_layer_norm): LayerNorm(torch.Size([512]), eps=1e-05, elementwise_affine=True)
      )
      (2): TransformerDecoderLayer(
        (self_attn): MultiheadAttention(
          (out_proj): Linear(in_features=512, out_features=512, bias=True)
        )
        (self_attn_layer_norm): LayerNorm(torch.Size([512]), eps=1e-05, elementwise_affine=True)
        (encoder_attn): MultiheadAttention(
          (out_proj): Linear(in_features=512, out_features=512, bias=True)
        )
        (encoder_attn_layer_norm): LayerNorm(torch.Size([512]), eps=1e-05, elementwise_affine=True)
        (fc1): Linear(in_features=512, out_features=1024, bias=True)
        (fc2): Linear(in_features=1024, out_features=512, bias=True)
        (final_layer_norm): LayerNorm(torch.Size([512]), eps=1e-05, elementwise_affine=True)
      )
      (3): TransformerDecoderLayer(
        (self_attn): MultiheadAttention(
          (out_proj): Linear(in_features=512, out_features=512, bias=True)
        )
        (self_attn_layer_norm): LayerNorm(torch.Size([512]), eps=1e-05, elementwise_affine=True)
        (encoder_attn): MultiheadAttention(
          (out_proj): Linear(in_features=512, out_features=512, bias=True)
        )
        (encoder_attn_layer_norm): LayerNorm(torch.Size([512]), eps=1e-05, elementwise_affine=True)
        (fc1): Linear(in_features=512, out_features=1024, bias=True)
        (fc2): Linear(in_features=1024, out_features=512, bias=True)
        (final_layer_norm): LayerNorm(torch.Size([512]), eps=1e-05, elementwise_affine=True)
      )
      (4): TransformerDecoderLayer(
        (self_attn): MultiheadAttention(
          (out_proj): Linear(in_features=512, out_features=512, bias=True)
        )
        (self_attn_layer_norm): LayerNorm(torch.Size([512]), eps=1e-05, elementwise_affine=True)
        (encoder_attn): MultiheadAttention(
          (out_proj): Linear(in_features=512, out_features=512, bias=True)
        )
        (encoder_attn_layer_norm): LayerNorm(torch.Size([512]), eps=1e-05, elementwise_affine=True)
        (fc1): Linear(in_features=512, out_features=1024, bias=True)
        (fc2): Linear(in_features=1024, out_features=512, bias=True)
        (final_layer_norm): LayerNorm(torch.Size([512]), eps=1e-05, elementwise_affine=True)
      )
      (5): TransformerDecoderLayer(
        (self_attn): MultiheadAttention(
          (out_proj): Linear(in_features=512, out_features=512, bias=True)
        )
        (self_attn_layer_norm): LayerNorm(torch.Size([512]), eps=1e-05, elementwise_affine=True)
        (encoder_attn): MultiheadAttention(
          (out_proj): Linear(in_features=512, out_features=512, bias=True)
        )
        (encoder_attn_layer_norm): LayerNorm(torch.Size([512]), eps=1e-05, elementwise_affine=True)
        (fc1): Linear(in_features=512, out_features=1024, bias=True)
        (fc2): Linear(in_features=1024, out_features=512, bias=True)
        (final_layer_norm): LayerNorm(torch.Size([512]), eps=1e-05, elementwise_affine=True)
      )
    )
  )
)
| model transformer_iwslt_de_en, criterion LabelSmoothedCrossEntropyCriterion
| num. model params: 39469056 (num. trained: 39469056)
| training on 1 GPUs
| max tokens per GPU = 5000 and max sentences per GPU = None
| no existing checkpoint found checkpoints/iwslt_d8_gaussion/checkpoint_last.pt
| loading train data for epoch 0
| data-bin/iwslt14.tokenized.de-en train de-en 160239 examples
| NOTICE: your device may support faster training with --fp16
{"epoch": 1, "train_loss": "9.773", "train_nll_loss": "9.282", "train_ppl": "622.65", "train_wps": "21983", "train_ups": "5", "train_wpb": "4373.327", "train_bsz": "177.452", "train_num_updates": "903", "train_lr": "0.000112952", "train_gnorm": "1.660", "train_clip": "0.000", "train_oom": "0.000", "train_wall": "181", "train_train_wall": "158"}
{"epoch": 1, "valid_loss": "8.550", "valid_nll_loss": "7.825", "valid_ppl": "226.73", "valid_num_updates": "903"}
| saved checkpoint checkpoints/iwslt_d8_gaussion/checkpoint1.pt (epoch 1 @ 903 updates) (writing took 1.1082375049591064 seconds)
{"epoch": 2, "train_loss": "8.221", "train_nll_loss": "7.474", "train_ppl": "177.81", "train_wps": "21979", "train_ups": "5", "train_wpb": "4373.327", "train_bsz": "177.452", "train_num_updates": "1806", "train_lr": "0.000225805", "train_gnorm": "1.305", "train_clip": "0.000", "train_oom": "0.000", "train_wall": "365", "train_train_wall": "317"}
{"epoch": 2, "valid_loss": "7.765", "valid_nll_loss": "6.896", "valid_ppl": "119.12", "valid_num_updates": "1806", "valid_best_loss": "7.76536"}
| saved checkpoint checkpoints/iwslt_d8_gaussion/checkpoint2.pt (epoch 2 @ 1806 updates) (writing took 3.093278169631958 seconds)
{"epoch": 3, "train_loss": "7.627", "train_nll_loss": "6.783", "train_ppl": "110.13", "train_wps": "21949", "train_ups": "5", "train_wpb": "4373.327", "train_bsz": "177.452", "train_num_updates": "2709", "train_lr": "0.000338657", "train_gnorm": "1.103", "train_clip": "0.000", "train_oom": "0.000", "train_wall": "551", "train_train_wall": "475"}
{"epoch": 3, "valid_loss": "7.324", "valid_nll_loss": "6.372", "valid_ppl": "82.80", "valid_num_updates": "2709", "valid_best_loss": "7.32365"}
| saved checkpoint checkpoints/iwslt_d8_gaussion/checkpoint3.pt (epoch 3 @ 2709 updates) (writing took 3.3140652179718018 seconds)
{"epoch": 4, "train_loss": "7.095", "train_nll_loss": "6.164", "train_ppl": "71.71", "train_wps": "21945", "train_ups": "5", "train_wpb": "4373.327", "train_bsz": "177.452", "train_num_updates": "3612", "train_lr": "0.00045151", "train_gnorm": "1.068", "train_clip": "0.000", "train_oom": "0.000", "train_wall": "737", "train_train_wall": "634"}
{"epoch": 4, "valid_loss": "6.507", "valid_nll_loss": "5.428", "valid_ppl": "43.06", "valid_num_updates": "3612", "valid_best_loss": "6.50661"}
| saved checkpoint checkpoints/iwslt_d8_gaussion/checkpoint4.pt (epoch 4 @ 3612 updates) (writing took 3.1279444694519043 seconds)
{"epoch": 5, "train_loss": "6.441", "train_nll_loss": "5.405", "train_ppl": "42.38", "train_wps": "21911", "train_ups": "5", "train_wpb": "4373.327", "train_bsz": "177.452", "train_num_updates": "4515", "train_lr": "0.000470621", "train_gnorm": "1.110", "train_clip": "0.000", "train_oom": "0.000", "train_wall": "923", "train_train_wall": "793"}
{"epoch": 5, "valid_loss": "5.887", "valid_nll_loss": "4.662", "valid_ppl": "25.31", "valid_num_updates": "4515", "valid_best_loss": "5.88744"}
| saved checkpoint checkpoints/iwslt_d8_gaussion/checkpoint5.pt (epoch 5 @ 4515 updates) (writing took 3.063281774520874 seconds)
{"epoch": 6, "train_loss": "5.839", "train_nll_loss": "4.704", "train_ppl": "26.06", "train_wps": "21914", "train_ups": "5", "train_wpb": "4373.327", "train_bsz": "177.452", "train_num_updates": "5418", "train_lr": "0.000429616", "train_gnorm": "1.070", "train_clip": "0.000", "train_oom": "0.000", "train_wall": "1109", "train_train_wall": "951"}
{"epoch": 6, "valid_loss": "5.384", "valid_nll_loss": "4.055", "valid_ppl": "16.62", "valid_num_updates": "5418", "valid_best_loss": "5.38417"}
| saved checkpoint checkpoints/iwslt_d8_gaussion/checkpoint6.pt (epoch 6 @ 5418 updates) (writing took 3.131972551345825 seconds)
{"epoch": 7, "train_loss": "5.371", "train_nll_loss": "4.159", "train_ppl": "17.87", "train_wps": "21949", "train_ups": "5", "train_wpb": "4373.327", "train_bsz": "177.452", "train_num_updates": "6321", "train_lr": "0.000397747", "train_gnorm": "1.000", "train_clip": "0.000", "train_oom": "0.000", "train_wall": "1295", "train_train_wall": "1110"}
{"epoch": 7, "valid_loss": "5.002", "valid_nll_loss": "3.614", "valid_ppl": "12.24", "valid_num_updates": "6321", "valid_best_loss": "5.00226"}
| saved checkpoint checkpoints/iwslt_d8_gaussion/checkpoint7.pt (epoch 7 @ 6321 updates) (writing took 3.0729949474334717 seconds)
{"epoch": 8, "train_loss": "5.040", "train_nll_loss": "3.777", "train_ppl": "13.71", "train_wps": "22008", "train_ups": "5", "train_wpb": "4373.327", "train_bsz": "177.452", "train_num_updates": "7224", "train_lr": "0.000372058", "train_gnorm": "0.966", "train_clip": "0.000", "train_oom": "0.000", "train_wall": "1480", "train_train_wall": "1268"}
{"epoch": 8, "valid_loss": "4.759", "valid_nll_loss": "3.325", "valid_ppl": "10.02", "valid_num_updates": "7224", "valid_best_loss": "4.75933"}
| saved checkpoint checkpoints/iwslt_d8_gaussion/checkpoint8.pt (epoch 8 @ 7224 updates) (writing took 3.0788211822509766 seconds)
{"epoch": 9, "train_loss": "4.810", "train_nll_loss": "3.514", "train_ppl": "11.42", "train_wps": "22033", "train_ups": "5", "train_wpb": "4373.327", "train_bsz": "177.452", "train_num_updates": "8127", "train_lr": "0.00035078", "train_gnorm": "0.938", "train_clip": "0.000", "train_oom": "0.000", "train_wall": "1665", "train_train_wall": "1426"}
{"epoch": 9, "valid_loss": "4.612", "valid_nll_loss": "3.147", "valid_ppl": "8.86", "valid_num_updates": "8127", "valid_best_loss": "4.61185"}
| saved checkpoint checkpoints/iwslt_d8_gaussion/checkpoint9.pt (epoch 9 @ 8127 updates) (writing took 3.1883695125579834 seconds)
{"epoch": 10, "train_loss": "4.633", "train_nll_loss": "3.312", "train_ppl": "9.93", "train_wps": "21399", "train_ups": "5", "train_wpb": "4373.327", "train_bsz": "177.452", "train_num_updates": "9030", "train_lr": "0.000332779", "train_gnorm": "0.908", "train_clip": "0.000", "train_oom": "0.000", "train_wall": "1856", "train_train_wall": "1588"}
{"epoch": 10, "valid_loss": "4.474", "valid_nll_loss": "2.995", "valid_ppl": "7.97", "valid_num_updates": "9030", "valid_best_loss": "4.47424"}
| saved checkpoint checkpoints/iwslt_d8_gaussion/checkpoint10.pt (epoch 10 @ 9030 updates) (writing took 3.1055476665496826 seconds)
{"epoch": 11, "train_loss": "4.500", "train_nll_loss": "3.161", "train_ppl": "8.94", "train_wps": "22102", "train_ups": "5", "train_wpb": "4373.327", "train_bsz": "177.452", "train_num_updates": "9933", "train_lr": "0.000317292", "train_gnorm": "0.891", "train_clip": "0.000", "train_oom": "0.000", "train_wall": "2041", "train_train_wall": "1746"}
{"epoch": 11, "valid_loss": "4.402", "valid_nll_loss": "2.915", "valid_ppl": "7.54", "valid_num_updates": "9933", "valid_best_loss": "4.40214"}
| saved checkpoint checkpoints/iwslt_d8_gaussion/checkpoint11.pt (epoch 11 @ 9933 updates) (writing took 3.130655288696289 seconds)
{"epoch": 12, "train_loss": "4.389", "train_nll_loss": "3.036", "train_ppl": "8.20", "train_wps": "22274", "train_ups": "5", "train_wpb": "4373.327", "train_bsz": "177.452", "train_num_updates": "10836", "train_lr": "0.000303784", "train_gnorm": "0.868", "train_clip": "0.000", "train_oom": "0.000", "train_wall": "2224", "train_train_wall": "1903"}
{"epoch": 12, "valid_loss": "4.299", "valid_nll_loss": "2.807", "valid_ppl": "7.00", "valid_num_updates": "10836", "valid_best_loss": "4.29884"}
| saved checkpoint checkpoints/iwslt_d8_gaussion/checkpoint12.pt (epoch 12 @ 10836 updates) (writing took 3.1560475826263428 seconds)
{"epoch": 13, "train_loss": "4.296", "train_nll_loss": "2.930", "train_ppl": "7.62", "train_wps": "22283", "train_ups": "5", "train_wpb": "4373.327", "train_bsz": "177.452", "train_num_updates": "11739", "train_lr": "0.000291867", "train_gnorm": "0.850", "train_clip": "0.000", "train_oom": "0.000", "train_wall": "2407", "train_train_wall": "2060"}
{"epoch": 13, "valid_loss": "4.267", "valid_nll_loss": "2.754", "valid_ppl": "6.74", "valid_num_updates": "11739", "valid_best_loss": "4.26719"}
| saved checkpoint checkpoints/iwslt_d8_gaussion/checkpoint13.pt (epoch 13 @ 11739 updates) (writing took 3.098552942276001 seconds)
{"epoch": 14, "train_loss": "4.221", "train_nll_loss": "2.846", "train_ppl": "7.19", "train_wps": "22303", "train_ups": "5", "train_wpb": "4373.327", "train_bsz": "177.452", "train_num_updates": "12642", "train_lr": "0.00028125", "train_gnorm": "0.840", "train_clip": "0.000", "train_oom": "0.000", "train_wall": "2590", "train_train_wall": "2218"}
{"epoch": 14, "valid_loss": "4.217", "valid_nll_loss": "2.701", "valid_ppl": "6.50", "valid_num_updates": "12642", "valid_best_loss": "4.21739"}
| saved checkpoint checkpoints/iwslt_d8_gaussion/checkpoint14.pt (epoch 14 @ 12642 updates) (writing took 3.091402053833008 seconds)
{"epoch": 15, "train_loss": "4.152", "train_nll_loss": "2.769", "train_ppl": "6.81", "train_wps": "22294", "train_ups": "5", "train_wpb": "4373.327", "train_bsz": "177.452", "train_num_updates": "13545", "train_lr": "0.000271713", "train_gnorm": "0.823", "train_clip": "0.000", "train_oom": "0.000", "train_wall": "2773", "train_train_wall": "2375"}
{"epoch": 15, "valid_loss": "4.179", "valid_nll_loss": "2.655", "valid_ppl": "6.30", "valid_num_updates": "13545", "valid_best_loss": "4.1794"}
| saved checkpoint checkpoints/iwslt_d8_gaussion/checkpoint15.pt (epoch 15 @ 13545 updates) (writing took 3.095144033432007 seconds)
{"epoch": 16, "train_loss": "4.094", "train_nll_loss": "2.703", "train_ppl": "6.51", "train_wps": "22298", "train_ups": "5", "train_wpb": "4373.327", "train_bsz": "177.452", "train_num_updates": "14448", "train_lr": "0.000263085", "train_gnorm": "0.815", "train_clip": "0.000", "train_oom": "0.000", "train_wall": "2956", "train_train_wall": "2532"}
{"epoch": 16, "valid_loss": "4.132", "valid_nll_loss": "2.609", "valid_ppl": "6.10", "valid_num_updates": "14448", "valid_best_loss": "4.13242"}
| saved checkpoint checkpoints/iwslt_d8_gaussion/checkpoint16.pt (epoch 16 @ 14448 updates) (writing took 3.109124183654785 seconds)
{"epoch": 17, "train_loss": "4.045", "train_nll_loss": "2.648", "train_ppl": "6.27", "train_wps": "22334", "train_ups": "5", "train_wpb": "4373.327", "train_bsz": "177.452", "train_num_updates": "15351", "train_lr": "0.00025523", "train_gnorm": "0.811", "train_clip": "0.000", "train_oom": "0.000", "train_wall": "3139", "train_train_wall": "2689"}
{"epoch": 17, "valid_loss": "4.126", "valid_nll_loss": "2.597", "valid_ppl": "6.05", "valid_num_updates": "15351", "valid_best_loss": "4.12554"}
| saved checkpoint checkpoints/iwslt_d8_gaussion/checkpoint17.pt (epoch 17 @ 15351 updates) (writing took 3.0929341316223145 seconds)
{"epoch": 18, "train_loss": "3.998", "train_nll_loss": "2.595", "train_ppl": "6.04", "train_wps": "22319", "train_ups": "5", "train_wpb": "4373.327", "train_bsz": "177.452", "train_num_updates": "16254", "train_lr": "0.000248039", "train_gnorm": "0.801", "train_clip": "0.000", "train_oom": "0.000", "train_wall": "3321", "train_train_wall": "2846"}
{"epoch": 18, "valid_loss": "4.066", "valid_nll_loss": "2.540", "valid_ppl": "5.82", "valid_num_updates": "16254", "valid_best_loss": "4.06619"}
| saved checkpoint checkpoints/iwslt_d8_gaussion/checkpoint18.pt (epoch 18 @ 16254 updates) (writing took 3.0817108154296875 seconds)
{"epoch": 19, "train_loss": "3.955", "train_nll_loss": "2.546", "train_ppl": "5.84", "train_wps": "22343", "train_ups": "5", "train_wpb": "4373.327", "train_bsz": "177.452", "train_num_updates": "17157", "train_lr": "0.000241423", "train_gnorm": "0.796", "train_clip": "0.000", "train_oom": "0.000", "train_wall": "3504", "train_train_wall": "3003"}
{"epoch": 19, "valid_loss": "4.081", "valid_nll_loss": "2.544", "valid_ppl": "5.83", "valid_num_updates": "17157", "valid_best_loss": "4.06619"}
| saved checkpoint checkpoints/iwslt_d8_gaussion/checkpoint19.pt (epoch 19 @ 17157 updates) (writing took 1.7023978233337402 seconds)
{"epoch": 20, "train_loss": "3.917", "train_nll_loss": "2.504", "train_ppl": "5.67", "train_wps": "22328", "train_ups": "5", "train_wpb": "4373.327", "train_bsz": "177.452", "train_num_updates": "18060", "train_lr": "0.00023531", "train_gnorm": "0.789", "train_clip": "0.000", "train_oom": "0.000", "train_wall": "3685", "train_train_wall": "3160"}
{"epoch": 20, "valid_loss": "4.040", "valid_nll_loss": "2.503", "valid_ppl": "5.67", "valid_num_updates": "18060", "valid_best_loss": "4.03987"}
| saved checkpoint checkpoints/iwslt_d8_gaussion/checkpoint20.pt (epoch 20 @ 18060 updates) (writing took 3.0868794918060303 seconds)
{"epoch": 21, "train_loss": "3.883", "train_nll_loss": "2.465", "train_ppl": "5.52", "train_wps": "22306", "train_ups": "5", "train_wpb": "4373.327", "train_bsz": "177.452", "train_num_updates": "18963", "train_lr": "0.000229639", "train_gnorm": "0.786", "train_clip": "0.000", "train_oom": "0.000", "train_wall": "3868", "train_train_wall": "3317"}
{"epoch": 21, "valid_loss": "4.038", "valid_nll_loss": "2.495", "valid_ppl": "5.64", "valid_num_updates": "18963", "valid_best_loss": "4.03777"}
| saved checkpoint checkpoints/iwslt_d8_gaussion/checkpoint21.pt (epoch 21 @ 18963 updates) (writing took 3.0992491245269775 seconds)
{"epoch": 22, "train_loss": "3.851", "train_nll_loss": "2.429", "train_ppl": "5.38", "train_wps": "22324", "train_ups": "5", "train_wpb": "4373.327", "train_bsz": "177.452", "train_num_updates": "19866", "train_lr": "0.00022436", "train_gnorm": "0.784", "train_clip": "0.000", "train_oom": "0.000", "train_wall": "4051", "train_train_wall": "3474"}
{"epoch": 22, "valid_loss": "4.003", "valid_nll_loss": "2.462", "valid_ppl": "5.51", "valid_num_updates": "19866", "valid_best_loss": "4.00272"}
| saved checkpoint checkpoints/iwslt_d8_gaussion/checkpoint22.pt (epoch 22 @ 19866 updates) (writing took 3.081716537475586 seconds)
{"epoch": 23, "train_loss": "3.821", "train_nll_loss": "2.395", "train_ppl": "5.26", "train_wps": "22341", "train_ups": "5", "train_wpb": "4373.327", "train_bsz": "177.452", "train_num_updates": "20769", "train_lr": "0.000219428", "train_gnorm": "0.779", "train_clip": "0.000", "train_oom": "0.000", "train_wall": "4234", "train_train_wall": "3631"}
{"epoch": 23, "valid_loss": "4.010", "valid_nll_loss": "2.464", "valid_ppl": "5.52", "valid_num_updates": "20769", "valid_best_loss": "4.00272"}
| saved checkpoint checkpoints/iwslt_d8_gaussion/checkpoint23.pt (epoch 23 @ 20769 updates) (writing took 1.7054343223571777 seconds)
{"epoch": 24, "train_loss": "3.795", "train_nll_loss": "2.365", "train_ppl": "5.15", "train_wps": "22342", "train_ups": "5", "train_wpb": "4373.327", "train_bsz": "177.452", "train_num_updates": "21672", "train_lr": "0.000214808", "train_gnorm": "0.779", "train_clip": "0.000", "train_oom": "0.000", "train_wall": "4415", "train_train_wall": "3788"}
{"epoch": 24, "valid_loss": "3.985", "valid_nll_loss": "2.436", "valid_ppl": "5.41", "valid_num_updates": "21672", "valid_best_loss": "3.98462"}
| saved checkpoint checkpoints/iwslt_d8_gaussion/checkpoint24.pt (epoch 24 @ 21672 updates) (writing took 3.0876712799072266 seconds)
{"epoch": 25, "train_loss": "3.769", "train_nll_loss": "2.336", "train_ppl": "5.05", "train_wps": "22297", "train_ups": "5", "train_wpb": "4373.327", "train_bsz": "177.452", "train_num_updates": "22575", "train_lr": "0.000210468", "train_gnorm": "0.775", "train_clip": "0.000", "train_oom": "0.000", "train_wall": "4598", "train_train_wall": "3946"}
{"epoch": 25, "valid_loss": "3.999", "valid_nll_loss": "2.449", "valid_ppl": "5.46", "valid_num_updates": "22575", "valid_best_loss": "3.98462"}
| saved checkpoint checkpoints/iwslt_d8_gaussion/checkpoint25.pt (epoch 25 @ 22575 updates) (writing took 1.7286632061004639 seconds)
{"epoch": 26, "train_loss": "3.746", "train_nll_loss": "2.310", "train_ppl": "4.96", "train_wps": "22333", "train_ups": "5", "train_wpb": "4373.327", "train_bsz": "177.452", "train_num_updates": "23478", "train_lr": "0.000206381", "train_gnorm": "0.774", "train_clip": "0.000", "train_oom": "0.000", "train_wall": "4779", "train_train_wall": "4103"}
{"epoch": 26, "valid_loss": "3.949", "valid_nll_loss": "2.400", "valid_ppl": "5.28", "valid_num_updates": "23478", "valid_best_loss": "3.9488"}
| saved checkpoint checkpoints/iwslt_d8_gaussion/checkpoint26.pt (epoch 26 @ 23478 updates) (writing took 3.0951671600341797 seconds)
{"epoch": 27, "train_loss": "3.722", "train_nll_loss": "2.282", "train_ppl": "4.86", "train_wps": "22267", "train_ups": "5", "train_wpb": "4373.327", "train_bsz": "177.452", "train_num_updates": "24381", "train_lr": "0.000202523", "train_gnorm": "0.771", "train_clip": "0.000", "train_oom": "0.000", "train_wall": "4962", "train_train_wall": "4260"}
{"epoch": 27, "valid_loss": "3.974", "valid_nll_loss": "2.422", "valid_ppl": "5.36", "valid_num_updates": "24381", "valid_best_loss": "3.9488"}
| saved checkpoint checkpoints/iwslt_d8_gaussion/checkpoint27.pt (epoch 27 @ 24381 updates) (writing took 1.7029964923858643 seconds)
{"epoch": 28, "train_loss": "3.701", "train_nll_loss": "2.259", "train_ppl": "4.79", "train_wps": "22347", "train_ups": "5", "train_wpb": "4373.327", "train_bsz": "177.452", "train_num_updates": "25284", "train_lr": "0.000198874", "train_gnorm": "0.771", "train_clip": "0.000", "train_oom": "0.000", "train_wall": "5143", "train_train_wall": "4417"}
{"epoch": 28, "valid_loss": "3.934", "valid_nll_loss": "2.385", "valid_ppl": "5.23", "valid_num_updates": "25284", "valid_best_loss": "3.93354"}
| saved checkpoint checkpoints/iwslt_d8_gaussion/checkpoint28.pt (epoch 28 @ 25284 updates) (writing took 3.0879063606262207 seconds)
{"epoch": 29, "train_loss": "3.682", "train_nll_loss": "2.237", "train_ppl": "4.71", "train_wps": "22304", "train_ups": "5", "train_wpb": "4373.327", "train_bsz": "177.452", "train_num_updates": "26187", "train_lr": "0.000195415", "train_gnorm": "0.768", "train_clip": "0.000", "train_oom": "0.000", "train_wall": "5326", "train_train_wall": "4574"}
{"epoch": 29, "valid_loss": "3.942", "valid_nll_loss": "2.385", "valid_ppl": "5.22", "valid_num_updates": "26187", "valid_best_loss": "3.93354"}
| saved checkpoint checkpoints/iwslt_d8_gaussion/checkpoint29.pt (epoch 29 @ 26187 updates) (writing took 1.7019240856170654 seconds)
{"epoch": 30, "train_loss": "3.663", "train_nll_loss": "2.216", "train_ppl": "4.65", "train_wps": "22321", "train_ups": "5", "train_wpb": "4373.327", "train_bsz": "177.452", "train_num_updates": "27090", "train_lr": "0.00019213", "train_gnorm": "0.769", "train_clip": "0.000", "train_oom": "0.000", "train_wall": "5507", "train_train_wall": "4731"}
{"epoch": 30, "valid_loss": "3.925", "valid_nll_loss": "2.367", "valid_ppl": "5.16", "valid_num_updates": "27090", "valid_best_loss": "3.9255"}
| saved checkpoint checkpoints/iwslt_d8_gaussion/checkpoint30.pt (epoch 30 @ 27090 updates) (writing took 3.088212490081787 seconds)
{"epoch": 31, "train_loss": "3.645", "train_nll_loss": "2.195", "train_ppl": "4.58", "train_wps": "22340", "train_ups": "5", "train_wpb": "4373.327", "train_bsz": "177.452", "train_num_updates": "27993", "train_lr": "0.000189006", "train_gnorm": "0.771", "train_clip": "0.000", "train_oom": "0.000", "train_wall": "5690", "train_train_wall": "4888"}
{"epoch": 31, "valid_loss": "3.913", "valid_nll_loss": "2.356", "valid_ppl": "5.12", "valid_num_updates": "27993", "valid_best_loss": "3.91312"}
| saved checkpoint checkpoints/iwslt_d8_gaussion/checkpoint31.pt (epoch 31 @ 27993 updates) (writing took 3.0953104496002197 seconds)
{"epoch": 32, "train_loss": "3.629", "train_nll_loss": "2.177", "train_ppl": "4.52", "train_wps": "22315", "train_ups": "5", "train_wpb": "4373.327", "train_bsz": "177.452", "train_num_updates": "28896", "train_lr": "0.000186029", "train_gnorm": "0.770", "train_clip": "0.000", "train_oom": "0.000", "train_wall": "5873", "train_train_wall": "5045"}
{"epoch": 32, "valid_loss": "3.926", "valid_nll_loss": "2.368", "valid_ppl": "5.16", "valid_num_updates": "28896", "valid_best_loss": "3.91312"}
| saved checkpoint checkpoints/iwslt_d8_gaussion/checkpoint32.pt (epoch 32 @ 28896 updates) (writing took 1.719578742980957 seconds)
{"epoch": 33, "train_loss": "3.614", "train_nll_loss": "2.159", "train_ppl": "4.47", "train_wps": "22305", "train_ups": "5", "train_wpb": "4373.327", "train_bsz": "177.452", "train_num_updates": "29799", "train_lr": "0.000183189", "train_gnorm": "0.771", "train_clip": "0.000", "train_oom": "0.000", "train_wall": "6055", "train_train_wall": "5203"}
{"epoch": 33, "valid_loss": "3.925", "valid_nll_loss": "2.365", "valid_ppl": "5.15", "valid_num_updates": "29799", "valid_best_loss": "3.91312"}
| saved checkpoint checkpoints/iwslt_d8_gaussion/checkpoint33.pt (epoch 33 @ 29799 updates) (writing took 1.7093837261199951 seconds)
{"epoch": 34, "train_loss": "3.598", "train_nll_loss": "2.141", "train_ppl": "4.41", "train_wps": "22304", "train_ups": "5", "train_wpb": "4373.327", "train_bsz": "177.452", "train_num_updates": "30702", "train_lr": "0.000180475", "train_gnorm": "0.769", "train_clip": "0.000", "train_oom": "0.000", "train_wall": "6236", "train_train_wall": "5360"}
{"epoch": 34, "valid_loss": "3.923", "valid_nll_loss": "2.362", "valid_ppl": "5.14", "valid_num_updates": "30702", "valid_best_loss": "3.91312"}
| saved checkpoint checkpoints/iwslt_d8_gaussion/checkpoint34.pt (epoch 34 @ 30702 updates) (writing took 1.7082266807556152 seconds)
{"epoch": 35, "train_loss": "3.583", "train_nll_loss": "2.124", "train_ppl": "4.36", "train_wps": "22344", "train_ups": "5", "train_wpb": "4373.327", "train_bsz": "177.452", "train_num_updates": "31605", "train_lr": "0.000177878", "train_gnorm": "0.767", "train_clip": "0.000", "train_oom": "0.000", "train_wall": "6417", "train_train_wall": "5517"}
{"epoch": 35, "valid_loss": "3.894", "valid_nll_loss": "2.336", "valid_ppl": "5.05", "valid_num_updates": "31605", "valid_best_loss": "3.89433"}
| saved checkpoint checkpoints/iwslt_d8_gaussion/checkpoint35.pt (epoch 35 @ 31605 updates) (writing took 3.0870494842529297 seconds)
{"epoch": 36, "train_loss": "3.570", "train_nll_loss": "2.109", "train_ppl": "4.31", "train_wps": "22016", "train_ups": "5", "train_wpb": "4373.327", "train_bsz": "177.452", "train_num_updates": "32508", "train_lr": "0.00017539", "train_gnorm": "0.770", "train_clip": "0.000", "train_oom": "0.000", "train_wall": "6602", "train_train_wall": "5675"}
{"epoch": 36, "valid_loss": "3.898", "valid_nll_loss": "2.334", "valid_ppl": "5.04", "valid_num_updates": "32508", "valid_best_loss": "3.89433"}
| saved checkpoint checkpoints/iwslt_d8_gaussion/checkpoint36.pt (epoch 36 @ 32508 updates) (writing took 1.717381477355957 seconds)
{"epoch": 37, "train_loss": "3.556", "train_nll_loss": "2.093", "train_ppl": "4.27", "train_wps": "21293", "train_ups": "5", "train_wpb": "4373.327", "train_bsz": "177.452", "train_num_updates": "33411", "train_lr": "0.000173004", "train_gnorm": "0.770", "train_clip": "0.000", "train_oom": "0.000", "train_wall": "6792", "train_train_wall": "5838"}
{"epoch": 37, "valid_loss": "3.905", "valid_nll_loss": "2.338", "valid_ppl": "5.06", "valid_num_updates": "33411", "valid_best_loss": "3.89433"}
| saved checkpoint checkpoints/iwslt_d8_gaussion/checkpoint37.pt (epoch 37 @ 33411 updates) (writing took 1.705841302871704 seconds)
{"epoch": 38, "train_loss": "3.543", "train_nll_loss": "2.078", "train_ppl": "4.22", "train_wps": "22088", "train_ups": "5", "train_wpb": "4373.327", "train_bsz": "177.452", "train_num_updates": "34314", "train_lr": "0.000170712", "train_gnorm": "0.769", "train_clip": "0.000", "train_oom": "0.000", "train_wall": "6976", "train_train_wall": "5995"}
{"epoch": 38, "valid_loss": "3.907", "valid_nll_loss": "2.341", "valid_ppl": "5.07", "valid_num_updates": "34314", "valid_best_loss": "3.89433"}
| saved checkpoint checkpoints/iwslt_d8_gaussion/checkpoint38.pt (epoch 38 @ 34314 updates) (writing took 1.7128345966339111 seconds)
{"epoch": 39, "train_loss": "3.532", "train_nll_loss": "2.066", "train_ppl": "4.19", "train_wps": "22162", "train_ups": "5", "train_wpb": "4373.327", "train_bsz": "177.452", "train_num_updates": "35217", "train_lr": "0.000168509", "train_gnorm": "0.771", "train_clip": "0.000", "train_oom": "0.000", "train_wall": "7158", "train_train_wall": "6153"}
{"epoch": 39, "valid_loss": "3.903", "valid_nll_loss": "2.341", "valid_ppl": "5.07", "valid_num_updates": "35217", "valid_best_loss": "3.89433"}
| saved checkpoint checkpoints/iwslt_d8_gaussion/checkpoint39.pt (epoch 39 @ 35217 updates) (writing took 1.711869716644287 seconds)
{"epoch": 40, "train_loss": "3.520", "train_nll_loss": "2.052", "train_ppl": "4.15", "train_wps": "22268", "train_ups": "5", "train_wpb": "4373.327", "train_bsz": "177.452", "train_num_updates": "36120", "train_lr": "0.00016639", "train_gnorm": "0.770", "train_clip": "0.000", "train_oom": "0.000", "train_wall": "7340", "train_train_wall": "6310"}
{"epoch": 40, "valid_loss": "3.894", "valid_nll_loss": "2.333", "valid_ppl": "5.04", "valid_num_updates": "36120", "valid_best_loss": "3.8941"}
| saved checkpoint checkpoints/iwslt_d8_gaussion/checkpoint40.pt (epoch 40 @ 36120 updates) (writing took 3.0927858352661133 seconds)
{"epoch": 41, "train_loss": "3.508", "train_nll_loss": "2.038", "train_ppl": "4.11", "train_wps": "22335", "train_ups": "5", "train_wpb": "4373.327", "train_bsz": "177.452", "train_num_updates": "37023", "train_lr": "0.000164348", "train_gnorm": "0.772", "train_clip": "0.000", "train_oom": "0.000", "train_wall": "7523", "train_train_wall": "6467"}
{"epoch": 41, "valid_loss": "3.873", "valid_nll_loss": "2.312", "valid_ppl": "4.96", "valid_num_updates": "37023", "valid_best_loss": "3.87255"}
| saved checkpoint checkpoints/iwslt_d8_gaussion/checkpoint41.pt (epoch 41 @ 37023 updates) (writing took 3.061694622039795 seconds)
{"epoch": 42, "train_loss": "3.495", "train_nll_loss": "2.023", "train_ppl": "4.06", "train_wps": "22351", "train_ups": "5", "train_wpb": "4373.327", "train_bsz": "177.452", "train_num_updates": "37926", "train_lr": "0.00016238", "train_gnorm": "0.775", "train_clip": "0.000", "train_oom": "0.000", "train_wall": "7705", "train_train_wall": "6624"}
{"epoch": 42, "valid_loss": "3.870", "valid_nll_loss": "2.312", "valid_ppl": "4.97", "valid_num_updates": "37926", "valid_best_loss": "3.87043"}
| saved checkpoint checkpoints/iwslt_d8_gaussion/checkpoint42.pt (epoch 42 @ 37926 updates) (writing took 3.0894665718078613 seconds)
{"epoch": 43, "train_loss": "3.484", "train_nll_loss": "2.010", "train_ppl": "4.03", "train_wps": "19884", "train_ups": "4", "train_wpb": "4373.327", "train_bsz": "177.452", "train_num_updates": "38829", "train_lr": "0.00016048", "train_gnorm": "0.776", "train_clip": "0.000", "train_oom": "0.000", "train_wall": "7910", "train_train_wall": "6796"}
{"epoch": 43, "valid_loss": "3.863", "valid_nll_loss": "2.302", "valid_ppl": "4.93", "valid_num_updates": "38829", "valid_best_loss": "3.86302"}
| saved checkpoint checkpoints/iwslt_d8_gaussion/checkpoint43.pt (epoch 43 @ 38829 updates) (writing took 3.121413469314575 seconds)
{"epoch": 44, "train_loss": "3.471", "train_nll_loss": "1.995", "train_ppl": "3.99", "train_wps": "19864", "train_ups": "4", "train_wpb": "4373.327", "train_bsz": "177.452", "train_num_updates": "39732", "train_lr": "0.000158646", "train_gnorm": "0.777", "train_clip": "0.000", "train_oom": "0.000", "train_wall": "8115", "train_train_wall": "6969"}
{"epoch": 44, "valid_loss": "3.869", "valid_nll_loss": "2.303", "valid_ppl": "4.93", "valid_num_updates": "39732", "valid_best_loss": "3.86302"}
| saved checkpoint checkpoints/iwslt_d8_gaussion/checkpoint44.pt (epoch 44 @ 39732 updates) (writing took 1.7154221534729004 seconds)
{"epoch": 45, "train_loss": "3.460", "train_nll_loss": "1.983", "train_ppl": "3.95", "train_wps": "19878", "train_ups": "4", "train_wpb": "4373.327", "train_bsz": "177.452", "train_num_updates": "40635", "train_lr": "0.000156874", "train_gnorm": "0.782", "train_clip": "0.000", "train_oom": "0.000", "train_wall": "8318", "train_train_wall": "7141"}
{"epoch": 45, "valid_loss": "3.877", "valid_nll_loss": "2.311", "valid_ppl": "4.96", "valid_num_updates": "40635", "valid_best_loss": "3.86302"}
| saved checkpoint checkpoints/iwslt_d8_gaussion/checkpoint45.pt (epoch 45 @ 40635 updates) (writing took 1.7169122695922852 seconds)
{"epoch": 46, "train_loss": "3.448", "train_nll_loss": "1.968", "train_ppl": "3.91", "train_wps": "19858", "train_ups": "4", "train_wpb": "4373.327", "train_bsz": "177.452", "train_num_updates": "41538", "train_lr": "0.000155159", "train_gnorm": "0.780", "train_clip": "0.000", "train_oom": "0.000", "train_wall": "8521", "train_train_wall": "7314"}
{"epoch": 46, "valid_loss": "3.862", "valid_nll_loss": "2.297", "valid_ppl": "4.91", "valid_num_updates": "41538", "valid_best_loss": "3.86154"}
| saved checkpoint checkpoints/iwslt_d8_gaussion/checkpoint46.pt (epoch 46 @ 41538 updates) (writing took 2.940366744995117 seconds)
{"epoch": 47, "train_loss": "3.438", "train_nll_loss": "1.957", "train_ppl": "3.88", "train_wps": "19878", "train_ups": "4", "train_wpb": "4373.327", "train_bsz": "177.452", "train_num_updates": "42441", "train_lr": "0.0001535", "train_gnorm": "0.783", "train_clip": "0.000", "train_oom": "0.000", "train_wall": "8726", "train_train_wall": "7486"}
{"epoch": 47, "valid_loss": "3.868", "valid_nll_loss": "2.303", "valid_ppl": "4.94", "valid_num_updates": "42441", "valid_best_loss": "3.86154"}
| saved checkpoint checkpoints/iwslt_d8_gaussion/checkpoint47.pt (epoch 47 @ 42441 updates) (writing took 1.7300732135772705 seconds)
{"epoch": 48, "train_loss": "3.427", "train_nll_loss": "1.944", "train_ppl": "3.85", "train_wps": "19880", "train_ups": "4", "train_wpb": "4373.327", "train_bsz": "177.452", "train_num_updates": "43344", "train_lr": "0.000151892", "train_gnorm": "0.784", "train_clip": "0.000", "train_oom": "0.000", "train_wall": "8929", "train_train_wall": "7659"}
{"epoch": 48, "valid_loss": "3.876", "valid_nll_loss": "2.308", "valid_ppl": "4.95", "valid_num_updates": "43344", "valid_best_loss": "3.86154"}
| saved checkpoint checkpoints/iwslt_d8_gaussion/checkpoint48.pt (epoch 48 @ 43344 updates) (writing took 1.7093627452850342 seconds)
{"epoch": 49, "train_loss": "3.418", "train_nll_loss": "1.934", "train_ppl": "3.82", "train_wps": "19916", "train_ups": "4", "train_wpb": "4373.327", "train_bsz": "177.452", "train_num_updates": "44247", "train_lr": "0.000150334", "train_gnorm": "0.787", "train_clip": "0.000", "train_oom": "0.000", "train_wall": "9132", "train_train_wall": "7831"}
{"epoch": 49, "valid_loss": "3.857", "valid_nll_loss": "2.290", "valid_ppl": "4.89", "valid_num_updates": "44247", "valid_best_loss": "3.85729"}
| saved checkpoint checkpoints/iwslt_d8_gaussion/checkpoint49.pt (epoch 49 @ 44247 updates) (writing took 3.067394971847534 seconds)
{"epoch": 50, "train_loss": "3.407", "train_nll_loss": "1.922", "train_ppl": "3.79", "train_wps": "20057", "train_ups": "4", "train_wpb": "4373.327", "train_bsz": "177.452", "train_num_updates": "45150", "train_lr": "0.000148823", "train_gnorm": "0.788", "train_clip": "0.000", "train_oom": "0.000", "train_wall": "9335", "train_train_wall": "8001"}
{"epoch": 50, "valid_loss": "3.848", "valid_nll_loss": "2.286", "valid_ppl": "4.88", "valid_num_updates": "45150", "valid_best_loss": "3.84834"}
| saved checkpoint checkpoints/iwslt_d8_gaussion/checkpoint50.pt (epoch 50 @ 45150 updates) (writing took 3.070013999938965 seconds)
{"epoch": 51, "train_loss": "3.397", "train_nll_loss": "1.910", "train_ppl": "3.76", "train_wps": "20040", "train_ups": "4", "train_wpb": "4373.327", "train_bsz": "177.452", "train_num_updates": "46053", "train_lr": "0.000147357", "train_gnorm": "0.790", "train_clip": "0.000", "train_oom": "0.000", "train_wall": "9538", "train_train_wall": "8173"}
{"epoch": 51, "valid_loss": "3.858", "valid_nll_loss": "2.292", "valid_ppl": "4.90", "valid_num_updates": "46053", "valid_best_loss": "3.84834"}
| saved checkpoint checkpoints/iwslt_d8_gaussion/checkpoint51.pt (epoch 51 @ 46053 updates) (writing took 1.7120251655578613 seconds)
{"epoch": 52, "train_loss": "3.389", "train_nll_loss": "1.901", "train_ppl": "3.73", "train_wps": "20059", "train_ups": "4", "train_wpb": "4373.327", "train_bsz": "177.452", "train_num_updates": "46956", "train_lr": "0.000145933", "train_gnorm": "0.791", "train_clip": "0.000", "train_oom": "0.000", "train_wall": "9740", "train_train_wall": "8343"}
{"epoch": 52, "valid_loss": "3.871", "valid_nll_loss": "2.304", "valid_ppl": "4.94", "valid_num_updates": "46956", "valid_best_loss": "3.84834"}
| saved checkpoint checkpoints/iwslt_d8_gaussion/checkpoint52.pt (epoch 52 @ 46956 updates) (writing took 1.7087442874908447 seconds)
{"epoch": 53, "train_loss": "3.379", "train_nll_loss": "1.889", "train_ppl": "3.70", "train_wps": "20057", "train_ups": "4", "train_wpb": "4373.327", "train_bsz": "177.452", "train_num_updates": "47859", "train_lr": "0.00014455", "train_gnorm": "0.795", "train_clip": "0.000", "train_oom": "0.000", "train_wall": "9941", "train_train_wall": "8514"}
{"epoch": 53, "valid_loss": "3.859", "valid_nll_loss": "2.294", "valid_ppl": "4.90", "valid_num_updates": "47859", "valid_best_loss": "3.84834"}
| saved checkpoint checkpoints/iwslt_d8_gaussion/checkpoint53.pt (epoch 53 @ 47859 updates) (writing took 1.7121117115020752 seconds)
{"epoch": 54, "train_loss": "3.370", "train_nll_loss": "1.878", "train_ppl": "3.68", "train_wps": "20061", "train_ups": "4", "train_wpb": "4373.327", "train_bsz": "177.452", "train_num_updates": "48762", "train_lr": "0.000143205", "train_gnorm": "0.798", "train_clip": "0.000", "train_oom": "0.000", "train_wall": "10143", "train_train_wall": "8685"}
{"epoch": 54, "valid_loss": "3.853", "valid_nll_loss": "2.288", "valid_ppl": "4.88", "valid_num_updates": "48762", "valid_best_loss": "3.84834"}
| saved checkpoint checkpoints/iwslt_d8_gaussion/checkpoint54.pt (epoch 54 @ 48762 updates) (writing took 1.7055189609527588 seconds)
{"epoch": 55, "train_loss": "3.362", "train_nll_loss": "1.869", "train_ppl": "3.65", "train_wps": "20065", "train_ups": "4", "train_wpb": "4373.327", "train_bsz": "177.452", "train_num_updates": "49665", "train_lr": "0.000141898", "train_gnorm": "0.800", "train_clip": "0.000", "train_oom": "0.000", "train_wall": "10344", "train_train_wall": "8856"}
{"epoch": 55, "valid_loss": "3.854", "valid_nll_loss": "2.292", "valid_ppl": "4.90", "valid_num_updates": "49665", "valid_best_loss": "3.84834"}
| saved checkpoint checkpoints/iwslt_d8_gaussion/checkpoint55.pt (epoch 55 @ 49665 updates) (writing took 1.7060210704803467 seconds)
{"epoch": 56, "train_loss": "3.353", "train_nll_loss": "1.859", "train_ppl": "3.63", "train_wps": "20045", "train_ups": "4", "train_wpb": "4373.327", "train_bsz": "177.452", "train_num_updates": "50568", "train_lr": "0.000140625", "train_gnorm": "0.800", "train_clip": "0.000", "train_oom": "0.000", "train_wall": "10546", "train_train_wall": "9027"}
{"epoch": 56, "valid_loss": "3.851", "valid_nll_loss": "2.288", "valid_ppl": "4.88", "valid_num_updates": "50568", "valid_best_loss": "3.84834"}
| saved checkpoint checkpoints/iwslt_d8_gaussion/checkpoint56.pt (epoch 56 @ 50568 updates) (writing took 1.720341444015503 seconds)
{"epoch": 57, "train_loss": "3.344", "train_nll_loss": "1.848", "train_ppl": "3.60", "train_wps": "19901", "train_ups": "4", "train_wpb": "4373.327", "train_bsz": "177.452", "train_num_updates": "51471", "train_lr": "0.000139386", "train_gnorm": "0.802", "train_clip": "0.000", "train_oom": "0.000", "train_wall": "10749", "train_train_wall": "9199"}
{"epoch": 57, "valid_loss": "3.852", "valid_nll_loss": "2.284", "valid_ppl": "4.87", "valid_num_updates": "51471", "valid_best_loss": "3.84834"}
| saved checkpoint checkpoints/iwslt_d8_gaussion/checkpoint57.pt (epoch 57 @ 51471 updates) (writing took 2.084604501724243 seconds)
{"epoch": 58, "train_loss": "3.336", "train_nll_loss": "1.839", "train_ppl": "3.58", "train_wps": "19855", "train_ups": "4", "train_wpb": "4373.327", "train_bsz": "177.452", "train_num_updates": "52374", "train_lr": "0.000138179", "train_gnorm": "0.805", "train_clip": "0.000", "train_oom": "0.000", "train_wall": "10953", "train_train_wall": "9371"}
{"epoch": 58, "valid_loss": "3.850", "valid_nll_loss": "2.283", "valid_ppl": "4.87", "valid_num_updates": "52374", "valid_best_loss": "3.84834"}
| saved checkpoint checkpoints/iwslt_d8_gaussion/checkpoint58.pt (epoch 58 @ 52374 updates) (writing took 1.7187154293060303 seconds)
{"epoch": 59, "train_loss": "3.328", "train_nll_loss": "1.830", "train_ppl": "3.55", "train_wps": "19876", "train_ups": "4", "train_wpb": "4373.327", "train_bsz": "177.452", "train_num_updates": "53277", "train_lr": "0.000137003", "train_gnorm": "0.806", "train_clip": "0.000", "train_oom": "0.000", "train_wall": "11156", "train_train_wall": "9544"}
{"epoch": 59, "valid_loss": "3.859", "valid_nll_loss": "2.292", "valid_ppl": "4.90", "valid_num_updates": "53277", "valid_best_loss": "3.84834"}
| saved checkpoint checkpoints/iwslt_d8_gaussion/checkpoint59.pt (epoch 59 @ 53277 updates) (writing took 1.7162742614746094 seconds)
{"epoch": 60, "train_loss": "3.321", "train_nll_loss": "1.821", "train_ppl": "3.53", "train_wps": "19868", "train_ups": "4", "train_wpb": "4373.327", "train_bsz": "177.452", "train_num_updates": "54180", "train_lr": "0.000135857", "train_gnorm": "0.811", "train_clip": "0.000", "train_oom": "0.000", "train_wall": "11360", "train_train_wall": "9716"}
{"epoch": 60, "valid_loss": "3.849", "valid_nll_loss": "2.284", "valid_ppl": "4.87", "valid_num_updates": "54180", "valid_best_loss": "3.84834"}
| saved checkpoint checkpoints/iwslt_d8_gaussion/checkpoint60.pt (epoch 60 @ 54180 updates) (writing took 1.7177984714508057 seconds)
{"epoch": 61, "train_loss": "3.313", "train_nll_loss": "1.812", "train_ppl": "3.51", "train_wps": "19872", "train_ups": "4", "train_wpb": "4373.327", "train_bsz": "177.452", "train_num_updates": "55083", "train_lr": "0.000134738", "train_gnorm": "0.810", "train_clip": "0.000", "train_oom": "0.000", "train_wall": "11563", "train_train_wall": "9889"}
{"epoch": 61, "valid_loss": "3.878", "valid_nll_loss": "2.312", "valid_ppl": "4.97", "valid_num_updates": "55083", "valid_best_loss": "3.84834"}
| saved checkpoint checkpoints/iwslt_d8_gaussion/checkpoint61.pt (epoch 61 @ 55083 updates) (writing took 1.7180688381195068 seconds)
{"epoch": 62, "train_loss": "3.306", "train_nll_loss": "1.804", "train_ppl": "3.49", "train_wps": "22083", "train_ups": "5", "train_wpb": "4373.327", "train_bsz": "177.452", "train_num_updates": "55986", "train_lr": "0.000133647", "train_gnorm": "0.814", "train_clip": "0.000", "train_oom": "0.000", "train_wall": "11747", "train_train_wall": "10047"}
{"epoch": 62, "valid_loss": "3.837", "valid_nll_loss": "2.279", "valid_ppl": "4.85", "valid_num_updates": "55986", "valid_best_loss": "3.83728"}
| saved checkpoint checkpoints/iwslt_d8_gaussion/checkpoint62.pt (epoch 62 @ 55986 updates) (writing took 3.0948450565338135 seconds)
{"epoch": 63, "train_loss": "3.297", "train_nll_loss": "1.794", "train_ppl": "3.47", "train_wps": "22306", "train_ups": "5", "train_wpb": "4373.327", "train_bsz": "177.452", "train_num_updates": "56889", "train_lr": "0.000132582", "train_gnorm": "0.814", "train_clip": "0.000", "train_oom": "0.000", "train_wall": "11929", "train_train_wall": "10204"}
{"epoch": 63, "valid_loss": "3.868", "valid_nll_loss": "2.301", "valid_ppl": "4.93", "valid_num_updates": "56889", "valid_best_loss": "3.83728"}
| saved checkpoint checkpoints/iwslt_d8_gaussion/checkpoint63.pt (epoch 63 @ 56889 updates) (writing took 1.7569572925567627 seconds)
{"epoch": 64, "train_loss": "3.290", "train_nll_loss": "1.786", "train_ppl": "3.45", "train_wps": "22319", "train_ups": "5", "train_wpb": "4373.327", "train_bsz": "177.452", "train_num_updates": "57792", "train_lr": "0.000131543", "train_gnorm": "0.817", "train_clip": "0.000", "train_oom": "0.000", "train_wall": "12111", "train_train_wall": "10362"}
{"epoch": 64, "valid_loss": "3.874", "valid_nll_loss": "2.303", "valid_ppl": "4.94", "valid_num_updates": "57792", "valid_best_loss": "3.83728"}
| saved checkpoint checkpoints/iwslt_d8_gaussion/checkpoint64.pt (epoch 64 @ 57792 updates) (writing took 1.7138347625732422 seconds)
{"epoch": 65, "train_loss": "3.283", "train_nll_loss": "1.778", "train_ppl": "3.43", "train_wps": "22099", "train_ups": "5", "train_wpb": "4373.327", "train_bsz": "177.452", "train_num_updates": "58695", "train_lr": "0.000130527", "train_gnorm": "0.820", "train_clip": "0.000", "train_oom": "0.000", "train_wall": "12294", "train_train_wall": "10519"}
{"epoch": 65, "valid_loss": "3.855", "valid_nll_loss": "2.287", "valid_ppl": "4.88", "valid_num_updates": "58695", "valid_best_loss": "3.83728"}
| saved checkpoint checkpoints/iwslt_d8_gaussion/checkpoint65.pt (epoch 65 @ 58695 updates) (writing took 1.6967177391052246 seconds)
{"epoch": 66, "train_loss": "3.276", "train_nll_loss": "1.770", "train_ppl": "3.41", "train_wps": "22034", "train_ups": "5", "train_wpb": "4373.327", "train_bsz": "177.452", "train_num_updates": "59598", "train_lr": "0.000129534", "train_gnorm": "0.820", "train_clip": "0.000", "train_oom": "0.000", "train_wall": "12478", "train_train_wall": "10678"}
{"epoch": 66, "valid_loss": "3.868", "valid_nll_loss": "2.301", "valid_ppl": "4.93", "valid_num_updates": "59598", "valid_best_loss": "3.83728"}
| saved checkpoint checkpoints/iwslt_d8_gaussion/checkpoint66.pt (epoch 66 @ 59598 updates) (writing took 1.7001049518585205 seconds)
{"epoch": 67, "train_loss": "3.247", "train_nll_loss": "1.736", "train_ppl": "3.33", "train_wps": "22026", "train_ups": "5", "train_wpb": "4389.973", "train_bsz": "183.201", "train_num_updates": "60000", "train_lr": "0.000129099", "train_gnorm": "0.815", "train_clip": "0.000", "train_oom": "0.000", "train_wall": "12562", "train_train_wall": "10748"}
{"epoch": 67, "valid_loss": "3.857", "valid_nll_loss": "2.290", "valid_ppl": "4.89", "valid_num_updates": "60000", "valid_best_loss": "3.83728"}
| saved checkpoint checkpoints/iwslt_d8_gaussion/checkpoint_last.pt (epoch 67 @ 60000 updates) (writing took 1.3943822383880615 seconds)
| done training in 12565.4 seconds
