Namespace(activation_dropout=0.0, activation_fn='relu', adam_betas='(0.9, 0.98)', adam_eps=1e-08, adaptive_input=False, adaptive_softmax_cutoff=None, adaptive_softmax_dropout=0, arch='transformer_iwslt_de_en', attention_dropout=0.0, best_checkpoint_metric='loss', bucket_cap_mb=25, clip_norm=25, cpu=False, criterion='label_smoothed_cross_entropy', curriculum=0, data='data-bin/iwslt14.tokenized.de-en', dataset_impl='cached', ddp_backend='c10d', decoder_attention_heads=4, decoder_embed_dim=512, decoder_embed_path=None, decoder_ffn_embed_dim=1024, decoder_input_dim=512, decoder_layers=6, decoder_learned_pos=False, decoder_normalize_before=False, decoder_output_dim=512, device_id=0, disable_validation=False, distributed_backend='nccl', distributed_init_method=None, distributed_no_spawn=False, distributed_port=-1, distributed_rank=0, distributed_world_size=1, dropout=0.3, encoder_attention_heads=4, encoder_embed_dim=512, encoder_embed_path=None, encoder_ffn_embed_dim=1024, encoder_layers=6, encoder_learned_pos=False, encoder_normalize_before=False, exp_root=0.5, find_unused_parameters=False, fix_batches_to_gpus=False, fp16=False, fp16_init_scale=128, fp16_scale_tolerance=0.0, fp16_scale_window=None, keep_interval_updates=-1, keep_last_epochs=-1, label_smoothing=0.1, lazy_load=False, left_pad_source='True', left_pad_target='False', log_format='json', log_interval=1000, lr=[0.0005], lr_scheduler='inverse_sqrt', max_epoch=0, max_sentences=None, max_sentences_valid=None, max_source_positions=1024, max_target_positions=1024, max_tokens=5000, max_tokens_valid=5000, max_update=60000, maximize_best_checkpoint_metric=False, memory_efficient_fp16=False, min_loss_scale=0.0001, min_lr=1e-09, no_epoch_checkpoints=False, no_last_checkpoints=False, no_progress_bar=True, no_save=False, no_save_optimizer_state=False, no_token_positional_embeddings=False, num_workers=0, optimizer='adam', optimizer_overrides='{}', raw_text=False, required_batch_size_multiple=8, reset_dataloader=False, reset_lr_scheduler=False, reset_meters=False, reset_optimizer=False, restore_file='checkpoint_last.pt', save_dir='checkpoints/iwslt_d2_gaussion', save_interval=1, save_interval_updates=0, seed=1, sentence_avg=False, share_all_embeddings=False, share_decoder_input_output_embed=True, skip_invalid_size_inputs_valid_test=False, source_lang='de', target_lang='en', task='translation', tbmf_wrapper=False, tensorboard_logdir='', threshold_loss_scale=None, train_subset='train', update_freq=[1], upsample_primary=1, use_bmuf=False, user_dir=None, valid_subset='valid', validate_interval=1, warmup_init_lr=1e-07, warmup_updates=4000, weight_decay=0.0001)
| [de] dictionary: 8848 types
| [en] dictionary: 6632 types
| data-bin/iwslt14.tokenized.de-en valid de-en 7283 examples
TransformerModel(
  (encoder): TransformerEncoder(
    (embed_tokens): Embedding(8848, 512, padding_idx=1)
    (embed_positions): SinusoidalPositionalEmbedding()
    (layers): ModuleList(
      (0): TransformerEncoderLayer(
        (self_attn): MultiheadAttention(
          (out_proj): Linear(in_features=512, out_features=512, bias=True)
        )
        (self_attn_layer_norm): LayerNorm(torch.Size([512]), eps=1e-05, elementwise_affine=True)
        (fc1): Linear(in_features=512, out_features=1024, bias=True)
        (fc2): Linear(in_features=1024, out_features=512, bias=True)
        (final_layer_norm): LayerNorm(torch.Size([512]), eps=1e-05, elementwise_affine=True)
      )
      (1): TransformerEncoderLayer(
        (self_attn): MultiheadAttention(
          (out_proj): Linear(in_features=512, out_features=512, bias=True)
        )
        (self_attn_layer_norm): LayerNorm(torch.Size([512]), eps=1e-05, elementwise_affine=True)
        (fc1): Linear(in_features=512, out_features=1024, bias=True)
        (fc2): Linear(in_features=1024, out_features=512, bias=True)
        (final_layer_norm): LayerNorm(torch.Size([512]), eps=1e-05, elementwise_affine=True)
      )
      (2): TransformerEncoderLayer(
        (self_attn): MultiheadAttention(
          (out_proj): Linear(in_features=512, out_features=512, bias=True)
        )
        (self_attn_layer_norm): LayerNorm(torch.Size([512]), eps=1e-05, elementwise_affine=True)
        (fc1): Linear(in_features=512, out_features=1024, bias=True)
        (fc2): Linear(in_features=1024, out_features=512, bias=True)
        (final_layer_norm): LayerNorm(torch.Size([512]), eps=1e-05, elementwise_affine=True)
      )
      (3): TransformerEncoderLayer(
        (self_attn): MultiheadAttention(
          (out_proj): Linear(in_features=512, out_features=512, bias=True)
        )
        (self_attn_layer_norm): LayerNorm(torch.Size([512]), eps=1e-05, elementwise_affine=True)
        (fc1): Linear(in_features=512, out_features=1024, bias=True)
        (fc2): Linear(in_features=1024, out_features=512, bias=True)
        (final_layer_norm): LayerNorm(torch.Size([512]), eps=1e-05, elementwise_affine=True)
      )
      (4): TransformerEncoderLayer(
        (self_attn): MultiheadAttention(
          (out_proj): Linear(in_features=512, out_features=512, bias=True)
        )
        (self_attn_layer_norm): LayerNorm(torch.Size([512]), eps=1e-05, elementwise_affine=True)
        (fc1): Linear(in_features=512, out_features=1024, bias=True)
        (fc2): Linear(in_features=1024, out_features=512, bias=True)
        (final_layer_norm): LayerNorm(torch.Size([512]), eps=1e-05, elementwise_affine=True)
      )
      (5): TransformerEncoderLayer(
        (self_attn): MultiheadAttention(
          (out_proj): Linear(in_features=512, out_features=512, bias=True)
        )
        (self_attn_layer_norm): LayerNorm(torch.Size([512]), eps=1e-05, elementwise_affine=True)
        (fc1): Linear(in_features=512, out_features=1024, bias=True)
        (fc2): Linear(in_features=1024, out_features=512, bias=True)
        (final_layer_norm): LayerNorm(torch.Size([512]), eps=1e-05, elementwise_affine=True)
      )
    )
  )
  (decoder): TransformerDecoder(
    (embed_tokens): Embedding(6632, 512, padding_idx=1)
    (embed_positions): SinusoidalPositionalEmbedding()
    (layers): ModuleList(
      (0): TransformerDecoderLayer(
        (self_attn): MultiheadAttention(
          (out_proj): Linear(in_features=512, out_features=512, bias=True)
        )
        (self_attn_layer_norm): LayerNorm(torch.Size([512]), eps=1e-05, elementwise_affine=True)
        (encoder_attn): MultiheadAttention(
          (out_proj): Linear(in_features=512, out_features=512, bias=True)
        )
        (encoder_attn_layer_norm): LayerNorm(torch.Size([512]), eps=1e-05, elementwise_affine=True)
        (fc1): Linear(in_features=512, out_features=1024, bias=True)
        (fc2): Linear(in_features=1024, out_features=512, bias=True)
        (final_layer_norm): LayerNorm(torch.Size([512]), eps=1e-05, elementwise_affine=True)
      )
      (1): TransformerDecoderLayer(
        (self_attn): MultiheadAttention(
          (out_proj): Linear(in_features=512, out_features=512, bias=True)
        )
        (self_attn_layer_norm): LayerNorm(torch.Size([512]), eps=1e-05, elementwise_affine=True)
        (encoder_attn): MultiheadAttention(
          (out_proj): Linear(in_features=512, out_features=512, bias=True)
        )
        (encoder_attn_layer_norm): LayerNorm(torch.Size([512]), eps=1e-05, elementwise_affine=True)
        (fc1): Linear(in_features=512, out_features=1024, bias=True)
        (fc2): Linear(in_features=1024, out_features=512, bias=True)
        (final_layer_norm): LayerNorm(torch.Size([512]), eps=1e-05, elementwise_affine=True)
      )
      (2): TransformerDecoderLayer(
        (self_attn): MultiheadAttention(
          (out_proj): Linear(in_features=512, out_features=512, bias=True)
        )
        (self_attn_layer_norm): LayerNorm(torch.Size([512]), eps=1e-05, elementwise_affine=True)
        (encoder_attn): MultiheadAttention(
          (out_proj): Linear(in_features=512, out_features=512, bias=True)
        )
        (encoder_attn_layer_norm): LayerNorm(torch.Size([512]), eps=1e-05, elementwise_affine=True)
        (fc1): Linear(in_features=512, out_features=1024, bias=True)
        (fc2): Linear(in_features=1024, out_features=512, bias=True)
        (final_layer_norm): LayerNorm(torch.Size([512]), eps=1e-05, elementwise_affine=True)
      )
      (3): TransformerDecoderLayer(
        (self_attn): MultiheadAttention(
          (out_proj): Linear(in_features=512, out_features=512, bias=True)
        )
        (self_attn_layer_norm): LayerNorm(torch.Size([512]), eps=1e-05, elementwise_affine=True)
        (encoder_attn): MultiheadAttention(
          (out_proj): Linear(in_features=512, out_features=512, bias=True)
        )
        (encoder_attn_layer_norm): LayerNorm(torch.Size([512]), eps=1e-05, elementwise_affine=True)
        (fc1): Linear(in_features=512, out_features=1024, bias=True)
        (fc2): Linear(in_features=1024, out_features=512, bias=True)
        (final_layer_norm): LayerNorm(torch.Size([512]), eps=1e-05, elementwise_affine=True)
      )
      (4): TransformerDecoderLayer(
        (self_attn): MultiheadAttention(
          (out_proj): Linear(in_features=512, out_features=512, bias=True)
        )
        (self_attn_layer_norm): LayerNorm(torch.Size([512]), eps=1e-05, elementwise_affine=True)
        (encoder_attn): MultiheadAttention(
          (out_proj): Linear(in_features=512, out_features=512, bias=True)
        )
        (encoder_attn_layer_norm): LayerNorm(torch.Size([512]), eps=1e-05, elementwise_affine=True)
        (fc1): Linear(in_features=512, out_features=1024, bias=True)
        (fc2): Linear(in_features=1024, out_features=512, bias=True)
        (final_layer_norm): LayerNorm(torch.Size([512]), eps=1e-05, elementwise_affine=True)
      )
      (5): TransformerDecoderLayer(
        (self_attn): MultiheadAttention(
          (out_proj): Linear(in_features=512, out_features=512, bias=True)
        )
        (self_attn_layer_norm): LayerNorm(torch.Size([512]), eps=1e-05, elementwise_affine=True)
        (encoder_attn): MultiheadAttention(
          (out_proj): Linear(in_features=512, out_features=512, bias=True)
        )
        (encoder_attn_layer_norm): LayerNorm(torch.Size([512]), eps=1e-05, elementwise_affine=True)
        (fc1): Linear(in_features=512, out_features=1024, bias=True)
        (fc2): Linear(in_features=1024, out_features=512, bias=True)
        (final_layer_norm): LayerNorm(torch.Size([512]), eps=1e-05, elementwise_affine=True)
      )
    )
  )
)
| model transformer_iwslt_de_en, criterion LabelSmoothedCrossEntropyCriterion
| num. model params: 39469056 (num. trained: 39469056)
| training on 1 GPUs
| max tokens per GPU = 5000 and max sentences per GPU = None
| no existing checkpoint found checkpoints/iwslt_d2_gaussion/checkpoint_last.pt
| loading train data for epoch 0
| data-bin/iwslt14.tokenized.de-en train de-en 160239 examples
| NOTICE: your device may support faster training with --fp16
{"epoch": 1, "train_loss": "9.770", "train_nll_loss": "9.280", "train_ppl": "621.55", "train_wps": "22161", "train_ups": "5", "train_wpb": "4373.327", "train_bsz": "177.452", "train_num_updates": "903", "train_lr": "0.000112952", "train_gnorm": "1.659", "train_clip": "0.000", "train_oom": "0.000", "train_wall": "180", "train_train_wall": "158"}
{"epoch": 1, "valid_loss": "8.524", "valid_nll_loss": "7.793", "valid_ppl": "221.75", "valid_num_updates": "903"}
| saved checkpoint checkpoints/iwslt_d2_gaussion/checkpoint1.pt (epoch 1 @ 903 updates) (writing took 1.1263790130615234 seconds)
{"epoch": 2, "train_loss": "8.215", "train_nll_loss": "7.467", "train_ppl": "176.98", "train_wps": "22201", "train_ups": "5", "train_wpb": "4373.327", "train_bsz": "177.452", "train_num_updates": "1806", "train_lr": "0.000225805", "train_gnorm": "1.313", "train_clip": "0.000", "train_oom": "0.000", "train_wall": "361", "train_train_wall": "316"}
{"epoch": 2, "valid_loss": "7.736", "valid_nll_loss": "6.852", "valid_ppl": "115.55", "valid_num_updates": "1806", "valid_best_loss": "7.73594"}
| saved checkpoint checkpoints/iwslt_d2_gaussion/checkpoint2.pt (epoch 2 @ 1806 updates) (writing took 3.0959696769714355 seconds)
{"epoch": 3, "train_loss": "7.624", "train_nll_loss": "6.780", "train_ppl": "109.88", "train_wps": "22228", "train_ups": "5", "train_wpb": "4373.327", "train_bsz": "177.452", "train_num_updates": "2709", "train_lr": "0.000338657", "train_gnorm": "1.111", "train_clip": "0.000", "train_oom": "0.000", "train_wall": "545", "train_train_wall": "474"}
{"epoch": 3, "valid_loss": "7.312", "valid_nll_loss": "6.362", "valid_ppl": "82.24", "valid_num_updates": "2709", "valid_best_loss": "7.31183"}
| saved checkpoint checkpoints/iwslt_d2_gaussion/checkpoint3.pt (epoch 3 @ 2709 updates) (writing took 3.107255697250366 seconds)
{"epoch": 4, "train_loss": "7.101", "train_nll_loss": "6.172", "train_ppl": "72.10", "train_wps": "22242", "train_ups": "5", "train_wpb": "4373.327", "train_bsz": "177.452", "train_num_updates": "3612", "train_lr": "0.00045151", "train_gnorm": "1.080", "train_clip": "0.000", "train_oom": "0.000", "train_wall": "728", "train_train_wall": "632"}
{"epoch": 4, "valid_loss": "6.574", "valid_nll_loss": "5.489", "valid_ppl": "44.91", "valid_num_updates": "3612", "valid_best_loss": "6.57397"}
| saved checkpoint checkpoints/iwslt_d2_gaussion/checkpoint4.pt (epoch 4 @ 3612 updates) (writing took 3.1000266075134277 seconds)
{"epoch": 5, "train_loss": "6.452", "train_nll_loss": "5.418", "train_ppl": "42.76", "train_wps": "22237", "train_ups": "5", "train_wpb": "4373.327", "train_bsz": "177.452", "train_num_updates": "4515", "train_lr": "0.000470621", "train_gnorm": "1.134", "train_clip": "0.000", "train_oom": "0.000", "train_wall": "912", "train_train_wall": "789"}
{"epoch": 5, "valid_loss": "5.911", "valid_nll_loss": "4.703", "valid_ppl": "26.05", "valid_num_updates": "4515", "valid_best_loss": "5.91136"}
| saved checkpoint checkpoints/iwslt_d2_gaussion/checkpoint5.pt (epoch 5 @ 4515 updates) (writing took 3.08591365814209 seconds)
{"epoch": 6, "train_loss": "5.836", "train_nll_loss": "4.701", "train_ppl": "26.00", "train_wps": "22421", "train_ups": "5", "train_wpb": "4373.327", "train_bsz": "177.452", "train_num_updates": "5418", "train_lr": "0.000429616", "train_gnorm": "1.103", "train_clip": "0.000", "train_oom": "0.000", "train_wall": "1094", "train_train_wall": "946"}
{"epoch": 6, "valid_loss": "5.400", "valid_nll_loss": "4.072", "valid_ppl": "16.82", "valid_num_updates": "5418", "valid_best_loss": "5.39993"}
| saved checkpoint checkpoints/iwslt_d2_gaussion/checkpoint6.pt (epoch 6 @ 5418 updates) (writing took 3.0785229206085205 seconds)
{"epoch": 7, "train_loss": "5.352", "train_nll_loss": "4.137", "train_ppl": "17.60", "train_wps": "22275", "train_ups": "5", "train_wpb": "4373.327", "train_bsz": "177.452", "train_num_updates": "6321", "train_lr": "0.000397747", "train_gnorm": "1.045", "train_clip": "0.000", "train_oom": "0.000", "train_wall": "1277", "train_train_wall": "1104"}
{"epoch": 7, "valid_loss": "4.970", "valid_nll_loss": "3.577", "valid_ppl": "11.93", "valid_num_updates": "6321", "valid_best_loss": "4.96961"}
| saved checkpoint checkpoints/iwslt_d2_gaussion/checkpoint7.pt (epoch 7 @ 6321 updates) (writing took 3.117039442062378 seconds)
{"epoch": 8, "train_loss": "5.008", "train_nll_loss": "3.740", "train_ppl": "13.37", "train_wps": "22320", "train_ups": "5", "train_wpb": "4373.327", "train_bsz": "177.452", "train_num_updates": "7224", "train_lr": "0.000372058", "train_gnorm": "1.004", "train_clip": "0.000", "train_oom": "0.000", "train_wall": "1460", "train_train_wall": "1261"}
{"epoch": 8, "valid_loss": "4.727", "valid_nll_loss": "3.287", "valid_ppl": "9.76", "valid_num_updates": "7224", "valid_best_loss": "4.72664"}
| saved checkpoint checkpoints/iwslt_d2_gaussion/checkpoint8.pt (epoch 8 @ 7224 updates) (writing took 3.0795505046844482 seconds)
{"epoch": 9, "train_loss": "4.768", "train_nll_loss": "3.466", "train_ppl": "11.05", "train_wps": "22298", "train_ups": "5", "train_wpb": "4373.327", "train_bsz": "177.452", "train_num_updates": "8127", "train_lr": "0.00035078", "train_gnorm": "0.975", "train_clip": "0.000", "train_oom": "0.000", "train_wall": "1642", "train_train_wall": "1419"}
{"epoch": 9, "valid_loss": "4.563", "valid_nll_loss": "3.094", "valid_ppl": "8.54", "valid_num_updates": "8127", "valid_best_loss": "4.56276"}
| saved checkpoint checkpoints/iwslt_d2_gaussion/checkpoint9.pt (epoch 9 @ 8127 updates) (writing took 3.149733543395996 seconds)
{"epoch": 10, "train_loss": "4.587", "train_nll_loss": "3.259", "train_ppl": "9.57", "train_wps": "22294", "train_ups": "5", "train_wpb": "4373.327", "train_bsz": "177.452", "train_num_updates": "9030", "train_lr": "0.000332779", "train_gnorm": "0.940", "train_clip": "0.000", "train_oom": "0.000", "train_wall": "1825", "train_train_wall": "1576"}
{"epoch": 10, "valid_loss": "4.429", "valid_nll_loss": "2.942", "valid_ppl": "7.69", "valid_num_updates": "9030", "valid_best_loss": "4.42855"}
| saved checkpoint checkpoints/iwslt_d2_gaussion/checkpoint10.pt (epoch 10 @ 9030 updates) (writing took 3.084106922149658 seconds)
{"epoch": 11, "train_loss": "4.449", "train_nll_loss": "3.103", "train_ppl": "8.59", "train_wps": "22296", "train_ups": "5", "train_wpb": "4373.327", "train_bsz": "177.452", "train_num_updates": "9933", "train_lr": "0.000317292", "train_gnorm": "0.918", "train_clip": "0.000", "train_oom": "0.000", "train_wall": "2008", "train_train_wall": "1734"}
{"epoch": 11, "valid_loss": "4.368", "valid_nll_loss": "2.872", "valid_ppl": "7.32", "valid_num_updates": "9933", "valid_best_loss": "4.36797"}
| saved checkpoint checkpoints/iwslt_d2_gaussion/checkpoint11.pt (epoch 11 @ 9933 updates) (writing took 3.0886855125427246 seconds)
{"epoch": 12, "train_loss": "4.340", "train_nll_loss": "2.980", "train_ppl": "7.89", "train_wps": "22278", "train_ups": "5", "train_wpb": "4373.327", "train_bsz": "177.452", "train_num_updates": "10836", "train_lr": "0.000303784", "train_gnorm": "0.900", "train_clip": "0.000", "train_oom": "0.000", "train_wall": "2191", "train_train_wall": "1891"}
{"epoch": 12, "valid_loss": "4.266", "valid_nll_loss": "2.777", "valid_ppl": "6.85", "valid_num_updates": "10836", "valid_best_loss": "4.26632"}
| saved checkpoint checkpoints/iwslt_d2_gaussion/checkpoint12.pt (epoch 12 @ 10836 updates) (writing took 3.0855560302734375 seconds)
{"epoch": 13, "train_loss": "4.246", "train_nll_loss": "2.874", "train_ppl": "7.33", "train_wps": "22277", "train_ups": "5", "train_wpb": "4373.327", "train_bsz": "177.452", "train_num_updates": "11739", "train_lr": "0.000291867", "train_gnorm": "0.883", "train_clip": "0.000", "train_oom": "0.000", "train_wall": "2374", "train_train_wall": "2049"}
{"epoch": 13, "valid_loss": "4.242", "valid_nll_loss": "2.730", "valid_ppl": "6.64", "valid_num_updates": "11739", "valid_best_loss": "4.24229"}
| saved checkpoint checkpoints/iwslt_d2_gaussion/checkpoint13.pt (epoch 13 @ 11739 updates) (writing took 3.0839896202087402 seconds)
{"epoch": 14, "train_loss": "4.169", "train_nll_loss": "2.787", "train_ppl": "6.90", "train_wps": "22279", "train_ups": "5", "train_wpb": "4373.327", "train_bsz": "177.452", "train_num_updates": "12642", "train_lr": "0.00028125", "train_gnorm": "0.873", "train_clip": "0.000", "train_oom": "0.000", "train_wall": "2558", "train_train_wall": "2207"}
{"epoch": 14, "valid_loss": "4.183", "valid_nll_loss": "2.663", "valid_ppl": "6.33", "valid_num_updates": "12642", "valid_best_loss": "4.18311"}
| saved checkpoint checkpoints/iwslt_d2_gaussion/checkpoint14.pt (epoch 14 @ 12642 updates) (writing took 3.0853488445281982 seconds)
{"epoch": 15, "train_loss": "4.100", "train_nll_loss": "2.710", "train_ppl": "6.54", "train_wps": "22300", "train_ups": "5", "train_wpb": "4373.327", "train_bsz": "177.452", "train_num_updates": "13545", "train_lr": "0.000271713", "train_gnorm": "0.856", "train_clip": "0.000", "train_oom": "0.000", "train_wall": "2740", "train_train_wall": "2364"}
{"epoch": 15, "valid_loss": "4.157", "valid_nll_loss": "2.631", "valid_ppl": "6.20", "valid_num_updates": "13545", "valid_best_loss": "4.15691"}
| saved checkpoint checkpoints/iwslt_d2_gaussion/checkpoint15.pt (epoch 15 @ 13545 updates) (writing took 3.0923378467559814 seconds)
{"epoch": 16, "train_loss": "4.042", "train_nll_loss": "2.644", "train_ppl": "6.25", "train_wps": "22293", "train_ups": "5", "train_wpb": "4373.327", "train_bsz": "177.452", "train_num_updates": "14448", "train_lr": "0.000263085", "train_gnorm": "0.851", "train_clip": "0.000", "train_oom": "0.000", "train_wall": "2923", "train_train_wall": "2522"}
{"epoch": 16, "valid_loss": "4.103", "valid_nll_loss": "2.577", "valid_ppl": "5.97", "valid_num_updates": "14448", "valid_best_loss": "4.10327"}
| saved checkpoint checkpoints/iwslt_d2_gaussion/checkpoint16.pt (epoch 16 @ 14448 updates) (writing took 3.1094579696655273 seconds)
{"epoch": 17, "train_loss": "3.991", "train_nll_loss": "2.587", "train_ppl": "6.01", "train_wps": "22300", "train_ups": "5", "train_wpb": "4373.327", "train_bsz": "177.452", "train_num_updates": "15351", "train_lr": "0.00025523", "train_gnorm": "0.850", "train_clip": "0.000", "train_oom": "0.000", "train_wall": "3106", "train_train_wall": "2679"}
{"epoch": 17, "valid_loss": "4.103", "valid_nll_loss": "2.571", "valid_ppl": "5.94", "valid_num_updates": "15351", "valid_best_loss": "4.10326"}
| saved checkpoint checkpoints/iwslt_d2_gaussion/checkpoint17.pt (epoch 17 @ 15351 updates) (writing took 3.0859484672546387 seconds)
{"epoch": 18, "train_loss": "3.944", "train_nll_loss": "2.534", "train_ppl": "5.79", "train_wps": "22315", "train_ups": "5", "train_wpb": "4373.327", "train_bsz": "177.452", "train_num_updates": "16254", "train_lr": "0.000248039", "train_gnorm": "0.841", "train_clip": "0.000", "train_oom": "0.000", "train_wall": "3289", "train_train_wall": "2837"}
{"epoch": 18, "valid_loss": "4.046", "valid_nll_loss": "2.518", "valid_ppl": "5.73", "valid_num_updates": "16254", "valid_best_loss": "4.04644"}
| saved checkpoint checkpoints/iwslt_d2_gaussion/checkpoint18.pt (epoch 18 @ 16254 updates) (writing took 3.0833566188812256 seconds)
{"epoch": 19, "train_loss": "3.901", "train_nll_loss": "2.485", "train_ppl": "5.60", "train_wps": "22344", "train_ups": "5", "train_wpb": "4373.327", "train_bsz": "177.452", "train_num_updates": "17157", "train_lr": "0.000241423", "train_gnorm": "0.836", "train_clip": "0.000", "train_oom": "0.000", "train_wall": "3472", "train_train_wall": "2994"}
{"epoch": 19, "valid_loss": "4.059", "valid_nll_loss": "2.520", "valid_ppl": "5.74", "valid_num_updates": "17157", "valid_best_loss": "4.04644"}
| saved checkpoint checkpoints/iwslt_d2_gaussion/checkpoint19.pt (epoch 19 @ 17157 updates) (writing took 1.6929810047149658 seconds)
{"epoch": 20, "train_loss": "3.861", "train_nll_loss": "2.440", "train_ppl": "5.43", "train_wps": "22340", "train_ups": "5", "train_wpb": "4373.327", "train_bsz": "177.452", "train_num_updates": "18060", "train_lr": "0.00023531", "train_gnorm": "0.827", "train_clip": "0.000", "train_oom": "0.000", "train_wall": "3653", "train_train_wall": "3151"}
{"epoch": 20, "valid_loss": "4.023", "valid_nll_loss": "2.485", "valid_ppl": "5.60", "valid_num_updates": "18060", "valid_best_loss": "4.0227"}
| saved checkpoint checkpoints/iwslt_d2_gaussion/checkpoint20.pt (epoch 20 @ 18060 updates) (writing took 3.0720300674438477 seconds)
{"epoch": 21, "train_loss": "3.825", "train_nll_loss": "2.400", "train_ppl": "5.28", "train_wps": "22300", "train_ups": "5", "train_wpb": "4373.327", "train_bsz": "177.452", "train_num_updates": "18963", "train_lr": "0.000229639", "train_gnorm": "0.828", "train_clip": "0.000", "train_oom": "0.000", "train_wall": "3836", "train_train_wall": "3309"}
{"epoch": 21, "valid_loss": "4.013", "valid_nll_loss": "2.469", "valid_ppl": "5.54", "valid_num_updates": "18963", "valid_best_loss": "4.01304"}
| saved checkpoint checkpoints/iwslt_d2_gaussion/checkpoint21.pt (epoch 21 @ 18963 updates) (writing took 3.1624464988708496 seconds)
{"epoch": 22, "train_loss": "3.794", "train_nll_loss": "2.364", "train_ppl": "5.15", "train_wps": "22330", "train_ups": "5", "train_wpb": "4373.327", "train_bsz": "177.452", "train_num_updates": "19866", "train_lr": "0.00022436", "train_gnorm": "0.830", "train_clip": "0.000", "train_oom": "0.000", "train_wall": "4018", "train_train_wall": "3466"}
{"epoch": 22, "valid_loss": "3.985", "valid_nll_loss": "2.439", "valid_ppl": "5.42", "valid_num_updates": "19866", "valid_best_loss": "3.98506"}
| saved checkpoint checkpoints/iwslt_d2_gaussion/checkpoint22.pt (epoch 22 @ 19866 updates) (writing took 3.0850725173950195 seconds)
{"epoch": 23, "train_loss": "3.762", "train_nll_loss": "2.328", "train_ppl": "5.02", "train_wps": "22339", "train_ups": "5", "train_wpb": "4373.327", "train_bsz": "177.452", "train_num_updates": "20769", "train_lr": "0.000219428", "train_gnorm": "0.820", "train_clip": "0.000", "train_oom": "0.000", "train_wall": "4201", "train_train_wall": "3623"}
{"epoch": 23, "valid_loss": "3.988", "valid_nll_loss": "2.437", "valid_ppl": "5.41", "valid_num_updates": "20769", "valid_best_loss": "3.98506"}
| saved checkpoint checkpoints/iwslt_d2_gaussion/checkpoint23.pt (epoch 23 @ 20769 updates) (writing took 1.6903297901153564 seconds)
{"epoch": 24, "train_loss": "3.733", "train_nll_loss": "2.295", "train_ppl": "4.91", "train_wps": "22303", "train_ups": "5", "train_wpb": "4373.327", "train_bsz": "177.452", "train_num_updates": "21672", "train_lr": "0.000214808", "train_gnorm": "0.821", "train_clip": "0.000", "train_oom": "0.000", "train_wall": "4382", "train_train_wall": "3781"}
{"epoch": 24, "valid_loss": "3.967", "valid_nll_loss": "2.415", "valid_ppl": "5.33", "valid_num_updates": "21672", "valid_best_loss": "3.96715"}
| saved checkpoint checkpoints/iwslt_d2_gaussion/checkpoint24.pt (epoch 24 @ 21672 updates) (writing took 3.090024948120117 seconds)
{"epoch": 25, "train_loss": "3.705", "train_nll_loss": "2.264", "train_ppl": "4.80", "train_wps": "22317", "train_ups": "5", "train_wpb": "4373.327", "train_bsz": "177.452", "train_num_updates": "22575", "train_lr": "0.000210468", "train_gnorm": "0.816", "train_clip": "0.000", "train_oom": "0.000", "train_wall": "4565", "train_train_wall": "3938"}
{"epoch": 25, "valid_loss": "3.985", "valid_nll_loss": "2.430", "valid_ppl": "5.39", "valid_num_updates": "22575", "valid_best_loss": "3.96715"}
| saved checkpoint checkpoints/iwslt_d2_gaussion/checkpoint25.pt (epoch 25 @ 22575 updates) (writing took 2.190725088119507 seconds)
{"epoch": 26, "train_loss": "3.679", "train_nll_loss": "2.234", "train_ppl": "4.71", "train_wps": "22328", "train_ups": "5", "train_wpb": "4373.327", "train_bsz": "177.452", "train_num_updates": "23478", "train_lr": "0.000206381", "train_gnorm": "0.815", "train_clip": "0.000", "train_oom": "0.000", "train_wall": "4747", "train_train_wall": "4095"}
{"epoch": 26, "valid_loss": "3.944", "valid_nll_loss": "2.392", "valid_ppl": "5.25", "valid_num_updates": "23478", "valid_best_loss": "3.9437"}
| saved checkpoint checkpoints/iwslt_d2_gaussion/checkpoint26.pt (epoch 26 @ 23478 updates) (writing took 3.106968641281128 seconds)
{"epoch": 27, "train_loss": "3.657", "train_nll_loss": "2.208", "train_ppl": "4.62", "train_wps": "22300", "train_ups": "5", "train_wpb": "4373.327", "train_bsz": "177.452", "train_num_updates": "24381", "train_lr": "0.000202523", "train_gnorm": "0.815", "train_clip": "0.000", "train_oom": "0.000", "train_wall": "4930", "train_train_wall": "4253"}
{"epoch": 27, "valid_loss": "3.960", "valid_nll_loss": "2.406", "valid_ppl": "5.30", "valid_num_updates": "24381", "valid_best_loss": "3.9437"}
| saved checkpoint checkpoints/iwslt_d2_gaussion/checkpoint27.pt (epoch 27 @ 24381 updates) (writing took 1.7002098560333252 seconds)
{"epoch": 28, "train_loss": "3.634", "train_nll_loss": "2.182", "train_ppl": "4.54", "train_wps": "22318", "train_ups": "5", "train_wpb": "4373.327", "train_bsz": "177.452", "train_num_updates": "25284", "train_lr": "0.000198874", "train_gnorm": "0.816", "train_clip": "0.000", "train_oom": "0.000", "train_wall": "5111", "train_train_wall": "4410"}
{"epoch": 28, "valid_loss": "3.925", "valid_nll_loss": "2.376", "valid_ppl": "5.19", "valid_num_updates": "25284", "valid_best_loss": "3.9252"}
| saved checkpoint checkpoints/iwslt_d2_gaussion/checkpoint28.pt (epoch 28 @ 25284 updates) (writing took 3.084237575531006 seconds)
{"epoch": 29, "train_loss": "3.613", "train_nll_loss": "2.158", "train_ppl": "4.46", "train_wps": "22297", "train_ups": "5", "train_wpb": "4373.327", "train_bsz": "177.452", "train_num_updates": "26187", "train_lr": "0.000195415", "train_gnorm": "0.815", "train_clip": "0.000", "train_oom": "0.000", "train_wall": "5294", "train_train_wall": "4568"}
{"epoch": 29, "valid_loss": "3.939", "valid_nll_loss": "2.385", "valid_ppl": "5.22", "valid_num_updates": "26187", "valid_best_loss": "3.9252"}
| saved checkpoint checkpoints/iwslt_d2_gaussion/checkpoint29.pt (epoch 29 @ 26187 updates) (writing took 1.7041466236114502 seconds)
{"epoch": 30, "train_loss": "3.593", "train_nll_loss": "2.136", "train_ppl": "4.40", "train_wps": "22313", "train_ups": "5", "train_wpb": "4373.327", "train_bsz": "177.452", "train_num_updates": "27090", "train_lr": "0.00019213", "train_gnorm": "0.817", "train_clip": "0.000", "train_oom": "0.000", "train_wall": "5476", "train_train_wall": "4725"}
{"epoch": 30, "valid_loss": "3.907", "valid_nll_loss": "2.348", "valid_ppl": "5.09", "valid_num_updates": "27090", "valid_best_loss": "3.90664"}
| saved checkpoint checkpoints/iwslt_d2_gaussion/checkpoint30.pt (epoch 30 @ 27090 updates) (writing took 3.0909154415130615 seconds)
{"epoch": 31, "train_loss": "3.573", "train_nll_loss": "2.113", "train_ppl": "4.33", "train_wps": "22306", "train_ups": "5", "train_wpb": "4373.327", "train_bsz": "177.452", "train_num_updates": "27993", "train_lr": "0.000189006", "train_gnorm": "0.820", "train_clip": "0.000", "train_oom": "0.000", "train_wall": "5658", "train_train_wall": "4883"}
{"epoch": 31, "valid_loss": "3.908", "valid_nll_loss": "2.347", "valid_ppl": "5.09", "valid_num_updates": "27993", "valid_best_loss": "3.90664"}
| saved checkpoint checkpoints/iwslt_d2_gaussion/checkpoint31.pt (epoch 31 @ 27993 updates) (writing took 1.6996345520019531 seconds)
{"epoch": 32, "train_loss": "3.554", "train_nll_loss": "2.092", "train_ppl": "4.26", "train_wps": "22340", "train_ups": "5", "train_wpb": "4373.327", "train_bsz": "177.452", "train_num_updates": "28896", "train_lr": "0.000186029", "train_gnorm": "0.816", "train_clip": "0.000", "train_oom": "0.000", "train_wall": "5840", "train_train_wall": "5040"}
{"epoch": 32, "valid_loss": "3.912", "valid_nll_loss": "2.353", "valid_ppl": "5.11", "valid_num_updates": "28896", "valid_best_loss": "3.90664"}
| saved checkpoint checkpoints/iwslt_d2_gaussion/checkpoint32.pt (epoch 32 @ 28896 updates) (writing took 1.722987174987793 seconds)
{"epoch": 33, "train_loss": "3.537", "train_nll_loss": "2.072", "train_ppl": "4.21", "train_wps": "22336", "train_ups": "5", "train_wpb": "4373.327", "train_bsz": "177.452", "train_num_updates": "29799", "train_lr": "0.000183189", "train_gnorm": "0.819", "train_clip": "0.000", "train_oom": "0.000", "train_wall": "6021", "train_train_wall": "5197"}
{"epoch": 33, "valid_loss": "3.924", "valid_nll_loss": "2.364", "valid_ppl": "5.15", "valid_num_updates": "29799", "valid_best_loss": "3.90664"}
| saved checkpoint checkpoints/iwslt_d2_gaussion/checkpoint33.pt (epoch 33 @ 29799 updates) (writing took 1.7390496730804443 seconds)
{"epoch": 34, "train_loss": "3.522", "train_nll_loss": "2.055", "train_ppl": "4.15", "train_wps": "22311", "train_ups": "5", "train_wpb": "4373.327", "train_bsz": "177.452", "train_num_updates": "30702", "train_lr": "0.000180475", "train_gnorm": "0.820", "train_clip": "0.000", "train_oom": "0.000", "train_wall": "6202", "train_train_wall": "5355"}
{"epoch": 34, "valid_loss": "3.911", "valid_nll_loss": "2.348", "valid_ppl": "5.09", "valid_num_updates": "30702", "valid_best_loss": "3.90664"}
| saved checkpoint checkpoints/iwslt_d2_gaussion/checkpoint34.pt (epoch 34 @ 30702 updates) (writing took 1.704040288925171 seconds)
{"epoch": 35, "train_loss": "3.505", "train_nll_loss": "2.035", "train_ppl": "4.10", "train_wps": "22350", "train_ups": "5", "train_wpb": "4373.327", "train_bsz": "177.452", "train_num_updates": "31605", "train_lr": "0.000177878", "train_gnorm": "0.816", "train_clip": "0.000", "train_oom": "0.000", "train_wall": "6383", "train_train_wall": "5512"}
{"epoch": 35, "valid_loss": "3.890", "valid_nll_loss": "2.329", "valid_ppl": "5.03", "valid_num_updates": "31605", "valid_best_loss": "3.88976"}
| saved checkpoint checkpoints/iwslt_d2_gaussion/checkpoint35.pt (epoch 35 @ 31605 updates) (writing took 3.1089096069335938 seconds)
{"epoch": 36, "train_loss": "3.491", "train_nll_loss": "2.018", "train_ppl": "4.05", "train_wps": "22308", "train_ups": "5", "train_wpb": "4373.327", "train_bsz": "177.452", "train_num_updates": "32508", "train_lr": "0.00017539", "train_gnorm": "0.823", "train_clip": "0.000", "train_oom": "0.000", "train_wall": "6566", "train_train_wall": "5669"}
{"epoch": 36, "valid_loss": "3.894", "valid_nll_loss": "2.328", "valid_ppl": "5.02", "valid_num_updates": "32508", "valid_best_loss": "3.88976"}
| saved checkpoint checkpoints/iwslt_d2_gaussion/checkpoint36.pt (epoch 36 @ 32508 updates) (writing took 1.702843189239502 seconds)
{"epoch": 37, "train_loss": "3.475", "train_nll_loss": "2.001", "train_ppl": "4.00", "train_wps": "22330", "train_ups": "5", "train_wpb": "4373.327", "train_bsz": "177.452", "train_num_updates": "33411", "train_lr": "0.000173004", "train_gnorm": "0.820", "train_clip": "0.000", "train_oom": "0.000", "train_wall": "6748", "train_train_wall": "5827"}
{"epoch": 37, "valid_loss": "3.902", "valid_nll_loss": "2.335", "valid_ppl": "5.05", "valid_num_updates": "33411", "valid_best_loss": "3.88976"}
| saved checkpoint checkpoints/iwslt_d2_gaussion/checkpoint37.pt (epoch 37 @ 33411 updates) (writing took 1.7012791633605957 seconds)
{"epoch": 38, "train_loss": "3.461", "train_nll_loss": "1.985", "train_ppl": "3.96", "train_wps": "22317", "train_ups": "5", "train_wpb": "4373.327", "train_bsz": "177.452", "train_num_updates": "34314", "train_lr": "0.000170712", "train_gnorm": "0.823", "train_clip": "0.000", "train_oom": "0.000", "train_wall": "6929", "train_train_wall": "5984"}
{"epoch": 38, "valid_loss": "3.891", "valid_nll_loss": "2.328", "valid_ppl": "5.02", "valid_num_updates": "34314", "valid_best_loss": "3.88976"}
| saved checkpoint checkpoints/iwslt_d2_gaussion/checkpoint38.pt (epoch 38 @ 34314 updates) (writing took 1.6986043453216553 seconds)
{"epoch": 39, "train_loss": "3.449", "train_nll_loss": "1.970", "train_ppl": "3.92", "train_wps": "22350", "train_ups": "5", "train_wpb": "4373.327", "train_bsz": "177.452", "train_num_updates": "35217", "train_lr": "0.000168509", "train_gnorm": "0.824", "train_clip": "0.000", "train_oom": "0.000", "train_wall": "7110", "train_train_wall": "6141"}
{"epoch": 39, "valid_loss": "3.901", "valid_nll_loss": "2.342", "valid_ppl": "5.07", "valid_num_updates": "35217", "valid_best_loss": "3.88976"}
| saved checkpoint checkpoints/iwslt_d2_gaussion/checkpoint39.pt (epoch 39 @ 35217 updates) (writing took 1.6976423263549805 seconds)
{"epoch": 40, "train_loss": "3.435", "train_nll_loss": "1.954", "train_ppl": "3.87", "train_wps": "22303", "train_ups": "5", "train_wpb": "4373.327", "train_bsz": "177.452", "train_num_updates": "36120", "train_lr": "0.00016639", "train_gnorm": "0.822", "train_clip": "0.000", "train_oom": "0.000", "train_wall": "7291", "train_train_wall": "6299"}
{"epoch": 40, "valid_loss": "3.883", "valid_nll_loss": "2.320", "valid_ppl": "4.99", "valid_num_updates": "36120", "valid_best_loss": "3.88265"}
| saved checkpoint checkpoints/iwslt_d2_gaussion/checkpoint40.pt (epoch 40 @ 36120 updates) (writing took 3.0807580947875977 seconds)
{"epoch": 41, "train_loss": "3.422", "train_nll_loss": "1.939", "train_ppl": "3.84", "train_wps": "22326", "train_ups": "5", "train_wpb": "4373.327", "train_bsz": "177.452", "train_num_updates": "37023", "train_lr": "0.000164348", "train_gnorm": "0.825", "train_clip": "0.000", "train_oom": "0.000", "train_wall": "7474", "train_train_wall": "6456"}
{"epoch": 41, "valid_loss": "3.864", "valid_nll_loss": "2.302", "valid_ppl": "4.93", "valid_num_updates": "37023", "valid_best_loss": "3.86396"}
| saved checkpoint checkpoints/iwslt_d2_gaussion/checkpoint41.pt (epoch 41 @ 37023 updates) (writing took 3.0921432971954346 seconds)
{"epoch": 42, "train_loss": "3.409", "train_nll_loss": "1.924", "train_ppl": "3.80", "train_wps": "22350", "train_ups": "5", "train_wpb": "4373.327", "train_bsz": "177.452", "train_num_updates": "37926", "train_lr": "0.00016238", "train_gnorm": "0.827", "train_clip": "0.000", "train_oom": "0.000", "train_wall": "7657", "train_train_wall": "6613"}
{"epoch": 42, "valid_loss": "3.868", "valid_nll_loss": "2.308", "valid_ppl": "4.95", "valid_num_updates": "37926", "valid_best_loss": "3.86396"}
| saved checkpoint checkpoints/iwslt_d2_gaussion/checkpoint42.pt (epoch 42 @ 37926 updates) (writing took 1.70298433303833 seconds)
{"epoch": 43, "train_loss": "3.396", "train_nll_loss": "1.910", "train_ppl": "3.76", "train_wps": "22332", "train_ups": "5", "train_wpb": "4373.327", "train_bsz": "177.452", "train_num_updates": "38829", "train_lr": "0.00016048", "train_gnorm": "0.828", "train_clip": "0.000", "train_oom": "0.000", "train_wall": "7838", "train_train_wall": "6771"}
{"epoch": 43, "valid_loss": "3.854", "valid_nll_loss": "2.295", "valid_ppl": "4.91", "valid_num_updates": "38829", "valid_best_loss": "3.85427"}
| saved checkpoint checkpoints/iwslt_d2_gaussion/checkpoint43.pt (epoch 43 @ 38829 updates) (writing took 3.1023523807525635 seconds)
{"epoch": 44, "train_loss": "3.384", "train_nll_loss": "1.896", "train_ppl": "3.72", "train_wps": "22323", "train_ups": "5", "train_wpb": "4373.327", "train_bsz": "177.452", "train_num_updates": "39732", "train_lr": "0.000158646", "train_gnorm": "0.830", "train_clip": "0.000", "train_oom": "0.000", "train_wall": "8021", "train_train_wall": "6928"}
{"epoch": 44, "valid_loss": "3.865", "valid_nll_loss": "2.301", "valid_ppl": "4.93", "valid_num_updates": "39732", "valid_best_loss": "3.85427"}
| saved checkpoint checkpoints/iwslt_d2_gaussion/checkpoint44.pt (epoch 44 @ 39732 updates) (writing took 1.694627285003662 seconds)
{"epoch": 45, "train_loss": "3.374", "train_nll_loss": "1.884", "train_ppl": "3.69", "train_wps": "22328", "train_ups": "5", "train_wpb": "4373.327", "train_bsz": "177.452", "train_num_updates": "40635", "train_lr": "0.000156874", "train_gnorm": "0.835", "train_clip": "0.000", "train_oom": "0.000", "train_wall": "8202", "train_train_wall": "7085"}
{"epoch": 45, "valid_loss": "3.872", "valid_nll_loss": "2.308", "valid_ppl": "4.95", "valid_num_updates": "40635", "valid_best_loss": "3.85427"}
| saved checkpoint checkpoints/iwslt_d2_gaussion/checkpoint45.pt (epoch 45 @ 40635 updates) (writing took 1.6925098896026611 seconds)
{"epoch": 46, "train_loss": "3.361", "train_nll_loss": "1.870", "train_ppl": "3.65", "train_wps": "22368", "train_ups": "5", "train_wpb": "4373.327", "train_bsz": "177.452", "train_num_updates": "41538", "train_lr": "0.000155159", "train_gnorm": "0.832", "train_clip": "0.000", "train_oom": "0.000", "train_wall": "8383", "train_train_wall": "7242"}
{"epoch": 46, "valid_loss": "3.868", "valid_nll_loss": "2.303", "valid_ppl": "4.94", "valid_num_updates": "41538", "valid_best_loss": "3.85427"}
| saved checkpoint checkpoints/iwslt_d2_gaussion/checkpoint46.pt (epoch 46 @ 41538 updates) (writing took 1.6941921710968018 seconds)
{"epoch": 47, "train_loss": "3.351", "train_nll_loss": "1.858", "train_ppl": "3.62", "train_wps": "22375", "train_ups": "5", "train_wpb": "4373.327", "train_bsz": "177.452", "train_num_updates": "42441", "train_lr": "0.0001535", "train_gnorm": "0.835", "train_clip": "0.000", "train_oom": "0.000", "train_wall": "8564", "train_train_wall": "7399"}
{"epoch": 47, "valid_loss": "3.870", "valid_nll_loss": "2.305", "valid_ppl": "4.94", "valid_num_updates": "42441", "valid_best_loss": "3.85427"}
| saved checkpoint checkpoints/iwslt_d2_gaussion/checkpoint47.pt (epoch 47 @ 42441 updates) (writing took 1.710383415222168 seconds)
{"epoch": 48, "train_loss": "3.339", "train_nll_loss": "1.844", "train_ppl": "3.59", "train_wps": "22340", "train_ups": "5", "train_wpb": "4373.327", "train_bsz": "177.452", "train_num_updates": "43344", "train_lr": "0.000151892", "train_gnorm": "0.835", "train_clip": "0.000", "train_oom": "0.000", "train_wall": "8745", "train_train_wall": "7557"}
{"epoch": 48, "valid_loss": "3.877", "valid_nll_loss": "2.308", "valid_ppl": "4.95", "valid_num_updates": "43344", "valid_best_loss": "3.85427"}
| saved checkpoint checkpoints/iwslt_d2_gaussion/checkpoint48.pt (epoch 48 @ 43344 updates) (writing took 1.6975760459899902 seconds)
{"epoch": 49, "train_loss": "3.330", "train_nll_loss": "1.833", "train_ppl": "3.56", "train_wps": "22338", "train_ups": "5", "train_wpb": "4373.327", "train_bsz": "177.452", "train_num_updates": "44247", "train_lr": "0.000150334", "train_gnorm": "0.840", "train_clip": "0.000", "train_oom": "0.000", "train_wall": "8926", "train_train_wall": "7714"}
{"epoch": 49, "valid_loss": "3.860", "valid_nll_loss": "2.293", "valid_ppl": "4.90", "valid_num_updates": "44247", "valid_best_loss": "3.85427"}
| saved checkpoint checkpoints/iwslt_d2_gaussion/checkpoint49.pt (epoch 49 @ 44247 updates) (writing took 1.7433998584747314 seconds)
{"epoch": 50, "train_loss": "3.320", "train_nll_loss": "1.822", "train_ppl": "3.54", "train_wps": "22313", "train_ups": "5", "train_wpb": "4373.327", "train_bsz": "177.452", "train_num_updates": "45150", "train_lr": "0.000148823", "train_gnorm": "0.840", "train_clip": "0.000", "train_oom": "0.000", "train_wall": "9107", "train_train_wall": "7871"}
{"epoch": 50, "valid_loss": "3.858", "valid_nll_loss": "2.297", "valid_ppl": "4.91", "valid_num_updates": "45150", "valid_best_loss": "3.85427"}
| saved checkpoint checkpoints/iwslt_d2_gaussion/checkpoint50.pt (epoch 50 @ 45150 updates) (writing took 1.6979663372039795 seconds)
{"epoch": 51, "train_loss": "3.309", "train_nll_loss": "1.809", "train_ppl": "3.50", "train_wps": "22345", "train_ups": "5", "train_wpb": "4373.327", "train_bsz": "177.452", "train_num_updates": "46053", "train_lr": "0.000147357", "train_gnorm": "0.843", "train_clip": "0.000", "train_oom": "0.000", "train_wall": "9289", "train_train_wall": "8029"}
{"epoch": 51, "valid_loss": "3.859", "valid_nll_loss": "2.292", "valid_ppl": "4.90", "valid_num_updates": "46053", "valid_best_loss": "3.85427"}
| saved checkpoint checkpoints/iwslt_d2_gaussion/checkpoint51.pt (epoch 51 @ 46053 updates) (writing took 1.8985495567321777 seconds)
{"epoch": 52, "train_loss": "3.299", "train_nll_loss": "1.798", "train_ppl": "3.48", "train_wps": "22306", "train_ups": "5", "train_wpb": "4373.327", "train_bsz": "177.452", "train_num_updates": "46956", "train_lr": "0.000145933", "train_gnorm": "0.844", "train_clip": "0.000", "train_oom": "0.000", "train_wall": "9470", "train_train_wall": "8186"}
{"epoch": 52, "valid_loss": "3.876", "valid_nll_loss": "2.307", "valid_ppl": "4.95", "valid_num_updates": "46956", "valid_best_loss": "3.85427"}
| saved checkpoint checkpoints/iwslt_d2_gaussion/checkpoint52.pt (epoch 52 @ 46956 updates) (writing took 2.4251537322998047 seconds)
{"epoch": 53, "train_loss": "3.290", "train_nll_loss": "1.787", "train_ppl": "3.45", "train_wps": "22357", "train_ups": "5", "train_wpb": "4373.327", "train_bsz": "177.452", "train_num_updates": "47859", "train_lr": "0.00014455", "train_gnorm": "0.847", "train_clip": "0.000", "train_oom": "0.000", "train_wall": "9652", "train_train_wall": "8343"}
{"epoch": 53, "valid_loss": "3.863", "valid_nll_loss": "2.299", "valid_ppl": "4.92", "valid_num_updates": "47859", "valid_best_loss": "3.85427"}
| saved checkpoint checkpoints/iwslt_d2_gaussion/checkpoint53.pt (epoch 53 @ 47859 updates) (writing took 1.6943402290344238 seconds)
{"epoch": 54, "train_loss": "3.281", "train_nll_loss": "1.776", "train_ppl": "3.43", "train_wps": "22327", "train_ups": "5", "train_wpb": "4373.327", "train_bsz": "177.452", "train_num_updates": "48762", "train_lr": "0.000143205", "train_gnorm": "0.849", "train_clip": "0.000", "train_oom": "0.000", "train_wall": "9833", "train_train_wall": "8501"}
{"epoch": 54, "valid_loss": "3.861", "valid_nll_loss": "2.296", "valid_ppl": "4.91", "valid_num_updates": "48762", "valid_best_loss": "3.85427"}
| saved checkpoint checkpoints/iwslt_d2_gaussion/checkpoint54.pt (epoch 54 @ 48762 updates) (writing took 1.6955645084381104 seconds)
{"epoch": 55, "train_loss": "3.272", "train_nll_loss": "1.767", "train_ppl": "3.40", "train_wps": "22357", "train_ups": "5", "train_wpb": "4373.327", "train_bsz": "177.452", "train_num_updates": "49665", "train_lr": "0.000141898", "train_gnorm": "0.851", "train_clip": "0.000", "train_oom": "0.000", "train_wall": "10014", "train_train_wall": "8658"}
{"epoch": 55, "valid_loss": "3.865", "valid_nll_loss": "2.301", "valid_ppl": "4.93", "valid_num_updates": "49665", "valid_best_loss": "3.85427"}
| saved checkpoint checkpoints/iwslt_d2_gaussion/checkpoint55.pt (epoch 55 @ 49665 updates) (writing took 1.6968300342559814 seconds)
{"epoch": 56, "train_loss": "3.262", "train_nll_loss": "1.755", "train_ppl": "3.38", "train_wps": "22312", "train_ups": "5", "train_wpb": "4373.327", "train_bsz": "177.452", "train_num_updates": "50568", "train_lr": "0.000140625", "train_gnorm": "0.853", "train_clip": "0.000", "train_oom": "0.000", "train_wall": "10196", "train_train_wall": "8815"}
{"epoch": 56, "valid_loss": "3.858", "valid_nll_loss": "2.294", "valid_ppl": "4.90", "valid_num_updates": "50568", "valid_best_loss": "3.85427"}
| saved checkpoint checkpoints/iwslt_d2_gaussion/checkpoint56.pt (epoch 56 @ 50568 updates) (writing took 1.6983776092529297 seconds)
{"epoch": 57, "train_loss": "3.254", "train_nll_loss": "1.745", "train_ppl": "3.35", "train_wps": "22321", "train_ups": "5", "train_wpb": "4373.327", "train_bsz": "177.452", "train_num_updates": "51471", "train_lr": "0.000139386", "train_gnorm": "0.854", "train_clip": "0.000", "train_oom": "0.000", "train_wall": "10377", "train_train_wall": "8973"}
{"epoch": 57, "valid_loss": "3.859", "valid_nll_loss": "2.293", "valid_ppl": "4.90", "valid_num_updates": "51471", "valid_best_loss": "3.85427"}
| saved checkpoint checkpoints/iwslt_d2_gaussion/checkpoint57.pt (epoch 57 @ 51471 updates) (writing took 1.7005035877227783 seconds)
{"epoch": 58, "train_loss": "3.246", "train_nll_loss": "1.736", "train_ppl": "3.33", "train_wps": "22322", "train_ups": "5", "train_wpb": "4373.327", "train_bsz": "177.452", "train_num_updates": "52374", "train_lr": "0.000138179", "train_gnorm": "0.856", "train_clip": "0.000", "train_oom": "0.000", "train_wall": "10558", "train_train_wall": "9130"}
{"epoch": 58, "valid_loss": "3.857", "valid_nll_loss": "2.293", "valid_ppl": "4.90", "valid_num_updates": "52374", "valid_best_loss": "3.85427"}
| saved checkpoint checkpoints/iwslt_d2_gaussion/checkpoint58.pt (epoch 58 @ 52374 updates) (writing took 1.7007358074188232 seconds)
{"epoch": 59, "train_loss": "3.239", "train_nll_loss": "1.728", "train_ppl": "3.31", "train_wps": "22252", "train_ups": "5", "train_wpb": "4373.327", "train_bsz": "177.452", "train_num_updates": "53277", "train_lr": "0.000137003", "train_gnorm": "0.860", "train_clip": "0.000", "train_oom": "0.000", "train_wall": "10740", "train_train_wall": "9288"}
{"epoch": 59, "valid_loss": "3.862", "valid_nll_loss": "2.295", "valid_ppl": "4.91", "valid_num_updates": "53277", "valid_best_loss": "3.85427"}
| saved checkpoint checkpoints/iwslt_d2_gaussion/checkpoint59.pt (epoch 59 @ 53277 updates) (writing took 1.7038650512695312 seconds)
{"epoch": 60, "train_loss": "3.231", "train_nll_loss": "1.719", "train_ppl": "3.29", "train_wps": "22107", "train_ups": "5", "train_wpb": "4373.327", "train_bsz": "177.452", "train_num_updates": "54180", "train_lr": "0.000135857", "train_gnorm": "0.861", "train_clip": "0.000", "train_oom": "0.000", "train_wall": "10923", "train_train_wall": "9446"}
{"epoch": 60, "valid_loss": "3.860", "valid_nll_loss": "2.294", "valid_ppl": "4.90", "valid_num_updates": "54180", "valid_best_loss": "3.85427"}
| saved checkpoint checkpoints/iwslt_d2_gaussion/checkpoint60.pt (epoch 60 @ 54180 updates) (writing took 1.7043893337249756 seconds)
{"epoch": 61, "train_loss": "3.222", "train_nll_loss": "1.708", "train_ppl": "3.27", "train_wps": "22130", "train_ups": "5", "train_wpb": "4373.327", "train_bsz": "177.452", "train_num_updates": "55083", "train_lr": "0.000134738", "train_gnorm": "0.863", "train_clip": "0.000", "train_oom": "0.000", "train_wall": "11106", "train_train_wall": "9604"}
{"epoch": 61, "valid_loss": "3.889", "valid_nll_loss": "2.324", "valid_ppl": "5.01", "valid_num_updates": "55083", "valid_best_loss": "3.85427"}
| saved checkpoint checkpoints/iwslt_d2_gaussion/checkpoint61.pt (epoch 61 @ 55083 updates) (writing took 1.6991021633148193 seconds)
{"epoch": 62, "train_loss": "3.214", "train_nll_loss": "1.700", "train_ppl": "3.25", "train_wps": "22098", "train_ups": "5", "train_wpb": "4373.327", "train_bsz": "177.452", "train_num_updates": "55986", "train_lr": "0.000133647", "train_gnorm": "0.865", "train_clip": "0.000", "train_oom": "0.000", "train_wall": "11289", "train_train_wall": "9762"}
{"epoch": 62, "valid_loss": "3.855", "valid_nll_loss": "2.293", "valid_ppl": "4.90", "valid_num_updates": "55986", "valid_best_loss": "3.85427"}
| saved checkpoint checkpoints/iwslt_d2_gaussion/checkpoint62.pt (epoch 62 @ 55986 updates) (writing took 1.6965317726135254 seconds)
{"epoch": 63, "train_loss": "3.207", "train_nll_loss": "1.690", "train_ppl": "3.23", "train_wps": "22064", "train_ups": "5", "train_wpb": "4373.327", "train_bsz": "177.452", "train_num_updates": "56889", "train_lr": "0.000132582", "train_gnorm": "0.868", "train_clip": "0.000", "train_oom": "0.000", "train_wall": "11473", "train_train_wall": "9921"}
{"epoch": 63, "valid_loss": "3.877", "valid_nll_loss": "2.311", "valid_ppl": "4.96", "valid_num_updates": "56889", "valid_best_loss": "3.85427"}
| saved checkpoint checkpoints/iwslt_d2_gaussion/checkpoint63.pt (epoch 63 @ 56889 updates) (writing took 1.722249984741211 seconds)
{"epoch": 64, "train_loss": "3.200", "train_nll_loss": "1.682", "train_ppl": "3.21", "train_wps": "22159", "train_ups": "5", "train_wpb": "4373.327", "train_bsz": "177.452", "train_num_updates": "57792", "train_lr": "0.000131543", "train_gnorm": "0.868", "train_clip": "0.000", "train_oom": "0.000", "train_wall": "11655", "train_train_wall": "10080"}
{"epoch": 64, "valid_loss": "3.888", "valid_nll_loss": "2.319", "valid_ppl": "4.99", "valid_num_updates": "57792", "valid_best_loss": "3.85427"}
| saved checkpoint checkpoints/iwslt_d2_gaussion/checkpoint64.pt (epoch 64 @ 57792 updates) (writing took 1.7106139659881592 seconds)
{"epoch": 65, "train_loss": "3.193", "train_nll_loss": "1.674", "train_ppl": "3.19", "train_wps": "22158", "train_ups": "5", "train_wpb": "4373.327", "train_bsz": "177.452", "train_num_updates": "58695", "train_lr": "0.000130527", "train_gnorm": "0.871", "train_clip": "0.000", "train_oom": "0.000", "train_wall": "11838", "train_train_wall": "10239"}
{"epoch": 65, "valid_loss": "3.872", "valid_nll_loss": "2.305", "valid_ppl": "4.94", "valid_num_updates": "58695", "valid_best_loss": "3.85427"}
| saved checkpoint checkpoints/iwslt_d2_gaussion/checkpoint65.pt (epoch 65 @ 58695 updates) (writing took 1.7071864604949951 seconds)
{"epoch": 66, "train_loss": "3.185", "train_nll_loss": "1.666", "train_ppl": "3.17", "train_wps": "22177", "train_ups": "5", "train_wpb": "4373.327", "train_bsz": "177.452", "train_num_updates": "59598", "train_lr": "0.000129534", "train_gnorm": "0.871", "train_clip": "0.000", "train_oom": "0.000", "train_wall": "12020", "train_train_wall": "10398"}
{"epoch": 66, "valid_loss": "3.876", "valid_nll_loss": "2.313", "valid_ppl": "4.97", "valid_num_updates": "59598", "valid_best_loss": "3.85427"}
| saved checkpoint checkpoints/iwslt_d2_gaussion/checkpoint66.pt (epoch 66 @ 59598 updates) (writing took 1.710707426071167 seconds)
{"epoch": 67, "train_loss": "3.157", "train_nll_loss": "1.634", "train_ppl": "3.10", "train_wps": "22152", "train_ups": "5", "train_wpb": "4389.973", "train_bsz": "183.201", "train_num_updates": "60000", "train_lr": "0.000129099", "train_gnorm": "0.867", "train_clip": "0.000", "train_oom": "0.000", "train_wall": "12105", "train_train_wall": "10469"}
{"epoch": 67, "valid_loss": "3.869", "valid_nll_loss": "2.303", "valid_ppl": "4.93", "valid_num_updates": "60000", "valid_best_loss": "3.85427"}
| saved checkpoint checkpoints/iwslt_d2_gaussion/checkpoint_last.pt (epoch 67 @ 60000 updates) (writing took 1.4054741859436035 seconds)
| done training in 12107.8 seconds
