Namespace(activation_dropout=0.0, activation_fn='relu', adam_betas='(0.9, 0.98)', adam_eps=1e-08, adaptive_input=False, adaptive_softmax_cutoff=None, adaptive_softmax_dropout=0, arch='transformer_iwslt_de_en', attention_dropout=0.0, best_checkpoint_metric='loss', bucket_cap_mb=25, clip_norm=25, cpu=False, criterion='label_smoothed_cross_entropy', curriculum=0, data='data-bin/iwslt14.tokenized.de-en', dataset_impl='cached', ddp_backend='c10d', decoder_attention_heads=4, decoder_embed_dim=512, decoder_embed_path=None, decoder_ffn_embed_dim=1024, decoder_input_dim=512, decoder_layers=6, decoder_learned_pos=False, decoder_normalize_before=False, decoder_output_dim=512, device_id=0, disable_validation=False, distributed_backend='nccl', distributed_init_method=None, distributed_no_spawn=False, distributed_port=-1, distributed_rank=0, distributed_world_size=1, dropout=0.3, encoder_attention_heads=4, encoder_embed_dim=512, encoder_embed_path=None, encoder_ffn_embed_dim=1024, encoder_layers=6, encoder_learned_pos=False, encoder_normalize_before=False, exp_root=0.5, find_unused_parameters=False, fix_batches_to_gpus=False, fp16=False, fp16_init_scale=128, fp16_scale_tolerance=0.0, fp16_scale_window=None, keep_interval_updates=-1, keep_last_epochs=-1, label_smoothing=0.1, lazy_load=False, left_pad_source='True', left_pad_target='False', log_format='json', log_interval=1000, lr=[0.0005], lr_scheduler='inverse_sqrt', max_epoch=0, max_sentences=None, max_sentences_valid=None, max_source_positions=1024, max_target_positions=1024, max_tokens=5000, max_tokens_valid=5000, max_update=60000, maximize_best_checkpoint_metric=False, memory_efficient_fp16=False, min_loss_scale=0.0001, min_lr=1e-09, no_epoch_checkpoints=False, no_last_checkpoints=False, no_progress_bar=True, no_save=False, no_save_optimizer_state=False, no_token_positional_embeddings=False, num_workers=0, optimizer='adam', optimizer_overrides='{}', raw_text=False, required_batch_size_multiple=8, reset_dataloader=False, reset_lr_scheduler=False, reset_meters=False, reset_optimizer=False, restore_file='checkpoint_last.pt', save_dir='checkpoints/iwslt_d10_wo', save_interval=1, save_interval_updates=0, seed=1, sentence_avg=False, share_all_embeddings=False, share_decoder_input_output_embed=True, skip_invalid_size_inputs_valid_test=False, source_lang='de', target_lang='en', task='translation', tbmf_wrapper=False, tensorboard_logdir='', threshold_loss_scale=None, train_subset='train', update_freq=[1], upsample_primary=1, use_bmuf=False, user_dir=None, valid_subset='valid', validate_interval=1, warmup_init_lr=1e-07, warmup_updates=4000, weight_decay=0.0001)
| [de] dictionary: 8848 types
| [en] dictionary: 6632 types
| data-bin/iwslt14.tokenized.de-en valid de-en 7283 examples
TransformerModel(
  (encoder): TransformerEncoder(
    (embed_tokens): Embedding(8848, 512, padding_idx=1)
    (embed_positions): SinusoidalPositionalEmbedding()
    (layers): ModuleList(
      (0): TransformerEncoderLayer(
        (self_attn): MultiheadAttention(
          (out_proj): Linear(in_features=512, out_features=512, bias=True)
        )
        (self_attn_layer_norm): LayerNorm(torch.Size([512]), eps=1e-05, elementwise_affine=True)
        (fc1): Linear(in_features=512, out_features=1024, bias=True)
        (fc2): Linear(in_features=1024, out_features=512, bias=True)
        (final_layer_norm): LayerNorm(torch.Size([512]), eps=1e-05, elementwise_affine=True)
      )
      (1): TransformerEncoderLayer(
        (self_attn): MultiheadAttention(
          (out_proj): Linear(in_features=512, out_features=512, bias=True)
        )
        (self_attn_layer_norm): LayerNorm(torch.Size([512]), eps=1e-05, elementwise_affine=True)
        (fc1): Linear(in_features=512, out_features=1024, bias=True)
        (fc2): Linear(in_features=1024, out_features=512, bias=True)
        (final_layer_norm): LayerNorm(torch.Size([512]), eps=1e-05, elementwise_affine=True)
      )
      (2): TransformerEncoderLayer(
        (self_attn): MultiheadAttention(
          (out_proj): Linear(in_features=512, out_features=512, bias=True)
        )
        (self_attn_layer_norm): LayerNorm(torch.Size([512]), eps=1e-05, elementwise_affine=True)
        (fc1): Linear(in_features=512, out_features=1024, bias=True)
        (fc2): Linear(in_features=1024, out_features=512, bias=True)
        (final_layer_norm): LayerNorm(torch.Size([512]), eps=1e-05, elementwise_affine=True)
      )
      (3): TransformerEncoderLayer(
        (self_attn): MultiheadAttention(
          (out_proj): Linear(in_features=512, out_features=512, bias=True)
        )
        (self_attn_layer_norm): LayerNorm(torch.Size([512]), eps=1e-05, elementwise_affine=True)
        (fc1): Linear(in_features=512, out_features=1024, bias=True)
        (fc2): Linear(in_features=1024, out_features=512, bias=True)
        (final_layer_norm): LayerNorm(torch.Size([512]), eps=1e-05, elementwise_affine=True)
      )
      (4): TransformerEncoderLayer(
        (self_attn): MultiheadAttention(
          (out_proj): Linear(in_features=512, out_features=512, bias=True)
        )
        (self_attn_layer_norm): LayerNorm(torch.Size([512]), eps=1e-05, elementwise_affine=True)
        (fc1): Linear(in_features=512, out_features=1024, bias=True)
        (fc2): Linear(in_features=1024, out_features=512, bias=True)
        (final_layer_norm): LayerNorm(torch.Size([512]), eps=1e-05, elementwise_affine=True)
      )
      (5): TransformerEncoderLayer(
        (self_attn): MultiheadAttention(
          (out_proj): Linear(in_features=512, out_features=512, bias=True)
        )
        (self_attn_layer_norm): LayerNorm(torch.Size([512]), eps=1e-05, elementwise_affine=True)
        (fc1): Linear(in_features=512, out_features=1024, bias=True)
        (fc2): Linear(in_features=1024, out_features=512, bias=True)
        (final_layer_norm): LayerNorm(torch.Size([512]), eps=1e-05, elementwise_affine=True)
      )
    )
  )
  (decoder): TransformerDecoder(
    (embed_tokens): Embedding(6632, 512, padding_idx=1)
    (embed_positions): SinusoidalPositionalEmbedding()
    (layers): ModuleList(
      (0): TransformerDecoderLayer(
        (self_attn): MultiheadAttention(
          (out_proj): Linear(in_features=512, out_features=512, bias=True)
        )
        (self_attn_layer_norm): LayerNorm(torch.Size([512]), eps=1e-05, elementwise_affine=True)
        (encoder_attn): MultiheadAttention(
          (out_proj): Linear(in_features=512, out_features=512, bias=True)
        )
        (encoder_attn_layer_norm): LayerNorm(torch.Size([512]), eps=1e-05, elementwise_affine=True)
        (fc1): Linear(in_features=512, out_features=1024, bias=True)
        (fc2): Linear(in_features=1024, out_features=512, bias=True)
        (final_layer_norm): LayerNorm(torch.Size([512]), eps=1e-05, elementwise_affine=True)
      )
      (1): TransformerDecoderLayer(
        (self_attn): MultiheadAttention(
          (out_proj): Linear(in_features=512, out_features=512, bias=True)
        )
        (self_attn_layer_norm): LayerNorm(torch.Size([512]), eps=1e-05, elementwise_affine=True)
        (encoder_attn): MultiheadAttention(
          (out_proj): Linear(in_features=512, out_features=512, bias=True)
        )
        (encoder_attn_layer_norm): LayerNorm(torch.Size([512]), eps=1e-05, elementwise_affine=True)
        (fc1): Linear(in_features=512, out_features=1024, bias=True)
        (fc2): Linear(in_features=1024, out_features=512, bias=True)
        (final_layer_norm): LayerNorm(torch.Size([512]), eps=1e-05, elementwise_affine=True)
      )
      (2): TransformerDecoderLayer(
        (self_attn): MultiheadAttention(
          (out_proj): Linear(in_features=512, out_features=512, bias=True)
        )
        (self_attn_layer_norm): LayerNorm(torch.Size([512]), eps=1e-05, elementwise_affine=True)
        (encoder_attn): MultiheadAttention(
          (out_proj): Linear(in_features=512, out_features=512, bias=True)
        )
        (encoder_attn_layer_norm): LayerNorm(torch.Size([512]), eps=1e-05, elementwise_affine=True)
        (fc1): Linear(in_features=512, out_features=1024, bias=True)
        (fc2): Linear(in_features=1024, out_features=512, bias=True)
        (final_layer_norm): LayerNorm(torch.Size([512]), eps=1e-05, elementwise_affine=True)
      )
      (3): TransformerDecoderLayer(
        (self_attn): MultiheadAttention(
          (out_proj): Linear(in_features=512, out_features=512, bias=True)
        )
        (self_attn_layer_norm): LayerNorm(torch.Size([512]), eps=1e-05, elementwise_affine=True)
        (encoder_attn): MultiheadAttention(
          (out_proj): Linear(in_features=512, out_features=512, bias=True)
        )
        (encoder_attn_layer_norm): LayerNorm(torch.Size([512]), eps=1e-05, elementwise_affine=True)
        (fc1): Linear(in_features=512, out_features=1024, bias=True)
        (fc2): Linear(in_features=1024, out_features=512, bias=True)
        (final_layer_norm): LayerNorm(torch.Size([512]), eps=1e-05, elementwise_affine=True)
      )
      (4): TransformerDecoderLayer(
        (self_attn): MultiheadAttention(
          (out_proj): Linear(in_features=512, out_features=512, bias=True)
        )
        (self_attn_layer_norm): LayerNorm(torch.Size([512]), eps=1e-05, elementwise_affine=True)
        (encoder_attn): MultiheadAttention(
          (out_proj): Linear(in_features=512, out_features=512, bias=True)
        )
        (encoder_attn_layer_norm): LayerNorm(torch.Size([512]), eps=1e-05, elementwise_affine=True)
        (fc1): Linear(in_features=512, out_features=1024, bias=True)
        (fc2): Linear(in_features=1024, out_features=512, bias=True)
        (final_layer_norm): LayerNorm(torch.Size([512]), eps=1e-05, elementwise_affine=True)
      )
      (5): TransformerDecoderLayer(
        (self_attn): MultiheadAttention(
          (out_proj): Linear(in_features=512, out_features=512, bias=True)
        )
        (self_attn_layer_norm): LayerNorm(torch.Size([512]), eps=1e-05, elementwise_affine=True)
        (encoder_attn): MultiheadAttention(
          (out_proj): Linear(in_features=512, out_features=512, bias=True)
        )
        (encoder_attn_layer_norm): LayerNorm(torch.Size([512]), eps=1e-05, elementwise_affine=True)
        (fc1): Linear(in_features=512, out_features=1024, bias=True)
        (fc2): Linear(in_features=1024, out_features=512, bias=True)
        (final_layer_norm): LayerNorm(torch.Size([512]), eps=1e-05, elementwise_affine=True)
      )
    )
  )
)
| model transformer_iwslt_de_en, criterion LabelSmoothedCrossEntropyCriterion
| num. model params: 39469056 (num. trained: 39469056)
| training on 1 GPUs
| max tokens per GPU = 5000 and max sentences per GPU = None
| no existing checkpoint found checkpoints/iwslt_d10_wo/checkpoint_last.pt
| loading train data for epoch 0
| data-bin/iwslt14.tokenized.de-en train de-en 160239 examples
| NOTICE: your device may support faster training with --fp16
{"epoch": 1, "train_loss": "9.772", "train_nll_loss": "9.281", "train_ppl": "622.31", "train_wps": "21110", "train_ups": "5", "train_wpb": "4373.327", "train_bsz": "177.452", "train_num_updates": "903", "train_lr": "0.000112952", "train_gnorm": "1.656", "train_clip": "0.000", "train_oom": "0.000", "train_wall": "189", "train_train_wall": "164"}
{"epoch": 1, "valid_loss": "8.553", "valid_nll_loss": "7.822", "valid_ppl": "226.26", "valid_num_updates": "903"}
| saved checkpoint checkpoints/iwslt_d10_wo/checkpoint1.pt (epoch 1 @ 903 updates) (writing took 1.1045644283294678 seconds)
{"epoch": 2, "train_loss": "8.218", "train_nll_loss": "7.470", "train_ppl": "177.34", "train_wps": "20359", "train_ups": "5", "train_wpb": "4373.327", "train_bsz": "177.452", "train_num_updates": "1806", "train_lr": "0.000225805", "train_gnorm": "1.310", "train_clip": "0.000", "train_oom": "0.000", "train_wall": "387", "train_train_wall": "333"}
{"epoch": 2, "valid_loss": "7.771", "valid_nll_loss": "6.891", "valid_ppl": "118.71", "valid_num_updates": "1806", "valid_best_loss": "7.77144"}
| saved checkpoint checkpoints/iwslt_d10_wo/checkpoint2.pt (epoch 2 @ 1806 updates) (writing took 3.0833873748779297 seconds)
{"epoch": 3, "train_loss": "7.624", "train_nll_loss": "6.779", "train_ppl": "109.85", "train_wps": "21958", "train_ups": "5", "train_wpb": "4373.327", "train_bsz": "177.452", "train_num_updates": "2709", "train_lr": "0.000338657", "train_gnorm": "1.109", "train_clip": "0.000", "train_oom": "0.000", "train_wall": "573", "train_train_wall": "492"}
{"epoch": 3, "valid_loss": "7.303", "valid_nll_loss": "6.353", "valid_ppl": "81.73", "valid_num_updates": "2709", "valid_best_loss": "7.3031"}
| saved checkpoint checkpoints/iwslt_d10_wo/checkpoint3.pt (epoch 3 @ 2709 updates) (writing took 3.0679056644439697 seconds)
{"epoch": 4, "train_loss": "7.120", "train_nll_loss": "6.194", "train_ppl": "73.21", "train_wps": "21964", "train_ups": "5", "train_wpb": "4373.327", "train_bsz": "177.452", "train_num_updates": "3612", "train_lr": "0.00045151", "train_gnorm": "1.067", "train_clip": "0.000", "train_oom": "0.000", "train_wall": "758", "train_train_wall": "651"}
{"epoch": 4, "valid_loss": "6.603", "valid_nll_loss": "5.535", "valid_ppl": "46.36", "valid_num_updates": "3612", "valid_best_loss": "6.60303"}
| saved checkpoint checkpoints/iwslt_d10_wo/checkpoint4.pt (epoch 4 @ 3612 updates) (writing took 3.07912015914917 seconds)
{"epoch": 5, "train_loss": "6.481", "train_nll_loss": "5.452", "train_ppl": "43.77", "train_wps": "22026", "train_ups": "5", "train_wpb": "4373.327", "train_bsz": "177.452", "train_num_updates": "4515", "train_lr": "0.000470621", "train_gnorm": "1.120", "train_clip": "0.000", "train_oom": "0.000", "train_wall": "943", "train_train_wall": "810"}
{"epoch": 5, "valid_loss": "5.924", "valid_nll_loss": "4.710", "valid_ppl": "26.17", "valid_num_updates": "4515", "valid_best_loss": "5.9239"}
| saved checkpoint checkpoints/iwslt_d10_wo/checkpoint5.pt (epoch 5 @ 4515 updates) (writing took 3.0750482082366943 seconds)
{"epoch": 6, "train_loss": "5.864", "train_nll_loss": "4.734", "train_ppl": "26.60", "train_wps": "22181", "train_ups": "5", "train_wpb": "4373.327", "train_bsz": "177.452", "train_num_updates": "5418", "train_lr": "0.000429616", "train_gnorm": "1.094", "train_clip": "0.000", "train_oom": "0.000", "train_wall": "1127", "train_train_wall": "968"}
{"epoch": 6, "valid_loss": "5.457", "valid_nll_loss": "4.138", "valid_ppl": "17.60", "valid_num_updates": "5418", "valid_best_loss": "5.45738"}
| saved checkpoint checkpoints/iwslt_d10_wo/checkpoint6.pt (epoch 6 @ 5418 updates) (writing took 3.075312852859497 seconds)
{"epoch": 7, "train_loss": "5.399", "train_nll_loss": "4.192", "train_ppl": "18.28", "train_wps": "22274", "train_ups": "5", "train_wpb": "4373.327", "train_bsz": "177.452", "train_num_updates": "6321", "train_lr": "0.000397747", "train_gnorm": "1.037", "train_clip": "0.000", "train_oom": "0.000", "train_wall": "1310", "train_train_wall": "1125"}
{"epoch": 7, "valid_loss": "5.016", "valid_nll_loss": "3.632", "valid_ppl": "12.39", "valid_num_updates": "6321", "valid_best_loss": "5.01586"}
| saved checkpoint checkpoints/iwslt_d10_wo/checkpoint7.pt (epoch 7 @ 6321 updates) (writing took 3.0717108249664307 seconds)
{"epoch": 8, "train_loss": "5.054", "train_nll_loss": "3.794", "train_ppl": "13.87", "train_wps": "22302", "train_ups": "5", "train_wpb": "4373.327", "train_bsz": "177.452", "train_num_updates": "7224", "train_lr": "0.000372058", "train_gnorm": "0.987", "train_clip": "0.000", "train_oom": "0.000", "train_wall": "1493", "train_train_wall": "1283"}
{"epoch": 8, "valid_loss": "4.776", "valid_nll_loss": "3.351", "valid_ppl": "10.20", "valid_num_updates": "7224", "valid_best_loss": "4.77639"}
| saved checkpoint checkpoints/iwslt_d10_wo/checkpoint8.pt (epoch 8 @ 7224 updates) (writing took 3.0743792057037354 seconds)
{"epoch": 9, "train_loss": "4.815", "train_nll_loss": "3.519", "train_ppl": "11.46", "train_wps": "22251", "train_ups": "5", "train_wpb": "4373.327", "train_bsz": "177.452", "train_num_updates": "8127", "train_lr": "0.00035078", "train_gnorm": "0.958", "train_clip": "0.000", "train_oom": "0.000", "train_wall": "1677", "train_train_wall": "1440"}
{"epoch": 9, "valid_loss": "4.626", "valid_nll_loss": "3.168", "valid_ppl": "8.99", "valid_num_updates": "8127", "valid_best_loss": "4.62596"}
| saved checkpoint checkpoints/iwslt_d10_wo/checkpoint9.pt (epoch 9 @ 8127 updates) (writing took 3.0842432975769043 seconds)
{"epoch": 10, "train_loss": "4.630", "train_nll_loss": "3.307", "train_ppl": "9.90", "train_wps": "22084", "train_ups": "5", "train_wpb": "4373.327", "train_bsz": "177.452", "train_num_updates": "9030", "train_lr": "0.000332779", "train_gnorm": "0.925", "train_clip": "0.000", "train_oom": "0.000", "train_wall": "1861", "train_train_wall": "1599"}
{"epoch": 10, "valid_loss": "4.476", "valid_nll_loss": "2.999", "valid_ppl": "8.00", "valid_num_updates": "9030", "valid_best_loss": "4.47575"}
| saved checkpoint checkpoints/iwslt_d10_wo/checkpoint10.pt (epoch 10 @ 9030 updates) (writing took 3.0828518867492676 seconds)
{"epoch": 11, "train_loss": "4.485", "train_nll_loss": "3.143", "train_ppl": "8.83", "train_wps": "22016", "train_ups": "5", "train_wpb": "4373.327", "train_bsz": "177.452", "train_num_updates": "9933", "train_lr": "0.000317292", "train_gnorm": "0.903", "train_clip": "0.000", "train_oom": "0.000", "train_wall": "2046", "train_train_wall": "1757"}
{"epoch": 11, "valid_loss": "4.403", "valid_nll_loss": "2.912", "valid_ppl": "7.53", "valid_num_updates": "9933", "valid_best_loss": "4.40308"}
| saved checkpoint checkpoints/iwslt_d10_wo/checkpoint11.pt (epoch 11 @ 9933 updates) (writing took 3.083012819290161 seconds)
{"epoch": 12, "train_loss": "4.372", "train_nll_loss": "3.016", "train_ppl": "8.09", "train_wps": "22186", "train_ups": "5", "train_wpb": "4373.327", "train_bsz": "177.452", "train_num_updates": "10836", "train_lr": "0.000303784", "train_gnorm": "0.883", "train_clip": "0.000", "train_oom": "0.000", "train_wall": "2230", "train_train_wall": "1915"}
{"epoch": 12, "valid_loss": "4.287", "valid_nll_loss": "2.792", "valid_ppl": "6.93", "valid_num_updates": "10836", "valid_best_loss": "4.28712"}
| saved checkpoint checkpoints/iwslt_d10_wo/checkpoint12.pt (epoch 12 @ 10836 updates) (writing took 3.0731208324432373 seconds)
{"epoch": 13, "train_loss": "4.275", "train_nll_loss": "2.906", "train_ppl": "7.50", "train_wps": "22292", "train_ups": "5", "train_wpb": "4373.327", "train_bsz": "177.452", "train_num_updates": "11739", "train_lr": "0.000291867", "train_gnorm": "0.866", "train_clip": "0.000", "train_oom": "0.000", "train_wall": "2413", "train_train_wall": "2073"}
{"epoch": 13, "valid_loss": "4.263", "valid_nll_loss": "2.751", "valid_ppl": "6.73", "valid_num_updates": "11739", "valid_best_loss": "4.2632"}
| saved checkpoint checkpoints/iwslt_d10_wo/checkpoint13.pt (epoch 13 @ 11739 updates) (writing took 3.069117546081543 seconds)
{"epoch": 14, "train_loss": "4.200", "train_nll_loss": "2.821", "train_ppl": "7.07", "train_wps": "22221", "train_ups": "5", "train_wpb": "4373.327", "train_bsz": "177.452", "train_num_updates": "12642", "train_lr": "0.00028125", "train_gnorm": "0.860", "train_clip": "0.000", "train_oom": "0.000", "train_wall": "2597", "train_train_wall": "2230"}
{"epoch": 14, "valid_loss": "4.216", "valid_nll_loss": "2.701", "valid_ppl": "6.50", "valid_num_updates": "12642", "valid_best_loss": "4.21647"}
| saved checkpoint checkpoints/iwslt_d10_wo/checkpoint14.pt (epoch 14 @ 12642 updates) (writing took 3.0878398418426514 seconds)
{"epoch": 15, "train_loss": "4.129", "train_nll_loss": "2.742", "train_ppl": "6.69", "train_wps": "22276", "train_ups": "5", "train_wpb": "4373.327", "train_bsz": "177.452", "train_num_updates": "13545", "train_lr": "0.000271713", "train_gnorm": "0.842", "train_clip": "0.000", "train_oom": "0.000", "train_wall": "2780", "train_train_wall": "2388"}
{"epoch": 15, "valid_loss": "4.177", "valid_nll_loss": "2.652", "valid_ppl": "6.28", "valid_num_updates": "13545", "valid_best_loss": "4.17715"}
| saved checkpoint checkpoints/iwslt_d10_wo/checkpoint15.pt (epoch 15 @ 13545 updates) (writing took 2.9979233741760254 seconds)
{"epoch": 16, "train_loss": "4.070", "train_nll_loss": "2.675", "train_ppl": "6.39", "train_wps": "22275", "train_ups": "5", "train_wpb": "4373.327", "train_bsz": "177.452", "train_num_updates": "14448", "train_lr": "0.000263085", "train_gnorm": "0.837", "train_clip": "0.000", "train_oom": "0.000", "train_wall": "2963", "train_train_wall": "2546"}
{"epoch": 16, "valid_loss": "4.126", "valid_nll_loss": "2.601", "valid_ppl": "6.07", "valid_num_updates": "14448", "valid_best_loss": "4.12596"}
| saved checkpoint checkpoints/iwslt_d10_wo/checkpoint16.pt (epoch 16 @ 14448 updates) (writing took 3.1024069786071777 seconds)
{"epoch": 17, "train_loss": "4.020", "train_nll_loss": "2.618", "train_ppl": "6.14", "train_wps": "22256", "train_ups": "5", "train_wpb": "4373.327", "train_bsz": "177.452", "train_num_updates": "15351", "train_lr": "0.00025523", "train_gnorm": "0.832", "train_clip": "0.000", "train_oom": "0.000", "train_wall": "3146", "train_train_wall": "2703"}
{"epoch": 17, "valid_loss": "4.121", "valid_nll_loss": "2.591", "valid_ppl": "6.02", "valid_num_updates": "15351", "valid_best_loss": "4.1212"}
| saved checkpoint checkpoints/iwslt_d10_wo/checkpoint17.pt (epoch 17 @ 15351 updates) (writing took 3.102644443511963 seconds)
{"epoch": 18, "train_loss": "3.972", "train_nll_loss": "2.564", "train_ppl": "5.91", "train_wps": "22286", "train_ups": "5", "train_wpb": "4373.327", "train_bsz": "177.452", "train_num_updates": "16254", "train_lr": "0.000248039", "train_gnorm": "0.824", "train_clip": "0.000", "train_oom": "0.000", "train_wall": "3329", "train_train_wall": "2861"}
{"epoch": 18, "valid_loss": "4.068", "valid_nll_loss": "2.540", "valid_ppl": "5.82", "valid_num_updates": "16254", "valid_best_loss": "4.06779"}
| saved checkpoint checkpoints/iwslt_d10_wo/checkpoint18.pt (epoch 18 @ 16254 updates) (writing took 3.089036703109741 seconds)
{"epoch": 19, "train_loss": "3.928", "train_nll_loss": "2.515", "train_ppl": "5.72", "train_wps": "22304", "train_ups": "5", "train_wpb": "4373.327", "train_bsz": "177.452", "train_num_updates": "17157", "train_lr": "0.000241423", "train_gnorm": "0.818", "train_clip": "0.000", "train_oom": "0.000", "train_wall": "3512", "train_train_wall": "3018"}
{"epoch": 19, "valid_loss": "4.083", "valid_nll_loss": "2.543", "valid_ppl": "5.83", "valid_num_updates": "17157", "valid_best_loss": "4.06779"}
| saved checkpoint checkpoints/iwslt_d10_wo/checkpoint19.pt (epoch 19 @ 17157 updates) (writing took 1.6952455043792725 seconds)
{"epoch": 20, "train_loss": "3.889", "train_nll_loss": "2.470", "train_ppl": "5.54", "train_wps": "22310", "train_ups": "5", "train_wpb": "4373.327", "train_bsz": "177.452", "train_num_updates": "18060", "train_lr": "0.00023531", "train_gnorm": "0.812", "train_clip": "0.000", "train_oom": "0.000", "train_wall": "3693", "train_train_wall": "3176"}
{"epoch": 20, "valid_loss": "4.046", "valid_nll_loss": "2.505", "valid_ppl": "5.68", "valid_num_updates": "18060", "valid_best_loss": "4.04583"}
| saved checkpoint checkpoints/iwslt_d10_wo/checkpoint20.pt (epoch 20 @ 18060 updates) (writing took 3.087756395339966 seconds)
{"epoch": 21, "train_loss": "3.852", "train_nll_loss": "2.429", "train_ppl": "5.39", "train_wps": "22054", "train_ups": "5", "train_wpb": "4373.327", "train_bsz": "177.452", "train_num_updates": "18963", "train_lr": "0.000229639", "train_gnorm": "0.807", "train_clip": "0.000", "train_oom": "0.000", "train_wall": "3878", "train_train_wall": "3334"}
{"epoch": 21, "valid_loss": "4.038", "valid_nll_loss": "2.493", "valid_ppl": "5.63", "valid_num_updates": "18963", "valid_best_loss": "4.03777"}
| saved checkpoint checkpoints/iwslt_d10_wo/checkpoint21.pt (epoch 21 @ 18963 updates) (writing took 3.072457790374756 seconds)
{"epoch": 22, "train_loss": "3.822", "train_nll_loss": "2.395", "train_ppl": "5.26", "train_wps": "23195", "train_ups": "5", "train_wpb": "4373.327", "train_bsz": "177.452", "train_num_updates": "19866", "train_lr": "0.00022436", "train_gnorm": "0.811", "train_clip": "0.000", "train_oom": "0.000", "train_wall": "4054", "train_train_wall": "3486"}
{"epoch": 22, "valid_loss": "4.011", "valid_nll_loss": "2.464", "valid_ppl": "5.52", "valid_num_updates": "19866", "valid_best_loss": "4.01106"}
| saved checkpoint checkpoints/iwslt_d10_wo/checkpoint22.pt (epoch 22 @ 19866 updates) (writing took 3.0876760482788086 seconds)
{"epoch": 23, "train_loss": "3.789", "train_nll_loss": "2.358", "train_ppl": "5.13", "train_wps": "23497", "train_ups": "5", "train_wpb": "4373.327", "train_bsz": "177.452", "train_num_updates": "20769", "train_lr": "0.000219428", "train_gnorm": "0.803", "train_clip": "0.000", "train_oom": "0.000", "train_wall": "4228", "train_train_wall": "3637"}
{"epoch": 23, "valid_loss": "4.014", "valid_nll_loss": "2.467", "valid_ppl": "5.53", "valid_num_updates": "20769", "valid_best_loss": "4.01106"}
| saved checkpoint checkpoints/iwslt_d10_wo/checkpoint23.pt (epoch 23 @ 20769 updates) (writing took 1.675159215927124 seconds)
{"epoch": 24, "train_loss": "3.762", "train_nll_loss": "2.327", "train_ppl": "5.02", "train_wps": "22013", "train_ups": "5", "train_wpb": "4373.327", "train_bsz": "177.452", "train_num_updates": "21672", "train_lr": "0.000214808", "train_gnorm": "0.803", "train_clip": "0.000", "train_oom": "0.000", "train_wall": "4412", "train_train_wall": "3795"}
{"epoch": 24, "valid_loss": "3.996", "valid_nll_loss": "2.446", "valid_ppl": "5.45", "valid_num_updates": "21672", "valid_best_loss": "3.99601"}
| saved checkpoint checkpoints/iwslt_d10_wo/checkpoint24.pt (epoch 24 @ 21672 updates) (writing took 3.09401273727417 seconds)
{"epoch": 25, "train_loss": "3.735", "train_nll_loss": "2.297", "train_ppl": "4.91", "train_wps": "19754", "train_ups": "4", "train_wpb": "4373.327", "train_bsz": "177.452", "train_num_updates": "22575", "train_lr": "0.000210468", "train_gnorm": "0.798", "train_clip": "0.000", "train_oom": "0.000", "train_wall": "4618", "train_train_wall": "3969"}
{"epoch": 25, "valid_loss": "4.008", "valid_nll_loss": "2.455", "valid_ppl": "5.48", "valid_num_updates": "22575", "valid_best_loss": "3.99601"}
| saved checkpoint checkpoints/iwslt_d10_wo/checkpoint25.pt (epoch 25 @ 22575 updates) (writing took 1.700282335281372 seconds)
{"epoch": 26, "train_loss": "3.709", "train_nll_loss": "2.267", "train_ppl": "4.81", "train_wps": "19798", "train_ups": "4", "train_wpb": "4373.327", "train_bsz": "177.452", "train_num_updates": "23478", "train_lr": "0.000206381", "train_gnorm": "0.795", "train_clip": "0.000", "train_oom": "0.000", "train_wall": "4822", "train_train_wall": "4143"}
{"epoch": 26, "valid_loss": "3.956", "valid_nll_loss": "2.404", "valid_ppl": "5.29", "valid_num_updates": "23478", "valid_best_loss": "3.9558"}
| saved checkpoint checkpoints/iwslt_d10_wo/checkpoint26.pt (epoch 26 @ 23478 updates) (writing took 3.0904297828674316 seconds)
{"epoch": 27, "train_loss": "3.686", "train_nll_loss": "2.241", "train_ppl": "4.73", "train_wps": "19834", "train_ups": "4", "train_wpb": "4373.327", "train_bsz": "177.452", "train_num_updates": "24381", "train_lr": "0.000202523", "train_gnorm": "0.795", "train_clip": "0.000", "train_oom": "0.000", "train_wall": "5027", "train_train_wall": "4316"}
{"epoch": 27, "valid_loss": "3.983", "valid_nll_loss": "2.429", "valid_ppl": "5.38", "valid_num_updates": "24381", "valid_best_loss": "3.9558"}
| saved checkpoint checkpoints/iwslt_d10_wo/checkpoint27.pt (epoch 27 @ 24381 updates) (writing took 1.7013001441955566 seconds)
{"epoch": 28, "train_loss": "3.663", "train_nll_loss": "2.215", "train_ppl": "4.64", "train_wps": "21425", "train_ups": "5", "train_wpb": "4373.327", "train_bsz": "177.452", "train_num_updates": "25284", "train_lr": "0.000198874", "train_gnorm": "0.794", "train_clip": "0.000", "train_oom": "0.000", "train_wall": "5216", "train_train_wall": "4479"}
{"epoch": 28, "valid_loss": "3.948", "valid_nll_loss": "2.397", "valid_ppl": "5.27", "valid_num_updates": "25284", "valid_best_loss": "3.94765"}
| saved checkpoint checkpoints/iwslt_d10_wo/checkpoint28.pt (epoch 28 @ 25284 updates) (writing took 2.9176292419433594 seconds)
{"epoch": 29, "train_loss": "3.643", "train_nll_loss": "2.193", "train_ppl": "4.57", "train_wps": "22324", "train_ups": "5", "train_wpb": "4373.327", "train_bsz": "177.452", "train_num_updates": "26187", "train_lr": "0.000195415", "train_gnorm": "0.794", "train_clip": "0.000", "train_oom": "0.000", "train_wall": "5399", "train_train_wall": "4636"}
{"epoch": 29, "valid_loss": "3.952", "valid_nll_loss": "2.399", "valid_ppl": "5.27", "valid_num_updates": "26187", "valid_best_loss": "3.94765"}
| saved checkpoint checkpoints/iwslt_d10_wo/checkpoint29.pt (epoch 29 @ 26187 updates) (writing took 1.693190336227417 seconds)
{"epoch": 30, "train_loss": "3.625", "train_nll_loss": "2.171", "train_ppl": "4.50", "train_wps": "22285", "train_ups": "5", "train_wpb": "4373.327", "train_bsz": "177.452", "train_num_updates": "27090", "train_lr": "0.00019213", "train_gnorm": "0.795", "train_clip": "0.000", "train_oom": "0.000", "train_wall": "5580", "train_train_wall": "4794"}
{"epoch": 30, "valid_loss": "3.933", "valid_nll_loss": "2.375", "valid_ppl": "5.19", "valid_num_updates": "27090", "valid_best_loss": "3.9328"}
| saved checkpoint checkpoints/iwslt_d10_wo/checkpoint30.pt (epoch 30 @ 27090 updates) (writing took 3.078099250793457 seconds)
{"epoch": 31, "train_loss": "3.605", "train_nll_loss": "2.148", "train_ppl": "4.43", "train_wps": "22325", "train_ups": "5", "train_wpb": "4373.327", "train_bsz": "177.452", "train_num_updates": "27993", "train_lr": "0.000189006", "train_gnorm": "0.796", "train_clip": "0.000", "train_oom": "0.000", "train_wall": "5763", "train_train_wall": "4951"}
{"epoch": 31, "valid_loss": "3.931", "valid_nll_loss": "2.375", "valid_ppl": "5.19", "valid_num_updates": "27993", "valid_best_loss": "3.93114"}
| saved checkpoint checkpoints/iwslt_d10_wo/checkpoint31.pt (epoch 31 @ 27993 updates) (writing took 3.0812926292419434 seconds)
{"epoch": 32, "train_loss": "3.588", "train_nll_loss": "2.129", "train_ppl": "4.37", "train_wps": "22334", "train_ups": "5", "train_wpb": "4373.327", "train_bsz": "177.452", "train_num_updates": "28896", "train_lr": "0.000186029", "train_gnorm": "0.795", "train_clip": "0.000", "train_oom": "0.000", "train_wall": "5945", "train_train_wall": "5108"}
{"epoch": 32, "valid_loss": "3.928", "valid_nll_loss": "2.371", "valid_ppl": "5.17", "valid_num_updates": "28896", "valid_best_loss": "3.92805"}
| saved checkpoint checkpoints/iwslt_d10_wo/checkpoint32.pt (epoch 32 @ 28896 updates) (writing took 3.096259832382202 seconds)
{"epoch": 33, "train_loss": "3.572", "train_nll_loss": "2.110", "train_ppl": "4.32", "train_wps": "22301", "train_ups": "5", "train_wpb": "4373.327", "train_bsz": "177.452", "train_num_updates": "29799", "train_lr": "0.000183189", "train_gnorm": "0.796", "train_clip": "0.000", "train_oom": "0.000", "train_wall": "6128", "train_train_wall": "5266"}
{"epoch": 33, "valid_loss": "3.937", "valid_nll_loss": "2.380", "valid_ppl": "5.20", "valid_num_updates": "29799", "valid_best_loss": "3.92805"}
| saved checkpoint checkpoints/iwslt_d10_wo/checkpoint33.pt (epoch 33 @ 29799 updates) (writing took 1.694612979888916 seconds)
{"epoch": 34, "train_loss": "3.556", "train_nll_loss": "2.093", "train_ppl": "4.27", "train_wps": "22339", "train_ups": "5", "train_wpb": "4373.327", "train_bsz": "177.452", "train_num_updates": "30702", "train_lr": "0.000180475", "train_gnorm": "0.795", "train_clip": "0.000", "train_oom": "0.000", "train_wall": "6309", "train_train_wall": "5423"}
{"epoch": 34, "valid_loss": "3.931", "valid_nll_loss": "2.372", "valid_ppl": "5.18", "valid_num_updates": "30702", "valid_best_loss": "3.92805"}
| saved checkpoint checkpoints/iwslt_d10_wo/checkpoint34.pt (epoch 34 @ 30702 updates) (writing took 1.6903738975524902 seconds)
{"epoch": 35, "train_loss": "3.538", "train_nll_loss": "2.072", "train_ppl": "4.21", "train_wps": "22299", "train_ups": "5", "train_wpb": "4373.327", "train_bsz": "177.452", "train_num_updates": "31605", "train_lr": "0.000177878", "train_gnorm": "0.793", "train_clip": "0.000", "train_oom": "0.000", "train_wall": "6491", "train_train_wall": "5581"}
{"epoch": 35, "valid_loss": "3.915", "valid_nll_loss": "2.356", "valid_ppl": "5.12", "valid_num_updates": "31605", "valid_best_loss": "3.91485"}
| saved checkpoint checkpoints/iwslt_d10_wo/checkpoint35.pt (epoch 35 @ 31605 updates) (writing took 3.08120059967041 seconds)
{"epoch": 36, "train_loss": "3.525", "train_nll_loss": "2.057", "train_ppl": "4.16", "train_wps": "22022", "train_ups": "5", "train_wpb": "4373.327", "train_bsz": "177.452", "train_num_updates": "32508", "train_lr": "0.00017539", "train_gnorm": "0.797", "train_clip": "0.000", "train_oom": "0.000", "train_wall": "6676", "train_train_wall": "5739"}
{"epoch": 36, "valid_loss": "3.915", "valid_nll_loss": "2.354", "valid_ppl": "5.11", "valid_num_updates": "32508", "valid_best_loss": "3.91484"}
| saved checkpoint checkpoints/iwslt_d10_wo/checkpoint36.pt (epoch 36 @ 32508 updates) (writing took 3.1014599800109863 seconds)
{"epoch": 37, "train_loss": "3.512", "train_nll_loss": "2.042", "train_ppl": "4.12", "train_wps": "19787", "train_ups": "4", "train_wpb": "4373.327", "train_bsz": "177.452", "train_num_updates": "33411", "train_lr": "0.000173004", "train_gnorm": "0.795", "train_clip": "0.000", "train_oom": "0.000", "train_wall": "6882", "train_train_wall": "5912"}
{"epoch": 37, "valid_loss": "3.921", "valid_nll_loss": "2.358", "valid_ppl": "5.13", "valid_num_updates": "33411", "valid_best_loss": "3.91484"}
| saved checkpoint checkpoints/iwslt_d10_wo/checkpoint37.pt (epoch 37 @ 33411 updates) (writing took 1.7025597095489502 seconds)
{"epoch": 38, "train_loss": "3.497", "train_nll_loss": "2.025", "train_ppl": "4.07", "train_wps": "19792", "train_ups": "4", "train_wpb": "4373.327", "train_bsz": "177.452", "train_num_updates": "34314", "train_lr": "0.000170712", "train_gnorm": "0.794", "train_clip": "0.000", "train_oom": "0.000", "train_wall": "7086", "train_train_wall": "6086"}
{"epoch": 38, "valid_loss": "3.921", "valid_nll_loss": "2.358", "valid_ppl": "5.13", "valid_num_updates": "34314", "valid_best_loss": "3.91484"}
| saved checkpoint checkpoints/iwslt_d10_wo/checkpoint38.pt (epoch 38 @ 34314 updates) (writing took 1.5586073398590088 seconds)
{"epoch": 39, "train_loss": "3.486", "train_nll_loss": "2.012", "train_ppl": "4.03", "train_wps": "19814", "train_ups": "4", "train_wpb": "4373.327", "train_bsz": "177.452", "train_num_updates": "35217", "train_lr": "0.000168509", "train_gnorm": "0.796", "train_clip": "0.000", "train_oom": "0.000", "train_wall": "7290", "train_train_wall": "6259"}
{"epoch": 39, "valid_loss": "3.922", "valid_nll_loss": "2.361", "valid_ppl": "5.14", "valid_num_updates": "35217", "valid_best_loss": "3.91484"}
| saved checkpoint checkpoints/iwslt_d10_wo/checkpoint39.pt (epoch 39 @ 35217 updates) (writing took 1.697667121887207 seconds)
{"epoch": 40, "train_loss": "3.472", "train_nll_loss": "1.996", "train_ppl": "3.99", "train_wps": "19832", "train_ups": "4", "train_wpb": "4373.327", "train_bsz": "177.452", "train_num_updates": "36120", "train_lr": "0.00016639", "train_gnorm": "0.795", "train_clip": "0.000", "train_oom": "0.000", "train_wall": "7493", "train_train_wall": "6433"}
{"epoch": 40, "valid_loss": "3.908", "valid_nll_loss": "2.349", "valid_ppl": "5.09", "valid_num_updates": "36120", "valid_best_loss": "3.90821"}
| saved checkpoint checkpoints/iwslt_d10_wo/checkpoint40.pt (epoch 40 @ 36120 updates) (writing took 3.0963199138641357 seconds)
{"epoch": 41, "train_loss": "3.461", "train_nll_loss": "1.983", "train_ppl": "3.95", "train_wps": "19819", "train_ups": "4", "train_wpb": "4373.327", "train_bsz": "177.452", "train_num_updates": "37023", "train_lr": "0.000164348", "train_gnorm": "0.799", "train_clip": "0.000", "train_oom": "0.000", "train_wall": "7699", "train_train_wall": "6606"}
{"epoch": 41, "valid_loss": "3.894", "valid_nll_loss": "2.333", "valid_ppl": "5.04", "valid_num_updates": "37023", "valid_best_loss": "3.89385"}
| saved checkpoint checkpoints/iwslt_d10_wo/checkpoint41.pt (epoch 41 @ 37023 updates) (writing took 3.0868608951568604 seconds)
{"epoch": 42, "train_loss": "3.448", "train_nll_loss": "1.969", "train_ppl": "3.91", "train_wps": "19793", "train_ups": "4", "train_wpb": "4373.327", "train_bsz": "177.452", "train_num_updates": "37926", "train_lr": "0.00016238", "train_gnorm": "0.802", "train_clip": "0.000", "train_oom": "0.000", "train_wall": "7904", "train_train_wall": "6780"}
{"epoch": 42, "valid_loss": "3.898", "valid_nll_loss": "2.336", "valid_ppl": "5.05", "valid_num_updates": "37926", "valid_best_loss": "3.89385"}
| saved checkpoint checkpoints/iwslt_d10_wo/checkpoint42.pt (epoch 42 @ 37926 updates) (writing took 1.698936939239502 seconds)
{"epoch": 43, "train_loss": "3.436", "train_nll_loss": "1.955", "train_ppl": "3.88", "train_wps": "19820", "train_ups": "4", "train_wpb": "4373.327", "train_bsz": "177.452", "train_num_updates": "38829", "train_lr": "0.00016048", "train_gnorm": "0.802", "train_clip": "0.000", "train_oom": "0.000", "train_wall": "8108", "train_train_wall": "6953"}
{"epoch": 43, "valid_loss": "3.879", "valid_nll_loss": "2.319", "valid_ppl": "4.99", "valid_num_updates": "38829", "valid_best_loss": "3.8787"}
| saved checkpoint checkpoints/iwslt_d10_wo/checkpoint43.pt (epoch 43 @ 38829 updates) (writing took 3.103738784790039 seconds)
{"epoch": 44, "train_loss": "3.424", "train_nll_loss": "1.941", "train_ppl": "3.84", "train_wps": "22435", "train_ups": "5", "train_wpb": "4373.327", "train_bsz": "177.452", "train_num_updates": "39732", "train_lr": "0.000158646", "train_gnorm": "0.803", "train_clip": "0.000", "train_oom": "0.000", "train_wall": "8290", "train_train_wall": "7109"}
{"epoch": 44, "valid_loss": "3.894", "valid_nll_loss": "2.330", "valid_ppl": "5.03", "valid_num_updates": "39732", "valid_best_loss": "3.8787"}
| saved checkpoint checkpoints/iwslt_d10_wo/checkpoint44.pt (epoch 44 @ 39732 updates) (writing took 1.6929008960723877 seconds)
{"epoch": 45, "train_loss": "3.414", "train_nll_loss": "1.930", "train_ppl": "3.81", "train_wps": "21568", "train_ups": "5", "train_wpb": "4373.327", "train_bsz": "177.452", "train_num_updates": "40635", "train_lr": "0.000156874", "train_gnorm": "0.807", "train_clip": "0.000", "train_oom": "0.000", "train_wall": "8478", "train_train_wall": "7271"}
{"epoch": 45, "valid_loss": "3.902", "valid_nll_loss": "2.335", "valid_ppl": "5.05", "valid_num_updates": "40635", "valid_best_loss": "3.8787"}
| saved checkpoint checkpoints/iwslt_d10_wo/checkpoint45.pt (epoch 45 @ 40635 updates) (writing took 1.695202112197876 seconds)
{"epoch": 46, "train_loss": "3.401", "train_nll_loss": "1.915", "train_ppl": "3.77", "train_wps": "22331", "train_ups": "5", "train_wpb": "4373.327", "train_bsz": "177.452", "train_num_updates": "41538", "train_lr": "0.000155159", "train_gnorm": "0.806", "train_clip": "0.000", "train_oom": "0.000", "train_wall": "8659", "train_train_wall": "7428"}
{"epoch": 46, "valid_loss": "3.891", "valid_nll_loss": "2.327", "valid_ppl": "5.02", "valid_num_updates": "41538", "valid_best_loss": "3.8787"}
| saved checkpoint checkpoints/iwslt_d10_wo/checkpoint46.pt (epoch 46 @ 41538 updates) (writing took 1.6942577362060547 seconds)
{"epoch": 47, "train_loss": "3.391", "train_nll_loss": "1.903", "train_ppl": "3.74", "train_wps": "22339", "train_ups": "5", "train_wpb": "4373.327", "train_bsz": "177.452", "train_num_updates": "42441", "train_lr": "0.0001535", "train_gnorm": "0.808", "train_clip": "0.000", "train_oom": "0.000", "train_wall": "8840", "train_train_wall": "7586"}
{"epoch": 47, "valid_loss": "3.893", "valid_nll_loss": "2.331", "valid_ppl": "5.03", "valid_num_updates": "42441", "valid_best_loss": "3.8787"}
| saved checkpoint checkpoints/iwslt_d10_wo/checkpoint47.pt (epoch 47 @ 42441 updates) (writing took 1.712970495223999 seconds)
{"epoch": 48, "train_loss": "3.380", "train_nll_loss": "1.890", "train_ppl": "3.71", "train_wps": "22331", "train_ups": "5", "train_wpb": "4373.327", "train_bsz": "177.452", "train_num_updates": "43344", "train_lr": "0.000151892", "train_gnorm": "0.811", "train_clip": "0.000", "train_oom": "0.000", "train_wall": "9021", "train_train_wall": "7743"}
{"epoch": 48, "valid_loss": "3.900", "valid_nll_loss": "2.335", "valid_ppl": "5.05", "valid_num_updates": "43344", "valid_best_loss": "3.8787"}
| saved checkpoint checkpoints/iwslt_d10_wo/checkpoint48.pt (epoch 48 @ 43344 updates) (writing took 1.6972484588623047 seconds)
{"epoch": 49, "train_loss": "3.371", "train_nll_loss": "1.880", "train_ppl": "3.68", "train_wps": "22277", "train_ups": "5", "train_wpb": "4373.327", "train_bsz": "177.452", "train_num_updates": "44247", "train_lr": "0.000150334", "train_gnorm": "0.815", "train_clip": "0.000", "train_oom": "0.000", "train_wall": "9203", "train_train_wall": "7901"}
{"epoch": 49, "valid_loss": "3.883", "valid_nll_loss": "2.320", "valid_ppl": "4.99", "valid_num_updates": "44247", "valid_best_loss": "3.8787"}
| saved checkpoint checkpoints/iwslt_d10_wo/checkpoint49.pt (epoch 49 @ 44247 updates) (writing took 1.695955753326416 seconds)
{"epoch": 50, "train_loss": "3.360", "train_nll_loss": "1.867", "train_ppl": "3.65", "train_wps": "22305", "train_ups": "5", "train_wpb": "4373.327", "train_bsz": "177.452", "train_num_updates": "45150", "train_lr": "0.000148823", "train_gnorm": "0.815", "train_clip": "0.000", "train_oom": "0.000", "train_wall": "9385", "train_train_wall": "8058"}
{"epoch": 50, "valid_loss": "3.881", "valid_nll_loss": "2.319", "valid_ppl": "4.99", "valid_num_updates": "45150", "valid_best_loss": "3.8787"}
| saved checkpoint checkpoints/iwslt_d10_wo/checkpoint50.pt (epoch 50 @ 45150 updates) (writing took 1.696923017501831 seconds)
{"epoch": 51, "train_loss": "3.350", "train_nll_loss": "1.855", "train_ppl": "3.62", "train_wps": "22339", "train_ups": "5", "train_wpb": "4373.327", "train_bsz": "177.452", "train_num_updates": "46053", "train_lr": "0.000147357", "train_gnorm": "0.815", "train_clip": "0.000", "train_oom": "0.000", "train_wall": "9566", "train_train_wall": "8215"}
{"epoch": 51, "valid_loss": "3.888", "valid_nll_loss": "2.323", "valid_ppl": "5.00", "valid_num_updates": "46053", "valid_best_loss": "3.8787"}
| saved checkpoint checkpoints/iwslt_d10_wo/checkpoint51.pt (epoch 51 @ 46053 updates) (writing took 1.694279432296753 seconds)
{"epoch": 52, "train_loss": "3.341", "train_nll_loss": "1.845", "train_ppl": "3.59", "train_wps": "22325", "train_ups": "5", "train_wpb": "4373.327", "train_bsz": "177.452", "train_num_updates": "46956", "train_lr": "0.000145933", "train_gnorm": "0.820", "train_clip": "0.000", "train_oom": "0.000", "train_wall": "9747", "train_train_wall": "8373"}
{"epoch": 52, "valid_loss": "3.895", "valid_nll_loss": "2.327", "valid_ppl": "5.02", "valid_num_updates": "46956", "valid_best_loss": "3.8787"}
| saved checkpoint checkpoints/iwslt_d10_wo/checkpoint52.pt (epoch 52 @ 46956 updates) (writing took 1.6932425498962402 seconds)
{"epoch": 53, "train_loss": "3.332", "train_nll_loss": "1.834", "train_ppl": "3.57", "train_wps": "22344", "train_ups": "5", "train_wpb": "4373.327", "train_bsz": "177.452", "train_num_updates": "47859", "train_lr": "0.00014455", "train_gnorm": "0.822", "train_clip": "0.000", "train_oom": "0.000", "train_wall": "9928", "train_train_wall": "8530"}
{"epoch": 53, "valid_loss": "3.885", "valid_nll_loss": "2.323", "valid_ppl": "5.00", "valid_num_updates": "47859", "valid_best_loss": "3.8787"}
| saved checkpoint checkpoints/iwslt_d10_wo/checkpoint53.pt (epoch 53 @ 47859 updates) (writing took 1.6902134418487549 seconds)
{"epoch": 54, "train_loss": "3.322", "train_nll_loss": "1.823", "train_ppl": "3.54", "train_wps": "22283", "train_ups": "5", "train_wpb": "4373.327", "train_bsz": "177.452", "train_num_updates": "48762", "train_lr": "0.000143205", "train_gnorm": "0.824", "train_clip": "0.000", "train_oom": "0.000", "train_wall": "10110", "train_train_wall": "8687"}
{"epoch": 54, "valid_loss": "3.881", "valid_nll_loss": "2.318", "valid_ppl": "4.99", "valid_num_updates": "48762", "valid_best_loss": "3.8787"}
| saved checkpoint checkpoints/iwslt_d10_wo/checkpoint54.pt (epoch 54 @ 48762 updates) (writing took 1.6909315586090088 seconds)
{"epoch": 55, "train_loss": "3.313", "train_nll_loss": "1.813", "train_ppl": "3.51", "train_wps": "22280", "train_ups": "5", "train_wpb": "4373.327", "train_bsz": "177.452", "train_num_updates": "49665", "train_lr": "0.000141898", "train_gnorm": "0.825", "train_clip": "0.000", "train_oom": "0.000", "train_wall": "10291", "train_train_wall": "8845"}
{"epoch": 55, "valid_loss": "3.882", "valid_nll_loss": "2.320", "valid_ppl": "4.99", "valid_num_updates": "49665", "valid_best_loss": "3.8787"}
| saved checkpoint checkpoints/iwslt_d10_wo/checkpoint55.pt (epoch 55 @ 49665 updates) (writing took 1.68812894821167 seconds)
{"epoch": 56, "train_loss": "3.305", "train_nll_loss": "1.804", "train_ppl": "3.49", "train_wps": "22288", "train_ups": "5", "train_wpb": "4373.327", "train_bsz": "177.452", "train_num_updates": "50568", "train_lr": "0.000140625", "train_gnorm": "0.829", "train_clip": "0.000", "train_oom": "0.000", "train_wall": "10473", "train_train_wall": "9003"}
{"epoch": 56, "valid_loss": "3.883", "valid_nll_loss": "2.319", "valid_ppl": "4.99", "valid_num_updates": "50568", "valid_best_loss": "3.8787"}
| saved checkpoint checkpoints/iwslt_d10_wo/checkpoint56.pt (epoch 56 @ 50568 updates) (writing took 1.693183183670044 seconds)
{"epoch": 57, "train_loss": "3.297", "train_nll_loss": "1.794", "train_ppl": "3.47", "train_wps": "22296", "train_ups": "5", "train_wpb": "4373.327", "train_bsz": "177.452", "train_num_updates": "51471", "train_lr": "0.000139386", "train_gnorm": "0.828", "train_clip": "0.000", "train_oom": "0.000", "train_wall": "10654", "train_train_wall": "9160"}
{"epoch": 57, "valid_loss": "3.885", "valid_nll_loss": "2.317", "valid_ppl": "4.98", "valid_num_updates": "51471", "valid_best_loss": "3.8787"}
| saved checkpoint checkpoints/iwslt_d10_wo/checkpoint57.pt (epoch 57 @ 51471 updates) (writing took 1.6973261833190918 seconds)
{"epoch": 58, "train_loss": "3.289", "train_nll_loss": "1.785", "train_ppl": "3.45", "train_wps": "22277", "train_ups": "5", "train_wpb": "4373.327", "train_bsz": "177.452", "train_num_updates": "52374", "train_lr": "0.000138179", "train_gnorm": "0.832", "train_clip": "0.000", "train_oom": "0.000", "train_wall": "10836", "train_train_wall": "9318"}
{"epoch": 58, "valid_loss": "3.880", "valid_nll_loss": "2.316", "valid_ppl": "4.98", "valid_num_updates": "52374", "valid_best_loss": "3.8787"}
| saved checkpoint checkpoints/iwslt_d10_wo/checkpoint58.pt (epoch 58 @ 52374 updates) (writing took 1.6890332698822021 seconds)
{"epoch": 59, "train_loss": "3.281", "train_nll_loss": "1.775", "train_ppl": "3.42", "train_wps": "22297", "train_ups": "5", "train_wpb": "4373.327", "train_bsz": "177.452", "train_num_updates": "53277", "train_lr": "0.000137003", "train_gnorm": "0.835", "train_clip": "0.000", "train_oom": "0.000", "train_wall": "11018", "train_train_wall": "9476"}
{"epoch": 59, "valid_loss": "3.888", "valid_nll_loss": "2.319", "valid_ppl": "4.99", "valid_num_updates": "53277", "valid_best_loss": "3.8787"}
| saved checkpoint checkpoints/iwslt_d10_wo/checkpoint59.pt (epoch 59 @ 53277 updates) (writing took 1.6944191455841064 seconds)
{"epoch": 60, "train_loss": "3.273", "train_nll_loss": "1.766", "train_ppl": "3.40", "train_wps": "22296", "train_ups": "5", "train_wpb": "4373.327", "train_bsz": "177.452", "train_num_updates": "54180", "train_lr": "0.000135857", "train_gnorm": "0.837", "train_clip": "0.000", "train_oom": "0.000", "train_wall": "11199", "train_train_wall": "9633"}
{"epoch": 60, "valid_loss": "3.882", "valid_nll_loss": "2.318", "valid_ppl": "4.99", "valid_num_updates": "54180", "valid_best_loss": "3.8787"}
| saved checkpoint checkpoints/iwslt_d10_wo/checkpoint60.pt (epoch 60 @ 54180 updates) (writing took 1.688415765762329 seconds)
{"epoch": 61, "train_loss": "3.265", "train_nll_loss": "1.757", "train_ppl": "3.38", "train_wps": "22211", "train_ups": "5", "train_wpb": "4373.327", "train_bsz": "177.452", "train_num_updates": "55083", "train_lr": "0.000134738", "train_gnorm": "0.840", "train_clip": "0.000", "train_oom": "0.000", "train_wall": "11381", "train_train_wall": "9791"}
{"epoch": 61, "valid_loss": "3.906", "valid_nll_loss": "2.342", "valid_ppl": "5.07", "valid_num_updates": "55083", "valid_best_loss": "3.8787"}
| saved checkpoint checkpoints/iwslt_d10_wo/checkpoint61.pt (epoch 61 @ 55083 updates) (writing took 1.6962859630584717 seconds)
{"epoch": 62, "train_loss": "3.257", "train_nll_loss": "1.748", "train_ppl": "3.36", "train_wps": "22273", "train_ups": "5", "train_wpb": "4373.327", "train_bsz": "177.452", "train_num_updates": "55986", "train_lr": "0.000133647", "train_gnorm": "0.842", "train_clip": "0.000", "train_oom": "0.000", "train_wall": "11563", "train_train_wall": "9949"}
{"epoch": 62, "valid_loss": "3.873", "valid_nll_loss": "2.312", "valid_ppl": "4.97", "valid_num_updates": "55986", "valid_best_loss": "3.87306"}
| saved checkpoint checkpoints/iwslt_d10_wo/checkpoint62.pt (epoch 62 @ 55986 updates) (writing took 3.079118251800537 seconds)
{"epoch": 63, "train_loss": "3.250", "train_nll_loss": "1.740", "train_ppl": "3.34", "train_wps": "22245", "train_ups": "5", "train_wpb": "4373.327", "train_bsz": "177.452", "train_num_updates": "56889", "train_lr": "0.000132582", "train_gnorm": "0.841", "train_clip": "0.000", "train_oom": "0.000", "train_wall": "11747", "train_train_wall": "10107"}
{"epoch": 63, "valid_loss": "3.897", "valid_nll_loss": "2.332", "valid_ppl": "5.04", "valid_num_updates": "56889", "valid_best_loss": "3.87306"}
| saved checkpoint checkpoints/iwslt_d10_wo/checkpoint63.pt (epoch 63 @ 56889 updates) (writing took 1.700014591217041 seconds)
{"epoch": 64, "train_loss": "3.243", "train_nll_loss": "1.731", "train_ppl": "3.32", "train_wps": "22306", "train_ups": "5", "train_wpb": "4373.327", "train_bsz": "177.452", "train_num_updates": "57792", "train_lr": "0.000131543", "train_gnorm": "0.844", "train_clip": "0.000", "train_oom": "0.000", "train_wall": "11928", "train_train_wall": "10264"}
{"epoch": 64, "valid_loss": "3.905", "valid_nll_loss": "2.336", "valid_ppl": "5.05", "valid_num_updates": "57792", "valid_best_loss": "3.87306"}
| saved checkpoint checkpoints/iwslt_d10_wo/checkpoint64.pt (epoch 64 @ 57792 updates) (writing took 1.6896460056304932 seconds)
{"epoch": 65, "train_loss": "3.236", "train_nll_loss": "1.723", "train_ppl": "3.30", "train_wps": "22328", "train_ups": "5", "train_wpb": "4373.327", "train_bsz": "177.452", "train_num_updates": "58695", "train_lr": "0.000130527", "train_gnorm": "0.847", "train_clip": "0.000", "train_oom": "0.000", "train_wall": "12109", "train_train_wall": "10421"}
{"epoch": 65, "valid_loss": "3.891", "valid_nll_loss": "2.324", "valid_ppl": "5.01", "valid_num_updates": "58695", "valid_best_loss": "3.87306"}
| saved checkpoint checkpoints/iwslt_d10_wo/checkpoint65.pt (epoch 65 @ 58695 updates) (writing took 1.6929550170898438 seconds)
{"epoch": 66, "train_loss": "3.229", "train_nll_loss": "1.715", "train_ppl": "3.28", "train_wps": "22320", "train_ups": "5", "train_wpb": "4373.327", "train_bsz": "177.452", "train_num_updates": "59598", "train_lr": "0.000129534", "train_gnorm": "0.849", "train_clip": "0.000", "train_oom": "0.000", "train_wall": "12291", "train_train_wall": "10579"}
{"epoch": 66, "valid_loss": "3.896", "valid_nll_loss": "2.334", "valid_ppl": "5.04", "valid_num_updates": "59598", "valid_best_loss": "3.87306"}
| saved checkpoint checkpoints/iwslt_d10_wo/checkpoint66.pt (epoch 66 @ 59598 updates) (writing took 1.6942334175109863 seconds)
{"epoch": 67, "train_loss": "3.200", "train_nll_loss": "1.683", "train_ppl": "3.21", "train_wps": "22260", "train_ups": "5", "train_wpb": "4389.973", "train_bsz": "183.201", "train_num_updates": "60000", "train_lr": "0.000129099", "train_gnorm": "0.841", "train_clip": "0.000", "train_oom": "0.000", "train_wall": "12374", "train_train_wall": "10649"}
{"epoch": 67, "valid_loss": "3.887", "valid_nll_loss": "2.324", "valid_ppl": "5.01", "valid_num_updates": "60000", "valid_best_loss": "3.87306"}
| saved checkpoint checkpoints/iwslt_d10_wo/checkpoint_last.pt (epoch 67 @ 60000 updates) (writing took 1.3847370147705078 seconds)
| done training in 12377.4 seconds
