Namespace(activation_dropout=0.0, activation_fn='relu', adam_betas='(0.9, 0.98)', adam_eps=1e-08, adaptive_input=False, adaptive_softmax_cutoff=None, adaptive_softmax_dropout=0, arch='transformer_iwslt_de_en', attention_dropout=0.0, best_checkpoint_metric='loss', bucket_cap_mb=25, clip_norm=25, cpu=False, criterion='label_smoothed_cross_entropy', curriculum=0, data='data-bin/iwslt14.tokenized.de-en', dataset_impl='cached', ddp_backend='c10d', decoder_attention_heads=4, decoder_embed_dim=512, decoder_embed_path=None, decoder_ffn_embed_dim=1024, decoder_input_dim=512, decoder_layers=6, decoder_learned_pos=False, decoder_normalize_before=False, decoder_output_dim=512, device_id=0, disable_validation=False, distributed_backend='nccl', distributed_init_method=None, distributed_no_spawn=False, distributed_port=-1, distributed_rank=0, distributed_world_size=1, dropout=0.3, encoder_attention_heads=4, encoder_embed_dim=512, encoder_embed_path=None, encoder_ffn_embed_dim=1024, encoder_layers=6, encoder_learned_pos=False, encoder_normalize_before=False, exp_root=0.5, find_unused_parameters=False, fix_batches_to_gpus=False, fp16=False, fp16_init_scale=128, fp16_scale_tolerance=0.0, fp16_scale_window=None, keep_interval_updates=-1, keep_last_epochs=-1, label_smoothing=0.1, lazy_load=False, left_pad_source='True', left_pad_target='False', log_format='json', log_interval=1000, lr=[0.0005], lr_scheduler='inverse_sqrt', max_epoch=0, max_sentences=None, max_sentences_valid=None, max_source_positions=1024, max_target_positions=1024, max_tokens=5000, max_tokens_valid=5000, max_update=60000, maximize_best_checkpoint_metric=False, memory_efficient_fp16=False, min_loss_scale=0.0001, min_lr=1e-09, no_epoch_checkpoints=False, no_last_checkpoints=False, no_progress_bar=True, no_save=False, no_save_optimizer_state=False, no_token_positional_embeddings=False, num_workers=0, optimizer='adam', optimizer_overrides='{}', raw_text=False, required_batch_size_multiple=8, reset_dataloader=False, reset_lr_scheduler=False, reset_meters=False, reset_optimizer=False, restore_file='checkpoint_last.pt', save_dir='checkpoints/iwslt_d10', save_interval=1, save_interval_updates=0, seed=1, sentence_avg=False, share_all_embeddings=False, share_decoder_input_output_embed=True, skip_invalid_size_inputs_valid_test=False, source_lang='de', target_lang='en', task='translation', tbmf_wrapper=False, tensorboard_logdir='', threshold_loss_scale=None, train_subset='train', update_freq=[1], upsample_primary=1, use_bmuf=False, user_dir=None, valid_subset='valid', validate_interval=1, warmup_init_lr=1e-07, warmup_updates=4000, weight_decay=0.0001)
| [de] dictionary: 8848 types
| [en] dictionary: 6632 types
| data-bin/iwslt14.tokenized.de-en valid de-en 7283 examples
TransformerModel(
  (encoder): TransformerEncoder(
    (embed_tokens): Embedding(8848, 512, padding_idx=1)
    (embed_positions): SinusoidalPositionalEmbedding()
    (layers): ModuleList(
      (0): TransformerEncoderLayer(
        (self_attn): MultiheadAttention(
          (out_proj): Linear(in_features=512, out_features=512, bias=True)
        )
        (self_attn_layer_norm): LayerNorm(torch.Size([512]), eps=1e-05, elementwise_affine=True)
        (fc1): Linear(in_features=512, out_features=1024, bias=True)
        (fc2): Linear(in_features=1024, out_features=512, bias=True)
        (final_layer_norm): LayerNorm(torch.Size([512]), eps=1e-05, elementwise_affine=True)
      )
      (1): TransformerEncoderLayer(
        (self_attn): MultiheadAttention(
          (out_proj): Linear(in_features=512, out_features=512, bias=True)
        )
        (self_attn_layer_norm): LayerNorm(torch.Size([512]), eps=1e-05, elementwise_affine=True)
        (fc1): Linear(in_features=512, out_features=1024, bias=True)
        (fc2): Linear(in_features=1024, out_features=512, bias=True)
        (final_layer_norm): LayerNorm(torch.Size([512]), eps=1e-05, elementwise_affine=True)
      )
      (2): TransformerEncoderLayer(
        (self_attn): MultiheadAttention(
          (out_proj): Linear(in_features=512, out_features=512, bias=True)
        )
        (self_attn_layer_norm): LayerNorm(torch.Size([512]), eps=1e-05, elementwise_affine=True)
        (fc1): Linear(in_features=512, out_features=1024, bias=True)
        (fc2): Linear(in_features=1024, out_features=512, bias=True)
        (final_layer_norm): LayerNorm(torch.Size([512]), eps=1e-05, elementwise_affine=True)
      )
      (3): TransformerEncoderLayer(
        (self_attn): MultiheadAttention(
          (out_proj): Linear(in_features=512, out_features=512, bias=True)
        )
        (self_attn_layer_norm): LayerNorm(torch.Size([512]), eps=1e-05, elementwise_affine=True)
        (fc1): Linear(in_features=512, out_features=1024, bias=True)
        (fc2): Linear(in_features=1024, out_features=512, bias=True)
        (final_layer_norm): LayerNorm(torch.Size([512]), eps=1e-05, elementwise_affine=True)
      )
      (4): TransformerEncoderLayer(
        (self_attn): MultiheadAttention(
          (out_proj): Linear(in_features=512, out_features=512, bias=True)
        )
        (self_attn_layer_norm): LayerNorm(torch.Size([512]), eps=1e-05, elementwise_affine=True)
        (fc1): Linear(in_features=512, out_features=1024, bias=True)
        (fc2): Linear(in_features=1024, out_features=512, bias=True)
        (final_layer_norm): LayerNorm(torch.Size([512]), eps=1e-05, elementwise_affine=True)
      )
      (5): TransformerEncoderLayer(
        (self_attn): MultiheadAttention(
          (out_proj): Linear(in_features=512, out_features=512, bias=True)
        )
        (self_attn_layer_norm): LayerNorm(torch.Size([512]), eps=1e-05, elementwise_affine=True)
        (fc1): Linear(in_features=512, out_features=1024, bias=True)
        (fc2): Linear(in_features=1024, out_features=512, bias=True)
        (final_layer_norm): LayerNorm(torch.Size([512]), eps=1e-05, elementwise_affine=True)
      )
    )
  )
  (decoder): TransformerDecoder(
    (embed_tokens): Embedding(6632, 512, padding_idx=1)
    (embed_positions): SinusoidalPositionalEmbedding()
    (layers): ModuleList(
      (0): TransformerDecoderLayer(
        (self_attn): MultiheadAttention(
          (out_proj): Linear(in_features=512, out_features=512, bias=True)
        )
        (self_attn_layer_norm): LayerNorm(torch.Size([512]), eps=1e-05, elementwise_affine=True)
        (encoder_attn): MultiheadAttention(
          (out_proj): Linear(in_features=512, out_features=512, bias=True)
        )
        (encoder_attn_layer_norm): LayerNorm(torch.Size([512]), eps=1e-05, elementwise_affine=True)
        (fc1): Linear(in_features=512, out_features=1024, bias=True)
        (fc2): Linear(in_features=1024, out_features=512, bias=True)
        (final_layer_norm): LayerNorm(torch.Size([512]), eps=1e-05, elementwise_affine=True)
      )
      (1): TransformerDecoderLayer(
        (self_attn): MultiheadAttention(
          (out_proj): Linear(in_features=512, out_features=512, bias=True)
        )
        (self_attn_layer_norm): LayerNorm(torch.Size([512]), eps=1e-05, elementwise_affine=True)
        (encoder_attn): MultiheadAttention(
          (out_proj): Linear(in_features=512, out_features=512, bias=True)
        )
        (encoder_attn_layer_norm): LayerNorm(torch.Size([512]), eps=1e-05, elementwise_affine=True)
        (fc1): Linear(in_features=512, out_features=1024, bias=True)
        (fc2): Linear(in_features=1024, out_features=512, bias=True)
        (final_layer_norm): LayerNorm(torch.Size([512]), eps=1e-05, elementwise_affine=True)
      )
      (2): TransformerDecoderLayer(
        (self_attn): MultiheadAttention(
          (out_proj): Linear(in_features=512, out_features=512, bias=True)
        )
        (self_attn_layer_norm): LayerNorm(torch.Size([512]), eps=1e-05, elementwise_affine=True)
        (encoder_attn): MultiheadAttention(
          (out_proj): Linear(in_features=512, out_features=512, bias=True)
        )
        (encoder_attn_layer_norm): LayerNorm(torch.Size([512]), eps=1e-05, elementwise_affine=True)
        (fc1): Linear(in_features=512, out_features=1024, bias=True)
        (fc2): Linear(in_features=1024, out_features=512, bias=True)
        (final_layer_norm): LayerNorm(torch.Size([512]), eps=1e-05, elementwise_affine=True)
      )
      (3): TransformerDecoderLayer(
        (self_attn): MultiheadAttention(
          (out_proj): Linear(in_features=512, out_features=512, bias=True)
        )
        (self_attn_layer_norm): LayerNorm(torch.Size([512]), eps=1e-05, elementwise_affine=True)
        (encoder_attn): MultiheadAttention(
          (out_proj): Linear(in_features=512, out_features=512, bias=True)
        )
        (encoder_attn_layer_norm): LayerNorm(torch.Size([512]), eps=1e-05, elementwise_affine=True)
        (fc1): Linear(in_features=512, out_features=1024, bias=True)
        (fc2): Linear(in_features=1024, out_features=512, bias=True)
        (final_layer_norm): LayerNorm(torch.Size([512]), eps=1e-05, elementwise_affine=True)
      )
      (4): TransformerDecoderLayer(
        (self_attn): MultiheadAttention(
          (out_proj): Linear(in_features=512, out_features=512, bias=True)
        )
        (self_attn_layer_norm): LayerNorm(torch.Size([512]), eps=1e-05, elementwise_affine=True)
        (encoder_attn): MultiheadAttention(
          (out_proj): Linear(in_features=512, out_features=512, bias=True)
        )
        (encoder_attn_layer_norm): LayerNorm(torch.Size([512]), eps=1e-05, elementwise_affine=True)
        (fc1): Linear(in_features=512, out_features=1024, bias=True)
        (fc2): Linear(in_features=1024, out_features=512, bias=True)
        (final_layer_norm): LayerNorm(torch.Size([512]), eps=1e-05, elementwise_affine=True)
      )
      (5): TransformerDecoderLayer(
        (self_attn): MultiheadAttention(
          (out_proj): Linear(in_features=512, out_features=512, bias=True)
        )
        (self_attn_layer_norm): LayerNorm(torch.Size([512]), eps=1e-05, elementwise_affine=True)
        (encoder_attn): MultiheadAttention(
          (out_proj): Linear(in_features=512, out_features=512, bias=True)
        )
        (encoder_attn_layer_norm): LayerNorm(torch.Size([512]), eps=1e-05, elementwise_affine=True)
        (fc1): Linear(in_features=512, out_features=1024, bias=True)
        (fc2): Linear(in_features=1024, out_features=512, bias=True)
        (final_layer_norm): LayerNorm(torch.Size([512]), eps=1e-05, elementwise_affine=True)
      )
    )
  )
)
| model transformer_iwslt_de_en, criterion LabelSmoothedCrossEntropyCriterion
| num. model params: 39469056 (num. trained: 39469056)
| training on 1 GPUs
| max tokens per GPU = 5000 and max sentences per GPU = None
| no existing checkpoint found checkpoints/iwslt_d10/checkpoint_last.pt
| loading train data for epoch 0
| data-bin/iwslt14.tokenized.de-en train de-en 160239 examples
| NOTICE: your device may support faster training with --fp16
{"epoch": 1, "train_loss": "9.778", "train_nll_loss": "9.289", "train_ppl": "625.43", "train_wps": "20858", "train_ups": "5", "train_wpb": "4373.327", "train_bsz": "177.452", "train_num_updates": "903", "train_lr": "0.000112952", "train_gnorm": "1.642", "train_clip": "0.000", "train_oom": "0.000", "train_wall": "191", "train_train_wall": "166"}
{"epoch": 1, "valid_loss": "8.530", "valid_nll_loss": "7.799", "valid_ppl": "222.64", "valid_num_updates": "903"}
| saved checkpoint checkpoints/iwslt_d10/checkpoint1.pt (epoch 1 @ 903 updates) (writing took 1.1229701042175293 seconds)
{"epoch": 2, "train_loss": "8.233", "train_nll_loss": "7.488", "train_ppl": "179.57", "train_wps": "21458", "train_ups": "5", "train_wpb": "4373.327", "train_bsz": "177.452", "train_num_updates": "1806", "train_lr": "0.000225805", "train_gnorm": "1.276", "train_clip": "0.000", "train_oom": "0.000", "train_wall": "379", "train_train_wall": "328"}
{"epoch": 2, "valid_loss": "7.759", "valid_nll_loss": "6.889", "valid_ppl": "118.54", "valid_num_updates": "1806", "valid_best_loss": "7.75877"}
| saved checkpoint checkpoints/iwslt_d10/checkpoint2.pt (epoch 2 @ 1806 updates) (writing took 3.101029634475708 seconds)
{"epoch": 3, "train_loss": "7.644", "train_nll_loss": "6.802", "train_ppl": "111.59", "train_wps": "21450", "train_ups": "5", "train_wpb": "4373.327", "train_bsz": "177.452", "train_num_updates": "2709", "train_lr": "0.000338657", "train_gnorm": "1.078", "train_clip": "0.000", "train_oom": "0.000", "train_wall": "569", "train_train_wall": "490"}
{"epoch": 3, "valid_loss": "7.340", "valid_nll_loss": "6.383", "valid_ppl": "83.46", "valid_num_updates": "2709", "valid_best_loss": "7.33964"}
| saved checkpoint checkpoints/iwslt_d10/checkpoint3.pt (epoch 3 @ 2709 updates) (writing took 3.105756998062134 seconds)
{"epoch": 4, "train_loss": "7.163", "train_nll_loss": "6.243", "train_ppl": "75.76", "train_wps": "20911", "train_ups": "5", "train_wpb": "4373.327", "train_bsz": "177.452", "train_num_updates": "3612", "train_lr": "0.00045151", "train_gnorm": "1.026", "train_clip": "0.000", "train_oom": "0.000", "train_wall": "764", "train_train_wall": "656"}
{"epoch": 4, "valid_loss": "6.691", "valid_nll_loss": "5.626", "valid_ppl": "49.38", "valid_num_updates": "3612", "valid_best_loss": "6.69068"}
| saved checkpoint checkpoints/iwslt_d10/checkpoint4.pt (epoch 4 @ 3612 updates) (writing took 3.1180872917175293 seconds)
{"epoch": 5, "train_loss": "6.562", "train_nll_loss": "5.545", "train_ppl": "46.70", "train_wps": "21535", "train_ups": "5", "train_wpb": "4373.327", "train_bsz": "177.452", "train_num_updates": "4515", "train_lr": "0.000470621", "train_gnorm": "1.047", "train_clip": "0.000", "train_oom": "0.000", "train_wall": "953", "train_train_wall": "818"}
{"epoch": 5, "valid_loss": "6.009", "valid_nll_loss": "4.816", "valid_ppl": "28.17", "valid_num_updates": "4515", "valid_best_loss": "6.00919"}
| saved checkpoint checkpoints/iwslt_d10/checkpoint5.pt (epoch 5 @ 4515 updates) (writing took 3.1051063537597656 seconds)
{"epoch": 6, "train_loss": "5.972", "train_nll_loss": "4.859", "train_ppl": "29.02", "train_wps": "21625", "train_ups": "5", "train_wpb": "4373.327", "train_bsz": "177.452", "train_num_updates": "5418", "train_lr": "0.000429616", "train_gnorm": "1.018", "train_clip": "0.000", "train_oom": "0.000", "train_wall": "1142", "train_train_wall": "980"}
{"epoch": 6, "valid_loss": "5.525", "valid_nll_loss": "4.222", "valid_ppl": "18.66", "valid_num_updates": "5418", "valid_best_loss": "5.52534"}
| saved checkpoint checkpoints/iwslt_d10/checkpoint6.pt (epoch 6 @ 5418 updates) (writing took 3.123775005340576 seconds)
{"epoch": 7, "train_loss": "5.545", "train_nll_loss": "4.362", "train_ppl": "20.56", "train_wps": "21641", "train_ups": "5", "train_wpb": "4373.327", "train_bsz": "177.452", "train_num_updates": "6321", "train_lr": "0.000397747", "train_gnorm": "0.960", "train_clip": "0.000", "train_oom": "0.000", "train_wall": "1330", "train_train_wall": "1142"}
{"epoch": 7, "valid_loss": "5.149", "valid_nll_loss": "3.792", "valid_ppl": "13.86", "valid_num_updates": "6321", "valid_best_loss": "5.14894"}
| saved checkpoint checkpoints/iwslt_d10/checkpoint7.pt (epoch 7 @ 6321 updates) (writing took 3.1137561798095703 seconds)
{"epoch": 8, "train_loss": "5.213", "train_nll_loss": "3.976", "train_ppl": "15.74", "train_wps": "21631", "train_ups": "5", "train_wpb": "4373.327", "train_bsz": "177.452", "train_num_updates": "7224", "train_lr": "0.000372058", "train_gnorm": "0.915", "train_clip": "0.000", "train_oom": "0.000", "train_wall": "1518", "train_train_wall": "1304"}
{"epoch": 8, "valid_loss": "4.876", "valid_nll_loss": "3.463", "valid_ppl": "11.03", "valid_num_updates": "7224", "valid_best_loss": "4.87599"}
| saved checkpoint checkpoints/iwslt_d10/checkpoint8.pt (epoch 8 @ 7224 updates) (writing took 3.106386184692383 seconds)
{"epoch": 9, "train_loss": "4.972", "train_nll_loss": "3.699", "train_ppl": "12.99", "train_wps": "21705", "train_ups": "5", "train_wpb": "4373.327", "train_bsz": "177.452", "train_num_updates": "8127", "train_lr": "0.00035078", "train_gnorm": "0.887", "train_clip": "0.000", "train_oom": "0.000", "train_wall": "1706", "train_train_wall": "1465"}
{"epoch": 9, "valid_loss": "4.724", "valid_nll_loss": "3.280", "valid_ppl": "9.71", "valid_num_updates": "8127", "valid_best_loss": "4.72445"}
| saved checkpoint checkpoints/iwslt_d10/checkpoint9.pt (epoch 9 @ 8127 updates) (writing took 3.109098434448242 seconds)
{"epoch": 10, "train_loss": "4.790", "train_nll_loss": "3.491", "train_ppl": "11.24", "train_wps": "21759", "train_ups": "5", "train_wpb": "4373.327", "train_bsz": "177.452", "train_num_updates": "9030", "train_lr": "0.000332779", "train_gnorm": "0.861", "train_clip": "0.000", "train_oom": "0.000", "train_wall": "1894", "train_train_wall": "1626"}
{"epoch": 10, "valid_loss": "4.575", "valid_nll_loss": "3.113", "valid_ppl": "8.65", "valid_num_updates": "9030", "valid_best_loss": "4.5746"}
| saved checkpoint checkpoints/iwslt_d10/checkpoint10.pt (epoch 10 @ 9030 updates) (writing took 3.1030030250549316 seconds)
{"epoch": 11, "train_loss": "4.646", "train_nll_loss": "3.327", "train_ppl": "10.03", "train_wps": "21753", "train_ups": "5", "train_wpb": "4373.327", "train_bsz": "177.452", "train_num_updates": "9933", "train_lr": "0.000317292", "train_gnorm": "0.844", "train_clip": "0.000", "train_oom": "0.000", "train_wall": "2081", "train_train_wall": "1787"}
{"epoch": 11, "valid_loss": "4.493", "valid_nll_loss": "3.019", "valid_ppl": "8.11", "valid_num_updates": "9933", "valid_best_loss": "4.49303"}
| saved checkpoint checkpoints/iwslt_d10/checkpoint11.pt (epoch 11 @ 9933 updates) (writing took 3.0924413204193115 seconds)
{"epoch": 12, "train_loss": "4.530", "train_nll_loss": "3.196", "train_ppl": "9.16", "train_wps": "21776", "train_ups": "5", "train_wpb": "4373.327", "train_bsz": "177.452", "train_num_updates": "10836", "train_lr": "0.000303784", "train_gnorm": "0.827", "train_clip": "0.000", "train_oom": "0.000", "train_wall": "2268", "train_train_wall": "1947"}
{"epoch": 12, "valid_loss": "4.385", "valid_nll_loss": "2.901", "valid_ppl": "7.47", "valid_num_updates": "10836", "valid_best_loss": "4.38457"}
| saved checkpoint checkpoints/iwslt_d10/checkpoint12.pt (epoch 12 @ 10836 updates) (writing took 3.029176712036133 seconds)
{"epoch": 13, "train_loss": "4.432", "train_nll_loss": "3.085", "train_ppl": "8.49", "train_wps": "21766", "train_ups": "5", "train_wpb": "4373.327", "train_bsz": "177.452", "train_num_updates": "11739", "train_lr": "0.000291867", "train_gnorm": "0.811", "train_clip": "0.000", "train_oom": "0.000", "train_wall": "2455", "train_train_wall": "2108"}
{"epoch": 13, "valid_loss": "4.353", "valid_nll_loss": "2.851", "valid_ppl": "7.21", "valid_num_updates": "11739", "valid_best_loss": "4.35302"}
| saved checkpoint checkpoints/iwslt_d10/checkpoint13.pt (epoch 13 @ 11739 updates) (writing took 3.0972986221313477 seconds)
{"epoch": 14, "train_loss": "4.355", "train_nll_loss": "2.998", "train_ppl": "7.99", "train_wps": "21782", "train_ups": "5", "train_wpb": "4373.327", "train_bsz": "177.452", "train_num_updates": "12642", "train_lr": "0.00028125", "train_gnorm": "0.804", "train_clip": "0.000", "train_oom": "0.000", "train_wall": "2643", "train_train_wall": "2269"}
{"epoch": 14, "valid_loss": "4.292", "valid_nll_loss": "2.781", "valid_ppl": "6.87", "valid_num_updates": "12642", "valid_best_loss": "4.29159"}
| saved checkpoint checkpoints/iwslt_d10/checkpoint14.pt (epoch 14 @ 12642 updates) (writing took 3.090430498123169 seconds)
{"epoch": 15, "train_loss": "4.285", "train_nll_loss": "2.919", "train_ppl": "7.56", "train_wps": "21776", "train_ups": "5", "train_wpb": "4373.327", "train_bsz": "177.452", "train_num_updates": "13545", "train_lr": "0.000271713", "train_gnorm": "0.792", "train_clip": "0.000", "train_oom": "0.000", "train_wall": "2830", "train_train_wall": "2430"}
{"epoch": 15, "valid_loss": "4.247", "valid_nll_loss": "2.728", "valid_ppl": "6.62", "valid_num_updates": "13545", "valid_best_loss": "4.24656"}
| saved checkpoint checkpoints/iwslt_d10/checkpoint15.pt (epoch 15 @ 13545 updates) (writing took 3.0868935585021973 seconds)
{"epoch": 16, "train_loss": "4.228", "train_nll_loss": "2.854", "train_ppl": "7.23", "train_wps": "21802", "train_ups": "5", "train_wpb": "4373.327", "train_bsz": "177.452", "train_num_updates": "14448", "train_lr": "0.000263085", "train_gnorm": "0.788", "train_clip": "0.000", "train_oom": "0.000", "train_wall": "3017", "train_train_wall": "2591"}
{"epoch": 16, "valid_loss": "4.190", "valid_nll_loss": "2.672", "valid_ppl": "6.37", "valid_num_updates": "14448", "valid_best_loss": "4.19043"}
| saved checkpoint checkpoints/iwslt_d10/checkpoint16.pt (epoch 16 @ 14448 updates) (writing took 3.113037347793579 seconds)
{"epoch": 17, "train_loss": "4.177", "train_nll_loss": "2.797", "train_ppl": "6.95", "train_wps": "21771", "train_ups": "5", "train_wpb": "4373.327", "train_bsz": "177.452", "train_num_updates": "15351", "train_lr": "0.00025523", "train_gnorm": "0.781", "train_clip": "0.000", "train_oom": "0.000", "train_wall": "3204", "train_train_wall": "2751"}
{"epoch": 17, "valid_loss": "4.182", "valid_nll_loss": "2.659", "valid_ppl": "6.31", "valid_num_updates": "15351", "valid_best_loss": "4.1822"}
| saved checkpoint checkpoints/iwslt_d10/checkpoint17.pt (epoch 17 @ 15351 updates) (writing took 3.08793306350708 seconds)
{"epoch": 18, "train_loss": "4.131", "train_nll_loss": "2.744", "train_ppl": "6.70", "train_wps": "21796", "train_ups": "5", "train_wpb": "4373.327", "train_bsz": "177.452", "train_num_updates": "16254", "train_lr": "0.000248039", "train_gnorm": "0.774", "train_clip": "0.000", "train_oom": "0.000", "train_wall": "3391", "train_train_wall": "2912"}
{"epoch": 18, "valid_loss": "4.130", "valid_nll_loss": "2.608", "valid_ppl": "6.09", "valid_num_updates": "16254", "valid_best_loss": "4.12962"}
| saved checkpoint checkpoints/iwslt_d10/checkpoint18.pt (epoch 18 @ 16254 updates) (writing took 3.092970132827759 seconds)
{"epoch": 19, "train_loss": "4.088", "train_nll_loss": "2.697", "train_ppl": "6.48", "train_wps": "21788", "train_ups": "5", "train_wpb": "4373.327", "train_bsz": "177.452", "train_num_updates": "17157", "train_lr": "0.000241423", "train_gnorm": "0.771", "train_clip": "0.000", "train_oom": "0.000", "train_wall": "3578", "train_train_wall": "3073"}
{"epoch": 19, "valid_loss": "4.142", "valid_nll_loss": "2.611", "valid_ppl": "6.11", "valid_num_updates": "17157", "valid_best_loss": "4.12962"}
| saved checkpoint checkpoints/iwslt_d10/checkpoint19.pt (epoch 19 @ 17157 updates) (writing took 1.7037124633789062 seconds)
{"epoch": 20, "train_loss": "4.051", "train_nll_loss": "2.654", "train_ppl": "6.29", "train_wps": "21781", "train_ups": "5", "train_wpb": "4373.327", "train_bsz": "177.452", "train_num_updates": "18060", "train_lr": "0.00023531", "train_gnorm": "0.765", "train_clip": "0.000", "train_oom": "0.000", "train_wall": "3764", "train_train_wall": "3234"}
{"epoch": 20, "valid_loss": "4.108", "valid_nll_loss": "2.573", "valid_ppl": "5.95", "valid_num_updates": "18060", "valid_best_loss": "4.10781"}
| saved checkpoint checkpoints/iwslt_d10/checkpoint20.pt (epoch 20 @ 18060 updates) (writing took 3.1405370235443115 seconds)
{"epoch": 21, "train_loss": "4.017", "train_nll_loss": "2.616", "train_ppl": "6.13", "train_wps": "21786", "train_ups": "5", "train_wpb": "4373.327", "train_bsz": "177.452", "train_num_updates": "18963", "train_lr": "0.000229639", "train_gnorm": "0.763", "train_clip": "0.000", "train_oom": "0.000", "train_wall": "3951", "train_train_wall": "3395"}
{"epoch": 21, "valid_loss": "4.092", "valid_nll_loss": "2.556", "valid_ppl": "5.88", "valid_num_updates": "18963", "valid_best_loss": "4.09248"}
| saved checkpoint checkpoints/iwslt_d10/checkpoint21.pt (epoch 21 @ 18963 updates) (writing took 3.08748459815979 seconds)
{"epoch": 22, "train_loss": "3.987", "train_nll_loss": "2.582", "train_ppl": "5.99", "train_wps": "21810", "train_ups": "5", "train_wpb": "4373.327", "train_bsz": "177.452", "train_num_updates": "19866", "train_lr": "0.00022436", "train_gnorm": "0.762", "train_clip": "0.000", "train_oom": "0.000", "train_wall": "4138", "train_train_wall": "3555"}
{"epoch": 22, "valid_loss": "4.057", "valid_nll_loss": "2.517", "valid_ppl": "5.72", "valid_num_updates": "19866", "valid_best_loss": "4.05724"}
| saved checkpoint checkpoints/iwslt_d10/checkpoint22.pt (epoch 22 @ 19866 updates) (writing took 3.095227003097534 seconds)
{"epoch": 23, "train_loss": "3.957", "train_nll_loss": "2.548", "train_ppl": "5.85", "train_wps": "21792", "train_ups": "5", "train_wpb": "4373.327", "train_bsz": "177.452", "train_num_updates": "20769", "train_lr": "0.000219428", "train_gnorm": "0.757", "train_clip": "0.000", "train_oom": "0.000", "train_wall": "4325", "train_train_wall": "3716"}
{"epoch": 23, "valid_loss": "4.068", "valid_nll_loss": "2.526", "valid_ppl": "5.76", "valid_num_updates": "20769", "valid_best_loss": "4.05724"}
| saved checkpoint checkpoints/iwslt_d10/checkpoint23.pt (epoch 23 @ 20769 updates) (writing took 1.7063589096069336 seconds)
{"epoch": 24, "train_loss": "3.932", "train_nll_loss": "2.520", "train_ppl": "5.74", "train_wps": "21789", "train_ups": "5", "train_wpb": "4373.327", "train_bsz": "177.452", "train_num_updates": "21672", "train_lr": "0.000214808", "train_gnorm": "0.758", "train_clip": "0.000", "train_oom": "0.000", "train_wall": "4511", "train_train_wall": "3877"}
{"epoch": 24, "valid_loss": "4.039", "valid_nll_loss": "2.495", "valid_ppl": "5.64", "valid_num_updates": "21672", "valid_best_loss": "4.03882"}
| saved checkpoint checkpoints/iwslt_d10/checkpoint24.pt (epoch 24 @ 21672 updates) (writing took 3.162745475769043 seconds)
{"epoch": 25, "train_loss": "3.906", "train_nll_loss": "2.491", "train_ppl": "5.62", "train_wps": "21816", "train_ups": "5", "train_wpb": "4373.327", "train_bsz": "177.452", "train_num_updates": "22575", "train_lr": "0.000210468", "train_gnorm": "0.755", "train_clip": "0.000", "train_oom": "0.000", "train_wall": "4698", "train_train_wall": "4037"}
{"epoch": 25, "valid_loss": "4.064", "valid_nll_loss": "2.513", "valid_ppl": "5.71", "valid_num_updates": "22575", "valid_best_loss": "4.03882"}
| saved checkpoint checkpoints/iwslt_d10/checkpoint25.pt (epoch 25 @ 22575 updates) (writing took 1.7096986770629883 seconds)
{"epoch": 26, "train_loss": "3.883", "train_nll_loss": "2.464", "train_ppl": "5.52", "train_wps": "21790", "train_ups": "5", "train_wpb": "4373.327", "train_bsz": "177.452", "train_num_updates": "23478", "train_lr": "0.000206381", "train_gnorm": "0.753", "train_clip": "0.000", "train_oom": "0.000", "train_wall": "4883", "train_train_wall": "4198"}
{"epoch": 26, "valid_loss": "4.012", "valid_nll_loss": "2.465", "valid_ppl": "5.52", "valid_num_updates": "23478", "valid_best_loss": "4.01223"}
| saved checkpoint checkpoints/iwslt_d10/checkpoint26.pt (epoch 26 @ 23478 updates) (writing took 3.082252025604248 seconds)
{"epoch": 27, "train_loss": "3.862", "train_nll_loss": "2.440", "train_ppl": "5.43", "train_wps": "21787", "train_ups": "5", "train_wpb": "4373.327", "train_bsz": "177.452", "train_num_updates": "24381", "train_lr": "0.000202523", "train_gnorm": "0.752", "train_clip": "0.000", "train_oom": "0.000", "train_wall": "5070", "train_train_wall": "4359"}
{"epoch": 27, "valid_loss": "4.028", "valid_nll_loss": "2.478", "valid_ppl": "5.57", "valid_num_updates": "24381", "valid_best_loss": "4.01223"}
| saved checkpoint checkpoints/iwslt_d10/checkpoint27.pt (epoch 27 @ 24381 updates) (writing took 1.7283685207366943 seconds)
{"epoch": 28, "train_loss": "3.841", "train_nll_loss": "2.416", "train_ppl": "5.34", "train_wps": "21791", "train_ups": "5", "train_wpb": "4373.327", "train_bsz": "177.452", "train_num_updates": "25284", "train_lr": "0.000198874", "train_gnorm": "0.753", "train_clip": "0.000", "train_oom": "0.000", "train_wall": "5256", "train_train_wall": "4520"}
{"epoch": 28, "valid_loss": "3.993", "valid_nll_loss": "2.444", "valid_ppl": "5.44", "valid_num_updates": "25284", "valid_best_loss": "3.99275"}
| saved checkpoint checkpoints/iwslt_d10/checkpoint28.pt (epoch 28 @ 25284 updates) (writing took 3.1512510776519775 seconds)
{"epoch": 29, "train_loss": "3.822", "train_nll_loss": "2.395", "train_ppl": "5.26", "train_wps": "21796", "train_ups": "5", "train_wpb": "4373.327", "train_bsz": "177.452", "train_num_updates": "26187", "train_lr": "0.000195415", "train_gnorm": "0.750", "train_clip": "0.000", "train_oom": "0.000", "train_wall": "5443", "train_train_wall": "4680"}
{"epoch": 29, "valid_loss": "4.004", "valid_nll_loss": "2.450", "valid_ppl": "5.46", "valid_num_updates": "26187", "valid_best_loss": "3.99275"}
| saved checkpoint checkpoints/iwslt_d10/checkpoint29.pt (epoch 29 @ 26187 updates) (writing took 1.7126660346984863 seconds)
{"epoch": 30, "train_loss": "3.805", "train_nll_loss": "2.375", "train_ppl": "5.19", "train_wps": "21838", "train_ups": "5", "train_wpb": "4373.327", "train_bsz": "177.452", "train_num_updates": "27090", "train_lr": "0.00019213", "train_gnorm": "0.752", "train_clip": "0.000", "train_oom": "0.000", "train_wall": "5628", "train_train_wall": "4840"}
{"epoch": 30, "valid_loss": "3.966", "valid_nll_loss": "2.415", "valid_ppl": "5.33", "valid_num_updates": "27090", "valid_best_loss": "3.9656"}
| saved checkpoint checkpoints/iwslt_d10/checkpoint30.pt (epoch 30 @ 27090 updates) (writing took 3.104506254196167 seconds)
{"epoch": 31, "train_loss": "3.789", "train_nll_loss": "2.356", "train_ppl": "5.12", "train_wps": "21797", "train_ups": "5", "train_wpb": "4373.327", "train_bsz": "177.452", "train_num_updates": "27993", "train_lr": "0.000189006", "train_gnorm": "0.754", "train_clip": "0.000", "train_oom": "0.000", "train_wall": "5815", "train_train_wall": "5001"}
{"epoch": 31, "valid_loss": "3.973", "valid_nll_loss": "2.417", "valid_ppl": "5.34", "valid_num_updates": "27993", "valid_best_loss": "3.9656"}
| saved checkpoint checkpoints/iwslt_d10/checkpoint31.pt (epoch 31 @ 27993 updates) (writing took 1.7580978870391846 seconds)
{"epoch": 32, "train_loss": "3.773", "train_nll_loss": "2.339", "train_ppl": "5.06", "train_wps": "21798", "train_ups": "5", "train_wpb": "4373.327", "train_bsz": "177.452", "train_num_updates": "28896", "train_lr": "0.000186029", "train_gnorm": "0.754", "train_clip": "0.000", "train_oom": "0.000", "train_wall": "6001", "train_train_wall": "5162"}
{"epoch": 32, "valid_loss": "3.982", "valid_nll_loss": "2.425", "valid_ppl": "5.37", "valid_num_updates": "28896", "valid_best_loss": "3.9656"}
| saved checkpoint checkpoints/iwslt_d10/checkpoint32.pt (epoch 32 @ 28896 updates) (writing took 1.730008602142334 seconds)
{"epoch": 33, "train_loss": "3.759", "train_nll_loss": "2.322", "train_ppl": "5.00", "train_wps": "21807", "train_ups": "5", "train_wpb": "4373.327", "train_bsz": "177.452", "train_num_updates": "29799", "train_lr": "0.000183189", "train_gnorm": "0.755", "train_clip": "0.000", "train_oom": "0.000", "train_wall": "6187", "train_train_wall": "5323"}
{"epoch": 33, "valid_loss": "3.979", "valid_nll_loss": "2.423", "valid_ppl": "5.36", "valid_num_updates": "29799", "valid_best_loss": "3.9656"}
| saved checkpoint checkpoints/iwslt_d10/checkpoint33.pt (epoch 33 @ 29799 updates) (writing took 1.7155730724334717 seconds)
{"epoch": 34, "train_loss": "3.745", "train_nll_loss": "2.306", "train_ppl": "4.95", "train_wps": "21786", "train_ups": "5", "train_wpb": "4373.327", "train_bsz": "177.452", "train_num_updates": "30702", "train_lr": "0.000180475", "train_gnorm": "0.754", "train_clip": "0.000", "train_oom": "0.000", "train_wall": "6372", "train_train_wall": "5483"}
{"epoch": 34, "valid_loss": "3.971", "valid_nll_loss": "2.414", "valid_ppl": "5.33", "valid_num_updates": "30702", "valid_best_loss": "3.9656"}
| saved checkpoint checkpoints/iwslt_d10/checkpoint34.pt (epoch 34 @ 30702 updates) (writing took 1.7206580638885498 seconds)
{"epoch": 35, "train_loss": "3.730", "train_nll_loss": "2.289", "train_ppl": "4.89", "train_wps": "21794", "train_ups": "5", "train_wpb": "4373.327", "train_bsz": "177.452", "train_num_updates": "31605", "train_lr": "0.000177878", "train_gnorm": "0.753", "train_clip": "0.000", "train_oom": "0.000", "train_wall": "6558", "train_train_wall": "5644"}
{"epoch": 35, "valid_loss": "3.941", "valid_nll_loss": "2.383", "valid_ppl": "5.22", "valid_num_updates": "31605", "valid_best_loss": "3.94082"}
| saved checkpoint checkpoints/iwslt_d10/checkpoint35.pt (epoch 35 @ 31605 updates) (writing took 3.11173415184021 seconds)
{"epoch": 36, "train_loss": "3.717", "train_nll_loss": "2.275", "train_ppl": "4.84", "train_wps": "21836", "train_ups": "5", "train_wpb": "4373.327", "train_bsz": "177.452", "train_num_updates": "32508", "train_lr": "0.00017539", "train_gnorm": "0.754", "train_clip": "0.000", "train_oom": "0.000", "train_wall": "6745", "train_train_wall": "5804"}
{"epoch": 36, "valid_loss": "3.944", "valid_nll_loss": "2.381", "valid_ppl": "5.21", "valid_num_updates": "32508", "valid_best_loss": "3.94082"}
| saved checkpoint checkpoints/iwslt_d10/checkpoint36.pt (epoch 36 @ 32508 updates) (writing took 1.7128019332885742 seconds)
{"epoch": 37, "train_loss": "3.705", "train_nll_loss": "2.261", "train_ppl": "4.79", "train_wps": "21785", "train_ups": "5", "train_wpb": "4373.327", "train_bsz": "177.452", "train_num_updates": "33411", "train_lr": "0.000173004", "train_gnorm": "0.755", "train_clip": "0.000", "train_oom": "0.000", "train_wall": "6931", "train_train_wall": "5965"}
{"epoch": 37, "valid_loss": "3.957", "valid_nll_loss": "2.394", "valid_ppl": "5.26", "valid_num_updates": "33411", "valid_best_loss": "3.94082"}
| saved checkpoint checkpoints/iwslt_d10/checkpoint37.pt (epoch 37 @ 33411 updates) (writing took 1.711132287979126 seconds)
{"epoch": 38, "train_loss": "3.692", "train_nll_loss": "2.247", "train_ppl": "4.75", "train_wps": "21780", "train_ups": "5", "train_wpb": "4373.327", "train_bsz": "177.452", "train_num_updates": "34314", "train_lr": "0.000170712", "train_gnorm": "0.755", "train_clip": "0.000", "train_oom": "0.000", "train_wall": "7116", "train_train_wall": "6126"}
{"epoch": 38, "valid_loss": "3.951", "valid_nll_loss": "2.388", "valid_ppl": "5.23", "valid_num_updates": "34314", "valid_best_loss": "3.94082"}
| saved checkpoint checkpoints/iwslt_d10/checkpoint38.pt (epoch 38 @ 34314 updates) (writing took 1.716867446899414 seconds)
{"epoch": 39, "train_loss": "3.683", "train_nll_loss": "2.236", "train_ppl": "4.71", "train_wps": "21792", "train_ups": "5", "train_wpb": "4373.327", "train_bsz": "177.452", "train_num_updates": "35217", "train_lr": "0.000168509", "train_gnorm": "0.756", "train_clip": "0.000", "train_oom": "0.000", "train_wall": "7302", "train_train_wall": "6287"}
{"epoch": 39, "valid_loss": "3.954", "valid_nll_loss": "2.394", "valid_ppl": "5.26", "valid_num_updates": "35217", "valid_best_loss": "3.94082"}
| saved checkpoint checkpoints/iwslt_d10/checkpoint39.pt (epoch 39 @ 35217 updates) (writing took 1.7201826572418213 seconds)
{"epoch": 40, "train_loss": "3.671", "train_nll_loss": "2.222", "train_ppl": "4.67", "train_wps": "21771", "train_ups": "5", "train_wpb": "4373.327", "train_bsz": "177.452", "train_num_updates": "36120", "train_lr": "0.00016639", "train_gnorm": "0.758", "train_clip": "0.000", "train_oom": "0.000", "train_wall": "7488", "train_train_wall": "6448"}
{"epoch": 40, "valid_loss": "3.940", "valid_nll_loss": "2.378", "valid_ppl": "5.20", "valid_num_updates": "36120", "valid_best_loss": "3.94017"}
| saved checkpoint checkpoints/iwslt_d10/checkpoint40.pt (epoch 40 @ 36120 updates) (writing took 3.1076347827911377 seconds)
{"epoch": 41, "train_loss": "3.659", "train_nll_loss": "2.207", "train_ppl": "4.62", "train_wps": "21806", "train_ups": "5", "train_wpb": "4373.327", "train_bsz": "177.452", "train_num_updates": "37023", "train_lr": "0.000164348", "train_gnorm": "0.758", "train_clip": "0.000", "train_oom": "0.000", "train_wall": "7675", "train_train_wall": "6608"}
{"epoch": 41, "valid_loss": "3.921", "valid_nll_loss": "2.361", "valid_ppl": "5.14", "valid_num_updates": "37023", "valid_best_loss": "3.92069"}
| saved checkpoint checkpoints/iwslt_d10/checkpoint41.pt (epoch 41 @ 37023 updates) (writing took 2.938103437423706 seconds)
{"epoch": 42, "train_loss": "3.645", "train_nll_loss": "2.192", "train_ppl": "4.57", "train_wps": "21779", "train_ups": "5", "train_wpb": "4373.327", "train_bsz": "177.452", "train_num_updates": "37926", "train_lr": "0.00016238", "train_gnorm": "0.761", "train_clip": "0.000", "train_oom": "0.000", "train_wall": "7862", "train_train_wall": "6769"}
{"epoch": 42, "valid_loss": "3.920", "valid_nll_loss": "2.358", "valid_ppl": "5.13", "valid_num_updates": "37926", "valid_best_loss": "3.91988"}
| saved checkpoint checkpoints/iwslt_d10/checkpoint42.pt (epoch 42 @ 37926 updates) (writing took 3.1155786514282227 seconds)
{"epoch": 43, "train_loss": "3.634", "train_nll_loss": "2.179", "train_ppl": "4.53", "train_wps": "21805", "train_ups": "5", "train_wpb": "4373.327", "train_bsz": "177.452", "train_num_updates": "38829", "train_lr": "0.00016048", "train_gnorm": "0.762", "train_clip": "0.000", "train_oom": "0.000", "train_wall": "8049", "train_train_wall": "6930"}
{"epoch": 43, "valid_loss": "3.909", "valid_nll_loss": "2.347", "valid_ppl": "5.09", "valid_num_updates": "38829", "valid_best_loss": "3.9089"}
| saved checkpoint checkpoints/iwslt_d10/checkpoint43.pt (epoch 43 @ 38829 updates) (writing took 3.5916547775268555 seconds)
{"epoch": 44, "train_loss": "3.622", "train_nll_loss": "2.166", "train_ppl": "4.49", "train_wps": "19536", "train_ups": "4", "train_wpb": "4373.327", "train_bsz": "177.452", "train_num_updates": "39732", "train_lr": "0.000158646", "train_gnorm": "0.763", "train_clip": "0.000", "train_oom": "0.000", "train_wall": "8257", "train_train_wall": "7105"}
{"epoch": 44, "valid_loss": "3.917", "valid_nll_loss": "2.354", "valid_ppl": "5.11", "valid_num_updates": "39732", "valid_best_loss": "3.9089"}
| saved checkpoint checkpoints/iwslt_d10/checkpoint44.pt (epoch 44 @ 39732 updates) (writing took 1.9544665813446045 seconds)
{"epoch": 45, "train_loss": "3.611", "train_nll_loss": "2.153", "train_ppl": "4.45", "train_wps": "19510", "train_ups": "4", "train_wpb": "4373.327", "train_bsz": "177.452", "train_num_updates": "40635", "train_lr": "0.000156874", "train_gnorm": "0.768", "train_clip": "0.000", "train_oom": "0.000", "train_wall": "8465", "train_train_wall": "7281"}
{"epoch": 45, "valid_loss": "3.921", "valid_nll_loss": "2.355", "valid_ppl": "5.12", "valid_num_updates": "40635", "valid_best_loss": "3.9089"}
| saved checkpoint checkpoints/iwslt_d10/checkpoint45.pt (epoch 45 @ 40635 updates) (writing took 1.7224969863891602 seconds)
{"epoch": 46, "train_loss": "3.599", "train_nll_loss": "2.138", "train_ppl": "4.40", "train_wps": "19533", "train_ups": "4", "train_wpb": "4373.327", "train_bsz": "177.452", "train_num_updates": "41538", "train_lr": "0.000155159", "train_gnorm": "0.766", "train_clip": "0.000", "train_oom": "0.000", "train_wall": "8671", "train_train_wall": "7456"}
{"epoch": 46, "valid_loss": "3.908", "valid_nll_loss": "2.342", "valid_ppl": "5.07", "valid_num_updates": "41538", "valid_best_loss": "3.90822"}
| saved checkpoint checkpoints/iwslt_d10/checkpoint46.pt (epoch 46 @ 41538 updates) (writing took 3.1205718517303467 seconds)
{"epoch": 47, "train_loss": "3.587", "train_nll_loss": "2.125", "train_ppl": "4.36", "train_wps": "21785", "train_ups": "5", "train_wpb": "4373.327", "train_bsz": "177.452", "train_num_updates": "42441", "train_lr": "0.0001535", "train_gnorm": "0.769", "train_clip": "0.000", "train_oom": "0.000", "train_wall": "8859", "train_train_wall": "7617"}
{"epoch": 47, "valid_loss": "3.907", "valid_nll_loss": "2.342", "valid_ppl": "5.07", "valid_num_updates": "42441", "valid_best_loss": "3.90708"}
| saved checkpoint checkpoints/iwslt_d10/checkpoint47.pt (epoch 47 @ 42441 updates) (writing took 3.1231014728546143 seconds)
{"epoch": 48, "train_loss": "3.576", "train_nll_loss": "2.112", "train_ppl": "4.32", "train_wps": "21785", "train_ups": "5", "train_wpb": "4373.327", "train_bsz": "177.452", "train_num_updates": "43344", "train_lr": "0.000151892", "train_gnorm": "0.770", "train_clip": "0.000", "train_oom": "0.000", "train_wall": "9046", "train_train_wall": "7778"}
{"epoch": 48, "valid_loss": "3.915", "valid_nll_loss": "2.350", "valid_ppl": "5.10", "valid_num_updates": "43344", "valid_best_loss": "3.90708"}
| saved checkpoint checkpoints/iwslt_d10/checkpoint48.pt (epoch 48 @ 43344 updates) (writing took 1.712038516998291 seconds)
{"epoch": 49, "train_loss": "3.566", "train_nll_loss": "2.101", "train_ppl": "4.29", "train_wps": "21787", "train_ups": "5", "train_wpb": "4373.327", "train_bsz": "177.452", "train_num_updates": "44247", "train_lr": "0.000150334", "train_gnorm": "0.773", "train_clip": "0.000", "train_oom": "0.000", "train_wall": "9232", "train_train_wall": "7939"}
{"epoch": 49, "valid_loss": "3.895", "valid_nll_loss": "2.330", "valid_ppl": "5.03", "valid_num_updates": "44247", "valid_best_loss": "3.89486"}
| saved checkpoint checkpoints/iwslt_d10/checkpoint49.pt (epoch 49 @ 44247 updates) (writing took 3.1106696128845215 seconds)
{"epoch": 50, "train_loss": "3.556", "train_nll_loss": "2.089", "train_ppl": "4.25", "train_wps": "21796", "train_ups": "5", "train_wpb": "4373.327", "train_bsz": "177.452", "train_num_updates": "45150", "train_lr": "0.000148823", "train_gnorm": "0.773", "train_clip": "0.000", "train_oom": "0.000", "train_wall": "9419", "train_train_wall": "8100"}
{"epoch": 50, "valid_loss": "3.884", "valid_nll_loss": "2.321", "valid_ppl": "5.00", "valid_num_updates": "45150", "valid_best_loss": "3.88437"}
| saved checkpoint checkpoints/iwslt_d10/checkpoint50.pt (epoch 50 @ 45150 updates) (writing took 3.1039726734161377 seconds)
{"epoch": 51, "train_loss": "3.546", "train_nll_loss": "2.078", "train_ppl": "4.22", "train_wps": "21789", "train_ups": "5", "train_wpb": "4373.327", "train_bsz": "177.452", "train_num_updates": "46053", "train_lr": "0.000147357", "train_gnorm": "0.775", "train_clip": "0.000", "train_oom": "0.000", "train_wall": "9606", "train_train_wall": "8260"}
{"epoch": 51, "valid_loss": "3.899", "valid_nll_loss": "2.334", "valid_ppl": "5.04", "valid_num_updates": "46053", "valid_best_loss": "3.88437"}
| saved checkpoint checkpoints/iwslt_d10/checkpoint51.pt (epoch 51 @ 46053 updates) (writing took 1.7120811939239502 seconds)
{"epoch": 52, "train_loss": "3.537", "train_nll_loss": "2.068", "train_ppl": "4.19", "train_wps": "21769", "train_ups": "5", "train_wpb": "4373.327", "train_bsz": "177.452", "train_num_updates": "46956", "train_lr": "0.000145933", "train_gnorm": "0.777", "train_clip": "0.000", "train_oom": "0.000", "train_wall": "9792", "train_train_wall": "8421"}
{"epoch": 52, "valid_loss": "3.918", "valid_nll_loss": "2.346", "valid_ppl": "5.08", "valid_num_updates": "46956", "valid_best_loss": "3.88437"}
| saved checkpoint checkpoints/iwslt_d10/checkpoint52.pt (epoch 52 @ 46956 updates) (writing took 1.7119133472442627 seconds)
{"epoch": 53, "train_loss": "3.527", "train_nll_loss": "2.056", "train_ppl": "4.16", "train_wps": "21783", "train_ups": "5", "train_wpb": "4373.327", "train_bsz": "177.452", "train_num_updates": "47859", "train_lr": "0.00014455", "train_gnorm": "0.779", "train_clip": "0.000", "train_oom": "0.000", "train_wall": "9977", "train_train_wall": "8582"}
{"epoch": 53, "valid_loss": "3.895", "valid_nll_loss": "2.330", "valid_ppl": "5.03", "valid_num_updates": "47859", "valid_best_loss": "3.88437"}
| saved checkpoint checkpoints/iwslt_d10/checkpoint53.pt (epoch 53 @ 47859 updates) (writing took 1.7117109298706055 seconds)
{"epoch": 54, "train_loss": "3.518", "train_nll_loss": "2.046", "train_ppl": "4.13", "train_wps": "21761", "train_ups": "5", "train_wpb": "4373.327", "train_bsz": "177.452", "train_num_updates": "48762", "train_lr": "0.000143205", "train_gnorm": "0.782", "train_clip": "0.000", "train_oom": "0.000", "train_wall": "10163", "train_train_wall": "8743"}
{"epoch": 54, "valid_loss": "3.891", "valid_nll_loss": "2.328", "valid_ppl": "5.02", "valid_num_updates": "48762", "valid_best_loss": "3.88437"}
| saved checkpoint checkpoints/iwslt_d10/checkpoint54.pt (epoch 54 @ 48762 updates) (writing took 1.7133121490478516 seconds)
{"epoch": 55, "train_loss": "3.510", "train_nll_loss": "2.036", "train_ppl": "4.10", "train_wps": "21796", "train_ups": "5", "train_wpb": "4373.327", "train_bsz": "177.452", "train_num_updates": "49665", "train_lr": "0.000141898", "train_gnorm": "0.783", "train_clip": "0.000", "train_oom": "0.000", "train_wall": "10349", "train_train_wall": "8904"}
{"epoch": 55, "valid_loss": "3.891", "valid_nll_loss": "2.327", "valid_ppl": "5.02", "valid_num_updates": "49665", "valid_best_loss": "3.88437"}
| saved checkpoint checkpoints/iwslt_d10/checkpoint55.pt (epoch 55 @ 49665 updates) (writing took 1.7081990242004395 seconds)
{"epoch": 56, "train_loss": "3.502", "train_nll_loss": "2.027", "train_ppl": "4.08", "train_wps": "21802", "train_ups": "5", "train_wpb": "4373.327", "train_bsz": "177.452", "train_num_updates": "50568", "train_lr": "0.000140625", "train_gnorm": "0.787", "train_clip": "0.000", "train_oom": "0.000", "train_wall": "10535", "train_train_wall": "9064"}
{"epoch": 56, "valid_loss": "3.879", "valid_nll_loss": "2.314", "valid_ppl": "4.97", "valid_num_updates": "50568", "valid_best_loss": "3.87884"}
| saved checkpoint checkpoints/iwslt_d10/checkpoint56.pt (epoch 56 @ 50568 updates) (writing took 3.1038918495178223 seconds)
{"epoch": 57, "train_loss": "3.492", "train_nll_loss": "2.016", "train_ppl": "4.04", "train_wps": "21801", "train_ups": "5", "train_wpb": "4373.327", "train_bsz": "177.452", "train_num_updates": "51471", "train_lr": "0.000139386", "train_gnorm": "0.787", "train_clip": "0.000", "train_oom": "0.000", "train_wall": "10722", "train_train_wall": "9225"}
{"epoch": 57, "valid_loss": "3.886", "valid_nll_loss": "2.317", "valid_ppl": "4.98", "valid_num_updates": "51471", "valid_best_loss": "3.87884"}
| saved checkpoint checkpoints/iwslt_d10/checkpoint57.pt (epoch 57 @ 51471 updates) (writing took 1.7117950916290283 seconds)
{"epoch": 58, "train_loss": "3.485", "train_nll_loss": "2.007", "train_ppl": "4.02", "train_wps": "21801", "train_ups": "5", "train_wpb": "4373.327", "train_bsz": "177.452", "train_num_updates": "52374", "train_lr": "0.000138179", "train_gnorm": "0.790", "train_clip": "0.000", "train_oom": "0.000", "train_wall": "10907", "train_train_wall": "9386"}
{"epoch": 58, "valid_loss": "3.889", "valid_nll_loss": "2.321", "valid_ppl": "5.00", "valid_num_updates": "52374", "valid_best_loss": "3.87884"}
| saved checkpoint checkpoints/iwslt_d10/checkpoint58.pt (epoch 58 @ 52374 updates) (writing took 1.7114646434783936 seconds)
{"epoch": 59, "train_loss": "3.476", "train_nll_loss": "1.997", "train_ppl": "3.99", "train_wps": "21802", "train_ups": "5", "train_wpb": "4373.327", "train_bsz": "177.452", "train_num_updates": "53277", "train_lr": "0.000137003", "train_gnorm": "0.792", "train_clip": "0.000", "train_oom": "0.000", "train_wall": "11093", "train_train_wall": "9547"}
{"epoch": 59, "valid_loss": "3.888", "valid_nll_loss": "2.319", "valid_ppl": "4.99", "valid_num_updates": "53277", "valid_best_loss": "3.87884"}
| saved checkpoint checkpoints/iwslt_d10/checkpoint59.pt (epoch 59 @ 53277 updates) (writing took 1.705277442932129 seconds)
{"epoch": 60, "train_loss": "3.469", "train_nll_loss": "1.989", "train_ppl": "3.97", "train_wps": "21808", "train_ups": "5", "train_wpb": "4373.327", "train_bsz": "177.452", "train_num_updates": "54180", "train_lr": "0.000135857", "train_gnorm": "0.795", "train_clip": "0.000", "train_oom": "0.000", "train_wall": "11278", "train_train_wall": "9707"}
{"epoch": 60, "valid_loss": "3.881", "valid_nll_loss": "2.313", "valid_ppl": "4.97", "valid_num_updates": "54180", "valid_best_loss": "3.87884"}
| saved checkpoint checkpoints/iwslt_d10/checkpoint60.pt (epoch 60 @ 54180 updates) (writing took 1.7090141773223877 seconds)
{"epoch": 61, "train_loss": "3.461", "train_nll_loss": "1.980", "train_ppl": "3.94", "train_wps": "21834", "train_ups": "5", "train_wpb": "4373.327", "train_bsz": "177.452", "train_num_updates": "55083", "train_lr": "0.000134738", "train_gnorm": "0.796", "train_clip": "0.000", "train_oom": "0.000", "train_wall": "11464", "train_train_wall": "9868"}
{"epoch": 61, "valid_loss": "3.895", "valid_nll_loss": "2.331", "valid_ppl": "5.03", "valid_num_updates": "55083", "valid_best_loss": "3.87884"}
| saved checkpoint checkpoints/iwslt_d10/checkpoint61.pt (epoch 61 @ 55083 updates) (writing took 1.7102649211883545 seconds)
{"epoch": 62, "train_loss": "3.454", "train_nll_loss": "1.971", "train_ppl": "3.92", "train_wps": "21812", "train_ups": "5", "train_wpb": "4373.327", "train_bsz": "177.452", "train_num_updates": "55986", "train_lr": "0.000133647", "train_gnorm": "0.798", "train_clip": "0.000", "train_oom": "0.000", "train_wall": "11649", "train_train_wall": "10028"}
{"epoch": 62, "valid_loss": "3.865", "valid_nll_loss": "2.303", "valid_ppl": "4.93", "valid_num_updates": "55986", "valid_best_loss": "3.86488"}
| saved checkpoint checkpoints/iwslt_d10/checkpoint62.pt (epoch 62 @ 55986 updates) (writing took 3.1054365634918213 seconds)
{"epoch": 63, "train_loss": "3.445", "train_nll_loss": "1.961", "train_ppl": "3.89", "train_wps": "21838", "train_ups": "5", "train_wpb": "4373.327", "train_bsz": "177.452", "train_num_updates": "56889", "train_lr": "0.000132582", "train_gnorm": "0.798", "train_clip": "0.000", "train_oom": "0.000", "train_wall": "11836", "train_train_wall": "10189"}
{"epoch": 63, "valid_loss": "3.897", "valid_nll_loss": "2.329", "valid_ppl": "5.03", "valid_num_updates": "56889", "valid_best_loss": "3.86488"}
| saved checkpoint checkpoints/iwslt_d10/checkpoint63.pt (epoch 63 @ 56889 updates) (writing took 1.7085464000701904 seconds)
{"epoch": 64, "train_loss": "3.439", "train_nll_loss": "1.955", "train_ppl": "3.88", "train_wps": "21824", "train_ups": "5", "train_wpb": "4373.327", "train_bsz": "177.452", "train_num_updates": "57792", "train_lr": "0.000131543", "train_gnorm": "0.801", "train_clip": "0.000", "train_oom": "0.000", "train_wall": "12021", "train_train_wall": "10349"}
{"epoch": 64, "valid_loss": "3.909", "valid_nll_loss": "2.338", "valid_ppl": "5.06", "valid_num_updates": "57792", "valid_best_loss": "3.86488"}
| saved checkpoint checkpoints/iwslt_d10/checkpoint64.pt (epoch 64 @ 57792 updates) (writing took 1.7107787132263184 seconds)
{"epoch": 65, "train_loss": "3.432", "train_nll_loss": "1.945", "train_ppl": "3.85", "train_wps": "21788", "train_ups": "5", "train_wpb": "4373.327", "train_bsz": "177.452", "train_num_updates": "58695", "train_lr": "0.000130527", "train_gnorm": "0.803", "train_clip": "0.000", "train_oom": "0.000", "train_wall": "12207", "train_train_wall": "10510"}
{"epoch": 65, "valid_loss": "3.886", "valid_nll_loss": "2.316", "valid_ppl": "4.98", "valid_num_updates": "58695", "valid_best_loss": "3.86488"}
| saved checkpoint checkpoints/iwslt_d10/checkpoint65.pt (epoch 65 @ 58695 updates) (writing took 1.7105467319488525 seconds)
{"epoch": 66, "train_loss": "3.425", "train_nll_loss": "1.938", "train_ppl": "3.83", "train_wps": "21802", "train_ups": "5", "train_wpb": "4373.327", "train_bsz": "177.452", "train_num_updates": "59598", "train_lr": "0.000129534", "train_gnorm": "0.804", "train_clip": "0.000", "train_oom": "0.000", "train_wall": "12393", "train_train_wall": "10671"}
{"epoch": 66, "valid_loss": "3.888", "valid_nll_loss": "2.321", "valid_ppl": "5.00", "valid_num_updates": "59598", "valid_best_loss": "3.86488"}
| saved checkpoint checkpoints/iwslt_d10/checkpoint66.pt (epoch 66 @ 59598 updates) (writing took 1.7115979194641113 seconds)
{"epoch": 67, "train_loss": "3.391", "train_nll_loss": "1.900", "train_ppl": "3.73", "train_wps": "21805", "train_ups": "5", "train_wpb": "4389.973", "train_bsz": "183.201", "train_num_updates": "60000", "train_lr": "0.000129099", "train_gnorm": "0.798", "train_clip": "0.000", "train_oom": "0.000", "train_wall": "12478", "train_train_wall": "10742"}
{"epoch": 67, "valid_loss": "3.889", "valid_nll_loss": "2.319", "valid_ppl": "4.99", "valid_num_updates": "60000", "valid_best_loss": "3.86488"}
| saved checkpoint checkpoints/iwslt_d10/checkpoint_last.pt (epoch 67 @ 60000 updates) (writing took 1.4091675281524658 seconds)
| done training in 12481.3 seconds
