Namespace(activation_dropout=0.0, activation_fn='relu', adam_betas='(0.9, 0.98)', adam_eps=1e-08, adaptive_input=False, adaptive_softmax_cutoff=None, adaptive_softmax_dropout=0, arch='transformer_iwslt_de_en', attention_dropout=0.0, best_checkpoint_metric='loss', bucket_cap_mb=25, clip_norm=25, cpu=False, criterion='label_smoothed_cross_entropy', curriculum=0, data='data-bin/iwslt14.tokenized.de-en', dataset_impl='cached', ddp_backend='c10d', decoder_attention_heads=4, decoder_embed_dim=512, decoder_embed_path=None, decoder_ffn_embed_dim=1024, decoder_input_dim=512, decoder_layers=6, decoder_learned_pos=False, decoder_normalize_before=False, decoder_output_dim=512, device_id=0, disable_validation=False, distributed_backend='nccl', distributed_init_method=None, distributed_no_spawn=False, distributed_port=-1, distributed_rank=0, distributed_world_size=1, dropout=0.3, encoder_attention_heads=4, encoder_embed_dim=512, encoder_embed_path=None, encoder_ffn_embed_dim=1024, encoder_layers=6, encoder_learned_pos=False, encoder_normalize_before=False, exp_root=0.5, find_unused_parameters=False, fix_batches_to_gpus=False, fp16=False, fp16_init_scale=128, fp16_scale_tolerance=0.0, fp16_scale_window=None, keep_interval_updates=-1, keep_last_epochs=-1, label_smoothing=0.1, lazy_load=False, left_pad_source='True', left_pad_target='False', log_format='json', log_interval=1000, lr=[0.0005], lr_scheduler='inverse_sqrt', max_epoch=0, max_sentences=None, max_sentences_valid=None, max_source_positions=1024, max_target_positions=1024, max_tokens=5000, max_tokens_valid=5000, max_update=60000, maximize_best_checkpoint_metric=False, memory_efficient_fp16=False, min_loss_scale=0.0001, min_lr=1e-09, no_epoch_checkpoints=False, no_last_checkpoints=False, no_progress_bar=True, no_save=False, no_save_optimizer_state=False, no_token_positional_embeddings=False, num_workers=0, optimizer='adam', optimizer_overrides='{}', raw_text=False, required_batch_size_multiple=8, reset_dataloader=False, reset_lr_scheduler=False, reset_meters=False, reset_optimizer=False, restore_file='checkpoint_last.pt', save_dir='checkpoints/iwslt_d8_wo', save_interval=1, save_interval_updates=0, seed=1, sentence_avg=False, share_all_embeddings=False, share_decoder_input_output_embed=True, skip_invalid_size_inputs_valid_test=False, source_lang='de', target_lang='en', task='translation', tbmf_wrapper=False, tensorboard_logdir='', threshold_loss_scale=None, train_subset='train', update_freq=[1], upsample_primary=1, use_bmuf=False, user_dir=None, valid_subset='valid', validate_interval=1, warmup_init_lr=1e-07, warmup_updates=4000, weight_decay=0.0001)
| [de] dictionary: 8848 types
| [en] dictionary: 6632 types
| data-bin/iwslt14.tokenized.de-en valid de-en 7283 examples
TransformerModel(
  (encoder): TransformerEncoder(
    (embed_tokens): Embedding(8848, 512, padding_idx=1)
    (embed_positions): SinusoidalPositionalEmbedding()
    (layers): ModuleList(
      (0): TransformerEncoderLayer(
        (self_attn): MultiheadAttention(
          (out_proj): Linear(in_features=512, out_features=512, bias=True)
        )
        (self_attn_layer_norm): LayerNorm(torch.Size([512]), eps=1e-05, elementwise_affine=True)
        (fc1): Linear(in_features=512, out_features=1024, bias=True)
        (fc2): Linear(in_features=1024, out_features=512, bias=True)
        (final_layer_norm): LayerNorm(torch.Size([512]), eps=1e-05, elementwise_affine=True)
      )
      (1): TransformerEncoderLayer(
        (self_attn): MultiheadAttention(
          (out_proj): Linear(in_features=512, out_features=512, bias=True)
        )
        (self_attn_layer_norm): LayerNorm(torch.Size([512]), eps=1e-05, elementwise_affine=True)
        (fc1): Linear(in_features=512, out_features=1024, bias=True)
        (fc2): Linear(in_features=1024, out_features=512, bias=True)
        (final_layer_norm): LayerNorm(torch.Size([512]), eps=1e-05, elementwise_affine=True)
      )
      (2): TransformerEncoderLayer(
        (self_attn): MultiheadAttention(
          (out_proj): Linear(in_features=512, out_features=512, bias=True)
        )
        (self_attn_layer_norm): LayerNorm(torch.Size([512]), eps=1e-05, elementwise_affine=True)
        (fc1): Linear(in_features=512, out_features=1024, bias=True)
        (fc2): Linear(in_features=1024, out_features=512, bias=True)
        (final_layer_norm): LayerNorm(torch.Size([512]), eps=1e-05, elementwise_affine=True)
      )
      (3): TransformerEncoderLayer(
        (self_attn): MultiheadAttention(
          (out_proj): Linear(in_features=512, out_features=512, bias=True)
        )
        (self_attn_layer_norm): LayerNorm(torch.Size([512]), eps=1e-05, elementwise_affine=True)
        (fc1): Linear(in_features=512, out_features=1024, bias=True)
        (fc2): Linear(in_features=1024, out_features=512, bias=True)
        (final_layer_norm): LayerNorm(torch.Size([512]), eps=1e-05, elementwise_affine=True)
      )
      (4): TransformerEncoderLayer(
        (self_attn): MultiheadAttention(
          (out_proj): Linear(in_features=512, out_features=512, bias=True)
        )
        (self_attn_layer_norm): LayerNorm(torch.Size([512]), eps=1e-05, elementwise_affine=True)
        (fc1): Linear(in_features=512, out_features=1024, bias=True)
        (fc2): Linear(in_features=1024, out_features=512, bias=True)
        (final_layer_norm): LayerNorm(torch.Size([512]), eps=1e-05, elementwise_affine=True)
      )
      (5): TransformerEncoderLayer(
        (self_attn): MultiheadAttention(
          (out_proj): Linear(in_features=512, out_features=512, bias=True)
        )
        (self_attn_layer_norm): LayerNorm(torch.Size([512]), eps=1e-05, elementwise_affine=True)
        (fc1): Linear(in_features=512, out_features=1024, bias=True)
        (fc2): Linear(in_features=1024, out_features=512, bias=True)
        (final_layer_norm): LayerNorm(torch.Size([512]), eps=1e-05, elementwise_affine=True)
      )
    )
  )
  (decoder): TransformerDecoder(
    (embed_tokens): Embedding(6632, 512, padding_idx=1)
    (embed_positions): SinusoidalPositionalEmbedding()
    (layers): ModuleList(
      (0): TransformerDecoderLayer(
        (self_attn): MultiheadAttention(
          (out_proj): Linear(in_features=512, out_features=512, bias=True)
        )
        (self_attn_layer_norm): LayerNorm(torch.Size([512]), eps=1e-05, elementwise_affine=True)
        (encoder_attn): MultiheadAttention(
          (out_proj): Linear(in_features=512, out_features=512, bias=True)
        )
        (encoder_attn_layer_norm): LayerNorm(torch.Size([512]), eps=1e-05, elementwise_affine=True)
        (fc1): Linear(in_features=512, out_features=1024, bias=True)
        (fc2): Linear(in_features=1024, out_features=512, bias=True)
        (final_layer_norm): LayerNorm(torch.Size([512]), eps=1e-05, elementwise_affine=True)
      )
      (1): TransformerDecoderLayer(
        (self_attn): MultiheadAttention(
          (out_proj): Linear(in_features=512, out_features=512, bias=True)
        )
        (self_attn_layer_norm): LayerNorm(torch.Size([512]), eps=1e-05, elementwise_affine=True)
        (encoder_attn): MultiheadAttention(
          (out_proj): Linear(in_features=512, out_features=512, bias=True)
        )
        (encoder_attn_layer_norm): LayerNorm(torch.Size([512]), eps=1e-05, elementwise_affine=True)
        (fc1): Linear(in_features=512, out_features=1024, bias=True)
        (fc2): Linear(in_features=1024, out_features=512, bias=True)
        (final_layer_norm): LayerNorm(torch.Size([512]), eps=1e-05, elementwise_affine=True)
      )
      (2): TransformerDecoderLayer(
        (self_attn): MultiheadAttention(
          (out_proj): Linear(in_features=512, out_features=512, bias=True)
        )
        (self_attn_layer_norm): LayerNorm(torch.Size([512]), eps=1e-05, elementwise_affine=True)
        (encoder_attn): MultiheadAttention(
          (out_proj): Linear(in_features=512, out_features=512, bias=True)
        )
        (encoder_attn_layer_norm): LayerNorm(torch.Size([512]), eps=1e-05, elementwise_affine=True)
        (fc1): Linear(in_features=512, out_features=1024, bias=True)
        (fc2): Linear(in_features=1024, out_features=512, bias=True)
        (final_layer_norm): LayerNorm(torch.Size([512]), eps=1e-05, elementwise_affine=True)
      )
      (3): TransformerDecoderLayer(
        (self_attn): MultiheadAttention(
          (out_proj): Linear(in_features=512, out_features=512, bias=True)
        )
        (self_attn_layer_norm): LayerNorm(torch.Size([512]), eps=1e-05, elementwise_affine=True)
        (encoder_attn): MultiheadAttention(
          (out_proj): Linear(in_features=512, out_features=512, bias=True)
        )
        (encoder_attn_layer_norm): LayerNorm(torch.Size([512]), eps=1e-05, elementwise_affine=True)
        (fc1): Linear(in_features=512, out_features=1024, bias=True)
        (fc2): Linear(in_features=1024, out_features=512, bias=True)
        (final_layer_norm): LayerNorm(torch.Size([512]), eps=1e-05, elementwise_affine=True)
      )
      (4): TransformerDecoderLayer(
        (self_attn): MultiheadAttention(
          (out_proj): Linear(in_features=512, out_features=512, bias=True)
        )
        (self_attn_layer_norm): LayerNorm(torch.Size([512]), eps=1e-05, elementwise_affine=True)
        (encoder_attn): MultiheadAttention(
          (out_proj): Linear(in_features=512, out_features=512, bias=True)
        )
        (encoder_attn_layer_norm): LayerNorm(torch.Size([512]), eps=1e-05, elementwise_affine=True)
        (fc1): Linear(in_features=512, out_features=1024, bias=True)
        (fc2): Linear(in_features=1024, out_features=512, bias=True)
        (final_layer_norm): LayerNorm(torch.Size([512]), eps=1e-05, elementwise_affine=True)
      )
      (5): TransformerDecoderLayer(
        (self_attn): MultiheadAttention(
          (out_proj): Linear(in_features=512, out_features=512, bias=True)
        )
        (self_attn_layer_norm): LayerNorm(torch.Size([512]), eps=1e-05, elementwise_affine=True)
        (encoder_attn): MultiheadAttention(
          (out_proj): Linear(in_features=512, out_features=512, bias=True)
        )
        (encoder_attn_layer_norm): LayerNorm(torch.Size([512]), eps=1e-05, elementwise_affine=True)
        (fc1): Linear(in_features=512, out_features=1024, bias=True)
        (fc2): Linear(in_features=1024, out_features=512, bias=True)
        (final_layer_norm): LayerNorm(torch.Size([512]), eps=1e-05, elementwise_affine=True)
      )
    )
  )
)
| model transformer_iwslt_de_en, criterion LabelSmoothedCrossEntropyCriterion
| num. model params: 39469056 (num. trained: 39469056)
| training on 1 GPUs
| max tokens per GPU = 5000 and max sentences per GPU = None
| no existing checkpoint found checkpoints/iwslt_d8_wo/checkpoint_last.pt
| loading train data for epoch 0
| data-bin/iwslt14.tokenized.de-en train de-en 160239 examples
| NOTICE: your device may support faster training with --fp16
{"epoch": 1, "train_loss": "9.773", "train_nll_loss": "9.283", "train_ppl": "622.99", "train_wps": "22153", "train_ups": "5", "train_wpb": "4373.327", "train_bsz": "177.452", "train_num_updates": "903", "train_lr": "0.000112952", "train_gnorm": "1.660", "train_clip": "0.000", "train_oom": "0.000", "train_wall": "180", "train_train_wall": "157"}
{"epoch": 1, "valid_loss": "8.550", "valid_nll_loss": "7.818", "valid_ppl": "225.69", "valid_num_updates": "903"}
| saved checkpoint checkpoints/iwslt_d8_wo/checkpoint1.pt (epoch 1 @ 903 updates) (writing took 1.0924458503723145 seconds)
{"epoch": 2, "train_loss": "8.220", "train_nll_loss": "7.474", "train_ppl": "177.73", "train_wps": "22133", "train_ups": "5", "train_wpb": "4373.327", "train_bsz": "177.452", "train_num_updates": "1806", "train_lr": "0.000225805", "train_gnorm": "1.309", "train_clip": "0.000", "train_oom": "0.000", "train_wall": "362", "train_train_wall": "315"}
{"epoch": 2, "valid_loss": "7.750", "valid_nll_loss": "6.873", "valid_ppl": "117.18", "valid_num_updates": "1806", "valid_best_loss": "7.75011"}
| saved checkpoint checkpoints/iwslt_d8_wo/checkpoint2.pt (epoch 2 @ 1806 updates) (writing took 3.0828158855438232 seconds)
{"epoch": 3, "train_loss": "7.624", "train_nll_loss": "6.780", "train_ppl": "109.86", "train_wps": "22156", "train_ups": "5", "train_wpb": "4373.327", "train_bsz": "177.452", "train_num_updates": "2709", "train_lr": "0.000338657", "train_gnorm": "1.106", "train_clip": "0.000", "train_oom": "0.000", "train_wall": "546", "train_train_wall": "473"}
{"epoch": 3, "valid_loss": "7.300", "valid_nll_loss": "6.352", "valid_ppl": "81.71", "valid_num_updates": "2709", "valid_best_loss": "7.30044"}
| saved checkpoint checkpoints/iwslt_d8_wo/checkpoint3.pt (epoch 3 @ 2709 updates) (writing took 3.0752642154693604 seconds)
{"epoch": 4, "train_loss": "7.121", "train_nll_loss": "6.194", "train_ppl": "73.23", "train_wps": "22201", "train_ups": "5", "train_wpb": "4373.327", "train_bsz": "177.452", "train_num_updates": "3612", "train_lr": "0.00045151", "train_gnorm": "1.065", "train_clip": "0.000", "train_oom": "0.000", "train_wall": "730", "train_train_wall": "630"}
{"epoch": 4, "valid_loss": "6.588", "valid_nll_loss": "5.522", "valid_ppl": "45.97", "valid_num_updates": "3612", "valid_best_loss": "6.58767"}
| saved checkpoint checkpoints/iwslt_d8_wo/checkpoint4.pt (epoch 4 @ 3612 updates) (writing took 3.06901216506958 seconds)
{"epoch": 5, "train_loss": "6.488", "train_nll_loss": "5.460", "train_ppl": "44.01", "train_wps": "22178", "train_ups": "5", "train_wpb": "4373.327", "train_bsz": "177.452", "train_num_updates": "4515", "train_lr": "0.000470621", "train_gnorm": "1.116", "train_clip": "0.000", "train_oom": "0.000", "train_wall": "914", "train_train_wall": "787"}
{"epoch": 5, "valid_loss": "5.953", "valid_nll_loss": "4.748", "valid_ppl": "26.88", "valid_num_updates": "4515", "valid_best_loss": "5.95348"}
| saved checkpoint checkpoints/iwslt_d8_wo/checkpoint5.pt (epoch 5 @ 4515 updates) (writing took 3.065124750137329 seconds)
{"epoch": 6, "train_loss": "5.868", "train_nll_loss": "4.739", "train_ppl": "26.70", "train_wps": "22171", "train_ups": "5", "train_wpb": "4373.327", "train_bsz": "177.452", "train_num_updates": "5418", "train_lr": "0.000429616", "train_gnorm": "1.103", "train_clip": "0.000", "train_oom": "0.000", "train_wall": "1098", "train_train_wall": "944"}
{"epoch": 6, "valid_loss": "5.502", "valid_nll_loss": "4.191", "valid_ppl": "18.26", "valid_num_updates": "5418", "valid_best_loss": "5.50212"}
| saved checkpoint checkpoints/iwslt_d8_wo/checkpoint6.pt (epoch 6 @ 5418 updates) (writing took 3.0630686283111572 seconds)
{"epoch": 7, "train_loss": "5.389", "train_nll_loss": "4.181", "train_ppl": "18.13", "train_wps": "22170", "train_ups": "5", "train_wpb": "4373.327", "train_bsz": "177.452", "train_num_updates": "6321", "train_lr": "0.000397747", "train_gnorm": "1.037", "train_clip": "0.000", "train_oom": "0.000", "train_wall": "1282", "train_train_wall": "1102"}
{"epoch": 7, "valid_loss": "5.016", "valid_nll_loss": "3.632", "valid_ppl": "12.40", "valid_num_updates": "6321", "valid_best_loss": "5.01638"}
| saved checkpoint checkpoints/iwslt_d8_wo/checkpoint7.pt (epoch 7 @ 6321 updates) (writing took 3.0779902935028076 seconds)
{"epoch": 8, "train_loss": "5.035", "train_nll_loss": "3.772", "train_ppl": "13.66", "train_wps": "22168", "train_ups": "5", "train_wpb": "4373.327", "train_bsz": "177.452", "train_num_updates": "7224", "train_lr": "0.000372058", "train_gnorm": "0.995", "train_clip": "0.000", "train_oom": "0.000", "train_wall": "1466", "train_train_wall": "1259"}
{"epoch": 8, "valid_loss": "4.749", "valid_nll_loss": "3.320", "valid_ppl": "9.99", "valid_num_updates": "7224", "valid_best_loss": "4.74913"}
| saved checkpoint checkpoints/iwslt_d8_wo/checkpoint8.pt (epoch 8 @ 7224 updates) (writing took 3.079381227493286 seconds)
{"epoch": 9, "train_loss": "4.796", "train_nll_loss": "3.497", "train_ppl": "11.29", "train_wps": "22161", "train_ups": "5", "train_wpb": "4373.327", "train_bsz": "177.452", "train_num_updates": "8127", "train_lr": "0.00035078", "train_gnorm": "0.970", "train_clip": "0.000", "train_oom": "0.000", "train_wall": "1650", "train_train_wall": "1417"}
{"epoch": 9, "valid_loss": "4.591", "valid_nll_loss": "3.123", "valid_ppl": "8.71", "valid_num_updates": "8127", "valid_best_loss": "4.59094"}
| saved checkpoint checkpoints/iwslt_d8_wo/checkpoint9.pt (epoch 9 @ 8127 updates) (writing took 3.074291229248047 seconds)
{"epoch": 10, "train_loss": "4.607", "train_nll_loss": "3.282", "train_ppl": "9.73", "train_wps": "22204", "train_ups": "5", "train_wpb": "4373.327", "train_bsz": "177.452", "train_num_updates": "9030", "train_lr": "0.000332779", "train_gnorm": "0.930", "train_clip": "0.000", "train_oom": "0.000", "train_wall": "1834", "train_train_wall": "1574"}
{"epoch": 10, "valid_loss": "4.457", "valid_nll_loss": "2.977", "valid_ppl": "7.87", "valid_num_updates": "9030", "valid_best_loss": "4.45711"}
| saved checkpoint checkpoints/iwslt_d8_wo/checkpoint10.pt (epoch 10 @ 9030 updates) (writing took 3.0943803787231445 seconds)
{"epoch": 11, "train_loss": "4.463", "train_nll_loss": "3.119", "train_ppl": "8.69", "train_wps": "22203", "train_ups": "5", "train_wpb": "4373.327", "train_bsz": "177.452", "train_num_updates": "9933", "train_lr": "0.000317292", "train_gnorm": "0.908", "train_clip": "0.000", "train_oom": "0.000", "train_wall": "2018", "train_train_wall": "1731"}
{"epoch": 11, "valid_loss": "4.379", "valid_nll_loss": "2.887", "valid_ppl": "7.40", "valid_num_updates": "9933", "valid_best_loss": "4.37892"}
| saved checkpoint checkpoints/iwslt_d8_wo/checkpoint11.pt (epoch 11 @ 9933 updates) (writing took 3.0785269737243652 seconds)
{"epoch": 12, "train_loss": "4.350", "train_nll_loss": "2.991", "train_ppl": "7.95", "train_wps": "22181", "train_ups": "5", "train_wpb": "4373.327", "train_bsz": "177.452", "train_num_updates": "10836", "train_lr": "0.000303784", "train_gnorm": "0.886", "train_clip": "0.000", "train_oom": "0.000", "train_wall": "2201", "train_train_wall": "1888"}
{"epoch": 12, "valid_loss": "4.272", "valid_nll_loss": "2.776", "valid_ppl": "6.85", "valid_num_updates": "10836", "valid_best_loss": "4.27202"}
| saved checkpoint checkpoints/iwslt_d8_wo/checkpoint12.pt (epoch 12 @ 10836 updates) (writing took 3.0808963775634766 seconds)
{"epoch": 13, "train_loss": "4.255", "train_nll_loss": "2.885", "train_ppl": "7.38", "train_wps": "22156", "train_ups": "5", "train_wpb": "4373.327", "train_bsz": "177.452", "train_num_updates": "11739", "train_lr": "0.000291867", "train_gnorm": "0.869", "train_clip": "0.000", "train_oom": "0.000", "train_wall": "2385", "train_train_wall": "2046"}
{"epoch": 13, "valid_loss": "4.255", "valid_nll_loss": "2.746", "valid_ppl": "6.71", "valid_num_updates": "11739", "valid_best_loss": "4.25481"}
| saved checkpoint checkpoints/iwslt_d8_wo/checkpoint13.pt (epoch 13 @ 11739 updates) (writing took 3.0820412635803223 seconds)
{"epoch": 14, "train_loss": "4.176", "train_nll_loss": "2.796", "train_ppl": "6.94", "train_wps": "22175", "train_ups": "5", "train_wpb": "4373.327", "train_bsz": "177.452", "train_num_updates": "12642", "train_lr": "0.00028125", "train_gnorm": "0.858", "train_clip": "0.000", "train_oom": "0.000", "train_wall": "2569", "train_train_wall": "2203"}
{"epoch": 14, "valid_loss": "4.202", "valid_nll_loss": "2.682", "valid_ppl": "6.42", "valid_num_updates": "12642", "valid_best_loss": "4.20195"}
| saved checkpoint checkpoints/iwslt_d8_wo/checkpoint14.pt (epoch 14 @ 12642 updates) (writing took 3.0790297985076904 seconds)
{"epoch": 15, "train_loss": "4.108", "train_nll_loss": "2.719", "train_ppl": "6.58", "train_wps": "22263", "train_ups": "5", "train_wpb": "4373.327", "train_bsz": "177.452", "train_num_updates": "13545", "train_lr": "0.000271713", "train_gnorm": "0.845", "train_clip": "0.000", "train_oom": "0.000", "train_wall": "2753", "train_train_wall": "2360"}
{"epoch": 15, "valid_loss": "4.158", "valid_nll_loss": "2.635", "valid_ppl": "6.21", "valid_num_updates": "13545", "valid_best_loss": "4.15842"}
| saved checkpoint checkpoints/iwslt_d8_wo/checkpoint15.pt (epoch 15 @ 13545 updates) (writing took 3.1471004486083984 seconds)
{"epoch": 16, "train_loss": "4.049", "train_nll_loss": "2.652", "train_ppl": "6.29", "train_wps": "22252", "train_ups": "5", "train_wpb": "4373.327", "train_bsz": "177.452", "train_num_updates": "14448", "train_lr": "0.000263085", "train_gnorm": "0.838", "train_clip": "0.000", "train_oom": "0.000", "train_wall": "2936", "train_train_wall": "2517"}
{"epoch": 16, "valid_loss": "4.105", "valid_nll_loss": "2.584", "valid_ppl": "6.00", "valid_num_updates": "14448", "valid_best_loss": "4.10524"}
| saved checkpoint checkpoints/iwslt_d8_wo/checkpoint16.pt (epoch 16 @ 14448 updates) (writing took 3.0907764434814453 seconds)
{"epoch": 17, "train_loss": "3.998", "train_nll_loss": "2.595", "train_ppl": "6.04", "train_wps": "22248", "train_ups": "5", "train_wpb": "4373.327", "train_bsz": "177.452", "train_num_updates": "15351", "train_lr": "0.00025523", "train_gnorm": "0.833", "train_clip": "0.000", "train_oom": "0.000", "train_wall": "3119", "train_train_wall": "2674"}
{"epoch": 17, "valid_loss": "4.100", "valid_nll_loss": "2.571", "valid_ppl": "5.94", "valid_num_updates": "15351", "valid_best_loss": "4.09979"}
| saved checkpoint checkpoints/iwslt_d8_wo/checkpoint17.pt (epoch 17 @ 15351 updates) (writing took 3.0789709091186523 seconds)
{"epoch": 18, "train_loss": "3.951", "train_nll_loss": "2.542", "train_ppl": "5.82", "train_wps": "22272", "train_ups": "5", "train_wpb": "4373.327", "train_bsz": "177.452", "train_num_updates": "16254", "train_lr": "0.000248039", "train_gnorm": "0.825", "train_clip": "0.000", "train_oom": "0.000", "train_wall": "3302", "train_train_wall": "2831"}
{"epoch": 18, "valid_loss": "4.051", "valid_nll_loss": "2.521", "valid_ppl": "5.74", "valid_num_updates": "16254", "valid_best_loss": "4.05098"}
| saved checkpoint checkpoints/iwslt_d8_wo/checkpoint18.pt (epoch 18 @ 16254 updates) (writing took 3.0766444206237793 seconds)
{"epoch": 19, "train_loss": "3.908", "train_nll_loss": "2.494", "train_ppl": "5.63", "train_wps": "22284", "train_ups": "5", "train_wpb": "4373.327", "train_bsz": "177.452", "train_num_updates": "17157", "train_lr": "0.000241423", "train_gnorm": "0.821", "train_clip": "0.000", "train_oom": "0.000", "train_wall": "3485", "train_train_wall": "2987"}
{"epoch": 19, "valid_loss": "4.060", "valid_nll_loss": "2.523", "valid_ppl": "5.75", "valid_num_updates": "17157", "valid_best_loss": "4.05098"}
| saved checkpoint checkpoints/iwslt_d8_wo/checkpoint19.pt (epoch 19 @ 17157 updates) (writing took 1.6887919902801514 seconds)
{"epoch": 20, "train_loss": "3.868", "train_nll_loss": "2.448", "train_ppl": "5.46", "train_wps": "22248", "train_ups": "5", "train_wpb": "4373.327", "train_bsz": "177.452", "train_num_updates": "18060", "train_lr": "0.00023531", "train_gnorm": "0.813", "train_clip": "0.000", "train_oom": "0.000", "train_wall": "3667", "train_train_wall": "3144"}
{"epoch": 20, "valid_loss": "4.030", "valid_nll_loss": "2.494", "valid_ppl": "5.63", "valid_num_updates": "18060", "valid_best_loss": "4.02964"}
| saved checkpoint checkpoints/iwslt_d8_wo/checkpoint20.pt (epoch 20 @ 18060 updates) (writing took 3.0782580375671387 seconds)
{"epoch": 21, "train_loss": "3.833", "train_nll_loss": "2.409", "train_ppl": "5.31", "train_wps": "22270", "train_ups": "5", "train_wpb": "4373.327", "train_bsz": "177.452", "train_num_updates": "18963", "train_lr": "0.000229639", "train_gnorm": "0.811", "train_clip": "0.000", "train_oom": "0.000", "train_wall": "3851", "train_train_wall": "3301"}
{"epoch": 21, "valid_loss": "4.025", "valid_nll_loss": "2.486", "valid_ppl": "5.60", "valid_num_updates": "18963", "valid_best_loss": "4.02471"}
| saved checkpoint checkpoints/iwslt_d8_wo/checkpoint21.pt (epoch 21 @ 18963 updates) (writing took 3.1493613719940186 seconds)
{"epoch": 22, "train_loss": "3.802", "train_nll_loss": "2.373", "train_ppl": "5.18", "train_wps": "22291", "train_ups": "5", "train_wpb": "4373.327", "train_bsz": "177.452", "train_num_updates": "19866", "train_lr": "0.00022436", "train_gnorm": "0.813", "train_clip": "0.000", "train_oom": "0.000", "train_wall": "4034", "train_train_wall": "3458"}
{"epoch": 22, "valid_loss": "3.987", "valid_nll_loss": "2.448", "valid_ppl": "5.46", "valid_num_updates": "19866", "valid_best_loss": "3.98734"}
| saved checkpoint checkpoints/iwslt_d8_wo/checkpoint22.pt (epoch 22 @ 19866 updates) (writing took 3.0728843212127686 seconds)
{"epoch": 23, "train_loss": "3.768", "train_nll_loss": "2.335", "train_ppl": "5.05", "train_wps": "22270", "train_ups": "5", "train_wpb": "4373.327", "train_bsz": "177.452", "train_num_updates": "20769", "train_lr": "0.000219428", "train_gnorm": "0.802", "train_clip": "0.000", "train_oom": "0.000", "train_wall": "4217", "train_train_wall": "3615"}
{"epoch": 23, "valid_loss": "3.991", "valid_nll_loss": "2.448", "valid_ppl": "5.46", "valid_num_updates": "20769", "valid_best_loss": "3.98734"}
| saved checkpoint checkpoints/iwslt_d8_wo/checkpoint23.pt (epoch 23 @ 20769 updates) (writing took 1.68611741065979 seconds)
{"epoch": 24, "train_loss": "3.741", "train_nll_loss": "2.304", "train_ppl": "4.94", "train_wps": "22279", "train_ups": "5", "train_wpb": "4373.327", "train_bsz": "177.452", "train_num_updates": "21672", "train_lr": "0.000214808", "train_gnorm": "0.805", "train_clip": "0.000", "train_oom": "0.000", "train_wall": "4398", "train_train_wall": "3772"}
{"epoch": 24, "valid_loss": "3.977", "valid_nll_loss": "2.434", "valid_ppl": "5.40", "valid_num_updates": "21672", "valid_best_loss": "3.97723"}
| saved checkpoint checkpoints/iwslt_d8_wo/checkpoint24.pt (epoch 24 @ 21672 updates) (writing took 3.0802664756774902 seconds)
{"epoch": 25, "train_loss": "3.714", "train_nll_loss": "2.273", "train_ppl": "4.83", "train_wps": "22307", "train_ups": "5", "train_wpb": "4373.327", "train_bsz": "177.452", "train_num_updates": "22575", "train_lr": "0.000210468", "train_gnorm": "0.803", "train_clip": "0.000", "train_oom": "0.000", "train_wall": "4581", "train_train_wall": "3928"}
{"epoch": 25, "valid_loss": "3.989", "valid_nll_loss": "2.440", "valid_ppl": "5.43", "valid_num_updates": "22575", "valid_best_loss": "3.97723"}
| saved checkpoint checkpoints/iwslt_d8_wo/checkpoint25.pt (epoch 25 @ 22575 updates) (writing took 1.6860313415527344 seconds)
{"epoch": 26, "train_loss": "3.688", "train_nll_loss": "2.244", "train_ppl": "4.74", "train_wps": "22265", "train_ups": "5", "train_wpb": "4373.327", "train_bsz": "177.452", "train_num_updates": "23478", "train_lr": "0.000206381", "train_gnorm": "0.801", "train_clip": "0.000", "train_oom": "0.000", "train_wall": "4763", "train_train_wall": "4085"}
{"epoch": 26, "valid_loss": "3.943", "valid_nll_loss": "2.398", "valid_ppl": "5.27", "valid_num_updates": "23478", "valid_best_loss": "3.94312"}
| saved checkpoint checkpoints/iwslt_d8_wo/checkpoint26.pt (epoch 26 @ 23478 updates) (writing took 3.151207685470581 seconds)
{"epoch": 27, "train_loss": "3.666", "train_nll_loss": "2.219", "train_ppl": "4.66", "train_wps": "22278", "train_ups": "5", "train_wpb": "4373.327", "train_bsz": "177.452", "train_num_updates": "24381", "train_lr": "0.000202523", "train_gnorm": "0.799", "train_clip": "0.000", "train_oom": "0.000", "train_wall": "4946", "train_train_wall": "4242"}
{"epoch": 27, "valid_loss": "3.968", "valid_nll_loss": "2.418", "valid_ppl": "5.34", "valid_num_updates": "24381", "valid_best_loss": "3.94312"}
| saved checkpoint checkpoints/iwslt_d8_wo/checkpoint27.pt (epoch 27 @ 24381 updates) (writing took 1.6855757236480713 seconds)
{"epoch": 28, "train_loss": "3.642", "train_nll_loss": "2.192", "train_ppl": "4.57", "train_wps": "22299", "train_ups": "5", "train_wpb": "4373.327", "train_bsz": "177.452", "train_num_updates": "25284", "train_lr": "0.000198874", "train_gnorm": "0.797", "train_clip": "0.000", "train_oom": "0.000", "train_wall": "5128", "train_train_wall": "4399"}
{"epoch": 28, "valid_loss": "3.932", "valid_nll_loss": "2.386", "valid_ppl": "5.23", "valid_num_updates": "25284", "valid_best_loss": "3.93168"}
| saved checkpoint checkpoints/iwslt_d8_wo/checkpoint28.pt (epoch 28 @ 25284 updates) (writing took 3.0750327110290527 seconds)
{"epoch": 29, "train_loss": "3.622", "train_nll_loss": "2.170", "train_ppl": "4.50", "train_wps": "22276", "train_ups": "5", "train_wpb": "4373.327", "train_bsz": "177.452", "train_num_updates": "26187", "train_lr": "0.000195415", "train_gnorm": "0.800", "train_clip": "0.000", "train_oom": "0.000", "train_wall": "5311", "train_train_wall": "4556"}
{"epoch": 29, "valid_loss": "3.938", "valid_nll_loss": "2.388", "valid_ppl": "5.23", "valid_num_updates": "26187", "valid_best_loss": "3.93168"}
| saved checkpoint checkpoints/iwslt_d8_wo/checkpoint29.pt (epoch 29 @ 26187 updates) (writing took 1.6849353313446045 seconds)
{"epoch": 30, "train_loss": "3.603", "train_nll_loss": "2.148", "train_ppl": "4.43", "train_wps": "22290", "train_ups": "5", "train_wpb": "4373.327", "train_bsz": "177.452", "train_num_updates": "27090", "train_lr": "0.00019213", "train_gnorm": "0.798", "train_clip": "0.000", "train_oom": "0.000", "train_wall": "5492", "train_train_wall": "4712"}
{"epoch": 30, "valid_loss": "3.910", "valid_nll_loss": "2.359", "valid_ppl": "5.13", "valid_num_updates": "27090", "valid_best_loss": "3.91013"}
| saved checkpoint checkpoints/iwslt_d8_wo/checkpoint30.pt (epoch 30 @ 27090 updates) (writing took 3.0738072395324707 seconds)
{"epoch": 31, "train_loss": "3.584", "train_nll_loss": "2.125", "train_ppl": "4.36", "train_wps": "22274", "train_ups": "5", "train_wpb": "4373.327", "train_bsz": "177.452", "train_num_updates": "27993", "train_lr": "0.000189006", "train_gnorm": "0.799", "train_clip": "0.000", "train_oom": "0.000", "train_wall": "5676", "train_train_wall": "4869"}
{"epoch": 31, "valid_loss": "3.918", "valid_nll_loss": "2.365", "valid_ppl": "5.15", "valid_num_updates": "27993", "valid_best_loss": "3.91013"}
| saved checkpoint checkpoints/iwslt_d8_wo/checkpoint31.pt (epoch 31 @ 27993 updates) (writing took 1.686769723892212 seconds)
{"epoch": 32, "train_loss": "3.565", "train_nll_loss": "2.104", "train_ppl": "4.30", "train_wps": "22298", "train_ups": "5", "train_wpb": "4373.327", "train_bsz": "177.452", "train_num_updates": "28896", "train_lr": "0.000186029", "train_gnorm": "0.799", "train_clip": "0.000", "train_oom": "0.000", "train_wall": "5857", "train_train_wall": "5026"}
{"epoch": 32, "valid_loss": "3.919", "valid_nll_loss": "2.363", "valid_ppl": "5.15", "valid_num_updates": "28896", "valid_best_loss": "3.91013"}
| saved checkpoint checkpoints/iwslt_d8_wo/checkpoint32.pt (epoch 32 @ 28896 updates) (writing took 1.7038564682006836 seconds)
{"epoch": 33, "train_loss": "3.549", "train_nll_loss": "2.086", "train_ppl": "4.25", "train_wps": "22284", "train_ups": "5", "train_wpb": "4373.327", "train_bsz": "177.452", "train_num_updates": "29799", "train_lr": "0.000183189", "train_gnorm": "0.799", "train_clip": "0.000", "train_oom": "0.000", "train_wall": "6039", "train_train_wall": "5183"}
{"epoch": 33, "valid_loss": "3.920", "valid_nll_loss": "2.366", "valid_ppl": "5.15", "valid_num_updates": "29799", "valid_best_loss": "3.91013"}
| saved checkpoint checkpoints/iwslt_d8_wo/checkpoint33.pt (epoch 33 @ 29799 updates) (writing took 1.6864526271820068 seconds)
{"epoch": 34, "train_loss": "3.533", "train_nll_loss": "2.068", "train_ppl": "4.19", "train_wps": "22271", "train_ups": "5", "train_wpb": "4373.327", "train_bsz": "177.452", "train_num_updates": "30702", "train_lr": "0.000180475", "train_gnorm": "0.797", "train_clip": "0.000", "train_oom": "0.000", "train_wall": "6220", "train_train_wall": "5340"}
{"epoch": 34, "valid_loss": "3.914", "valid_nll_loss": "2.356", "valid_ppl": "5.12", "valid_num_updates": "30702", "valid_best_loss": "3.91013"}
| saved checkpoint checkpoints/iwslt_d8_wo/checkpoint34.pt (epoch 34 @ 30702 updates) (writing took 1.6869101524353027 seconds)
{"epoch": 35, "train_loss": "3.517", "train_nll_loss": "2.048", "train_ppl": "4.14", "train_wps": "22281", "train_ups": "5", "train_wpb": "4373.327", "train_bsz": "177.452", "train_num_updates": "31605", "train_lr": "0.000177878", "train_gnorm": "0.797", "train_clip": "0.000", "train_oom": "0.000", "train_wall": "6402", "train_train_wall": "5497"}
{"epoch": 35, "valid_loss": "3.899", "valid_nll_loss": "2.342", "valid_ppl": "5.07", "valid_num_updates": "31605", "valid_best_loss": "3.8989"}
| saved checkpoint checkpoints/iwslt_d8_wo/checkpoint35.pt (epoch 35 @ 31605 updates) (writing took 3.072618246078491 seconds)
{"epoch": 36, "train_loss": "3.501", "train_nll_loss": "2.031", "train_ppl": "4.09", "train_wps": "22268", "train_ups": "5", "train_wpb": "4373.327", "train_bsz": "177.452", "train_num_updates": "32508", "train_lr": "0.00017539", "train_gnorm": "0.801", "train_clip": "0.000", "train_oom": "0.000", "train_wall": "6585", "train_train_wall": "5653"}
{"epoch": 36, "valid_loss": "3.900", "valid_nll_loss": "2.341", "valid_ppl": "5.07", "valid_num_updates": "32508", "valid_best_loss": "3.8989"}
| saved checkpoint checkpoints/iwslt_d8_wo/checkpoint36.pt (epoch 36 @ 32508 updates) (writing took 1.6847152709960938 seconds)
{"epoch": 37, "train_loss": "3.487", "train_nll_loss": "2.015", "train_ppl": "4.04", "train_wps": "22299", "train_ups": "5", "train_wpb": "4373.327", "train_bsz": "177.452", "train_num_updates": "33411", "train_lr": "0.000173004", "train_gnorm": "0.797", "train_clip": "0.000", "train_oom": "0.000", "train_wall": "6767", "train_train_wall": "5810"}
{"epoch": 37, "valid_loss": "3.908", "valid_nll_loss": "2.347", "valid_ppl": "5.09", "valid_num_updates": "33411", "valid_best_loss": "3.8989"}
| saved checkpoint checkpoints/iwslt_d8_wo/checkpoint37.pt (epoch 37 @ 33411 updates) (writing took 1.6934044361114502 seconds)
{"epoch": 38, "train_loss": "3.474", "train_nll_loss": "1.999", "train_ppl": "4.00", "train_wps": "22271", "train_ups": "5", "train_wpb": "4373.327", "train_bsz": "177.452", "train_num_updates": "34314", "train_lr": "0.000170712", "train_gnorm": "0.800", "train_clip": "0.000", "train_oom": "0.000", "train_wall": "6949", "train_train_wall": "5967"}
{"epoch": 38, "valid_loss": "3.902", "valid_nll_loss": "2.346", "valid_ppl": "5.08", "valid_num_updates": "34314", "valid_best_loss": "3.8989"}
| saved checkpoint checkpoints/iwslt_d8_wo/checkpoint38.pt (epoch 38 @ 34314 updates) (writing took 1.6848628520965576 seconds)
{"epoch": 39, "train_loss": "3.462", "train_nll_loss": "1.985", "train_ppl": "3.96", "train_wps": "22268", "train_ups": "5", "train_wpb": "4373.327", "train_bsz": "177.452", "train_num_updates": "35217", "train_lr": "0.000168509", "train_gnorm": "0.802", "train_clip": "0.000", "train_oom": "0.000", "train_wall": "7130", "train_train_wall": "6124"}
{"epoch": 39, "valid_loss": "3.908", "valid_nll_loss": "2.351", "valid_ppl": "5.10", "valid_num_updates": "35217", "valid_best_loss": "3.8989"}
| saved checkpoint checkpoints/iwslt_d8_wo/checkpoint39.pt (epoch 39 @ 35217 updates) (writing took 1.6857390403747559 seconds)
{"epoch": 40, "train_loss": "3.447", "train_nll_loss": "1.968", "train_ppl": "3.91", "train_wps": "22282", "train_ups": "5", "train_wpb": "4373.327", "train_bsz": "177.452", "train_num_updates": "36120", "train_lr": "0.00016639", "train_gnorm": "0.801", "train_clip": "0.000", "train_oom": "0.000", "train_wall": "7312", "train_train_wall": "6281"}
{"epoch": 40, "valid_loss": "3.892", "valid_nll_loss": "2.333", "valid_ppl": "5.04", "valid_num_updates": "36120", "valid_best_loss": "3.89163"}
| saved checkpoint checkpoints/iwslt_d8_wo/checkpoint40.pt (epoch 40 @ 36120 updates) (writing took 3.076489210128784 seconds)
{"epoch": 41, "train_loss": "3.434", "train_nll_loss": "1.954", "train_ppl": "3.87", "train_wps": "22263", "train_ups": "5", "train_wpb": "4373.327", "train_bsz": "177.452", "train_num_updates": "37023", "train_lr": "0.000164348", "train_gnorm": "0.801", "train_clip": "0.000", "train_oom": "0.000", "train_wall": "7495", "train_train_wall": "6438"}
{"epoch": 41, "valid_loss": "3.878", "valid_nll_loss": "2.321", "valid_ppl": "5.00", "valid_num_updates": "37023", "valid_best_loss": "3.87837"}
| saved checkpoint checkpoints/iwslt_d8_wo/checkpoint41.pt (epoch 41 @ 37023 updates) (writing took 3.0741662979125977 seconds)
{"epoch": 42, "train_loss": "3.422", "train_nll_loss": "1.940", "train_ppl": "3.84", "train_wps": "22277", "train_ups": "5", "train_wpb": "4373.327", "train_bsz": "177.452", "train_num_updates": "37926", "train_lr": "0.00016238", "train_gnorm": "0.807", "train_clip": "0.000", "train_oom": "0.000", "train_wall": "7678", "train_train_wall": "6594"}
{"epoch": 42, "valid_loss": "3.880", "valid_nll_loss": "2.321", "valid_ppl": "5.00", "valid_num_updates": "37926", "valid_best_loss": "3.87837"}
| saved checkpoint checkpoints/iwslt_d8_wo/checkpoint42.pt (epoch 42 @ 37926 updates) (writing took 1.6883275508880615 seconds)
{"epoch": 43, "train_loss": "3.410", "train_nll_loss": "1.926", "train_ppl": "3.80", "train_wps": "22305", "train_ups": "5", "train_wpb": "4373.327", "train_bsz": "177.452", "train_num_updates": "38829", "train_lr": "0.00016048", "train_gnorm": "0.806", "train_clip": "0.000", "train_oom": "0.000", "train_wall": "7860", "train_train_wall": "6751"}
{"epoch": 43, "valid_loss": "3.873", "valid_nll_loss": "2.317", "valid_ppl": "4.98", "valid_num_updates": "38829", "valid_best_loss": "3.87273"}
| saved checkpoint checkpoints/iwslt_d8_wo/checkpoint43.pt (epoch 43 @ 38829 updates) (writing took 3.0949268341064453 seconds)
{"epoch": 44, "train_loss": "3.399", "train_nll_loss": "1.913", "train_ppl": "3.77", "train_wps": "22269", "train_ups": "5", "train_wpb": "4373.327", "train_bsz": "177.452", "train_num_updates": "39732", "train_lr": "0.000158646", "train_gnorm": "0.809", "train_clip": "0.000", "train_oom": "0.000", "train_wall": "8043", "train_train_wall": "6908"}
{"epoch": 44, "valid_loss": "3.875", "valid_nll_loss": "2.315", "valid_ppl": "4.98", "valid_num_updates": "39732", "valid_best_loss": "3.87273"}
| saved checkpoint checkpoints/iwslt_d8_wo/checkpoint44.pt (epoch 44 @ 39732 updates) (writing took 1.6878235340118408 seconds)
{"epoch": 45, "train_loss": "3.387", "train_nll_loss": "1.899", "train_ppl": "3.73", "train_wps": "22287", "train_ups": "5", "train_wpb": "4373.327", "train_bsz": "177.452", "train_num_updates": "40635", "train_lr": "0.000156874", "train_gnorm": "0.814", "train_clip": "0.000", "train_oom": "0.000", "train_wall": "8224", "train_train_wall": "7065"}
{"epoch": 45, "valid_loss": "3.883", "valid_nll_loss": "2.322", "valid_ppl": "5.00", "valid_num_updates": "40635", "valid_best_loss": "3.87273"}
| saved checkpoint checkpoints/iwslt_d8_wo/checkpoint45.pt (epoch 45 @ 40635 updates) (writing took 1.686882495880127 seconds)
{"epoch": 46, "train_loss": "3.375", "train_nll_loss": "1.885", "train_ppl": "3.69", "train_wps": "22266", "train_ups": "5", "train_wpb": "4373.327", "train_bsz": "177.452", "train_num_updates": "41538", "train_lr": "0.000155159", "train_gnorm": "0.812", "train_clip": "0.000", "train_oom": "0.000", "train_wall": "8406", "train_train_wall": "7222"}
{"epoch": 46, "valid_loss": "3.874", "valid_nll_loss": "2.315", "valid_ppl": "4.97", "valid_num_updates": "41538", "valid_best_loss": "3.87273"}
| saved checkpoint checkpoints/iwslt_d8_wo/checkpoint46.pt (epoch 46 @ 41538 updates) (writing took 1.8083856105804443 seconds)
{"epoch": 47, "train_loss": "3.364", "train_nll_loss": "1.873", "train_ppl": "3.66", "train_wps": "22261", "train_ups": "5", "train_wpb": "4373.327", "train_bsz": "177.452", "train_num_updates": "42441", "train_lr": "0.0001535", "train_gnorm": "0.816", "train_clip": "0.000", "train_oom": "0.000", "train_wall": "8588", "train_train_wall": "7379"}
{"epoch": 47, "valid_loss": "3.880", "valid_nll_loss": "2.322", "valid_ppl": "5.00", "valid_num_updates": "42441", "valid_best_loss": "3.87273"}
| saved checkpoint checkpoints/iwslt_d8_wo/checkpoint47.pt (epoch 47 @ 42441 updates) (writing took 1.709909439086914 seconds)
{"epoch": 48, "train_loss": "3.353", "train_nll_loss": "1.860", "train_ppl": "3.63", "train_wps": "22275", "train_ups": "5", "train_wpb": "4373.327", "train_bsz": "177.452", "train_num_updates": "43344", "train_lr": "0.000151892", "train_gnorm": "0.815", "train_clip": "0.000", "train_oom": "0.000", "train_wall": "8770", "train_train_wall": "7535"}
{"epoch": 48, "valid_loss": "3.886", "valid_nll_loss": "2.324", "valid_ppl": "5.01", "valid_num_updates": "43344", "valid_best_loss": "3.87273"}
| saved checkpoint checkpoints/iwslt_d8_wo/checkpoint48.pt (epoch 48 @ 43344 updates) (writing took 1.6930797100067139 seconds)
{"epoch": 49, "train_loss": "3.344", "train_nll_loss": "1.849", "train_ppl": "3.60", "train_wps": "22305", "train_ups": "5", "train_wpb": "4373.327", "train_bsz": "177.452", "train_num_updates": "44247", "train_lr": "0.000150334", "train_gnorm": "0.819", "train_clip": "0.000", "train_oom": "0.000", "train_wall": "8951", "train_train_wall": "7692"}
{"epoch": 49, "valid_loss": "3.867", "valid_nll_loss": "2.309", "valid_ppl": "4.96", "valid_num_updates": "44247", "valid_best_loss": "3.86683"}
| saved checkpoint checkpoints/iwslt_d8_wo/checkpoint49.pt (epoch 49 @ 44247 updates) (writing took 3.0845463275909424 seconds)
{"epoch": 50, "train_loss": "3.334", "train_nll_loss": "1.837", "train_ppl": "3.57", "train_wps": "22262", "train_ups": "5", "train_wpb": "4373.327", "train_bsz": "177.452", "train_num_updates": "45150", "train_lr": "0.000148823", "train_gnorm": "0.818", "train_clip": "0.000", "train_oom": "0.000", "train_wall": "9135", "train_train_wall": "7849"}
{"epoch": 50, "valid_loss": "3.863", "valid_nll_loss": "2.308", "valid_ppl": "4.95", "valid_num_updates": "45150", "valid_best_loss": "3.86331"}
| saved checkpoint checkpoints/iwslt_d8_wo/checkpoint50.pt (epoch 50 @ 45150 updates) (writing took 3.0872573852539062 seconds)
{"epoch": 51, "train_loss": "3.323", "train_nll_loss": "1.825", "train_ppl": "3.54", "train_wps": "22269", "train_ups": "5", "train_wpb": "4373.327", "train_bsz": "177.452", "train_num_updates": "46053", "train_lr": "0.000147357", "train_gnorm": "0.823", "train_clip": "0.000", "train_oom": "0.000", "train_wall": "9318", "train_train_wall": "8006"}
{"epoch": 51, "valid_loss": "3.868", "valid_nll_loss": "2.308", "valid_ppl": "4.95", "valid_num_updates": "46053", "valid_best_loss": "3.86331"}
| saved checkpoint checkpoints/iwslt_d8_wo/checkpoint51.pt (epoch 51 @ 46053 updates) (writing took 1.695188045501709 seconds)
{"epoch": 52, "train_loss": "3.314", "train_nll_loss": "1.815", "train_ppl": "3.52", "train_wps": "22276", "train_ups": "5", "train_wpb": "4373.327", "train_bsz": "177.452", "train_num_updates": "46956", "train_lr": "0.000145933", "train_gnorm": "0.824", "train_clip": "0.000", "train_oom": "0.000", "train_wall": "9500", "train_train_wall": "8163"}
{"epoch": 52, "valid_loss": "3.878", "valid_nll_loss": "2.317", "valid_ppl": "4.98", "valid_num_updates": "46956", "valid_best_loss": "3.86331"}
| saved checkpoint checkpoints/iwslt_d8_wo/checkpoint52.pt (epoch 52 @ 46956 updates) (writing took 1.6904726028442383 seconds)
{"epoch": 53, "train_loss": "3.305", "train_nll_loss": "1.804", "train_ppl": "3.49", "train_wps": "22252", "train_ups": "5", "train_wpb": "4373.327", "train_bsz": "177.452", "train_num_updates": "47859", "train_lr": "0.00014455", "train_gnorm": "0.828", "train_clip": "0.000", "train_oom": "0.000", "train_wall": "9681", "train_train_wall": "8320"}
{"epoch": 53, "valid_loss": "3.875", "valid_nll_loss": "2.317", "valid_ppl": "4.98", "valid_num_updates": "47859", "valid_best_loss": "3.86331"}
| saved checkpoint checkpoints/iwslt_d8_wo/checkpoint53.pt (epoch 53 @ 47859 updates) (writing took 1.6923770904541016 seconds)
{"epoch": 54, "train_loss": "3.296", "train_nll_loss": "1.794", "train_ppl": "3.47", "train_wps": "22252", "train_ups": "5", "train_wpb": "4373.327", "train_bsz": "177.452", "train_num_updates": "48762", "train_lr": "0.000143205", "train_gnorm": "0.828", "train_clip": "0.000", "train_oom": "0.000", "train_wall": "9863", "train_train_wall": "8477"}
{"epoch": 54, "valid_loss": "3.870", "valid_nll_loss": "2.312", "valid_ppl": "4.97", "valid_num_updates": "48762", "valid_best_loss": "3.86331"}
| saved checkpoint checkpoints/iwslt_d8_wo/checkpoint54.pt (epoch 54 @ 48762 updates) (writing took 1.6927173137664795 seconds)
{"epoch": 55, "train_loss": "3.287", "train_nll_loss": "1.783", "train_ppl": "3.44", "train_wps": "22296", "train_ups": "5", "train_wpb": "4373.327", "train_bsz": "177.452", "train_num_updates": "49665", "train_lr": "0.000141898", "train_gnorm": "0.830", "train_clip": "0.000", "train_oom": "0.000", "train_wall": "10045", "train_train_wall": "8633"}
{"epoch": 55, "valid_loss": "3.873", "valid_nll_loss": "2.316", "valid_ppl": "4.98", "valid_num_updates": "49665", "valid_best_loss": "3.86331"}
| saved checkpoint checkpoints/iwslt_d8_wo/checkpoint55.pt (epoch 55 @ 49665 updates) (writing took 1.695009469985962 seconds)
{"epoch": 56, "train_loss": "3.278", "train_nll_loss": "1.773", "train_ppl": "3.42", "train_wps": "22260", "train_ups": "5", "train_wpb": "4373.327", "train_bsz": "177.452", "train_num_updates": "50568", "train_lr": "0.000140625", "train_gnorm": "0.832", "train_clip": "0.000", "train_oom": "0.000", "train_wall": "10227", "train_train_wall": "8790"}
{"epoch": 56, "valid_loss": "3.867", "valid_nll_loss": "2.310", "valid_ppl": "4.96", "valid_num_updates": "50568", "valid_best_loss": "3.86331"}
| saved checkpoint checkpoints/iwslt_d8_wo/checkpoint56.pt (epoch 56 @ 50568 updates) (writing took 1.6961636543273926 seconds)
{"epoch": 57, "train_loss": "3.269", "train_nll_loss": "1.762", "train_ppl": "3.39", "train_wps": "22253", "train_ups": "5", "train_wpb": "4373.327", "train_bsz": "177.452", "train_num_updates": "51471", "train_lr": "0.000139386", "train_gnorm": "0.833", "train_clip": "0.000", "train_oom": "0.000", "train_wall": "10409", "train_train_wall": "8948"}
{"epoch": 57, "valid_loss": "3.870", "valid_nll_loss": "2.310", "valid_ppl": "4.96", "valid_num_updates": "51471", "valid_best_loss": "3.86331"}
| saved checkpoint checkpoints/iwslt_d8_wo/checkpoint57.pt (epoch 57 @ 51471 updates) (writing took 1.6966297626495361 seconds)
{"epoch": 58, "train_loss": "3.260", "train_nll_loss": "1.752", "train_ppl": "3.37", "train_wps": "22255", "train_ups": "5", "train_wpb": "4373.327", "train_bsz": "177.452", "train_num_updates": "52374", "train_lr": "0.000138179", "train_gnorm": "0.836", "train_clip": "0.000", "train_oom": "0.000", "train_wall": "10590", "train_train_wall": "9104"}
{"epoch": 58, "valid_loss": "3.864", "valid_nll_loss": "2.308", "valid_ppl": "4.95", "valid_num_updates": "52374", "valid_best_loss": "3.86331"}
| saved checkpoint checkpoints/iwslt_d8_wo/checkpoint58.pt (epoch 58 @ 52374 updates) (writing took 1.758375644683838 seconds)
{"epoch": 59, "train_loss": "3.253", "train_nll_loss": "1.744", "train_ppl": "3.35", "train_wps": "22313", "train_ups": "5", "train_wpb": "4373.327", "train_bsz": "177.452", "train_num_updates": "53277", "train_lr": "0.000137003", "train_gnorm": "0.839", "train_clip": "0.000", "train_oom": "0.000", "train_wall": "10772", "train_train_wall": "9261"}
{"epoch": 59, "valid_loss": "3.872", "valid_nll_loss": "2.309", "valid_ppl": "4.96", "valid_num_updates": "53277", "valid_best_loss": "3.86331"}
| saved checkpoint checkpoints/iwslt_d8_wo/checkpoint59.pt (epoch 59 @ 53277 updates) (writing took 1.6950418949127197 seconds)
{"epoch": 60, "train_loss": "3.245", "train_nll_loss": "1.735", "train_ppl": "3.33", "train_wps": "22322", "train_ups": "5", "train_wpb": "4373.327", "train_bsz": "177.452", "train_num_updates": "54180", "train_lr": "0.000135857", "train_gnorm": "0.842", "train_clip": "0.000", "train_oom": "0.000", "train_wall": "10953", "train_train_wall": "9418"}
{"epoch": 60, "valid_loss": "3.866", "valid_nll_loss": "2.305", "valid_ppl": "4.94", "valid_num_updates": "54180", "valid_best_loss": "3.86331"}
| saved checkpoint checkpoints/iwslt_d8_wo/checkpoint60.pt (epoch 60 @ 54180 updates) (writing took 1.6921074390411377 seconds)
{"epoch": 61, "train_loss": "3.236", "train_nll_loss": "1.725", "train_ppl": "3.30", "train_wps": "22307", "train_ups": "5", "train_wpb": "4373.327", "train_bsz": "177.452", "train_num_updates": "55083", "train_lr": "0.000134738", "train_gnorm": "0.844", "train_clip": "0.000", "train_oom": "0.000", "train_wall": "11135", "train_train_wall": "9574"}
{"epoch": 61, "valid_loss": "3.889", "valid_nll_loss": "2.328", "valid_ppl": "5.02", "valid_num_updates": "55083", "valid_best_loss": "3.86331"}
| saved checkpoint checkpoints/iwslt_d8_wo/checkpoint61.pt (epoch 61 @ 55083 updates) (writing took 1.6943399906158447 seconds)
{"epoch": 62, "train_loss": "3.229", "train_nll_loss": "1.716", "train_ppl": "3.29", "train_wps": "22297", "train_ups": "5", "train_wpb": "4373.327", "train_bsz": "177.452", "train_num_updates": "55986", "train_lr": "0.000133647", "train_gnorm": "0.847", "train_clip": "0.000", "train_oom": "0.000", "train_wall": "11316", "train_train_wall": "9731"}
{"epoch": 62, "valid_loss": "3.860", "valid_nll_loss": "2.303", "valid_ppl": "4.93", "valid_num_updates": "55986", "valid_best_loss": "3.86031"}
| saved checkpoint checkpoints/iwslt_d8_wo/checkpoint62.pt (epoch 62 @ 55986 updates) (writing took 3.0750644207000732 seconds)
{"epoch": 63, "train_loss": "3.222", "train_nll_loss": "1.707", "train_ppl": "3.27", "train_wps": "22304", "train_ups": "5", "train_wpb": "4373.327", "train_bsz": "177.452", "train_num_updates": "56889", "train_lr": "0.000132582", "train_gnorm": "0.846", "train_clip": "0.000", "train_oom": "0.000", "train_wall": "11499", "train_train_wall": "9887"}
{"epoch": 63, "valid_loss": "3.877", "valid_nll_loss": "2.319", "valid_ppl": "4.99", "valid_num_updates": "56889", "valid_best_loss": "3.86031"}
| saved checkpoint checkpoints/iwslt_d8_wo/checkpoint63.pt (epoch 63 @ 56889 updates) (writing took 1.6928367614746094 seconds)
{"epoch": 64, "train_loss": "3.215", "train_nll_loss": "1.700", "train_ppl": "3.25", "train_wps": "22245", "train_ups": "5", "train_wpb": "4373.327", "train_bsz": "177.452", "train_num_updates": "57792", "train_lr": "0.000131543", "train_gnorm": "0.849", "train_clip": "0.000", "train_oom": "0.000", "train_wall": "11681", "train_train_wall": "10045"}
{"epoch": 64, "valid_loss": "3.894", "valid_nll_loss": "2.327", "valid_ppl": "5.02", "valid_num_updates": "57792", "valid_best_loss": "3.86031"}
| saved checkpoint checkpoints/iwslt_d8_wo/checkpoint64.pt (epoch 64 @ 57792 updates) (writing took 1.6948480606079102 seconds)
{"epoch": 65, "train_loss": "3.208", "train_nll_loss": "1.692", "train_ppl": "3.23", "train_wps": "22265", "train_ups": "5", "train_wpb": "4373.327", "train_bsz": "177.452", "train_num_updates": "58695", "train_lr": "0.000130527", "train_gnorm": "0.852", "train_clip": "0.000", "train_oom": "0.000", "train_wall": "11863", "train_train_wall": "10201"}
{"epoch": 65, "valid_loss": "3.883", "valid_nll_loss": "2.321", "valid_ppl": "5.00", "valid_num_updates": "58695", "valid_best_loss": "3.86031"}
| saved checkpoint checkpoints/iwslt_d8_wo/checkpoint65.pt (epoch 65 @ 58695 updates) (writing took 1.6927566528320312 seconds)
{"epoch": 66, "train_loss": "3.200", "train_nll_loss": "1.682", "train_ppl": "3.21", "train_wps": "22308", "train_ups": "5", "train_wpb": "4373.327", "train_bsz": "177.452", "train_num_updates": "59598", "train_lr": "0.000129534", "train_gnorm": "0.852", "train_clip": "0.000", "train_oom": "0.000", "train_wall": "12044", "train_train_wall": "10358"}
{"epoch": 66, "valid_loss": "3.885", "valid_nll_loss": "2.326", "valid_ppl": "5.01", "valid_num_updates": "59598", "valid_best_loss": "3.86031"}
| saved checkpoint checkpoints/iwslt_d8_wo/checkpoint66.pt (epoch 66 @ 59598 updates) (writing took 1.695072889328003 seconds)
{"epoch": 67, "train_loss": "3.173", "train_nll_loss": "1.651", "train_ppl": "3.14", "train_wps": "22301", "train_ups": "5", "train_wpb": "4389.973", "train_bsz": "183.201", "train_num_updates": "60000", "train_lr": "0.000129099", "train_gnorm": "0.851", "train_clip": "0.000", "train_oom": "0.000", "train_wall": "12128", "train_train_wall": "10428"}
{"epoch": 67, "valid_loss": "3.876", "valid_nll_loss": "2.318", "valid_ppl": "4.99", "valid_num_updates": "60000", "valid_best_loss": "3.86031"}
| saved checkpoint checkpoints/iwslt_d8_wo/checkpoint_last.pt (epoch 67 @ 60000 updates) (writing took 1.3894696235656738 seconds)
| done training in 12131.2 seconds
